Eb/No     BER
0.000000 1.781270e-01 1.781270e-01
1.000000 1.528940e-01 1.528940e-01
2.000000 1.266810e-01 1.266810e-01
3.000000 9.795700e-02 9.795700e-02
4.000000 7.161000e-02 7.161000e-02
5.000000 4.669700e-02 4.669700e-02
6.000000 2.682600e-02 2.682600e-02
7.000000 1.347500e-02 1.347500e-02
8.000000 5.258000e-03 5.258000e-03
9.000000 1.893000e-03 1.893000e-03
10.000000 4.140000e-04 4.140000e-04

Total elapsed time: 1383(sec)

MLSE Equalizer in ISI channel {0.407,0.815,0.407}
number of bits of simulation = 1000000

Eb/No     BER
0.000000 1.776750e-01 1.776750e-01
1.000000 1.540410e-01 1.540410e-01
2.000000 1.265670e-01 1.265670e-01
3.000000 9.833100e-02 9.833100e-02
4.000000 7.101500e-02 7.101500e-02
5.000000 4.646300e-02 4.646300e-02
6.000000 2.697500e-02 2.697500e-02
7.000000 1.325500e-02 1.325500e-02
8.000000 5.428000e-03 5.428000e-03
9.000000 1.742000e-03 1.742000e-03
10.000000 4.370000e-04 4.370000e-04

Total elapsed time: 1537(sec)

MLSE Equalizer in ISI channel {0.407,0.815,0.407}
number of bits of simulation = 1000000

Eb/No     BER
0.000000 1.778800e-01 1.778800e-01
1.000000 1.536670e-01 1.536670e-01
2.000000 1.267300e-01 1.267300e-01
3.000000 9.808100e-02 9.808100e-02
4.000000 7.091600e-02 7.091600e-02
5.000000 4.673600e-02 4.673600e-02
6.000000 2.701300e-02 2.701300e-02
7.000000 1.299200e-02 1.299200e-02
8.000000 5.446000e-03 5.446000e-03
9.000000 1.709000e-03 1.709000e-03
10.000000 4.480000e-04 4.480000e-04

Total elapsed time: 1277(sec)

Eb/No     BER
MLSE Equalizer in ISI channel {0.407,0.815,0.407}
number of bits of simulation = 1000000

Eb/No     BER
0.000000 1.774250e-01 1.774250e-01
1.000000 1.530280e-01 1.530280e-01
2.000000 1.262890e-01 1.262890e-01
3.000000 9.836100e-02 9.836100e-02
4.000000 7.081000e-02 7.081000e-02
5.000000 4.721900e-02 4.721900e-02
6.000000 2.688500e-02 2.688500e-02
7.000000 1.309500e-02 1.309500e-02
8.000000 5.273000e-03 5.273000e-03
9.000000 1.650000e-03 1.650000e-03
10.000000 4.490000e-04 4.490000e-04

Total elapsed time: 1326(sec)

MLSE Equalizer in ISI channel {0.407,0.815,0.407}
number of bits of simulation = 1000000

Eb/No     BER
MLSE Equalizer in ISI channel {0.407,0.815,0.407}
number of bits of simulation = 1000000

Eb/No     BER
MLSE Equalizer in ISI channel {0.407,0.815,0.407}
number of bits of simulation = 1000000

Eb/No     BER
MLSE Equalizer in ISI channel {0.407,0.815,0.407}
number of bits of simulation = 1000000

Eb/No     BER
MLSE Equalizer in ISI channel {0.407,0.815,0.407}
number of bits of simulation = 1000000

Eb/No     BER
MLSE Equalizer in ISI channel {0.407,0.815,0.407}
number of bits of simulation = 1000000

Eb/No     BER
0.000000 1.777570e-01 1.777570e-01
1.000000 1.534920e-01 1.534920e-01
2.000000 1.260500e-01 1.260500e-01
3.000000 9.841300e-02 9.841300e-02
4.000000 7.062100e-02 7.062100e-02
5.000000 4.660100e-02 4.660100e-02
6.000000 2.715900e-02 2.715900e-02
7.000000 1.297200e-02 1.297200e-02
8.000000 5.486000e-03 5.486000e-03
9.000000 1.714000e-03 1.714000e-03
10.000000 4.940000e-04 4.940000e-04

Total elapsed time: 1428(sec)

MLSE Equalizer in ISI channel {0.407,0.815,0.407}
number of bits of simulation = 1000000

Eb/No     BER
0.000000 1.773680e-01 1.773680e-01
1.000000 1.538810e-01 1.538810e-01
2.000000 1.272390e-01 1.272390e-01
3.000000 9.870000e-02 9.870000e-02
4.000000 7.085200e-02 7.085200e-02
5.000000 4.627200e-02 4.627200e-02
6.000000 2.683000e-02 2.683000e-02
7.000000 1.322400e-02 1.322400e-02
8.000000 5.260000e-03 5.260000e-03
9.000000 1.658000e-03 1.658000e-03
10.000000 4.540000e-04 4.540000e-04

Total elapsed time: 1701(sec)

MLSE Equalizer in ISI channel {0.407,0.815,0.407}
number of bits of simulation = 1000000

Eb/No     BER
0.000000 1.771840e-01 1.771840e-01
1.000000 1.535790e-01 1.535790e-01
2.000000 1.264770e-01 1.264770e-01
3.000000 9.827500e-02 9.827500e-02
4.000000 7.111800e-02 7.111800e-02
5.000000 4.656600e-02 4.656600e-02
6.000000 2.640800e-02 2.640800e-02
7.000000 1.329700e-02 1.329700e-02
8.000000 5.616000e-03 5.616000e-03
9.000000 1.660000e-03 1.660000e-03
10.000000 4.410000e-04 4.410000e-04

Total elapsed time: 1727(sec)

MLSE Equalizer in ISI channel {0.407,0.815,0.407}
number of bits of simulation = 10000000

Eb/No     BER
MLSE Equalizer in ISI channel {0.407,0.815,0.407}
number of bits of simulation = 10000000

Eb/No     BER
0.000000 1.772263e-01 1.772263e-01
MLSE Equalizer in ISI channel {0.407,0.815,0.407}
number of bits of simulation = 10000000

Eb/No     BER
MLSE Equalizer in ISI channel {0.407,0.815,0.407}
number of bits of simulation = 10000000

Eb/No     BER
MLSE Equalizer in ISI channel {0.407,0.815,0.407}
number of bits of simulation = 10000000

Eb/No     BER
MLSE Equalizer in ISI channel {0.407,0.815,0.407}
number of bits of simulation = 10000000

Eb/No     BER
MLSE Equalizer in ISI channel {0.407,0.815,0.407}
number of bits of simulation = 10000000

Eb/No     BER
0.000000 4.999992e-01 5.010077e-01
MLSE Equalizer in ISI channel {0.407,0.815,0.407}
number of bits of simulation = 10000000

Eb/No     BER
0.000000 4.998831e-01 5.011309e-01
MLSE Equalizer in ISI channel {0.407,0.815,0.407}
number of bits of simulation = 10000000

Eb/No     BER
MLSE Equalizer in ISI channel {0.407,0.815,0.407}
number of bits of simulation = 10000000

Eb/No     BER
MLSE Equalizer in ISI channel {0.407,0.815,0.407}
number of bits of simulation = 10000000

Eb/No     BER
MLSE Equalizer in ISI channel {0.407,0.815,0.407}
number of bits of simulation = 10000000

Eb/No     BER
0.000000 1.778930e-01 1.778930e-01
1.000000 1.530857e-01 1.530857e-01
2.000000 1.266948e-01 1.266948e-01
3.000000 9.835700e-02 9.835700e-02
4.000000 7.075700e-02 7.075700e-02
5.000000 4.664420e-02 4.664420e-02
6.000000 2.678190e-02 2.678190e-02
7.000000 1.325730e-02 1.325730e-02
8.000000 5.388400e-03 5.388400e-03
9.000000 1.647900e-03 1.647900e-03
10.000000 4.777000e-04 4.777000e-04

Total elapsed time: 12274(sec)

