0 0.000000
1 0.000000
2 0.000000
3 0.000000
4 0.000000
5 0.000000
6 0.000000
7 0.000000
8 0.000000
9 0.000000
10 1.000000
11 0.996658
12 0.962757
13 0.890832
14 0.899859
15 0.832868
16 0.933100
17 0.784549
18 0.764121
19 0.766679
20 0.708001
21 0.747123
22 0.674350
23 0.615129
24 0.614292
25 0.632224
26 0.648527
27 0.485244
28 0.480021
29 0.515916
30 0.533224
31 0.506198
32 0.502898
33 0.506750
34 0.437482
35 0.385338
36 0.412807
37 0.400185
38 0.433001
39 0.438332
40 0.400359
41 0.389076
42 0.410908
43 0.367973
44 0.382709
45 0.314351
46 0.312574
47 0.335069
48 0.387261
49 0.406436
50 0.288227
51 0.258298
52 0.303405
53 0.250596
54 0.257176
55 0.285704
56 0.257601
57 0.264002
58 0.279329
59 0.238678
60 0.208442
61 0.205229
62 0.238134
63 0.282239
64 0.241815
65 0.176473
66 0.189781
67 0.245601
68 0.221800
69 0.199428
70 0.194773
71 0.180123
72 0.192049
73 0.203454
74 0.171352
75 0.148453
76 0.168299
77 0.181045
78 0.180426
79 0.171699
80 0.172764
81 0.146657
82 0.150611
83 0.176334
84 0.153575
85 0.149707
86 0.149125
87 0.131842
88 0.144414
89 0.151681
90 0.141019
91 0.144226
92 0.149078
93 0.132007
94 0.140993
95 0.120264
96 0.119957
97 0.133344
98 0.122273
99 0.117628
100 0.128987
101 0.124520
102 0.112796
103 0.099061
104 0.094912
105 0.113497
106 0.116495
107 0.101036
108 0.101004
109 0.096720
110 0.095792
111 0.091318
112 0.087275
113 0.090966
114 0.095415
115 0.103667
116 0.102089
117 0.099542
118 0.107153
119 0.104893
120 0.105460
121 0.101742
122 0.086665
123 0.068485
124 0.072970
125 0.075153
126 0.081090
127 0.086171
128 0.088405
129 0.086206
130 0.075288
131 0.065095
132 0.062316
133 0.064997
134 0.062573
135 0.064538
136 0.061927
137 0.057970
138 0.057643
139 0.059523
140 0.056720
141 0.054959
142 0.060688
143 0.060179
144 0.059432
145 0.051901
146 0.055763
147 0.060070
148 0.057437
149 0.053654
150 0.057056
151 0.056363
152 0.054616
153 0.052380
154 0.045257
155 0.042593
156 0.045460
157 0.048036
158 0.052217
159 0.049997
160 0.053267
161 0.058533
162 0.058379
163 0.057162
164 0.048680
165 0.039100
166 0.037038
167 0.038683
168 0.043364
169 0.045187
170 0.041514
171 0.033843
172 0.034177
173 0.039399
174 0.043690
175 0.040232
176 0.043269
177 0.044796
178 0.048854
179 0.051280
180 0.048368
181 0.040192
182 0.041100
183 0.042727
184 0.040719
185 0.034212
186 0.032094
187 0.032872
188 0.033012
189 0.036782
190 0.034792
191 0.031815
192 0.032991
193 0.037902
194 0.038595
195 0.036191
196 0.035370
197 0.036200
198 0.040684
199 0.043201
200 0.040651
201 0.034859
202 0.029466
203 0.025055
204 0.022816
205 0.025102
206 0.028414
207 0.030088
208 0.031097
209 0.035112
210 0.037433
211 0.033685
212 0.026810
213 0.026617
214 0.026840
215 0.026724
216 0.023234
217 0.022217
218 0.022573
219 0.025982
220 0.025062
221 0.022953
222 0.022168
223 0.023225
224 0.024339
225 0.027651
226 0.027600
227 0.024864
228 0.023358
229 0.023378
230 0.026711
231 0.027552
232 0.025559
233 0.025258
234 0.023648
235 0.021847
236 0.019679
237 0.016143
238 0.016799
239 0.019375
240 0.020764
241 0.019127
242 0.015871
243 0.015763
244 0.017552
245 0.018287
246 0.020047
247 0.018337
248 0.017873
249 0.018310
250 0.020578
251 0.020098
252 0.015509
253 0.015083
254 0.014957
255 0.015962
256 0.016983
257 0.018088
258 0.019862
259 0.017229
260 0.016599
261 0.013563
262 0.011969
263 0.012480
264 0.013521
265 0.011526
266 0.010622
267 0.011988
268 0.013965
269 0.013938
270 0.014321
271 0.012463
272 0.011176
273 0.010921
274 0.012135
275 0.013605
276 0.014596
277 0.013253
278 0.013547
279 0.014191
280 0.013392
281 0.011837
282 0.009800
283 0.009616
284 0.011202
285 0.011169
286 0.011084
287 0.010563
288 0.010615
289 0.009879
290 0.011188
291 0.011803
292 0.012254
293 0.013152
294 0.013753
295 0.013864
296 0.014081
297 0.014211
298 0.014061
299 0.013796
300 0.012652
301 0.011239
302 0.011270
303 0.009759
304 0.008142
305 0.008419
306 0.009735
307 0.010700
308 0.011152
309 0.011029
310 0.010646
311 0.010396
312 0.009872
313 0.009899
314 0.008676
315 0.008626
316 0.007884
317 0.007441
318 0.008666
319 0.009666
320 0.009164
321 0.009068
322 0.008325
323 0.008441
324 0.008726
325 0.008779
326 0.008602
327 0.007704
328 0.007131
329 0.006660
330 0.007415
331 0.007871
332 0.008066
333 0.007595
334 0.007938
335 0.007164
336 0.008452
337 0.008322
338 0.008621
339 0.007408
340 0.006911
341 0.006660
342 0.006229
343 0.006959
344 0.007328
345 0.007451
346 0.007696
347 0.007495
348 0.007132
349 0.006604
350 0.006343
351 0.005816
352 0.006681
353 0.006685
354 0.005895
355 0.006574
356 0.006570
357 0.006387
358 0.006785
359 0.006502
360 0.005271
361 0.005346
362 0.004987
363 0.004663
364 0.005063
365 0.005909
366 0.006128
367 0.005167
368 0.004760
369 0.004763
370 0.004870
371 0.005748
372 0.006269
373 0.005150
374 0.005501
375 0.004982
376 0.004744
377 0.004553
378 0.004552
379 0.004594
380 0.004191
381 0.004836
382 0.005150
383 0.004951
384 0.005204
385 0.005533
386 0.005781
387 0.005586
388 0.004868
389 0.005335
390 0.005402
391 0.004883
392 0.004719
393 0.004692
394 0.004855
395 0.005356
396 0.006145
397 0.005538
398 0.004597
399 0.003973
400 0.003884
401 0.004601
402 0.004184
403 0.004616
404 0.004381
405 0.004114
406 0.004173
407 0.004428
408 0.004405
409 0.004217
410 0.004623
411 0.004369
412 0.004048
413 0.004349
414 0.004150
415 0.004116
416 0.004312
417 0.003953
418 0.004519
419 0.004609
420 0.004542
421 0.004428
422 0.004037
423 0.003409
424 0.003724
425 0.003738
426 0.003916
427 0.003904
428 0.003933
429 0.004134
430 0.004324
431 0.003973
432 0.004015
433 0.004034
434 0.003928
435 0.003550
436 0.003654
437 0.004044
438 0.004221
439 0.004113
440 0.003857
441 0.003960
442 0.003641
443 0.003765
444 0.003666
445 0.004126
446 0.003628
447 0.003614
448 0.003266
449 0.003228
450 0.003747
451 0.004028
452 0.003350
453 0.003731
454 0.003293
455 0.003317
456 0.003671
457 0.003280
458 0.003614
459 0.003890
460 0.003684
461 0.004000
462 0.003782
463 0.003560
464 0.003306
465 0.002941
466 0.003006
467 0.003540
468 0.003454
469 0.003197
470 0.003150
471 0.003489
472 0.003973
473 0.003709
474 0.003127
475 0.003437
476 0.003257
477 0.003656
478 0.003304
479 0.002981
480 0.002648
481 0.002648
482 0.003266
483 0.002930
484 0.003300
485 0.003386
486 0.003075
487 0.003531
488 0.003270
489 0.002906
490 0.002516
491 0.002828
492 0.002755
493 0.003102
494 0.002882
495 0.003492
496 0.003145
497 0.003009
498 0.002684
499 0.002552
500 0.002568
501 0.002852
502 0.002972
503 0.002918
504 0.002977
505 0.003286
506 0.002490
507 0.002844
508 0.002901
509 0.003289
510 0.003538
511 0.003413
512 0.002477
513 0.002277
514 0.002577
515 0.002938
516 0.002540
517 0.003073
518 0.002936
519 0.002597
520 0.002717
521 0.002815
522 0.002545
523 0.003224
524 0.003202
525 0.003122
526 0.002971
527 0.002814
528 0.002397
529 0.002742
530 0.002805
531 0.003137
532 0.003010
533 0.002427
534 0.002931
535 0.003053
536 0.002724
537 0.002650
538 0.003090
539 0.002760
540 0.002658
541 0.003041
542 0.003138
543 0.003209
544 0.003403
545 0.002704
546 0.002636
547 0.002321
548 0.002206
549 0.002559
550 0.002577
551 0.002710
552 0.002484
553 0.002597
554 0.002780
555 0.002511
556 0.002668
557 0.002293
558 0.002553
559 0.002566
560 0.002283
561 0.002470
562 0.002822
563 0.003048
564 0.002752
565 0.002866
566 0.003185
567 0.003159
568 0.002662
569 0.002733
570 0.002624
571 0.002527
572 0.002484
573 0.002587
574 0.002505
575 0.002754
576 0.002609
577 0.002683
578 0.002618
579 0.002527
580 0.002254
581 0.002443
582 0.002361
583 0.002563
584 0.003047
585 0.002419
586 0.002377
587 0.002010
588 0.001964
589 0.002195
590 0.002095
591 0.002498
592 0.002538
593 0.002418
594 0.002541
595 0.002623
596 0.002461
597 0.002794
598 0.002841
599 0.002697
600 0.002649
601 0.002337
602 0.002624
603 0.002796
604 0.003224
605 0.002814
606 0.002494
607 0.002323
608 0.002880
609 0.002515
610 0.002258
611 0.002013
612 0.002196
613 0.002488
614 0.002621
615 0.002376
616 0.002242
617 0.002564
618 0.002660
619 0.002688
620 0.002839
621 0.002462
622 0.002581
623 0.002608
624 0.002324
625 0.002753
626 0.002497
627 0.002365
628 0.002715
629 0.002533
630 0.002552
631 0.002625
632 0.002294
633 0.002356
634 0.002113
635 0.002162
636 0.002336
637 0.002475
638 0.002675
639 0.002421
640 0.002527
641 0.002093
642 0.002475
643 0.002405
644 0.002010
645 0.002222
646 0.002118
647 0.002349
648 0.002271
649 0.002758
650 0.002642
651 0.002280
652 0.002364
653 0.002383
654 0.002080
655 0.002246
656 0.002464
657 0.002396
658 0.002152
659 0.002319
660 0.002336
661 0.002618
662 0.002280
663 0.002233
664 0.002619
665 0.002290
666 0.001912
667 0.002032
668 0.002285
669 0.002516
670 0.002394
671 0.001951
672 0.002038
673 0.002230
674 0.002489
675 0.002300
676 0.002331
677 0.002147
678 0.002504
679 0.002405
680 0.002218
681 0.002157
682 0.002481
683 0.002243
684 0.002263
685 0.002400
686 0.002625
687 0.002337
688 0.002443
689 0.002612
690 0.002189
691 0.002230
692 0.002340
693 0.002455
694 0.002428
695 0.002148
696 0.002479
697 0.002649
698 0.002130
699 0.002117
700 0.002310
701 0.002276
702 0.002431
703 0.002678
704 0.002389
705 0.002660
706 0.002497
707 0.002124
708 0.002308
709 0.002089
710 0.002187
711 0.002186
712 0.002085
713 0.002322
714 0.002534
715 0.002598
716 0.002360
717 0.002526
718 0.002324
719 0.002458
720 0.002136
721 0.002546
722 0.002130
723 0.002270
724 0.002347
725 0.002643
726 0.002333
727 0.002450
728 0.002653
729 0.002090
730 0.002162
731 0.002508
732 0.002303
733 0.002493
734 0.002376
735 0.002403
736 0.002389
737 0.002190
738 0.002198
739 0.002495
740 0.002338
741 0.002507
742 0.002175
743 0.002510
744 0.002489
745 0.002477
746 0.002646
747 0.002635
748 0.002374
749 0.002146
750 0.002260
751 0.002262
752 0.002019
753 0.002211
754 0.002194
755 0.002308
756 0.002347
757 0.002476
758 0.002319
759 0.001948
760 0.001844
761 0.002095
762 0.002111
763 0.002104
764 0.002640
765 0.002491
766 0.002631
767 0.002366
768 0.001890
769 0.002133
770 0.002155
771 0.002361
772 0.002430
773 0.002307
774 0.002366
775 0.002296
776 0.002565
777 0.002717
778 0.003201
779 0.002833
780 0.002726
781 0.002572
782 0.002034
783 0.001757
784 0.002186
785 0.002104
786 0.002019
787 0.002025
788 0.002235
789 0.002354
790 0.002477
791 0.002116
792 0.002819
793 0.002455
794 0.002548
795 0.002652
796 0.002712
797 0.002268
798 0.002305
799 0.002142
800 0.002185
801 0.002188
802 0.002120
803 0.002434
804 0.002602
805 0.002189
806 0.002199
807 0.002426
808 0.002389
809 0.002533
810 0.002048
811 0.001861
812 0.002346
813 0.002304
814 0.002151
815 0.001912
816 0.001820
817 0.001968
818 0.001867
819 0.002226
820 0.002366
821 0.002372
822 0.002184
823 0.002447
824 0.002603
825 0.002105
826 0.002476
827 0.002150
828 0.002118
829 0.002283
830 0.002359
831 0.002173
832 0.002380
833 0.002499
834 0.001947
835 0.002115
836 0.002087
837 0.001929
838 0.002021
839 0.002189
840 0.002013
841 0.002054
842 0.002014
843 0.002031
844 0.002323
845 0.002395
846 0.002696
847 0.002126
848 0.002424
849 0.002531
850 0.002373
851 0.002030
852 0.002340
853 0.001902
854 0.002092
855 0.001854
856 0.002165
857 0.002340
858 0.002887
859 0.002615
860 0.002602
861 0.002879
862 0.002802
863 0.002706
864 0.002408
865 0.002190
866 0.002602
867 0.001958
868 0.002369
869 0.002470
870 0.002235
871 0.002129
872 0.002226
873 0.002135
874 0.002148
875 0.002371
876 0.002618
877 0.002213
878 0.002232
879 0.002159
880 0.001856
881 0.002002
882 0.002351
883 0.002459
884 0.002036
885 0.002422
886 0.002509
887 0.002040
888 0.002108
889 0.002173
890 0.002063
891 0.002228
892 0.002296
893 0.002212
894 0.002236
895 0.002074
896 0.002208
897 0.002608
898 0.002746
899 0.002754
900 0.002612
901 0.002483
902 0.002470
903 0.002541
904 0.002542
905 0.002581
906 0.002735
907 0.002516
908 0.002423
909 0.002267
910 0.002194
911 0.002288
912 0.002267
913 0.002585
914 0.002175
915 0.001854
916 0.002114
917 0.001853
918 0.001666
919 0.002124
920 0.002026
921 0.002436
922 0.002264
923 0.002684
924 0.002288
925 0.002027
926 0.001964
927 0.002518
928 0.002617
929 0.002214
930 0.002237
931 0.002139
932 0.002428
933 0.002055
934 0.002331
935 0.002310
936 0.002201
937 0.002347
938 0.002209
939 0.001840
940 0.001848
941 0.002300
942 0.002239
943 0.001856
944 0.001880
945 0.002145
946 0.001998
947 0.002137
948 0.001877
949 0.002425
950 0.002406
951 0.002196
952 0.002544
953 0.002471
954 0.002463
955 0.002502
956 0.002487
957 0.002101
958 0.002068
959 0.002312
960 0.002471
961 0.002329
962 0.002482
963 0.002682
964 0.002707
965 0.002376
966 0.002247
967 0.002331
968 0.002474
969 0.001971
970 0.002146
971 0.002288
972 0.002364
973 0.002116
974 0.002371
975 0.002164
976 0.001912
977 0.002326
978 0.002411
979 0.002228
980 0.002135
981 0.002300
982 0.002640
983 0.002478
984 0.002318
985 0.002910
986 0.002733
987 0.002591
988 0.002062
989 0.002430
990 0.002387
991 0.002098
992 0.001983
993 0.002228
994 0.002368
995 0.002370
996 0.002283
997 0.002109
998 0.002131
999 0.002193
