0 0.000000
1 0.000000
2 0.000000
3 0.000000
4 0.000000
5 0.000000
6 0.000000
7 0.000000
8 0.000000
9 0.000000
10 1.000000
11 1.313946
12 1.077969
13 1.063139
14 1.285337
15 1.066769
16 1.139148
17 1.213208
18 1.198166
19 0.738090
20 0.963961
21 0.848237
22 0.842831
23 0.749079
24 0.618737
25 0.811455
26 0.727334
27 0.756722
28 0.845645
29 0.680822
30 0.588951
31 0.650123
32 0.497652
33 0.472594
34 0.494866
35 0.550133
36 0.453833
37 0.396803
38 0.393108
39 0.416366
40 0.408315
41 0.407714
42 0.306486
43 0.325453
44 0.321546
45 0.330228
46 0.283220
47 0.265651
48 0.224257
49 0.267096
50 0.321695
51 0.272863
52 0.271409
53 0.222756
54 0.280642
55 0.261528
56 0.230339
57 0.214565
58 0.236046
59 0.206140
60 0.194440
61 0.199548
62 0.185002
63 0.174094
64 0.158830
65 0.135319
66 0.131832
67 0.133909
68 0.162307
69 0.135842
70 0.146663
71 0.143245
72 0.124197
73 0.128925
74 0.126601
75 0.128306
76 0.106974
77 0.117464
78 0.124325
79 0.110255
80 0.101078
81 0.110118
82 0.111031
83 0.084179
84 0.083229
85 0.091418
86 0.097734
87 0.098789
88 0.082491
89 0.081048
90 0.080350
91 0.081959
92 0.069833
93 0.068140
94 0.063833
95 0.064945
96 0.067483
97 0.068919
98 0.065983
99 0.055813
100 0.058290
101 0.053196
102 0.057942
103 0.052207
104 0.046666
105 0.043768
106 0.044703
107 0.045471
108 0.050502
109 0.053394
110 0.047483
111 0.042883
112 0.041394
113 0.041474
114 0.040637
115 0.032125
116 0.026311
117 0.027301
118 0.027496
119 0.028313
120 0.032413
121 0.037676
122 0.041391
123 0.041498
124 0.044255
125 0.037009
126 0.032049
127 0.031603
128 0.029908
129 0.028924
130 0.029329
131 0.028385
132 0.024354
133 0.023012
134 0.026235
135 0.023964
136 0.023547
137 0.018232
138 0.019689
139 0.021653
140 0.023293
141 0.019719
142 0.020786
143 0.019937
144 0.020715
145 0.022769
146 0.020401
147 0.019709
148 0.020360
149 0.023282
150 0.022350
151 0.020698
152 0.018437
153 0.015037
154 0.017021
155 0.019008
156 0.020345
157 0.020235
158 0.017793
159 0.015248
160 0.015558
161 0.017584
162 0.016965
163 0.015758
164 0.017809
165 0.017989
166 0.018908
167 0.018179
168 0.017482
169 0.016681
170 0.015022
171 0.014365
172 0.013999
173 0.013758
174 0.013445
175 0.012344
176 0.013676
177 0.012998
178 0.013822
179 0.012531
180 0.013436
181 0.014953
182 0.014825
183 0.014217
184 0.014232
185 0.011700
186 0.010832
187 0.010458
188 0.010027
189 0.010092
190 0.009566
191 0.010069
192 0.012021
193 0.012512
194 0.012571
195 0.013864
196 0.015335
197 0.013758
198 0.013578
199 0.014569
200 0.016093
201 0.015112
202 0.014468
203 0.015676
204 0.019566
205 0.022884
206 0.022206
207 0.020627
208 0.019645
209 0.015591
210 0.012995
211 0.011227
212 0.009708
213 0.009191
214 0.009173
215 0.009176
216 0.008345
217 0.009841
218 0.009541
219 0.008771
220 0.008837
221 0.008921
222 0.009129
223 0.009472
224 0.008301
225 0.007966
226 0.006951
227 0.007234
228 0.007780
229 0.009798
230 0.010976
231 0.011069
232 0.010991
233 0.009357
234 0.008556
235 0.008035
236 0.009879
237 0.010640
238 0.012149
239 0.010975
240 0.009981
241 0.009417
242 0.009303
243 0.010055
244 0.008966
245 0.008857
246 0.008232
247 0.008449
248 0.008436
249 0.008972
250 0.009674
251 0.009702
252 0.012113
253 0.011612
254 0.014043
255 0.015585
256 0.016770
257 0.018523
258 0.018756
259 0.017337
260 0.014241
261 0.010691
262 0.007172
263 0.007174
264 0.006930
265 0.007578
266 0.008643
267 0.008977
268 0.010722
269 0.010904
270 0.010258
271 0.010585
272 0.011274
273 0.010933
274 0.008710
275 0.007448
276 0.008768
277 0.008747
278 0.009342
279 0.011291
280 0.011160
281 0.010597
282 0.009860
283 0.009661
284 0.009612
285 0.008950
286 0.008463
287 0.009179
288 0.009223
289 0.009619
290 0.008538
291 0.009438
292 0.009692
293 0.009836
294 0.008953
295 0.008478
296 0.007947
297 0.008709
298 0.009730
299 0.009527
300 0.008270
301 0.007580
302 0.009308
303 0.011035
304 0.010064
305 0.009315
306 0.007943
307 0.008381
308 0.008555
309 0.008305
310 0.008274
311 0.007881
312 0.008070
313 0.007419
314 0.008444
315 0.007808
316 0.008972
317 0.009793
318 0.010751
319 0.009622
320 0.008428
321 0.008445
322 0.009066
323 0.009334
324 0.008966
325 0.010019
326 0.010346
327 0.012055
328 0.013870
329 0.012968
330 0.012244
331 0.011411
332 0.010462
333 0.009460
334 0.007646
335 0.007904
336 0.008973
337 0.009774
338 0.009718
339 0.010877
340 0.012594
341 0.012093
342 0.011798
343 0.010632
344 0.009603
345 0.009935
346 0.009152
347 0.009390
348 0.008145
349 0.008806
350 0.009414
351 0.009865
352 0.010178
353 0.009304
354 0.008225
355 0.008501
356 0.009064
357 0.008890
358 0.008957
359 0.008751
360 0.008970
361 0.009212
362 0.009970
363 0.010191
364 0.009839
365 0.010028
366 0.009128
367 0.007972
368 0.009382
369 0.009747
370 0.007869
371 0.007670
372 0.007386
373 0.008226
374 0.008590
375 0.010570
376 0.009963
377 0.008912
378 0.008606
379 0.008132
380 0.008619
381 0.008189
382 0.008267
383 0.007865
384 0.008844
385 0.009021
386 0.009627
387 0.009133
388 0.008951
389 0.008393
390 0.008361
391 0.007741
392 0.008622
393 0.010228
394 0.009724
395 0.008796
396 0.009723
397 0.009426
398 0.008858
399 0.009746
400 0.011453
401 0.009243
402 0.010739
403 0.010869
404 0.010088
405 0.009572
406 0.008453
407 0.008381
408 0.009749
409 0.009722
410 0.009329
411 0.008320
412 0.008678
413 0.009386
414 0.008118
415 0.007851
416 0.008945
417 0.009516
418 0.009782
419 0.010602
420 0.011350
421 0.011550
422 0.011685
423 0.011589
424 0.010171
425 0.008395
426 0.008649
427 0.009113
428 0.009844
429 0.009524
430 0.009851
431 0.011398
432 0.011922
433 0.011042
434 0.008705
435 0.007971
436 0.008479
437 0.009583
438 0.010320
439 0.010241
440 0.009426
441 0.010460
442 0.009930
443 0.010452
444 0.009922
445 0.009257
446 0.009141
447 0.009428
448 0.009477
449 0.009489
450 0.009371
451 0.009683
452 0.009236
453 0.007715
454 0.007811
455 0.008313
456 0.009284
457 0.010705
458 0.009898
459 0.011226
460 0.011627
461 0.009333
462 0.008687
463 0.008892
464 0.007854
465 0.007190
466 0.007092
467 0.007841
468 0.008402
469 0.008339
470 0.009477
471 0.009597
472 0.009503
473 0.009842
474 0.010445
475 0.011023
476 0.011477
477 0.011548
478 0.011040
479 0.009949
480 0.009643
481 0.009471
482 0.011343
483 0.013010
484 0.015265
485 0.016516
486 0.016458
487 0.015649
488 0.014971
489 0.015491
490 0.017419
491 0.019041
492 0.017735
493 0.013930
494 0.012596
495 0.011255
496 0.009813
497 0.009041
498 0.009776
499 0.011492
500 0.011059
501 0.010649
502 0.010848
503 0.012349
504 0.012591
505 0.014080
506 0.011088
507 0.010720
508 0.009729
509 0.009054
510 0.008916
511 0.009355
512 0.009370
513 0.008179
514 0.007581
515 0.008386
516 0.008056
517 0.008614
518 0.009700
519 0.010866
520 0.009771
521 0.007826
522 0.007213
523 0.007386
524 0.008564
525 0.009505
526 0.009648
527 0.008142
528 0.008242
529 0.008819
530 0.007802
531 0.008799
532 0.009620
533 0.010128
534 0.011981
535 0.012653
536 0.012447
537 0.012172
538 0.010908
539 0.010661
540 0.010877
541 0.011294
542 0.012510
543 0.013603
544 0.012756
545 0.010771
546 0.009213
547 0.008995
548 0.008865
549 0.008049
550 0.007780
551 0.008582
552 0.007021
553 0.008344
554 0.008425
555 0.010038
556 0.010291
557 0.009413
558 0.009451
559 0.011454
560 0.012706
561 0.014550
562 0.017380
563 0.019543
564 0.019439
565 0.017307
566 0.016239
567 0.013580
568 0.010412
569 0.008879
570 0.008905
571 0.009354
572 0.010189
573 0.009312
574 0.007739
575 0.007742
576 0.008733
577 0.009311
578 0.009204
579 0.011817
580 0.012557
581 0.012138
582 0.010917
583 0.011565
584 0.012070
585 0.012073
586 0.010938
587 0.012426
588 0.014287
589 0.016898
590 0.015080
591 0.013072
592 0.011624
593 0.009862
594 0.009137
595 0.009692
596 0.009849
597 0.010209
598 0.011749
599 0.014441
600 0.015510
601 0.016501
602 0.013147
603 0.011588
604 0.010936
605 0.010269
606 0.009609
607 0.009958
608 0.010018
609 0.010041
610 0.009102
611 0.009445
612 0.009392
613 0.009709
614 0.010365
615 0.010623
616 0.010629
617 0.010647
618 0.013319
619 0.015261
620 0.017495
621 0.016789
622 0.017605
623 0.017933
624 0.017504
625 0.018699
626 0.017527
627 0.012645
628 0.007989
629 0.007207
630 0.007219
631 0.007562
632 0.008029
633 0.009107
634 0.009109
635 0.008420
636 0.008165
637 0.007226
638 0.008116
639 0.008451
640 0.008624
641 0.008918
642 0.009177
643 0.010401
644 0.012174
645 0.011390
646 0.008776
647 0.008195
648 0.008859
649 0.010216
650 0.011377
651 0.012133
652 0.013514
653 0.013833
654 0.012159
655 0.010040
656 0.008902
657 0.009915
658 0.011591
659 0.012930
660 0.012111
661 0.011524
662 0.011756
663 0.013631
664 0.016601
665 0.020288
666 0.027236
667 0.031561
668 0.030426
669 0.025104
670 0.019201
671 0.013863
672 0.011097
673 0.010494
674 0.008712
675 0.008796
676 0.009378
677 0.010068
678 0.010289
679 0.009949
680 0.009656
681 0.009856
682 0.009155
683 0.008315
684 0.007858
685 0.007352
686 0.007667
687 0.007422
688 0.007327
689 0.008065
690 0.008450
691 0.007945
692 0.008756
693 0.007869
694 0.007703
695 0.008483
696 0.009164
697 0.010325
698 0.009486
699 0.009815
700 0.010900
701 0.010841
702 0.009017
703 0.009814
704 0.010257
705 0.009805
706 0.009903
707 0.009609
708 0.009578
709 0.009307
710 0.008859
711 0.008702
712 0.008575
713 0.009682
714 0.009601
715 0.009046
716 0.008840
717 0.008317
718 0.008165
719 0.008080
720 0.007867
721 0.008671
722 0.008756
723 0.008832
724 0.009832
725 0.009611
726 0.009355
727 0.009658
728 0.010010
729 0.010753
730 0.011204
731 0.010340
732 0.011115
733 0.011779
734 0.010608
735 0.011743
736 0.010683
737 0.009964
738 0.008874
739 0.009975
740 0.011260
741 0.009948
742 0.010178
743 0.009974
744 0.010382
745 0.010707
746 0.009074
747 0.008537
748 0.007982
749 0.008759
750 0.008416
751 0.006302
752 0.006508
753 0.007610
754 0.007900
755 0.006976
756 0.006944
757 0.007586
758 0.008772
759 0.009354
760 0.008608
761 0.007509
762 0.007823
763 0.007661
764 0.007615
765 0.008908
766 0.008951
767 0.010545
768 0.009788
769 0.009632
770 0.009526
771 0.010967
772 0.010416
773 0.009708
774 0.009697
775 0.009378
776 0.010724
777 0.011516
778 0.011516
779 0.011565
780 0.011016
781 0.010071
782 0.008773
783 0.009114
784 0.009077
785 0.008729
786 0.008568
787 0.008568
788 0.007685
789 0.009650
790 0.010118
791 0.010521
792 0.009673
793 0.008520
794 0.009027
795 0.009502
796 0.011148
797 0.010547
798 0.009236
799 0.008663
800 0.009681
801 0.009444
802 0.009160
803 0.009978
804 0.011890
805 0.011621
806 0.011409
807 0.012015
808 0.013731
809 0.014767
810 0.014236
811 0.012968
812 0.012939
813 0.013187
814 0.013877
815 0.012548
816 0.011027
817 0.009135
818 0.010551
819 0.010096
820 0.007806
821 0.009227
822 0.009553
823 0.009608
824 0.009114
825 0.009392
826 0.008522
827 0.008805
828 0.009654
829 0.009556
830 0.010470
831 0.009770
832 0.009400
833 0.009166
834 0.010123
835 0.013361
836 0.015536
837 0.016903
838 0.015717
839 0.013702
840 0.012126
841 0.009709
842 0.007846
843 0.008797
844 0.009537
845 0.009889
846 0.009105
847 0.009855
848 0.010675
849 0.012260
850 0.012251
851 0.010609
852 0.009065
853 0.007458
854 0.008229
855 0.009289
856 0.010620
857 0.009516
858 0.009046
859 0.007817
860 0.008253
861 0.009312
862 0.009339
863 0.009700
864 0.008656
865 0.008071
866 0.007314
867 0.007437
868 0.007752
869 0.008628
870 0.007794
871 0.007838
872 0.009074
873 0.010158
874 0.010832
875 0.009492
876 0.007949
877 0.008220
878 0.008757
879 0.008567
880 0.009056
881 0.010200
882 0.009937
883 0.010128
884 0.010621
885 0.009805
886 0.008741
887 0.008089
888 0.009184
889 0.008932
890 0.009329
891 0.008484
892 0.009120
893 0.008507
894 0.008734
895 0.009111
896 0.008306
897 0.008416
898 0.008475
899 0.008115
900 0.008211
901 0.007052
902 0.007087
903 0.008448
904 0.009924
905 0.010517
906 0.010973
907 0.013015
908 0.015530
909 0.016913
910 0.017180
911 0.014294
912 0.011606
913 0.009901
914 0.010294
915 0.009584
916 0.010499
917 0.010233
918 0.010129
919 0.009725
920 0.009235
921 0.009529
922 0.009581
923 0.010388
924 0.009987
925 0.009500
926 0.008223
927 0.008725
928 0.009175
929 0.009421
930 0.011672
931 0.010496
932 0.010852
933 0.011473
934 0.011614
935 0.012771
936 0.013538
937 0.016221
938 0.015446
939 0.013211
940 0.012938
941 0.011623
942 0.010396
943 0.008981
944 0.009331
945 0.009854
946 0.009750
947 0.009932
948 0.009897
949 0.011002
950 0.011145
951 0.010544
952 0.010937
953 0.009956
954 0.009824
955 0.009626
956 0.010276
957 0.010824
958 0.010711
959 0.010882
960 0.010820
961 0.011352
962 0.011375
963 0.011378
964 0.012521
965 0.015522
966 0.018114
967 0.016454
968 0.012587
969 0.010500
970 0.009676
971 0.010409
972 0.011928
973 0.012100
974 0.012694
975 0.012627
976 0.013618
977 0.012392
978 0.013430
979 0.012968
980 0.013414
981 0.014703
982 0.013279
983 0.011114
984 0.009006
985 0.009770
986 0.011593
987 0.012716
988 0.012387
989 0.010559
990 0.013098
991 0.013018
992 0.011215
993 0.011605
994 0.010358
995 0.009645
996 0.011033
997 0.009946
998 0.010445
999 0.011282
