0 0.000000
1 0.000000
2 0.000000
3 0.000000
4 0.000000
5 0.000000
6 0.000000
7 0.000000
8 0.000000
9 0.000000
10 1.000000
11 1.194985
12 1.032209
13 1.207174
14 1.187194
15 0.853071
16 0.873318
17 0.855355
18 0.755280
19 0.702906
20 0.719707
21 0.657085
22 0.474530
23 0.594471
24 0.638632
25 0.545804
26 0.405554
27 0.496909
28 0.508797
29 0.317483
30 0.347597
31 0.402291
32 0.412363
33 0.352171
34 0.357808
35 0.377270
36 0.263006
37 0.260984
38 0.254199
39 0.188939
40 0.255371
41 0.232133
42 0.197498
43 0.199137
44 0.141780
45 0.148766
46 0.153153
47 0.177803
48 0.164668
49 0.183057
50 0.156936
51 0.167636
52 0.132153
53 0.107659
54 0.108349
55 0.111060
56 0.092459
57 0.097208
58 0.079742
59 0.094914
60 0.083023
61 0.066251
62 0.065284
63 0.065183
64 0.084029
65 0.069850
66 0.053217
67 0.060671
68 0.051017
69 0.049781
70 0.051136
71 0.042645
72 0.040837
73 0.043866
74 0.050817
75 0.038351
76 0.039705
77 0.038115
78 0.039669
79 0.038102
80 0.030778
81 0.026038
82 0.029941
83 0.027156
84 0.028071
85 0.025256
86 0.026594
87 0.026211
88 0.023922
89 0.021450
90 0.019719
91 0.018172
92 0.017770
93 0.017983
94 0.019112
95 0.020114
96 0.022105
97 0.016528
98 0.019175
99 0.020094
100 0.020775
101 0.018305
102 0.019002
103 0.017334
104 0.014641
105 0.012830
106 0.014016
107 0.012424
108 0.012380
109 0.013306
110 0.010460
111 0.010206
112 0.010113
113 0.008940
114 0.010156
115 0.009176
116 0.010103
117 0.011893
118 0.012249
119 0.010194
120 0.008477
121 0.008492
122 0.007441
123 0.009839
124 0.008638
125 0.008994
126 0.009013
127 0.009592
128 0.009802
129 0.006481
130 0.006357
131 0.007882
132 0.007770
133 0.006619
134 0.005627
135 0.006114
136 0.007211
137 0.007445
138 0.007132
139 0.006216
140 0.006887
141 0.006916
142 0.006526
143 0.007034
144 0.006067
145 0.005794
146 0.005771
147 0.005040
148 0.005278
149 0.005622
150 0.005277
151 0.005446
152 0.005194
153 0.005989
154 0.005230
155 0.005284
156 0.005762
157 0.005826
158 0.005858
159 0.006491
160 0.006097
161 0.005333
162 0.004702
163 0.004713
164 0.005169
165 0.005189
166 0.006009
167 0.005626
168 0.005822
169 0.006345
170 0.005600
171 0.005415
172 0.005127
173 0.004505
174 0.003979
175 0.004841
176 0.004769
177 0.005366
178 0.005461
179 0.005607
180 0.005456
181 0.005636
182 0.005205
183 0.005931
184 0.004480
185 0.004017
186 0.004279
187 0.004808
188 0.005705
189 0.005671
190 0.005869
191 0.005735
192 0.005440
193 0.005846
194 0.004905
195 0.005282
196 0.004552
197 0.004552
198 0.003751
199 0.004406
200 0.005623
201 0.004990
202 0.006629
203 0.006605
204 0.007054
205 0.005063
206 0.004510
207 0.004480
208 0.004252
209 0.004955
210 0.005351
211 0.006368
212 0.006094
213 0.004476
214 0.003683
215 0.004277
216 0.005267
217 0.005657
218 0.005876
219 0.006341
220 0.006335
221 0.005749
222 0.004491
223 0.003726
224 0.004780
225 0.004998
226 0.005513
227 0.005061
228 0.005845
229 0.006259
230 0.006089
231 0.005468
232 0.004271
233 0.003815
234 0.004451
235 0.005481
236 0.005472
237 0.005496
238 0.004681
239 0.004095
240 0.004245
241 0.004184
242 0.004176
243 0.004221
244 0.004661
245 0.004226
246 0.004837
247 0.004992
248 0.004938
249 0.005508
250 0.005950
251 0.005643
252 0.004638
253 0.004267
254 0.004119
255 0.004514
256 0.004984
257 0.004889
258 0.004564
259 0.004948
260 0.005442
261 0.005347
262 0.004310
263 0.004638
264 0.004121
265 0.004395
266 0.003992
267 0.004015
268 0.005147
269 0.004743
270 0.005690
271 0.005417
272 0.005154
273 0.004799
274 0.004544
275 0.004501
276 0.005092
277 0.005106
278 0.004671
279 0.004649
280 0.005947
281 0.005196
282 0.004697
283 0.004746
284 0.005047
285 0.004431
286 0.003860
287 0.004429
288 0.004159
289 0.004175
290 0.005338
291 0.006031
292 0.005931
293 0.005147
294 0.003752
295 0.004383
296 0.004551
297 0.004159
298 0.003882
299 0.004579
300 0.004277
301 0.005797
302 0.005463
303 0.005140
304 0.004667
305 0.004794
306 0.004652
307 0.004640
308 0.004870
309 0.004385
310 0.004239
311 0.004134
312 0.004095
313 0.004828
314 0.004405
315 0.004334
316 0.004830
317 0.004555
318 0.004553
319 0.004793
320 0.004609
321 0.004410
322 0.004455
323 0.004301
324 0.005163
325 0.005343
326 0.005323
327 0.005482
328 0.005246
329 0.005433
330 0.005127
331 0.005254
332 0.004872
333 0.005142
334 0.005858
335 0.005156
336 0.004883
337 0.004405
338 0.004742
339 0.005537
340 0.005016
341 0.004884
342 0.005440
343 0.005005
344 0.004333
345 0.003926
346 0.003968
347 0.005293
348 0.006177
349 0.006346
350 0.006623
351 0.004946
352 0.004541
353 0.005020
354 0.005330
355 0.004743
356 0.004688
357 0.005470
358 0.004891
359 0.003873
360 0.004312
361 0.004846
362 0.005038
363 0.005044
364 0.005861
365 0.005582
366 0.005484
367 0.005213
368 0.005273
369 0.004857
370 0.004428
371 0.004823
372 0.005117
373 0.004970
374 0.005340
375 0.005183
376 0.004442
377 0.004531
378 0.004641
379 0.004537
380 0.004169
381 0.004121
382 0.004920
383 0.004835
384 0.005072
385 0.005027
386 0.004462
387 0.004400
388 0.004781
389 0.004872
390 0.004414
391 0.004400
392 0.005979
393 0.006349
394 0.006336
395 0.005484
396 0.005554
397 0.005487
398 0.005300
399 0.004909
400 0.005884
401 0.006005
402 0.005458
403 0.005073
404 0.005613
405 0.005613
406 0.004871
407 0.005159
408 0.005258
409 0.004716
410 0.004061
411 0.004877
412 0.005442
413 0.006098
414 0.006040
415 0.005304
416 0.005198
417 0.005403
418 0.005097
419 0.004396
420 0.004142
421 0.003995
422 0.003767
423 0.005024
424 0.004637
425 0.004548
426 0.004318
427 0.004633
428 0.004954
429 0.004780
430 0.005443
431 0.004884
432 0.004982
433 0.004773
434 0.004795
435 0.004357
436 0.004083
437 0.004389
438 0.004291
439 0.003851
440 0.004257
441 0.004675
442 0.004838
443 0.004313
444 0.005791
445 0.006423
446 0.006237
447 0.005458
448 0.005382
449 0.005766
450 0.005859
451 0.006100
452 0.006454
453 0.005856
454 0.004263
455 0.004122
456 0.004923
457 0.005494
458 0.005076
459 0.004988
460 0.005065
461 0.004219
462 0.004479
463 0.004530
464 0.004454
465 0.004920
466 0.005010
467 0.005251
468 0.004325
469 0.004888
470 0.005256
471 0.004536
472 0.004521
473 0.004907
474 0.004813
475 0.004570
476 0.004554
477 0.005655
478 0.005165
479 0.005136
480 0.004845
481 0.004194
482 0.004475
483 0.004319
484 0.004777
485 0.004437
486 0.004789
487 0.005118
488 0.004640
489 0.004575
490 0.004305
491 0.003866
492 0.004009
493 0.004517
494 0.005094
495 0.004889
496 0.005018
497 0.004333
498 0.004369
499 0.004365
500 0.004168
501 0.004893
502 0.005291
503 0.006123
504 0.005532
505 0.004991
506 0.004983
507 0.004958
508 0.006173
509 0.005677
510 0.005704
511 0.005465
512 0.005331
513 0.005444
514 0.004650
515 0.004902
516 0.005099
517 0.004849
518 0.004153
519 0.004708
520 0.005520
521 0.005794
522 0.005534
523 0.005724
524 0.005643
525 0.005238
526 0.005440
527 0.006667
528 0.005977
529 0.005853
530 0.005644
531 0.005414
532 0.005112
533 0.005490
534 0.006187
535 0.006641
536 0.007520
537 0.006163
538 0.004760
539 0.004905
540 0.005745
541 0.006336
542 0.006682
543 0.007162
544 0.006738
545 0.005827
546 0.005533
547 0.005589
548 0.007298
549 0.007223
550 0.006358
551 0.005989
552 0.005168
553 0.004942
554 0.004170
555 0.004808
556 0.004828
557 0.005159
558 0.005010
559 0.005613
560 0.006724
561 0.006561
562 0.005543
563 0.004930
564 0.004860
565 0.005348
566 0.005580
567 0.005268
568 0.005969
569 0.005025
570 0.005425
571 0.005905
572 0.006622
573 0.007082
574 0.005365
575 0.004791
576 0.005041
577 0.005798
578 0.006353
579 0.005066
580 0.004738
581 0.004441
582 0.005292
583 0.005536
584 0.006181
585 0.006577
586 0.006196
587 0.005381
588 0.004497
589 0.004658
590 0.004726
591 0.005519
592 0.006024
593 0.005641
594 0.004962
595 0.005555
596 0.005259
597 0.004711
598 0.004343
599 0.004081
600 0.004130
601 0.004683
602 0.004707
603 0.004769
604 0.005086
605 0.005281
606 0.004460
607 0.004476
608 0.005071
609 0.004722
610 0.004967
611 0.005113
612 0.005381
613 0.004924
614 0.005200
615 0.006319
616 0.006335
617 0.005947
618 0.005158
619 0.004475
620 0.004525
621 0.004815
622 0.004325
623 0.004251
624 0.005336
625 0.005351
626 0.005885
627 0.007489
628 0.007441
629 0.007889
630 0.007032
631 0.005981
632 0.005707
633 0.005860
634 0.006237
635 0.005636
636 0.005890
637 0.005148
638 0.004682
639 0.004412
640 0.004837
641 0.003871
642 0.004480
643 0.003715
644 0.004528
645 0.004795
646 0.004709
647 0.004193
648 0.004724
649 0.004995
650 0.004792
651 0.004888
652 0.004862
653 0.004784
654 0.004825
655 0.005590
656 0.006095
657 0.005468
658 0.005012
659 0.005590
660 0.005222
661 0.005859
662 0.004698
663 0.004995
664 0.004842
665 0.004486
666 0.004647
667 0.004156
668 0.004716
669 0.004742
670 0.005005
671 0.005407
672 0.005346
673 0.005104
674 0.004961
675 0.004462
676 0.004173
677 0.005265
678 0.004893
679 0.005097
680 0.004073
681 0.004542
682 0.004132
683 0.003317
684 0.003547
685 0.004196
686 0.005769
687 0.005712
688 0.005151
689 0.004377
690 0.004628
691 0.003757
692 0.003828
693 0.003413
694 0.004159
695 0.004748
696 0.004620
697 0.004997
698 0.005372
699 0.004559
700 0.005016
701 0.004408
702 0.004695
703 0.005359
704 0.005810
705 0.005795
706 0.005790
707 0.005591
708 0.005917
709 0.005331
710 0.005105
711 0.005243
712 0.004995
713 0.005677
714 0.005336
715 0.005379
716 0.006538
717 0.006476
718 0.007018
719 0.007002
720 0.006992
721 0.004868
722 0.004429
723 0.004835
724 0.004924
725 0.004529
726 0.004292
727 0.004885
728 0.004133
729 0.004657
730 0.005068
731 0.006033
732 0.005958
733 0.005677
734 0.005153
735 0.005237
736 0.005815
737 0.005385
738 0.004968
739 0.005391
740 0.004840
741 0.005445
742 0.005433
743 0.005740
744 0.004959
745 0.005430
746 0.005187
747 0.004795
748 0.004650
749 0.005101
750 0.005058
751 0.005226
752 0.005468
753 0.005149
754 0.004734
755 0.004786
756 0.004961
757 0.004346
758 0.004122
759 0.004295
760 0.005328
761 0.005625
762 0.005532
763 0.005764
764 0.005473
765 0.005226
766 0.004960
767 0.004659
768 0.004488
769 0.004969
770 0.005375
771 0.005497
772 0.005339
773 0.005271
774 0.004633
775 0.004972
776 0.004545
777 0.004315
778 0.004348
779 0.004176
780 0.004926
781 0.004894
782 0.004946
783 0.005201
784 0.004721
785 0.004440
786 0.003943
787 0.004199
788 0.004042
789 0.004128
790 0.004427
791 0.004128
792 0.005043
793 0.004905
794 0.004888
795 0.004162
796 0.004212
797 0.004244
798 0.004703
799 0.005334
800 0.005563
801 0.005626
802 0.004643
803 0.004433
804 0.005018
805 0.005207
806 0.005022
807 0.004691
808 0.004280
809 0.005059
810 0.005319
811 0.004792
812 0.004480
813 0.004589
814 0.004943
815 0.004618
816 0.005418
817 0.005224
818 0.005352
819 0.004906
820 0.004977
821 0.004862
822 0.004910
823 0.004418
824 0.004536
825 0.004227
826 0.004290
827 0.004375
828 0.004264
829 0.004166
830 0.004185
831 0.004133
832 0.003795
833 0.004734
834 0.005697
835 0.005852
836 0.006042
837 0.006282
838 0.006276
839 0.007208
840 0.006097
841 0.004489
842 0.003895
843 0.003964
844 0.004297
845 0.004940
846 0.005396
847 0.005150
848 0.004352
849 0.005802
850 0.005618
851 0.005782
852 0.005390
853 0.005668
854 0.005331
855 0.006451
856 0.006290
857 0.006009
858 0.006263
859 0.004820
860 0.004646
861 0.004468
862 0.004538
863 0.005145
864 0.004795
865 0.004754
866 0.005236
867 0.005810
868 0.006021
869 0.005929
870 0.005440
871 0.006375
872 0.005364
873 0.005040
874 0.005147
875 0.006177
876 0.006084
877 0.005215
878 0.005069
879 0.004908
880 0.005421
881 0.005094
882 0.005839
883 0.005914
884 0.007074
885 0.007139
886 0.006693
887 0.007465
888 0.007882
889 0.007686
890 0.007046
891 0.005562
892 0.005627
893 0.004731
894 0.004920
895 0.005394
896 0.005332
897 0.005041
898 0.004647
899 0.004968
900 0.005621
901 0.005051
902 0.004944
903 0.005202
904 0.004840
905 0.004321
906 0.005197
907 0.005142
908 0.004254
909 0.003614
910 0.003961
911 0.004815
912 0.005009
913 0.005338
914 0.005445
915 0.005209
916 0.004660
917 0.004604
918 0.004421
919 0.004684
920 0.005162
921 0.005115
922 0.004980
923 0.005205
924 0.006483
925 0.005393
926 0.004594
927 0.005377
928 0.005038
929 0.005675
930 0.006055
931 0.004603
932 0.003854
933 0.004085
934 0.004810
935 0.005579
936 0.005001
937 0.005107
938 0.005381
939 0.005809
940 0.006334
941 0.005743
942 0.005647
943 0.005079
944 0.004220
945 0.004415
946 0.005185
947 0.004937
948 0.004504
949 0.004745
950 0.005532
951 0.006005
952 0.005282
953 0.005288
954 0.004673
955 0.004788
956 0.004258
957 0.004302
958 0.004424
959 0.004311
960 0.004190
961 0.004516
962 0.003398
963 0.004201
964 0.003658
965 0.003353
966 0.003966
967 0.004944
968 0.005136
969 0.005461
970 0.005358
971 0.005285
972 0.004681
973 0.003968
974 0.004500
975 0.004942
976 0.005090
977 0.004580
978 0.003997
979 0.004196
980 0.004692
981 0.005248
982 0.005012
983 0.005434
984 0.006921
985 0.007350
986 0.007392
987 0.006164
988 0.005450
989 0.005278
990 0.005087
991 0.005565
992 0.005994
993 0.006134
994 0.006176
995 0.006281
996 0.005773
997 0.005709
998 0.005307
999 0.005617
