0 0.000000
1 0.000000
2 0.000000
3 0.000000
4 0.000000
5 0.000000
6 0.000000
7 0.000000
8 0.000000
9 0.000000
10 1.000000
11 1.062813
12 0.855337
13 1.137063
14 0.737395
15 0.928850
16 1.183856
17 0.927849
18 0.831414
19 0.870556
20 0.746320
21 0.824603
22 0.656462
23 0.534853
24 0.589682
25 0.510864
26 0.467141
27 0.441269
28 0.499126
29 0.492875
30 0.422468
31 0.426290
32 0.373614
33 0.300899
34 0.310335
35 0.302420
36 0.278084
37 0.262107
38 0.211301
39 0.198989
40 0.235867
41 0.219041
42 0.233927
43 0.209177
44 0.198923
45 0.183282
46 0.189824
47 0.120258
48 0.153184
49 0.162843
50 0.159998
51 0.120313
52 0.124124
53 0.113283
54 0.108007
55 0.094988
56 0.088896
57 0.096736
58 0.081009
59 0.083178
60 0.087465
61 0.086776
62 0.073595
63 0.065159
64 0.074413
65 0.070521
66 0.065762
67 0.055592
68 0.058657
69 0.052220
70 0.055287
71 0.058482
72 0.054634
73 0.044048
74 0.027958
75 0.031339
76 0.039953
77 0.034545
78 0.031762
79 0.038431
80 0.036075
81 0.029812
82 0.026324
83 0.024689
84 0.022010
85 0.017458
86 0.016391
87 0.023916
88 0.025464
89 0.029220
90 0.027933
91 0.027620
92 0.024345
93 0.025390
94 0.017859
95 0.016623
96 0.015507
97 0.014108
98 0.012979
99 0.014694
100 0.014430
101 0.014781
102 0.016255
103 0.015830
104 0.015521
105 0.009150
106 0.009619
107 0.011251
108 0.012549
109 0.012785
110 0.012722
111 0.011179
112 0.011173
113 0.009787
114 0.011651
115 0.010991
116 0.009291
117 0.008452
118 0.009856
119 0.009566
120 0.010329
121 0.009951
122 0.008737
123 0.008553
124 0.007844
125 0.007649
126 0.008140
127 0.007310
128 0.008151
129 0.007095
130 0.008628
131 0.006624
132 0.006573
133 0.005942
134 0.006570
135 0.006667
136 0.006278
137 0.005781
138 0.006006
139 0.006760
140 0.006584
141 0.005952
142 0.006244
143 0.005732
144 0.005391
145 0.005510
146 0.005813
147 0.006096
148 0.005135
149 0.004612
150 0.006194
151 0.005883
152 0.005576
153 0.005087
154 0.005588
155 0.004833
156 0.005293
157 0.005260
158 0.005522
159 0.005369
160 0.005489
161 0.005445
162 0.005571
163 0.005154
164 0.005729
165 0.005394
166 0.004880
167 0.005689
168 0.005912
169 0.005107
170 0.004819
171 0.004874
172 0.005172
173 0.005555
174 0.006120
175 0.005144
176 0.006100
177 0.006151
178 0.006651
179 0.006733
180 0.006605
181 0.005876
182 0.005462
183 0.005288
184 0.004628
185 0.004212
186 0.005200
187 0.004793
188 0.004238
189 0.004259
190 0.004655
191 0.005313
192 0.005960
193 0.005030
194 0.005034
195 0.004613
196 0.004710
197 0.004783
198 0.005080
199 0.005767
200 0.006087
201 0.005378
202 0.004964
203 0.005733
204 0.005479
205 0.004582
206 0.004259
207 0.004154
208 0.005007
209 0.004773
210 0.005301
211 0.004501
212 0.004143
213 0.004505
214 0.004189
215 0.004713
216 0.005299
217 0.005398
218 0.005377
219 0.005087
220 0.005261
221 0.004118
222 0.005021
223 0.005216
224 0.004679
225 0.005526
226 0.004551
227 0.004319
228 0.004398
229 0.004549
230 0.006157
231 0.005688
232 0.006111
233 0.005457
234 0.004754
235 0.005590
236 0.006648
237 0.005598
238 0.004717
239 0.004614
240 0.005243
241 0.005453
242 0.005197
243 0.005307
244 0.005385
245 0.005802
246 0.005958
247 0.005919
248 0.005152
249 0.005029
250 0.004786
251 0.005048
252 0.004920
253 0.005162
254 0.004994
255 0.004813
256 0.004281
257 0.004169
258 0.004823
259 0.004870
260 0.004876
261 0.005051
262 0.005147
263 0.004887
264 0.005003
265 0.004682
266 0.004588
267 0.005094
268 0.005670
269 0.005474
270 0.005921
271 0.006088
272 0.006130
273 0.004653
274 0.004402
275 0.004819
276 0.005051
277 0.004784
278 0.005030
279 0.004711
280 0.004790
281 0.004782
282 0.004533
283 0.005245
284 0.004939
285 0.005277
286 0.004789
287 0.004687
288 0.004962
289 0.004777
290 0.004301
291 0.004447
292 0.004772
293 0.005084
294 0.004673
295 0.004930
296 0.004597
297 0.004520
298 0.003899
299 0.003724
300 0.004127
301 0.004636
302 0.005407
303 0.004982
304 0.004829
305 0.004804
306 0.004979
307 0.005140
308 0.006165
309 0.005707
310 0.005348
311 0.005292
312 0.005885
313 0.006074
314 0.005569
315 0.004822
316 0.005195
317 0.005332
318 0.005449
319 0.005543
320 0.005319
321 0.005306
322 0.005337
323 0.004981
324 0.005018
325 0.005544
326 0.005972
327 0.006272
328 0.005532
329 0.005423
330 0.005463
331 0.005463
332 0.005044
333 0.005048
334 0.005185
335 0.004429
336 0.004147
337 0.004614
338 0.004597
339 0.004318
340 0.004898
341 0.004970
342 0.004691
343 0.005540
344 0.006052
345 0.005651
346 0.005706
347 0.005272
348 0.004565
349 0.004561
350 0.004583
351 0.004054
352 0.004564
353 0.005366
354 0.005194
355 0.005623
356 0.005023
357 0.005227
358 0.004775
359 0.004376
360 0.005198
361 0.005392
362 0.004627
363 0.005218
364 0.005145
365 0.005204
366 0.005773
367 0.005654
368 0.006810
369 0.007509
370 0.007306
371 0.005810
372 0.005342
373 0.004292
374 0.004806
375 0.006141
376 0.006447
377 0.005217
378 0.005738
379 0.006432
380 0.006114
381 0.006674
382 0.004988
383 0.005729
384 0.006475
385 0.006684
386 0.005938
387 0.005228
388 0.004724
389 0.004841
390 0.004424
391 0.004888
392 0.004911
393 0.004789
394 0.005535
395 0.005952
396 0.005187
397 0.004564
398 0.004891
399 0.005233
400 0.005221
401 0.005333
402 0.005371
403 0.004999
404 0.005354
405 0.005743
406 0.006038
407 0.005412
408 0.005264
409 0.005542
410 0.005009
411 0.005007
412 0.004434
413 0.004763
414 0.005110
415 0.005190
416 0.005205
417 0.004420
418 0.005284
419 0.004998
420 0.004743
421 0.004858
422 0.004438
423 0.004639
424 0.004688
425 0.004679
426 0.004318
427 0.005427
428 0.006513
429 0.006288
430 0.005533
431 0.005134
432 0.004779
433 0.004843
434 0.005682
435 0.005193
436 0.004820
437 0.005004
438 0.004701
439 0.004957
440 0.004611
441 0.004811
442 0.005033
443 0.005090
444 0.004250
445 0.005005
446 0.004766
447 0.004659
448 0.004313
449 0.004926
450 0.005029
451 0.004879
452 0.004895
453 0.005268
454 0.004389
455 0.003526
456 0.004429
457 0.004914
458 0.004366
459 0.004825
460 0.004565
461 0.005015
462 0.005019
463 0.005304
464 0.004912
465 0.005431
466 0.005288
467 0.005013
468 0.005431
469 0.004966
470 0.004268
471 0.004725
472 0.005254
473 0.004634
474 0.004322
475 0.004812
476 0.004474
477 0.005726
478 0.006282
479 0.005732
480 0.005436
481 0.005986
482 0.004572
483 0.004726
484 0.004470
485 0.004947
486 0.004641
487 0.004877
488 0.004796
489 0.005060
490 0.004553
491 0.004532
492 0.004575
493 0.005865
494 0.005610
495 0.005836
496 0.005275
497 0.004746
498 0.005457
499 0.005791
500 0.006336
501 0.006737
502 0.005854
503 0.005682
504 0.006088
505 0.006262
506 0.005323
507 0.005018
508 0.004342
509 0.004172
510 0.005132
511 0.005042
512 0.004661
513 0.004514
514 0.004643
515 0.004327
516 0.004387
517 0.004938
518 0.004959
519 0.004752
520 0.004581
521 0.005146
522 0.005064
523 0.005558
524 0.005306
525 0.005465
526 0.005518
527 0.006003
528 0.006407
529 0.006446
530 0.006091
531 0.006446
532 0.006563
533 0.005752
534 0.004893
535 0.005114
536 0.005199
537 0.005879
538 0.005036
539 0.004757
540 0.004495
541 0.005320
542 0.005240
543 0.006206
544 0.005197
545 0.005191
546 0.004705
547 0.004524
548 0.004863
549 0.004324
550 0.005163
551 0.004877
552 0.005049
553 0.005189
554 0.005232
555 0.005389
556 0.005415
557 0.005798
558 0.006205
559 0.005937
560 0.005792
561 0.006284
562 0.005955
563 0.005756
564 0.005558
565 0.005851
566 0.005155
567 0.006152
568 0.005675
569 0.005682
570 0.004666
571 0.004728
572 0.005369
573 0.005080
574 0.005821
575 0.004925
576 0.005919
577 0.006278
578 0.006840
579 0.006309
580 0.004989
581 0.005325
582 0.005512
583 0.005984
584 0.005594
585 0.005946
586 0.006106
587 0.005273
588 0.005343
589 0.005802
590 0.005412
591 0.005778
592 0.004916
593 0.005294
594 0.005985
595 0.006184
596 0.005362
597 0.004465
598 0.004481
599 0.004032
600 0.005075
601 0.004873
602 0.005625
603 0.005432
604 0.004724
605 0.004892
606 0.005464
607 0.005135
608 0.006342
609 0.007617
610 0.007322
611 0.006031
612 0.005066
613 0.004496
614 0.004888
615 0.004571
616 0.005044
617 0.005312
618 0.005549
619 0.004559
620 0.004642
621 0.004959
622 0.004921
623 0.006353
624 0.006548
625 0.006153
626 0.005065
627 0.005003
628 0.004967
629 0.004852
630 0.004717
631 0.005198
632 0.004580
633 0.004708
634 0.004356
635 0.003986
636 0.004076
637 0.004573
638 0.004838
639 0.004055
640 0.005281
641 0.004789
642 0.005058
643 0.004551
644 0.004782
645 0.004739
646 0.004670
647 0.004668
648 0.004915
649 0.004243
650 0.005246
651 0.004983
652 0.005136
653 0.004917
654 0.005849
655 0.006119
656 0.005777
657 0.005428
658 0.004646
659 0.005708
660 0.005094
661 0.004563
662 0.004618
663 0.004710
664 0.004553
665 0.004232
666 0.005245
667 0.005414
668 0.004600
669 0.004962
670 0.005034
671 0.005238
672 0.005145
673 0.005876
674 0.005482
675 0.005069
676 0.006638
677 0.006002
678 0.004846
679 0.005196
680 0.005934
681 0.004888
682 0.004662
683 0.004659
684 0.004699
685 0.004581
686 0.003978
687 0.004102
688 0.004548
689 0.004411
690 0.004147
691 0.005092
692 0.004304
693 0.005063
694 0.005016
695 0.004560
696 0.004943
697 0.004955
698 0.004566
699 0.005042
700 0.005291
701 0.005167
702 0.005029
703 0.005667
704 0.006070
705 0.005114
706 0.004257
707 0.004925
708 0.004970
709 0.005320
710 0.005506
711 0.005083
712 0.005396
713 0.005748
714 0.006358
715 0.007648
716 0.008455
717 0.007334
718 0.007103
719 0.006842
720 0.006328
721 0.006260
722 0.005595
723 0.004601
724 0.004759
725 0.004514
726 0.005086
727 0.005417
728 0.004929
729 0.005845
730 0.006399
731 0.005589
732 0.005258
733 0.005275
734 0.006836
735 0.006067
736 0.005193
737 0.004771
738 0.005144
739 0.005216
740 0.005675
741 0.005105
742 0.004003
743 0.003926
744 0.004559
745 0.005176
746 0.005070
747 0.005297
748 0.004972
749 0.004487
750 0.004854
751 0.005027
752 0.004005
753 0.004277
754 0.005725
755 0.004930
756 0.004615
757 0.005330
758 0.005668
759 0.005021
760 0.004333
761 0.004769
762 0.005196
763 0.005016
764 0.005680
765 0.005155
766 0.004956
767 0.005245
768 0.005263
769 0.005987
770 0.005669
771 0.005269
772 0.005368
773 0.005627
774 0.005773
775 0.005078
776 0.004894
777 0.005472
778 0.006797
779 0.006376
780 0.005424
781 0.005476
782 0.004177
783 0.004771
784 0.005211
785 0.005490
786 0.004682
787 0.004291
788 0.005181
789 0.005540
790 0.005446
791 0.005237
792 0.004673
793 0.004382
794 0.004662
795 0.005555
796 0.005676
797 0.005308
798 0.004695
799 0.004812
800 0.005150
801 0.005382
802 0.005835
803 0.005060
804 0.005013
805 0.004931
806 0.005020
807 0.005052
808 0.004713
809 0.004590
810 0.004400
811 0.004711
812 0.004828
813 0.004967
814 0.005373
815 0.005305
816 0.004644
817 0.005374
818 0.005975
819 0.004631
820 0.004313
821 0.004880
822 0.005636
823 0.006085
824 0.005864
825 0.005828
826 0.005386
827 0.005138
828 0.004618
829 0.004663
830 0.005623
831 0.006162
832 0.005289
833 0.005336
834 0.004502
835 0.004018
836 0.005087
837 0.006197
838 0.006265
839 0.005281
840 0.004334
841 0.004127
842 0.003858
843 0.004974
844 0.004858
845 0.004584
846 0.004570
847 0.004749
848 0.004297
849 0.004750
850 0.005476
851 0.005441
852 0.005685
853 0.005923
854 0.005037
855 0.005353
856 0.005458
857 0.006085
858 0.005352
859 0.005022
860 0.004744
861 0.004711
862 0.004677
863 0.004321
864 0.005307
865 0.005815
866 0.006559
867 0.006223
868 0.005697
869 0.005262
870 0.004799
871 0.005287
872 0.004898
873 0.004134
874 0.004285
875 0.004404
876 0.004448
877 0.003970
878 0.004171
879 0.003967
880 0.004237
881 0.004508
882 0.005035
883 0.005397
884 0.006122
885 0.006130
886 0.005439
887 0.004158
888 0.004943
889 0.004332
890 0.005121
891 0.005073
892 0.006104
893 0.005693
894 0.005158
895 0.004657
896 0.004220
897 0.004797
898 0.004726
899 0.004457
900 0.004631
901 0.005681
902 0.005558
903 0.006333
904 0.006110
905 0.005465
906 0.005277
907 0.005755
908 0.005650
909 0.004929
910 0.005136
911 0.005253
912 0.005844
913 0.004742
914 0.004350
915 0.004897
916 0.004736
917 0.004405
918 0.004592
919 0.005284
920 0.005039
921 0.004962
922 0.005605
923 0.005661
924 0.005230
925 0.006339
926 0.006213
927 0.006021
928 0.006112
929 0.005635
930 0.006014
931 0.006328
932 0.005165
933 0.005436
934 0.004725
935 0.005003
936 0.004983
937 0.004675
938 0.004162
939 0.004685
940 0.004536
941 0.004645
942 0.004480
943 0.004835
944 0.004736
945 0.004982
946 0.005147
947 0.004724
948 0.004718
949 0.004435
950 0.004294
951 0.004474
952 0.004820
953 0.005199
954 0.005650
955 0.005789
956 0.005920
957 0.005994
958 0.005655
959 0.005590
960 0.005846
961 0.006213
962 0.005313
963 0.004864
964 0.003988
965 0.004070
966 0.004920
967 0.004449
968 0.004415
969 0.004269
970 0.004017
971 0.003864
972 0.003909
973 0.004164
974 0.005139
975 0.005404
976 0.005874
977 0.005201
978 0.005179
979 0.006407
980 0.007901
981 0.006853
982 0.006850
983 0.006165
984 0.005865
985 0.005610
986 0.004760
987 0.005267
988 0.004822
989 0.004527
990 0.004543
991 0.004835
992 0.004659
993 0.004882
994 0.005354
995 0.005282
996 0.005307
997 0.005197
998 0.005677
999 0.005183
