0 0.000000
1 0.000000
2 0.000000
3 0.000000
4 0.000000
5 0.000000
6 0.000000
7 0.000000
8 0.000000
9 0.000000
10 1.000000
11 0.973215
12 0.991714
13 0.973875
14 0.953462
15 0.918979
16 0.948418
17 0.948553
18 0.906465
19 0.902003
20 0.872300
21 0.852638
22 0.857998
23 0.819882
24 0.841368
25 0.821311
26 0.822319
27 0.777681
28 0.756860
29 0.775868
30 0.774613
31 0.708845
32 0.749745
33 0.674040
34 0.711584
35 0.729181
36 0.702203
37 0.685456
38 0.688468
39 0.678994
40 0.682835
41 0.675756
42 0.625867
43 0.646956
44 0.653636
45 0.601700
46 0.638999
47 0.663998
48 0.590688
49 0.658232
50 0.582607
51 0.600589
52 0.566303
53 0.561681
54 0.539694
55 0.525267
56 0.558665
57 0.548470
58 0.510947
59 0.507177
60 0.499136
61 0.478117
62 0.521344
63 0.515316
64 0.461926
65 0.418941
66 0.460448
67 0.459969
68 0.444580
69 0.373159
70 0.461162
71 0.463387
72 0.490803
73 0.483589
74 0.426282
75 0.378036
76 0.377215
77 0.440770
78 0.448260
79 0.397003
80 0.387112
81 0.408093
82 0.395612
83 0.391109
84 0.407953
85 0.420281
86 0.421719
87 0.406738
88 0.393327
89 0.397960
90 0.401515
91 0.375155
92 0.308844
93 0.373992
94 0.336640
95 0.354703
96 0.338272
97 0.347697
98 0.380346
99 0.327375
100 0.355757
101 0.356337
102 0.338343
103 0.357118
104 0.336815
105 0.359067
106 0.318302
107 0.350435
108 0.344404
109 0.369670
110 0.350465
111 0.340911
112 0.316663
113 0.318596
114 0.328596
115 0.315808
116 0.307076
117 0.312458
118 0.321559
119 0.292272
120 0.267496
121 0.261096
122 0.279118
123 0.277086
124 0.312102
125 0.321822
126 0.294314
127 0.273525
128 0.278828
129 0.270603
130 0.254603
131 0.283397
132 0.311390
133 0.291183
134 0.279686
135 0.255447
136 0.260855
137 0.316445
138 0.281295
139 0.272592
140 0.317900
141 0.325629
142 0.268172
143 0.255994
144 0.265071
145 0.251289
146 0.273884
147 0.245173
148 0.232893
149 0.238792
150 0.233085
151 0.234252
152 0.238112
153 0.239226
154 0.232268
155 0.251682
156 0.289705
157 0.248165
158 0.222473
159 0.257721
160 0.271759
161 0.222016
162 0.201422
163 0.237895
164 0.188866
165 0.175555
166 0.186241
167 0.168596
168 0.184326
169 0.233111
170 0.236693
171 0.213528
172 0.219658
173 0.212080
174 0.189112
175 0.196106
176 0.192277
177 0.223005
178 0.232371
179 0.186748
180 0.180769
181 0.196633
182 0.195810
183 0.199404
184 0.183012
185 0.197541
186 0.199140
187 0.200623
188 0.174395
189 0.172713
190 0.177636
191 0.173413
192 0.174844
193 0.151393
194 0.158821
195 0.218039
196 0.243770
197 0.264237
198 0.245776
199 0.210563
200 0.180162
201 0.186008
202 0.202567
203 0.214955
204 0.194561
205 0.206377
206 0.171038
207 0.185023
208 0.180356
209 0.174776
210 0.184855
211 0.196319
212 0.178408
213 0.172758
214 0.191681
215 0.174381
216 0.169451
217 0.160722
218 0.174345
219 0.189960
220 0.156522
221 0.146836
222 0.176831
223 0.177615
224 0.178697
225 0.171415
226 0.168775
227 0.152053
228 0.159758
229 0.179797
230 0.187636
231 0.181259
232 0.164733
233 0.168219
234 0.158905
235 0.142182
236 0.136752
237 0.142224
238 0.136953
239 0.127827
240 0.114066
241 0.114947
242 0.123515
243 0.142308
244 0.145077
245 0.147843
246 0.156553
247 0.166274
248 0.170353
249 0.160308
250 0.166712
251 0.151031
252 0.125719
253 0.126445
254 0.137181
255 0.128845
256 0.110981
257 0.117985
258 0.149160
259 0.158829
260 0.128507
261 0.130178
262 0.130239
263 0.130289
264 0.144527
265 0.145910
266 0.138179
267 0.136997
268 0.137596
269 0.138956
270 0.133212
271 0.137413
272 0.135704
273 0.125796
274 0.120052
275 0.121599
276 0.132101
277 0.141894
278 0.148902
279 0.141795
280 0.123727
281 0.128245
282 0.126920
283 0.125950
284 0.130255
285 0.125781
286 0.124156
287 0.116930
288 0.104731
289 0.112753
290 0.104261
291 0.098550
292 0.115453
293 0.114868
294 0.121726
295 0.116991
296 0.102635
297 0.110595
298 0.131011
299 0.129653
300 0.130151
301 0.133816
302 0.114390
303 0.101630
304 0.105469
305 0.109761
306 0.109607
307 0.118977
308 0.117167
309 0.105388
310 0.086216
311 0.090742
312 0.092977
313 0.083409
314 0.094275
315 0.108145
316 0.119389
317 0.103908
318 0.093063
319 0.093401
320 0.102506
321 0.109797
322 0.104125
323 0.097152
324 0.084724
325 0.083636
326 0.101474
327 0.115476
328 0.114857
329 0.104372
330 0.102089
331 0.105176
332 0.097880
333 0.095641
334 0.102910
335 0.105332
336 0.092992
337 0.085871
338 0.088881
339 0.089190
340 0.091495
341 0.102642
342 0.114345
343 0.110350
344 0.097185
345 0.106573
346 0.110876
347 0.100522
348 0.095076
349 0.090269
350 0.079702
351 0.072695
352 0.077399
353 0.080209
354 0.076597
355 0.070007
356 0.066851
357 0.078504
358 0.096137
359 0.102354
360 0.096309
361 0.083052
362 0.077664
363 0.084110
364 0.085452
365 0.089180
366 0.089331
367 0.084650
368 0.080783
369 0.077570
370 0.082899
371 0.087791
372 0.084208
373 0.080245
374 0.074993
375 0.071219
376 0.083164
377 0.093380
378 0.091704
379 0.084551
380 0.077143
381 0.080364
382 0.086457
383 0.081623
384 0.078926
385 0.083507
386 0.082094
387 0.078742
388 0.085603
389 0.090807
390 0.077314
391 0.084409
392 0.091463
393 0.094756
394 0.089851
395 0.077937
396 0.068413
397 0.074816
398 0.077429
399 0.073758
400 0.066862
401 0.065151
402 0.071156
403 0.081930
404 0.080787
405 0.074248
406 0.076996
407 0.080447
408 0.079508
409 0.071378
410 0.070307
411 0.070675
412 0.067096
413 0.073829
414 0.074716
415 0.061585
416 0.056121
417 0.058575
418 0.064232
419 0.063448
420 0.052833
421 0.049291
422 0.058253
423 0.071603
424 0.082087
425 0.087900
426 0.083485
427 0.071972
428 0.066283
429 0.070322
430 0.072544
431 0.067878
432 0.066282
433 0.073955
434 0.082197
435 0.083994
436 0.074845
437 0.065016
438 0.063410
439 0.070193
440 0.070933
441 0.067818
442 0.068198
443 0.066428
444 0.065239
445 0.065709
446 0.061530
447 0.057141
448 0.051831
449 0.053856
450 0.064216
451 0.065481
452 0.057223
453 0.050612
454 0.056776
455 0.059386
456 0.058071
457 0.058209
458 0.060307
459 0.055858
460 0.048235
461 0.048575
462 0.055700
463 0.057642
464 0.053254
465 0.051128
466 0.047495
467 0.047876
468 0.051688
469 0.059536
470 0.063670
471 0.056829
472 0.052234
473 0.050803
474 0.058264
475 0.060589
476 0.060389
477 0.061486
478 0.061554
479 0.056117
480 0.050989
481 0.048121
482 0.048716
483 0.052499
484 0.054762
485 0.056547
486 0.059513
487 0.061519
488 0.060805
489 0.053804
490 0.047162
491 0.049242
492 0.058305
493 0.059616
494 0.060487
495 0.056165
496 0.054788
497 0.060735
498 0.061789
499 0.057788
500 0.053213
501 0.052355
502 0.054759
503 0.054287
504 0.051735
505 0.048745
506 0.045391
507 0.040511
508 0.041666
509 0.044653
510 0.044805
511 0.046168
512 0.053589
513 0.062490
514 0.070045
515 0.068239
516 0.061832
517 0.053283
518 0.047834
519 0.040016
520 0.042195
521 0.047322
522 0.046317
523 0.041124
524 0.035430
525 0.037929
526 0.040020
527 0.038964
528 0.039617
529 0.045389
530 0.046377
531 0.046113
532 0.046230
533 0.048161
534 0.049428
535 0.045102
536 0.042508
537 0.043715
538 0.050135
539 0.047911
540 0.045356
541 0.041163
542 0.037137
543 0.038308
544 0.044200
545 0.046893
546 0.041900
547 0.037621
548 0.039633
549 0.040500
550 0.038655
551 0.035094
552 0.033226
553 0.034056
554 0.036552
555 0.039305
556 0.039664
557 0.036972
558 0.037577
559 0.036953
560 0.040264
561 0.037824
562 0.039029
563 0.044984
564 0.046102
565 0.045735
566 0.046178
567 0.048682
568 0.049083
569 0.042482
570 0.038170
571 0.037310
572 0.038508
573 0.038952
574 0.034783
575 0.035825
576 0.037904
577 0.040146
578 0.039483
579 0.039587
580 0.040059
581 0.039464
582 0.038807
583 0.037811
584 0.034677
585 0.034493
586 0.035554
587 0.038637
588 0.039633
589 0.039393
590 0.038825
591 0.040544
592 0.038937
593 0.038277
594 0.035219
595 0.033951
596 0.035102
597 0.034623
598 0.032594
599 0.027913
600 0.027092
601 0.029767
602 0.032460
603 0.031680
604 0.031571
605 0.034416
606 0.036436
607 0.035058
608 0.035041
609 0.034096
610 0.033262
611 0.036641
612 0.040548
613 0.041234
614 0.036853
615 0.030796
616 0.025593
617 0.027592
618 0.030797
619 0.033929
620 0.035074
621 0.035478
622 0.034791
623 0.038422
624 0.041149
625 0.038946
626 0.036547
627 0.032375
628 0.030721
629 0.029111
630 0.030052
631 0.032029
632 0.034817
633 0.034596
634 0.032087
635 0.035158
636 0.036176
637 0.035879
638 0.035272
639 0.029839
640 0.025906
641 0.023103
642 0.024363
643 0.026309
644 0.029247
645 0.031251
646 0.028655
647 0.029263
648 0.032831
649 0.032785
650 0.030602
651 0.029769
652 0.033825
653 0.036441
654 0.033699
655 0.035563
656 0.038639
657 0.036813
658 0.031913
659 0.029233
660 0.028690
661 0.027856
662 0.027951
663 0.027999
664 0.028669
665 0.027601
666 0.025879
667 0.022723
668 0.021009
669 0.024563
670 0.026046
671 0.027199
672 0.027882
673 0.029757
674 0.031971
675 0.032631
676 0.029367
677 0.028223
678 0.028670
679 0.030187
680 0.030704
681 0.029433
682 0.028142
683 0.027811
684 0.027406
685 0.023348
686 0.022614
687 0.023032
688 0.025835
689 0.027151
690 0.025635
691 0.021843
692 0.020293
693 0.021413
694 0.021709
695 0.022841
696 0.024080
697 0.022815
698 0.022773
699 0.022142
700 0.021574
701 0.022441
702 0.023318
703 0.023969
704 0.024850
705 0.023421
706 0.023844
707 0.024142
708 0.024593
709 0.025218
710 0.028396
711 0.027690
712 0.024757
713 0.023137
714 0.022506
715 0.023740
716 0.021824
717 0.020199
718 0.020650
719 0.022457
720 0.025876
721 0.025547
722 0.025919
723 0.022757
724 0.021919
725 0.019479
726 0.018494
727 0.018021
728 0.018768
729 0.019442
730 0.021449
731 0.023038
732 0.023532
733 0.022789
734 0.023303
735 0.024788
736 0.023705
737 0.021177
738 0.021340
739 0.019656
740 0.018839
741 0.020241
742 0.020474
743 0.020546
744 0.019495
745 0.018852
746 0.019459
747 0.020085
748 0.021792
749 0.023875
750 0.022684
751 0.022043
752 0.021314
753 0.021894
754 0.021815
755 0.021492
756 0.019097
757 0.017279
758 0.016144
759 0.020033
760 0.021768
761 0.022285
762 0.021119
763 0.018827
764 0.018536
765 0.019725
766 0.022595
767 0.022895
768 0.019889
769 0.018202
770 0.018394
771 0.018618
772 0.020616
773 0.022392
774 0.020747
775 0.016944
776 0.016804
777 0.017302
778 0.019331
779 0.019955
780 0.020163
781 0.020544
782 0.020419
783 0.019345
784 0.019231
785 0.017892
786 0.016150
787 0.017471
788 0.019583
789 0.019028
790 0.018776
791 0.018823
792 0.020455
793 0.020508
794 0.022344
795 0.021006
796 0.021071
797 0.019907
798 0.018390
799 0.019539
800 0.020284
801 0.020415
802 0.020603
803 0.020143
804 0.018161
805 0.019083
806 0.019414
807 0.018705
808 0.017516
809 0.016257
810 0.014913
811 0.015323
812 0.016170
813 0.016110
814 0.016503
815 0.015046
816 0.012774
817 0.013770
818 0.015348
819 0.017764
820 0.018463
821 0.017867
822 0.019666
823 0.020673
824 0.017881
825 0.014721
826 0.014864
827 0.016618
828 0.018474
829 0.018472
830 0.018415
831 0.018174
832 0.019200
833 0.019828
834 0.018370
835 0.016951
836 0.015042
837 0.013463
838 0.014064
839 0.014611
840 0.017453
841 0.019480
842 0.020460
843 0.020054
844 0.018994
845 0.017194
846 0.014039
847 0.012940
848 0.012764
849 0.013080
850 0.012343
851 0.012127
852 0.012487
853 0.014893
854 0.015154
855 0.015249
856 0.014777
857 0.014042
858 0.014480
859 0.014033
860 0.012303
861 0.012484
862 0.013979
863 0.015302
864 0.016531
865 0.015354
866 0.013770
867 0.011528
868 0.010802
869 0.010847
870 0.011762
871 0.012521
872 0.012090
873 0.012145
874 0.011742
875 0.010993
876 0.010780
877 0.009787
878 0.010890
879 0.011360
880 0.013216
881 0.014091
882 0.015444
883 0.015004
884 0.015073
885 0.014464
886 0.014678
887 0.013196
888 0.011276
889 0.009754
890 0.011444
891 0.012887
892 0.013255
893 0.015434
894 0.016617
895 0.016307
896 0.014034
897 0.013067
898 0.014110
899 0.015329
900 0.013833
901 0.012799
902 0.011806
903 0.010997
904 0.011072
905 0.010231
906 0.010714
907 0.012273
908 0.012266
909 0.011708
910 0.012877
911 0.012493
912 0.011851
913 0.010845
914 0.011115
915 0.011079
916 0.012303
917 0.014278
918 0.014384
919 0.013200
920 0.012491
921 0.011802
922 0.011138
923 0.011231
924 0.011297
925 0.012121
926 0.011889
927 0.011460
928 0.012992
929 0.013175
930 0.013986
931 0.014550
932 0.014055
933 0.012483
934 0.011045
935 0.009535
936 0.007824
937 0.008253
938 0.008456
939 0.008870
940 0.009719
941 0.010598
942 0.011408
943 0.011623
944 0.012144
945 0.012955
946 0.014633
947 0.015649
948 0.014227
949 0.011970
950 0.009460
951 0.009047
952 0.009996
953 0.010394
954 0.010003
955 0.009260
956 0.008962
957 0.008994
958 0.010086
959 0.011172
960 0.012069
961 0.011919
962 0.012221
963 0.012436
964 0.011046
965 0.008980
966 0.008534
967 0.008401
968 0.010181
969 0.011860
970 0.012797
971 0.011790
972 0.010320
973 0.008606
974 0.009593
975 0.009731
976 0.009735
977 0.009796
978 0.010511
979 0.010018
980 0.010184
981 0.010421
982 0.009092
983 0.008865
984 0.009144
985 0.010967
986 0.011675
987 0.012250
988 0.013311
989 0.012381
990 0.012156
991 0.011773
992 0.011168
993 0.010723
994 0.011037
995 0.010174
996 0.011552
997 0.010566
998 0.011318
999 0.010674
