0 0.000000
1 0.000000
2 0.000000
3 0.000000
4 0.000000
5 0.000000
6 0.000000
7 0.000000
8 0.000000
9 0.000000
10 1.000000
11 1.448159
12 1.429713
13 1.593399
14 1.300446
15 1.184229
16 1.162920
17 1.158317
18 1.135822
19 1.498449
20 1.600477
21 1.111678
22 1.029762
23 1.124205
24 1.103591
25 0.950090
26 0.923987
27 0.986661
28 0.748187
29 0.802262
30 0.821801
31 0.790011
32 0.862188
33 0.674434
34 0.606072
35 0.716136
36 0.768913
37 0.979326
38 0.798703
39 0.788480
40 0.695701
41 0.604455
42 0.565812
43 0.563131
44 0.620678
45 0.550948
46 0.519902
47 0.540146
48 0.544833
49 0.657695
50 0.719298
51 0.626624
52 0.499677
53 0.437276
54 0.424583
55 0.429480
56 0.414038
57 0.423977
58 0.473584
59 0.438045
60 0.425914
61 0.408088
62 0.411496
63 0.405111
64 0.389082
65 0.385631
66 0.382527
67 0.342237
68 0.335121
69 0.291346
70 0.282712
71 0.324697
72 0.309427
73 0.298475
74 0.340766
75 0.332137
76 0.276005
77 0.261280
78 0.266749
79 0.322284
80 0.317823
81 0.273798
82 0.244132
83 0.276422
84 0.304666
85 0.287218
86 0.287261
87 0.267560
88 0.276347
89 0.283562
90 0.299982
91 0.279293
92 0.330070
93 0.350796
94 0.374448
95 0.385835
96 0.419997
97 0.367417
98 0.294575
99 0.233439
100 0.220456
101 0.239860
102 0.251377
103 0.239594
104 0.211024
105 0.187071
106 0.184960
107 0.165862
108 0.161700
109 0.140071
110 0.137000
111 0.136568
112 0.142576
113 0.156049
114 0.158147
115 0.164350
116 0.171266
117 0.159207
118 0.180702
119 0.191017
120 0.199076
121 0.196640
122 0.181005
123 0.203044
124 0.277824
125 0.362911
126 0.379574
127 0.291599
128 0.196657
129 0.153095
130 0.119511
131 0.105867
132 0.095767
133 0.103266
134 0.094581
135 0.102151
136 0.104796
137 0.111111
138 0.126218
139 0.110363
140 0.111471
141 0.113158
142 0.125164
143 0.126265
144 0.125374
145 0.121311
146 0.118146
147 0.128612
148 0.121828
149 0.108121
150 0.100084
151 0.098440
152 0.102441
153 0.090586
154 0.088465
155 0.093412
156 0.098331
157 0.093101
158 0.100780
159 0.105177
160 0.120049
161 0.114222
162 0.110435
163 0.103079
164 0.096565
165 0.099218
166 0.088496
167 0.090329
168 0.090350
169 0.092181
170 0.102783
171 0.101552
172 0.103449
173 0.098804
174 0.090138
175 0.097038
176 0.113823
177 0.115213
178 0.125417
179 0.105965
180 0.090905
181 0.096641
182 0.086471
183 0.077591
184 0.064544
185 0.060333
186 0.059346
187 0.060754
188 0.073595
189 0.093095
190 0.096161
191 0.090842
192 0.092017
193 0.089152
194 0.073792
195 0.062907
196 0.050430
197 0.042056
198 0.038072
199 0.044857
200 0.054676
201 0.062669
202 0.068355
203 0.054611
204 0.042532
205 0.036938
206 0.039573
207 0.044916
208 0.040680
209 0.040337
210 0.041954
211 0.039028
212 0.040068
213 0.039575
214 0.038533
215 0.035259
216 0.036601
217 0.042231
218 0.046526
219 0.054362
220 0.057725
221 0.053306
222 0.050705
223 0.047730
224 0.043953
225 0.043550
226 0.044901
227 0.044672
228 0.041038
229 0.033795
230 0.035035
231 0.034057
232 0.033739
233 0.034989
234 0.037946
235 0.041327
236 0.042789
237 0.037535
238 0.030914
239 0.032172
240 0.032395
241 0.030036
242 0.029037
243 0.028048
244 0.030001
245 0.028226
246 0.027472
247 0.028750
248 0.026834
249 0.024293
250 0.020776
251 0.024348
252 0.027151
253 0.029952
254 0.035294
255 0.036397
256 0.037722
257 0.040793
258 0.051034
259 0.073936
260 0.096198
261 0.100897
262 0.095515
263 0.089023
264 0.084293
265 0.073699
266 0.068272
267 0.066024
268 0.059952
269 0.049489
270 0.035761
271 0.034189
272 0.039007
273 0.047065
274 0.056024
275 0.065999
276 0.068142
277 0.060548
278 0.045419
279 0.039417
280 0.037828
281 0.041483
282 0.041575
283 0.038614
284 0.036148
285 0.033184
286 0.031776
287 0.027760
288 0.029091
289 0.029592
290 0.029694
291 0.026471
292 0.024223
293 0.026059
294 0.028752
295 0.028822
296 0.028870
297 0.031548
298 0.035902
299 0.041286
300 0.046889
301 0.057358
302 0.072444
303 0.080031
304 0.079580
305 0.075174
306 0.065738
307 0.065786
308 0.063290
309 0.060504
310 0.048597
311 0.035132
312 0.028496
313 0.026976
314 0.026817
315 0.030305
316 0.036819
317 0.039694
318 0.034060
319 0.028662
320 0.026269
321 0.023430
322 0.022959
323 0.024485
324 0.027464
325 0.029276
326 0.031918
327 0.030996
328 0.028729
329 0.035754
330 0.041687
331 0.037684
332 0.033630
333 0.032838
334 0.030927
335 0.028479
336 0.029504
337 0.037904
338 0.043092
339 0.043586
340 0.039998
341 0.038171
342 0.044521
343 0.058526
344 0.078412
345 0.118442
346 0.190942
347 0.286497
348 0.344522
349 0.488405
350 0.706547
351 0.767738
352 0.525769
353 0.182804
354 0.083417
355 0.043697
356 0.040625
357 0.048179
358 0.056726
359 0.069495
360 0.076563
361 0.078411
362 0.063474
363 0.050195
364 0.032346
365 0.030873
366 0.040775
367 0.040508
368 0.045062
369 0.047356
370 0.043847
371 0.032879
372 0.027498
373 0.026298
374 0.030973
375 0.019884
376 0.028412
377 0.025419
378 0.025914
379 0.029751
380 0.032180
381 0.031016
382 0.029273
383 0.026585
384 0.029341
385 0.028231
386 0.026347
387 0.027463
388 0.034828
389 0.032978
390 0.034608
391 0.034953
392 0.050419
393 0.091612
394 0.199141
395 0.428758
396 0.731769
397 0.803397
398 0.804970
399 0.785213
400 0.420254
401 0.188187
402 0.094196
403 0.054540
404 0.043472
405 0.038437
406 0.042296
407 0.046816
408 0.056212
409 0.057234
410 0.049791
411 0.043456
412 0.047120
413 0.049022
414 0.049811
415 0.043817
416 0.043449
417 0.031579
418 0.036404
419 0.035920
420 0.031115
421 0.035526
422 0.030341
423 0.045349
424 0.029152
425 0.028626
426 0.037708
427 0.028175
428 0.026055
429 0.024989
430 0.031056
431 0.026798
432 0.030550
433 0.030750
434 0.029766
435 0.035081
436 0.044829
437 0.044172
438 0.046083
439 0.047737
440 0.046610
441 0.035889
442 0.030927
443 0.031518
444 0.034105
445 0.023050
446 0.022331
447 0.021979
448 0.023961
449 0.023711
450 0.026222
451 0.030172
452 0.027777
453 0.030988
454 0.034643
455 0.042834
456 0.049444
457 0.058408
458 0.064957
459 0.061165
460 0.050004
461 0.039211
462 0.034592
463 0.030511
464 0.034002
465 0.035782
466 0.044177
467 0.067970
468 0.081758
469 0.093269
470 0.097986
471 0.073677
472 0.056309
473 0.050348
474 0.037465
475 0.032535
476 0.029768
477 0.029527
478 0.029607
479 0.027637
480 0.025911
481 0.024797
482 0.022504
483 0.023139
484 0.022021
485 0.021364
486 0.024897
487 0.027125
488 0.030410
489 0.031500
490 0.035368
491 0.033154
492 0.027628
493 0.027284
494 0.029883
495 0.028150
496 0.025991
497 0.026357
498 0.026972
499 0.026848
500 0.030437
501 0.028276
502 0.028260
503 0.032784
504 0.032804
505 0.033116
506 0.029090
507 0.030886
508 0.042441
509 0.060051
510 0.071026
511 0.056824
512 0.043886
513 0.032413
514 0.026169
515 0.025235
516 0.024416
517 0.024559
518 0.025051
519 0.027412
520 0.024858
521 0.021480
522 0.020792
523 0.019609
524 0.020698
525 0.019630
526 0.022671
527 0.025675
528 0.026844
529 0.024078
530 0.023481
531 0.022497
532 0.022972
533 0.027281
534 0.030355
535 0.028460
536 0.025141
537 0.029033
538 0.033159
539 0.036905
540 0.042154
541 0.037694
542 0.031459
543 0.028683
544 0.024275
545 0.022260
546 0.023460
547 0.023205
548 0.021140
549 0.024092
550 0.022077
551 0.022900
552 0.021600
553 0.020154
554 0.020007
555 0.018657
556 0.019341
557 0.019155
558 0.019385
559 0.018694
560 0.019960
561 0.022658
562 0.019632
563 0.018539
564 0.019453
565 0.020472
566 0.021977
567 0.022679
568 0.026295
569 0.025191
570 0.024873
571 0.023071
572 0.020415
573 0.018934
574 0.024438
575 0.027096
576 0.027914
577 0.031799
578 0.034827
579 0.037621
580 0.037214
581 0.035108
582 0.029188
583 0.032295
584 0.036426
585 0.042741
586 0.041770
587 0.040133
588 0.040599
589 0.046424
590 0.049184
591 0.048812
592 0.045276
593 0.044996
594 0.044068
595 0.039767
596 0.033265
597 0.031363
598 0.033010
599 0.037483
600 0.036854
601 0.030252
602 0.025462
603 0.024378
604 0.019763
605 0.017721
606 0.016275
607 0.018366
608 0.018730
609 0.019906
610 0.021036
611 0.022811
612 0.022844
613 0.022698
614 0.022558
615 0.021139
616 0.021049
617 0.024520
618 0.024314
619 0.023035
620 0.026322
621 0.029464
622 0.027249
623 0.027626
624 0.021254
625 0.019537
626 0.020407
627 0.020080
628 0.022369
629 0.020678
630 0.020265
631 0.027668
632 0.040680
633 0.058434
634 0.075054
635 0.063484
636 0.052924
637 0.051833
638 0.041873
639 0.036209
640 0.036309
641 0.035531
642 0.038177
643 0.042493
644 0.043012
645 0.040789
646 0.035912
647 0.029072
648 0.026368
649 0.020234
650 0.021976
651 0.024337
652 0.026965
653 0.029595
654 0.034635
655 0.040802
656 0.044734
657 0.046380
658 0.043705
659 0.035220
660 0.026786
661 0.024270
662 0.022199
663 0.021428
664 0.020334
665 0.018827
666 0.018524
667 0.023219
668 0.027446
669 0.035129
670 0.052394
671 0.091326
672 0.112197
673 0.080950
674 0.052566
675 0.040303
676 0.037775
677 0.039318
678 0.046605
679 0.043763
680 0.045541
681 0.047681
682 0.046503
683 0.056741
684 0.062986
685 0.049737
686 0.043163
687 0.034364
688 0.027667
689 0.020111
690 0.020853
691 0.021569
692 0.021245
693 0.019711
694 0.020378
695 0.022429
696 0.024126
697 0.024582
698 0.025552
699 0.025261
700 0.027258
701 0.028414
702 0.025562
703 0.025455
704 0.026925
705 0.034555
706 0.034907
707 0.037938
708 0.046588
709 0.046084
710 0.038068
711 0.034885
712 0.037624
713 0.039381
714 0.038196
715 0.034001
716 0.032673
717 0.024752
718 0.020988
719 0.024018
720 0.024677
721 0.029156
722 0.029075
723 0.025674
724 0.025050
725 0.023271
726 0.022306
727 0.019136
728 0.021439
729 0.025118
730 0.023065
731 0.021828
732 0.025359
733 0.024955
734 0.026117
735 0.033454
736 0.042850
737 0.058828
738 0.108631
739 0.187237
740 0.225098
741 0.235794
742 0.248314
743 0.237164
744 0.183378
745 0.102025
746 0.061953
747 0.045536
748 0.041424
749 0.048362
750 0.058837
751 0.060459
752 0.047319
753 0.031405
754 0.027781
755 0.026294
756 0.027306
757 0.027577
758 0.024206
759 0.025896
760 0.027687
761 0.024261
762 0.021252
763 0.018380
764 0.023475
765 0.026540
766 0.027122
767 0.036806
768 0.055720
769 0.065645
770 0.058603
771 0.047107
772 0.035599
773 0.033431
774 0.028925
775 0.027326
776 0.023389
777 0.024708
778 0.023145
779 0.022321
780 0.023901
781 0.028158
782 0.034056
783 0.039186
784 0.042724
785 0.042717
786 0.036862
787 0.032742
788 0.032085
789 0.034189
790 0.032623
791 0.026110
792 0.023985
793 0.023813
794 0.021258
795 0.016025
796 0.019264
797 0.020175
798 0.023389
799 0.022999
800 0.027151
801 0.025611
802 0.023648
803 0.020872
804 0.021416
805 0.020490
806 0.021001
807 0.022177
808 0.025355
809 0.022189
810 0.019048
811 0.018531
812 0.018870
813 0.016193
814 0.016519
815 0.018572
816 0.021400
817 0.028228
818 0.036425
819 0.041476
820 0.047577
821 0.065090
822 0.110864
823 0.205367
824 0.404472
825 0.903817
826 2.231009
827 5.312488
828 9.981212
829 12.415249
830 13.653355
831 14.840949
832 15.942137
833 16.982879
834 18.487027
835 19.092454
836 11.880779
837 5.696153
838 3.083176
839 1.351258
840 0.566569
841 0.070560
842 0.085475
843 0.063266
844 0.054228
845 0.091777
846 0.079949
847 0.037940
848 0.188101
849 0.059036
850 0.067357
851 0.036837
852 0.172714
853 0.073781
854 0.038245
855 0.054632
856 0.030405
857 0.119077
858 0.032850
859 0.020823
860 0.038018
861 0.033517
862 0.119143
863 0.131219
864 0.074285
865 0.022491
866 0.099883
867 0.084315
868 0.028397
869 0.036058
870 0.040342
871 0.099074
872 0.128586
873 0.061832
874 0.061902
875 0.039967
876 0.044663
877 0.029189
878 0.020059
879 0.022141
880 0.142754
881 0.087360
882 0.042643
883 0.063823
884 0.054887
885 0.046449
886 0.045018
887 0.096282
888 0.053007
889 0.063453
890 0.072957
891 0.068175
892 0.083831
893 0.067345
894 0.074908
895 0.144024
896 0.108942
897 0.137907
898 0.229869
899 0.319305
900 0.505788
901 0.714848
902 0.785177
903 0.677444
904 0.474281
905 0.415254
906 0.220629
907 0.115478
908 0.055774
909 0.038640
910 0.047785
911 0.058289
912 0.052821
913 0.039394
914 0.033659
915 0.040502
916 0.027555
917 0.021752
918 0.022618
919 0.023158
920 0.024757
921 0.030527
922 0.029280
923 0.035584
924 0.049455
925 0.070356
926 0.072213
927 0.092783
928 0.139983
929 0.145459
930 0.124843
931 0.116864
932 0.147829
933 0.195551
934 0.219468
935 0.226584
936 0.196497
937 0.181224
938 0.247702
939 0.312555
940 0.484725
941 0.764889
942 1.227216
943 1.951117
944 2.946112
945 3.046675
946 2.994612
947 2.596159
948 2.109165
949 1.349693
950 0.632163
951 0.226772
952 0.054192
953 0.041753
954 0.037719
955 0.037968
956 0.063007
957 0.058210
958 0.079420
959 0.097729
960 0.124524
961 0.150109
962 0.122274
963 0.063179
964 0.040555
965 0.047660
966 0.065049
967 0.088717
968 0.072099
969 0.040833
970 0.034325
971 0.036318
972 0.042982
973 0.048339
974 0.040051
975 0.041141
976 0.031581
977 0.033847
978 0.032850
979 0.037003
980 0.028582
981 0.029605
982 0.033066
983 0.039048
984 0.036595
985 0.025356
986 0.030167
987 0.024862
988 0.029385
989 0.029452
990 0.039476
991 0.033318
992 0.034701
993 0.035996
994 0.033158
995 0.030718
996 0.029107
997 0.022669
998 0.022644
999 0.025212
