0 0.000000
1 0.000000
2 0.000000
3 0.000000
4 0.000000
5 0.000000
6 0.000000
7 0.000000
8 0.000000
9 0.000000
10 1.000000
11 1.058103
12 0.946842
13 1.056673
14 0.930688
15 0.997957
16 0.827381
17 0.846255
18 0.598064
19 0.593684
20 0.540131
21 0.469403
22 0.516417
23 0.521600
24 0.413712
25 0.368337
26 0.294475
27 0.351624
28 0.310180
29 0.296102
30 0.248778
31 0.258311
32 0.223557
33 0.228580
34 0.193389
35 0.168039
36 0.175207
37 0.130941
38 0.118740
39 0.122944
40 0.162584
41 0.147836
42 0.121564
43 0.109930
44 0.109523
45 0.069958
46 0.079589
47 0.069301
48 0.067328
49 0.068060
50 0.063750
51 0.055918
52 0.050953
53 0.047329
54 0.047050
55 0.050758
56 0.038459
57 0.035626
58 0.031089
59 0.034434
60 0.029306
61 0.027044
62 0.030686
63 0.023525
64 0.015570
65 0.015460
66 0.017562
67 0.018766
68 0.015097
69 0.017687
70 0.018653
71 0.017842
72 0.017188
73 0.012587
74 0.013430
75 0.012160
76 0.012740
77 0.011420
78 0.009673
79 0.011772
80 0.010635
81 0.009787
82 0.008159
83 0.010066
84 0.010471
85 0.010246
86 0.010682
87 0.009753
88 0.007842
89 0.007291
90 0.006663
91 0.007355
92 0.005807
93 0.005716
94 0.005207
95 0.005010
96 0.005618
97 0.005740
98 0.004575
99 0.004818
100 0.004524
101 0.004092
102 0.004135
103 0.004346
104 0.004077
105 0.004435
106 0.004247
107 0.004631
108 0.004466
109 0.004114
110 0.003625
111 0.003604
112 0.003653
113 0.003514
114 0.003408
115 0.003762
116 0.003335
117 0.003783
118 0.003984
119 0.003407
120 0.003514
121 0.003547
122 0.004124
123 0.003549
124 0.003446
125 0.003394
126 0.003588
127 0.003936
128 0.003474
129 0.002865
130 0.003393
131 0.003307
132 0.002986
133 0.003188
134 0.002820
135 0.003093
136 0.003518
137 0.003314
138 0.003703
139 0.004225
140 0.002945
141 0.002896
142 0.002982
143 0.003716
144 0.003062
145 0.002859
146 0.003269
147 0.003531
148 0.002953
149 0.003055
150 0.002999
151 0.003177
152 0.003329
153 0.003051
154 0.003674
155 0.003322
156 0.003011
157 0.003191
158 0.003718
159 0.003336
160 0.003145
161 0.002998
162 0.003179
163 0.003635
164 0.003446
165 0.002980
166 0.003425
167 0.003541
168 0.003293
169 0.002755
170 0.003137
171 0.003068
172 0.003276
173 0.003151
174 0.002958
175 0.003836
176 0.003840
177 0.002882
178 0.003057
179 0.003119
180 0.002885
181 0.003141
182 0.003268
183 0.003011
184 0.003363
185 0.003774
186 0.003687
187 0.003220
188 0.002554
189 0.002696
190 0.003142
191 0.003073
192 0.003129
193 0.002951
194 0.003752
195 0.003248
196 0.002796
197 0.002697
198 0.002610
199 0.003068
200 0.003400
201 0.003302
202 0.002910
203 0.002890
204 0.002697
205 0.003200
206 0.003713
207 0.002809
208 0.003103
209 0.003272
210 0.003766
211 0.003536
212 0.003392
213 0.003103
214 0.002983
215 0.003271
216 0.003760
217 0.003656
218 0.003888
219 0.004420
220 0.003477
221 0.002469
222 0.003088
223 0.003392
224 0.002852
225 0.002690
226 0.003317
227 0.003387
228 0.003246
229 0.002381
230 0.002878
231 0.003042
232 0.002918
233 0.002107
234 0.002692
235 0.002745
236 0.003330
237 0.003190
238 0.003816
239 0.003483
240 0.002987
241 0.003404
242 0.003457
243 0.003504
244 0.003511
245 0.003079
246 0.002927
247 0.002553
248 0.002914
249 0.003048
250 0.002798
251 0.002803
252 0.003379
253 0.003267
254 0.003033
255 0.003274
256 0.003633
257 0.003815
258 0.003053
259 0.003090
260 0.003254
261 0.003042
262 0.003481
263 0.003581
264 0.003713
265 0.002834
266 0.002878
267 0.002759
268 0.003023
269 0.003120
270 0.003430
271 0.003193
272 0.003238
273 0.003189
274 0.003115
275 0.003066
276 0.003320
277 0.003145
278 0.002937
279 0.003125
280 0.003052
281 0.003213
282 0.003819
283 0.003627
284 0.003332
285 0.003301
286 0.003062
287 0.003156
288 0.003010
289 0.002987
290 0.003316
291 0.002733
292 0.002779
293 0.002483
294 0.002631
295 0.003090
296 0.003169
297 0.003032
298 0.002834
299 0.002870
300 0.003148
301 0.003725
302 0.003385
303 0.002958
304 0.002662
305 0.002683
306 0.003054
307 0.003057
308 0.002693
309 0.003331
310 0.003346
311 0.003280
312 0.003686
313 0.003653
314 0.003686
315 0.003424
316 0.002818
317 0.003106
318 0.003287
319 0.002659
320 0.003018
321 0.003372
322 0.002619
323 0.003061
324 0.002948
325 0.002864
326 0.003083
327 0.002774
328 0.002829
329 0.003303
330 0.003717
331 0.002904
332 0.003345
333 0.002471
334 0.003066
335 0.003692
336 0.003306
337 0.003495
338 0.003070
339 0.002900
340 0.003888
341 0.003054
342 0.003093
343 0.003551
344 0.003111
345 0.003492
346 0.003530
347 0.004192
348 0.003736
349 0.003234
350 0.003766
351 0.003564
352 0.003769
353 0.003611
354 0.003218
355 0.002634
356 0.002901
357 0.002869
358 0.002724
359 0.002757
360 0.003288
361 0.003851
362 0.003633
363 0.003595
364 0.002877
365 0.002715
366 0.003084
367 0.003156
368 0.003035
369 0.003284
370 0.003305
371 0.003363
372 0.003274
373 0.004141
374 0.003303
375 0.003797
376 0.003647
377 0.003263
378 0.003849
379 0.003155
380 0.003364
381 0.003349
382 0.002734
383 0.003265
384 0.003687
385 0.004282
386 0.003642
387 0.002949
388 0.003302
389 0.003347
390 0.003361
391 0.003217
392 0.003576
393 0.003242
394 0.003477
395 0.003278
396 0.003172
397 0.003419
398 0.002883
399 0.003034
400 0.003385
401 0.003061
402 0.003393
403 0.003699
404 0.003461
405 0.003917
406 0.004481
407 0.004106
408 0.003388
409 0.003345
410 0.003444
411 0.003100
412 0.003020
413 0.003405
414 0.003195
415 0.002959
416 0.002863
417 0.003206
418 0.002899
419 0.002432
420 0.003304
421 0.003138
422 0.002946
423 0.002806
424 0.003410
425 0.003602
426 0.003130
427 0.002961
428 0.003050
429 0.002714
430 0.003194
431 0.002795
432 0.003449
433 0.003477
434 0.003068
435 0.002880
436 0.002948
437 0.003117
438 0.002852
439 0.003059
440 0.002783
441 0.003072
442 0.002761
443 0.003100
444 0.002898
445 0.002769
446 0.003133
447 0.003230
448 0.003439
449 0.003215
450 0.003480
451 0.003560
452 0.003059
453 0.003156
454 0.003282
455 0.003609
456 0.002881
457 0.002853
458 0.002413
459 0.002818
460 0.002733
461 0.002465
462 0.002866
463 0.003086
464 0.003272
465 0.003181
466 0.003173
467 0.003329
468 0.003148
469 0.002583
470 0.003168
471 0.003113
472 0.003150
473 0.003230
474 0.003682
475 0.003321
476 0.003349
477 0.003110
478 0.003049
479 0.002682
480 0.002787
481 0.002866
482 0.003075
483 0.003373
484 0.003175
485 0.003398
486 0.003203
487 0.003141
488 0.003087
489 0.003169
490 0.002915
491 0.003085
492 0.002776
493 0.002338
494 0.002707
495 0.003207
496 0.002676
497 0.003260
498 0.002986
499 0.002936
500 0.003055
501 0.002614
502 0.002705
503 0.003005
504 0.002843
505 0.002508
506 0.002319
507 0.003106
508 0.003262
509 0.003340
510 0.003380
511 0.002613
512 0.003042
513 0.003462
514 0.003689
515 0.002760
516 0.002923
517 0.002425
518 0.003270
519 0.003147
520 0.003337
521 0.003417
522 0.002900
523 0.002785
524 0.003584
525 0.002997
526 0.002851
527 0.002543
528 0.003224
529 0.003270
530 0.002499
531 0.003420
532 0.004051
533 0.003662
534 0.002842
535 0.003053
536 0.003523
537 0.003089
538 0.002980
539 0.002801
540 0.002904
541 0.003006
542 0.002765
543 0.003032
544 0.003038
545 0.003241
546 0.003461
547 0.003141
548 0.003130
549 0.003184
550 0.002601
551 0.002995
552 0.003054
553 0.002697
554 0.002961
555 0.003600
556 0.003371
557 0.002923
558 0.002594
559 0.002880
560 0.003410
561 0.002849
562 0.003472
563 0.003098
564 0.003048
565 0.002816
566 0.002960
567 0.002726
568 0.003476
569 0.003602
570 0.003259
571 0.003124
572 0.003493
573 0.003145
574 0.003397
575 0.002821
576 0.003192
577 0.003715
578 0.003570
579 0.003556
580 0.003208
581 0.003453
582 0.003321
583 0.003897
584 0.003099
585 0.003069
586 0.003170
587 0.003217
588 0.003123
589 0.002700
590 0.002805
591 0.003064
592 0.003220
593 0.002951
594 0.003300
595 0.003853
596 0.003315
597 0.003529
598 0.003629
599 0.003509
600 0.003494
601 0.003889
602 0.003342
603 0.003380
604 0.003241
605 0.003034
606 0.002844
607 0.003102
608 0.003258
609 0.003305
610 0.003094
611 0.002923
612 0.003549
613 0.003039
614 0.003153
615 0.003561
616 0.002875
617 0.003187
618 0.003369
619 0.003079
620 0.003082
621 0.003004
622 0.002986
623 0.003346
624 0.003007
625 0.003026
626 0.003156
627 0.002652
628 0.003014
629 0.003006
630 0.002630
631 0.002797
632 0.003174
633 0.003014
634 0.003098
635 0.003321
636 0.003486
637 0.003437
638 0.003191
639 0.003185
640 0.003098
641 0.002757
642 0.003242
643 0.003579
644 0.003111
645 0.003576
646 0.003516
647 0.003175
648 0.002745
649 0.003074
650 0.003197
651 0.003546
652 0.003739
653 0.003176
654 0.003300
655 0.003814
656 0.002772
657 0.002958
658 0.003200
659 0.003128
660 0.002992
661 0.002977
662 0.003222
663 0.002874
664 0.002759
665 0.002886
666 0.002981
667 0.003203
668 0.002445
669 0.002640
670 0.002856
671 0.003053
672 0.003080
673 0.003200
674 0.003681
675 0.003308
676 0.003073
677 0.003384
678 0.002977
679 0.002932
680 0.002866
681 0.003315
682 0.003523
683 0.003412
684 0.003193
685 0.003394
686 0.003667
687 0.003309
688 0.002721
689 0.003590
690 0.003450
691 0.003435
692 0.003431
693 0.003404
694 0.003115
695 0.003100
696 0.003192
697 0.002683
698 0.002458
699 0.003094
700 0.002878
701 0.002924
702 0.002815
703 0.003417
704 0.003736
705 0.003572
706 0.003375
707 0.002978
708 0.002967
709 0.002798
710 0.003037
711 0.003466
712 0.003007
713 0.003632
714 0.003381
715 0.003331
716 0.003104
717 0.003149
718 0.003055
719 0.003151
720 0.003665
721 0.003786
722 0.003117
723 0.003503
724 0.002727
725 0.002814
726 0.003176
727 0.003202
728 0.002873
729 0.002727
730 0.002732
731 0.003085
732 0.002745
733 0.002695
734 0.002895
735 0.003130
736 0.002365
737 0.002707
738 0.002127
739 0.002609
740 0.002942
741 0.003107
742 0.003194
743 0.003275
744 0.002979
745 0.003223
746 0.003439
747 0.002968
748 0.003613
749 0.003724
750 0.003738
751 0.003636
752 0.003530
753 0.002699
754 0.003138
755 0.003426
756 0.003652
757 0.002943
758 0.003152
759 0.003444
760 0.003529
761 0.003751
762 0.003541
763 0.003738
764 0.004338
765 0.004416
766 0.003285
767 0.002915
768 0.003334
769 0.003503
770 0.003565
771 0.003282
772 0.003528
773 0.002949
774 0.003521
775 0.002908
776 0.003050
777 0.003898
778 0.003325
779 0.003610
780 0.002994
781 0.003075
782 0.003174
783 0.003862
784 0.003563
785 0.003066
786 0.003400
787 0.003475
788 0.003169
789 0.002894
790 0.003086
791 0.003619
792 0.002913
793 0.003023
794 0.003396
795 0.003645
796 0.003583
797 0.002969
798 0.002680
799 0.002748
800 0.002842
801 0.003326
802 0.003107
803 0.003238
804 0.003239
805 0.003265
806 0.003390
807 0.003619
808 0.003430
809 0.003489
810 0.003538
811 0.003550
812 0.003262
813 0.003186
814 0.003128
815 0.003128
816 0.003319
817 0.003814
818 0.003582
819 0.003102
820 0.003182
821 0.003317
822 0.003163
823 0.002680
824 0.002940
825 0.003512
826 0.003328
827 0.003146
828 0.002956
829 0.002907
830 0.003245
831 0.003657
832 0.003287
833 0.003582
834 0.004346
835 0.004478
836 0.004014
837 0.003232
838 0.003282
839 0.003488
840 0.003182
841 0.003180
842 0.003254
843 0.003405
844 0.003645
845 0.003077
846 0.003426
847 0.004118
848 0.004180
849 0.003006
850 0.002746
851 0.003593
852 0.003415
853 0.003365
854 0.003309
855 0.002666
856 0.002883
857 0.002678
858 0.002972
859 0.002523
860 0.003084
861 0.003149
862 0.003350
863 0.003494
864 0.003127
865 0.003351
866 0.002847
867 0.003596
868 0.003578
869 0.003289
870 0.003664
871 0.003446
872 0.003265
873 0.003801
874 0.003450
875 0.003060
876 0.003279
877 0.002762
878 0.003304
879 0.003887
880 0.003865
881 0.003688
882 0.003364
883 0.003414
884 0.003163
885 0.003306
886 0.003642
887 0.003405
888 0.003351
889 0.002991
890 0.003518
891 0.003387
892 0.002870
893 0.003229
894 0.003146
895 0.002970
896 0.002902
897 0.003373
898 0.003326
899 0.003416
900 0.002525
901 0.003057
902 0.002702
903 0.002980
904 0.002464
905 0.002424
906 0.002606
907 0.002989
908 0.003196
909 0.002981
910 0.002876
911 0.002755
912 0.002999
913 0.003469
914 0.003388
915 0.002350
916 0.002645
917 0.002273
918 0.002494
919 0.002974
920 0.003019
921 0.002683
922 0.003244
923 0.003632
924 0.003056
925 0.003156
926 0.003556
927 0.003434
928 0.003599
929 0.003772
930 0.003469
931 0.003675
932 0.003280
933 0.003045
934 0.002963
935 0.002870
936 0.003117
937 0.003403
938 0.003261
939 0.002798
940 0.002799
941 0.002771
942 0.002979
943 0.003264
944 0.003150
945 0.002660
946 0.002571
947 0.003008
948 0.003293
949 0.003512
950 0.003482
951 0.003618
952 0.002609
953 0.002918
954 0.002794
955 0.002610
956 0.002947
957 0.003050
958 0.003199
959 0.002953
960 0.002865
961 0.003001
962 0.002846
963 0.003171
964 0.003163
965 0.003256
966 0.003398
967 0.003662
968 0.003236
969 0.003416
970 0.002841
971 0.002761
972 0.003491
973 0.003315
974 0.002974
975 0.003365
976 0.004045
977 0.003622
978 0.002963
979 0.003131
980 0.003520
981 0.003175
982 0.003015
983 0.002714
984 0.003203
985 0.003098
986 0.003117
987 0.003149
988 0.003139
989 0.003470
990 0.003152
991 0.002639
992 0.002852
993 0.003166
994 0.003076
995 0.002822
996 0.003650
997 0.003165
998 0.003718
999 0.003452
