0 0.000000
1 0.000000
2 0.000000
3 0.000000
4 0.000000
5 0.000000
6 0.000000
7 0.000000
8 0.000000
9 0.000000
10 1.000000
11 1.351064
12 1.561731
13 1.944545
14 1.779073
15 1.793937
16 1.558599
17 1.241489
18 1.043457
19 0.972034
20 0.540258
21 0.102916
22 0.028345
23 0.015307
24 0.009289
25 0.007423
26 0.007308
27 0.006506
28 0.005567
29 0.005370
30 0.005218
31 0.005598
32 0.004910
33 0.003862
34 0.004067
35 0.004293
36 0.003960
37 0.003820
38 0.004145
39 0.004389
40 0.004086
41 0.003784
42 0.003871
43 0.004073
44 0.004363
45 0.003768
46 0.003735
47 0.003743
48 0.004002
49 0.003670
50 0.003409
51 0.003218
52 0.003193
53 0.003276
54 0.003350
55 0.003435
56 0.002996
57 0.003103
58 0.002932
59 0.002746
60 0.002994
61 0.003249
62 0.002869
63 0.002874
64 0.002853
65 0.002509
66 0.002408
67 0.003149
68 0.003253
69 0.003307
70 0.003119
71 0.003375
72 0.003088
73 0.003324
74 0.002672
75 0.002938
76 0.002975
77 0.003165
78 0.003027
79 0.002802
80 0.002836
81 0.002998
82 0.003015
83 0.002925
84 0.002704
85 0.002383
86 0.002872
87 0.002523
88 0.002594
89 0.002538
90 0.002968
91 0.002875
92 0.002603
93 0.002313
94 0.002574
95 0.002994
96 0.002966
97 0.002255
98 0.002394
99 0.002491
100 0.002409
101 0.002541
102 0.002689
103 0.002997
104 0.003094
105 0.002847
106 0.002816
107 0.002089
108 0.002391
109 0.002652
110 0.003065
111 0.003380
112 0.003090
113 0.002351
114 0.002547
115 0.002520
116 0.002750
117 0.002819
118 0.002836
119 0.002459
120 0.002484
121 0.002312
122 0.002362
123 0.002555
124 0.003043
125 0.003314
126 0.003056
127 0.003000
128 0.002320
129 0.002681
130 0.002434
131 0.002620
132 0.002888
133 0.002875
134 0.002581
135 0.002221
136 0.002458
137 0.002372
138 0.002492
139 0.002581
140 0.002586
141 0.002589
142 0.002264
143 0.002627
144 0.002519
145 0.002159
146 0.002686
147 0.002627
148 0.002744
149 0.002337
150 0.002328
151 0.002444
152 0.002186
153 0.002226
154 0.002142
155 0.002402
156 0.002243
157 0.002481
158 0.002903
159 0.003077
160 0.002831
161 0.003026
162 0.002973
163 0.002798
164 0.002595
165 0.002448
166 0.002439
167 0.002588
168 0.002736
169 0.003157
170 0.003014
171 0.002319
172 0.002172
173 0.002726
174 0.002855
175 0.002782
176 0.002285
177 0.002475
178 0.002502
179 0.002781
180 0.003057
181 0.003114
182 0.003037
183 0.002795
184 0.002840
185 0.002452
186 0.002719
187 0.002513
188 0.002523
189 0.002310
190 0.002737
191 0.002996
192 0.002805
193 0.002930
194 0.002765
195 0.002205
196 0.002424
197 0.002910
198 0.002544
199 0.002249
200 0.001974
201 0.002068
202 0.002474
203 0.002352
204 0.002369
205 0.002331
206 0.002418
207 0.002444
208 0.002726
209 0.002671
210 0.002408
211 0.002082
212 0.002398
213 0.002293
214 0.002937
215 0.002890
216 0.002891
217 0.002575
218 0.002504
219 0.002771
220 0.003099
221 0.003107
222 0.002635
223 0.002790
224 0.002521
225 0.002787
226 0.002499
227 0.002450
228 0.002450
229 0.002703
230 0.002621
231 0.002646
232 0.002408
233 0.002236
234 0.002248
235 0.002630
236 0.002288
237 0.002739
238 0.002371
239 0.002256
240 0.002130
241 0.002411
242 0.002416
243 0.002918
244 0.003028
245 0.002517
246 0.002265
247 0.002378
248 0.002606
249 0.002730
250 0.002563
251 0.002256
252 0.002157
253 0.002737
254 0.002369
255 0.002614
256 0.002476
257 0.002414
258 0.002541
259 0.002679
260 0.002443
261 0.002177
262 0.002106
263 0.002654
264 0.002734
265 0.002939
266 0.002868
267 0.002410
268 0.002463
269 0.002593
270 0.002382
271 0.002898
272 0.002449
273 0.002790
274 0.002347
275 0.002296
276 0.002076
277 0.002726
278 0.002511
279 0.002822
280 0.003033
281 0.002908
282 0.002720
283 0.002662
284 0.003121
285 0.002923
286 0.002518
287 0.002659
288 0.002771
289 0.002577
290 0.002491
291 0.002294
292 0.002219
293 0.002187
294 0.002137
295 0.002397
296 0.002433
297 0.002466
298 0.001983
299 0.002578
300 0.002409
301 0.002524
302 0.002632
303 0.002854
304 0.002550
305 0.002697
306 0.002629
307 0.002685
308 0.002846
309 0.002699
310 0.002849
311 0.002711
312 0.002908
313 0.002621
314 0.002930
315 0.002641
316 0.002691
317 0.002439
318 0.002653
319 0.002792
320 0.002496
321 0.002916
322 0.002995
323 0.002865
324 0.002811
325 0.002462
326 0.002661
327 0.002499
328 0.002573
329 0.002580
330 0.002577
331 0.002376
332 0.002202
333 0.002642
334 0.002494
335 0.002568
336 0.002860
337 0.002838
338 0.002466
339 0.002195
340 0.002258
341 0.002438
342 0.002275
343 0.002371
344 0.002357
345 0.002170
346 0.002310
347 0.002366
348 0.002607
349 0.002331
350 0.002284
351 0.002635
352 0.003006
353 0.003345
354 0.003136
355 0.002104
356 0.001989
357 0.001894
358 0.002133
359 0.002636
360 0.002284
361 0.002209
362 0.002530
363 0.003060
364 0.003055
365 0.002809
366 0.002667
367 0.002416
368 0.002730
369 0.002795
370 0.002885
371 0.002721
372 0.002209
373 0.002234
374 0.002059
375 0.002292
376 0.002331
377 0.002526
378 0.002701
379 0.002502
380 0.002712
381 0.003033
382 0.002439
383 0.002131
384 0.002251
385 0.002687
386 0.002465
387 0.002441
388 0.002850
389 0.002124
390 0.002191
391 0.002866
392 0.002794
393 0.002480
394 0.002804
395 0.002447
396 0.002628
397 0.002264
398 0.002693
399 0.003137
400 0.003007
401 0.002906
402 0.003081
403 0.002528
404 0.002090
405 0.001989
406 0.002539
407 0.002285
408 0.002394
409 0.002615
410 0.002923
411 0.002683
412 0.002643
413 0.002609
414 0.002757
415 0.002869
416 0.002367
417 0.002386
418 0.002555
419 0.002475
420 0.002360
421 0.002672
422 0.002770
423 0.002691
424 0.002422
425 0.002677
426 0.002652
427 0.002330
428 0.002260
429 0.002359
430 0.002713
431 0.002397
432 0.002384
433 0.002739
434 0.002812
435 0.003151
436 0.003036
437 0.003068
438 0.002841
439 0.002628
440 0.002612
441 0.002478
442 0.002728
443 0.002639
444 0.002729
445 0.002335
446 0.002486
447 0.002439
448 0.002378
449 0.002437
450 0.002348
451 0.002616
452 0.002527
453 0.002737
454 0.002493
455 0.002426
456 0.002640
457 0.002453
458 0.002455
459 0.003055
460 0.002722
461 0.002813
462 0.002606
463 0.002460
464 0.002215
465 0.002288
466 0.002322
467 0.002677
468 0.002581
469 0.002422
470 0.002602
471 0.002602
472 0.002413
473 0.002729
474 0.002910
475 0.002840
476 0.002772
477 0.002630
478 0.002285
479 0.002408
480 0.002213
481 0.002210
482 0.002564
483 0.002556
484 0.002526
485 0.002271
486 0.002709
487 0.002758
488 0.002763
489 0.002523
490 0.002540
491 0.002981
492 0.002693
493 0.002287
494 0.002668
495 0.002666
496 0.002374
497 0.002496
498 0.002519
499 0.002770
