0 0.000000
1 0.000000
2 0.000000
3 0.000000
4 0.000000
5 0.000000
6 0.000000
7 0.000000
8 0.000000
9 0.000000
10 1.000000
11 1.168190
12 1.279164
13 1.099365
14 1.078272
15 1.017331
16 0.845559
17 0.671253
18 0.522080
19 0.335524
20 0.228393
21 0.023749
22 0.008350
23 0.004733
24 0.003477
25 0.003583
26 0.002745
27 0.002287
28 0.002262
29 0.001963
30 0.002223
31 0.001790
32 0.001812
33 0.001581
34 0.001558
35 0.001617
36 0.001565
37 0.001522
38 0.001388
39 0.001267
40 0.001457
41 0.001460
42 0.001083
43 0.001029
44 0.001158
45 0.001121
46 0.001108
47 0.001188
48 0.001316
49 0.001300
50 0.001176
51 0.001176
52 0.001248
53 0.000952
54 0.001250
55 0.001055
56 0.000917
57 0.001083
58 0.001144
59 0.001102
60 0.000969
61 0.000987
62 0.001172
63 0.001304
64 0.001089
65 0.001003
66 0.000894
67 0.000898
68 0.001132
69 0.001097
70 0.000972
71 0.000904
72 0.001142
73 0.001084
74 0.001033
75 0.000970
76 0.001024
77 0.001293
78 0.001138
79 0.001066
80 0.001036
81 0.001039
82 0.001132
83 0.001105
84 0.001152
85 0.001011
86 0.000961
87 0.001177
88 0.001131
89 0.001014
90 0.001072
91 0.000965
92 0.000928
93 0.001033
94 0.001042
95 0.000868
96 0.001063
97 0.001099
98 0.001076
99 0.001072
100 0.001053
101 0.001063
102 0.001235
103 0.001169
104 0.000986
105 0.001000
106 0.000946
107 0.000958
108 0.001185
109 0.001002
110 0.001121
111 0.001047
112 0.001060
113 0.000948
114 0.001103
115 0.001021
116 0.001006
117 0.001085
118 0.000978
119 0.001103
120 0.001053
121 0.000902
122 0.000945
123 0.001030
124 0.001072
125 0.000857
126 0.000982
127 0.000839
128 0.000959
129 0.001008
130 0.001023
131 0.001037
132 0.000987
133 0.001015
134 0.000994
135 0.001090
136 0.001060
137 0.001195
138 0.001211
139 0.000969
140 0.000845
141 0.000965
142 0.001016
143 0.001002
144 0.001025
145 0.001175
146 0.001183
147 0.001129
148 0.000852
149 0.000865
150 0.000888
151 0.000924
152 0.000997
153 0.001112
154 0.000941
155 0.000787
156 0.000789
157 0.000866
158 0.000907
159 0.000957
160 0.000929
161 0.001058
162 0.000876
163 0.001066
164 0.001145
165 0.001341
166 0.001007
167 0.000935
168 0.000987
169 0.000847
170 0.000980
171 0.000888
172 0.000927
173 0.001022
174 0.000972
175 0.000925
176 0.000906
177 0.000889
178 0.000993
179 0.001111
180 0.001032
181 0.000936
182 0.000912
183 0.001170
184 0.001131
185 0.001129
186 0.000927
187 0.000754
188 0.000969
189 0.000955
190 0.000928
191 0.001046
192 0.000972
193 0.000818
194 0.000950
195 0.000884
196 0.000886
197 0.000871
198 0.001034
199 0.001025
200 0.000871
201 0.000880
202 0.000949
203 0.000954
204 0.000953
205 0.001071
206 0.001006
207 0.000897
208 0.000913
209 0.000858
210 0.001119
211 0.001082
212 0.000947
213 0.000849
214 0.000850
215 0.000879
216 0.000946
217 0.000943
218 0.001032
219 0.000846
220 0.000940
221 0.001020
222 0.000822
223 0.000950
224 0.000976
225 0.000882
226 0.000844
227 0.001016
228 0.001122
229 0.000894
230 0.000890
231 0.000820
232 0.000958
233 0.000943
234 0.000804
235 0.000882
236 0.000843
237 0.000931
238 0.000892
239 0.000893
240 0.000899
241 0.000896
242 0.000948
243 0.000995
244 0.000996
245 0.000908
246 0.000876
247 0.000885
248 0.000819
249 0.000846
250 0.001059
251 0.001017
252 0.000943
253 0.000906
254 0.000904
255 0.000920
256 0.000907
257 0.000927
258 0.000891
259 0.000843
260 0.000894
261 0.000820
262 0.000841
263 0.000914
264 0.000807
265 0.000994
266 0.001026
267 0.000906
268 0.000913
269 0.000803
270 0.000916
271 0.000986
272 0.000805
273 0.000942
274 0.000967
275 0.001047
276 0.001054
277 0.001027
278 0.000982
279 0.000925
280 0.001006
281 0.000968
282 0.000982
283 0.000945
284 0.000813
285 0.000787
286 0.000768
287 0.000749
288 0.000810
289 0.001046
290 0.001025
291 0.000770
292 0.000919
293 0.000863
294 0.000810
295 0.001014
296 0.000947
297 0.000956
298 0.001022
299 0.000999
300 0.000871
301 0.000827
302 0.001023
303 0.000851
304 0.000826
305 0.000823
306 0.000931
307 0.000846
308 0.000897
309 0.000827
310 0.000827
311 0.000785
312 0.000837
313 0.000860
314 0.000939
315 0.000989
316 0.000926
317 0.001106
318 0.000905
319 0.000859
320 0.000892
321 0.001026
322 0.000876
323 0.000884
324 0.000988
325 0.000806
326 0.000934
327 0.000845
328 0.000973
329 0.000968
330 0.000878
331 0.000879
332 0.000817
333 0.000905
334 0.000894
335 0.000759
336 0.001107
337 0.001015
338 0.000990
339 0.000893
340 0.000934
341 0.001074
342 0.000920
343 0.000813
344 0.000861
345 0.000872
346 0.000778
347 0.000742
348 0.000821
349 0.000799
350 0.001067
351 0.000856
352 0.000986
353 0.000945
354 0.000849
355 0.001032
356 0.000861
357 0.000800
358 0.000844
359 0.000993
360 0.000855
361 0.000845
362 0.000931
363 0.000895
364 0.000729
365 0.000731
366 0.000774
367 0.000749
368 0.000702
369 0.000976
370 0.000935
371 0.001001
372 0.000750
373 0.000929
374 0.000965
375 0.000799
376 0.000747
377 0.000880
378 0.000803
379 0.000934
380 0.000877
381 0.000879
382 0.000966
383 0.001028
384 0.001014
385 0.001056
386 0.000950
387 0.000727
388 0.000880
389 0.000851
390 0.000950
391 0.001020
392 0.000991
393 0.000826
394 0.001048
395 0.000929
396 0.001033
397 0.001036
398 0.000954
399 0.000952
400 0.000812
401 0.000973
402 0.000949
403 0.001018
404 0.000979
405 0.000930
406 0.000934
407 0.000758
408 0.000784
409 0.000924
410 0.000783
411 0.000981
412 0.000790
413 0.000767
414 0.000935
415 0.000916
416 0.000916
417 0.000992
418 0.000963
419 0.000928
420 0.001129
421 0.000976
422 0.000956
423 0.001108
424 0.001130
425 0.000869
426 0.000887
427 0.001036
428 0.000897
429 0.000914
430 0.001066
431 0.000953
432 0.000782
433 0.000871
434 0.001034
435 0.001074
436 0.000865
437 0.000909
438 0.000985
439 0.000976
440 0.000926
441 0.000803
442 0.000995
443 0.001036
444 0.000799
445 0.000736
446 0.000790
447 0.000857
448 0.000835
449 0.000914
450 0.000835
451 0.000810
452 0.000857
453 0.000916
454 0.000871
455 0.000953
456 0.000741
457 0.000816
458 0.000770
459 0.001087
460 0.000881
461 0.000860
462 0.000957
463 0.000945
464 0.000899
465 0.000933
466 0.000875
467 0.000733
468 0.000830
469 0.000826
470 0.000685
471 0.000746
472 0.000866
473 0.000794
474 0.000856
475 0.000960
476 0.000831
477 0.000737
478 0.000828
479 0.001045
480 0.001010
481 0.000975
482 0.001079
483 0.000909
484 0.000947
485 0.000897
486 0.000939
487 0.001063
488 0.000893
489 0.000798
490 0.000959
491 0.000916
492 0.001050
493 0.000937
494 0.001075
495 0.000959
496 0.000890
497 0.000918
498 0.000962
499 0.000890
