0 0.000000
1 0.000000
2 0.000000
3 0.000000
4 0.000000
5 0.000000
6 0.000000
7 0.000000
8 0.000000
9 0.000000
10 1.000000
11 1.073765
12 1.100030
13 1.025954
14 0.950635
15 0.688475
16 0.643534
17 0.512682
18 0.468134
19 0.328528
20 0.210906
21 0.021316
22 0.005460
23 0.003808
24 0.002177
25 0.001899
26 0.002029
27 0.001739
28 0.001713
29 0.001459
30 0.001506
31 0.001247
32 0.001249
33 0.001122
34 0.001094
35 0.001015
36 0.001123
37 0.001262
38 0.000977
39 0.001230
40 0.001058
41 0.000950
42 0.000995
43 0.000935
44 0.000963
45 0.000973
46 0.001009
47 0.000946
48 0.001044
49 0.000939
50 0.000989
51 0.000971
52 0.000958
53 0.000992
54 0.000922
55 0.001026
56 0.000921
57 0.000812
58 0.000840
59 0.000845
60 0.000883
61 0.000979
62 0.000715
63 0.000926
64 0.000850
65 0.000912
66 0.000886
67 0.000766
68 0.000727
69 0.000768
70 0.000812
71 0.000882
72 0.000797
73 0.000829
74 0.000928
75 0.000866
76 0.000851
77 0.000915
78 0.000792
79 0.000826
80 0.000749
81 0.000848
82 0.000826
83 0.000901
84 0.000870
85 0.000863
86 0.000900
87 0.000718
88 0.000753
89 0.000650
90 0.000714
91 0.000800
92 0.000872
93 0.000799
94 0.000675
95 0.000734
96 0.000736
97 0.000799
98 0.000811
99 0.000849
100 0.000750
101 0.000664
102 0.000750
103 0.000787
104 0.000851
105 0.000871
106 0.000746
107 0.000675
108 0.000837
109 0.000686
110 0.000799
111 0.000723
112 0.000764
113 0.000603
114 0.000741
115 0.000874
116 0.000803
117 0.000769
118 0.000604
119 0.000847
120 0.000746
121 0.000797
122 0.000757
123 0.000647
124 0.000828
125 0.000773
126 0.000765
127 0.000787
128 0.000917
129 0.000756
130 0.000771
131 0.000731
132 0.000763
133 0.000804
134 0.000664
135 0.000669
136 0.000743
137 0.000763
138 0.000799
139 0.000841
140 0.000854
141 0.000725
142 0.000682
143 0.000792
144 0.000796
145 0.000872
146 0.000692
147 0.000668
148 0.000817
149 0.000624
150 0.000748
151 0.000726
152 0.000807
153 0.000790
154 0.000765
155 0.000729
156 0.000807
157 0.000856
158 0.000757
159 0.000757
160 0.000761
161 0.000751
162 0.000805
163 0.000757
164 0.000845
165 0.000853
166 0.000887
167 0.000802
168 0.000712
169 0.000819
170 0.000737
171 0.000632
172 0.000753
173 0.000825
174 0.000788
175 0.000801
176 0.000795
177 0.000809
178 0.000820
179 0.000866
180 0.000800
181 0.000822
182 0.000735
183 0.000778
184 0.000707
185 0.000715
186 0.000811
187 0.000685
188 0.000663
189 0.000748
190 0.000642
191 0.000772
192 0.000718
193 0.000616
194 0.000817
195 0.000627
196 0.000779
197 0.000679
198 0.000762
199 0.000779
200 0.000863
201 0.000743
202 0.000675
203 0.000759
204 0.000786
205 0.000710
206 0.000731
207 0.000717
208 0.000728
209 0.000773
210 0.000729
211 0.000701
212 0.000618
213 0.000650
214 0.000835
215 0.000800
216 0.000641
217 0.000824
218 0.000783
219 0.000785
220 0.000703
221 0.000772
222 0.000727
223 0.000757
224 0.000608
225 0.000766
226 0.000725
227 0.000741
228 0.000726
229 0.000590
230 0.000550
231 0.000767
232 0.000817
233 0.000794
234 0.000800
235 0.000830
236 0.000723
237 0.000730
238 0.000835
239 0.000733
240 0.000682
241 0.000635
242 0.000719
243 0.000716
244 0.000762
245 0.000521
246 0.000899
247 0.000706
248 0.000656
249 0.000705
250 0.000787
251 0.000609
252 0.000632
253 0.000627
254 0.000781
255 0.000773
256 0.000724
257 0.000678
258 0.000739
259 0.000682
260 0.000670
261 0.000691
262 0.000793
263 0.000667
264 0.000678
265 0.000738
266 0.000795
267 0.000766
268 0.000820
269 0.000817
270 0.000653
271 0.000643
272 0.000802
273 0.000623
274 0.000747
275 0.000610
276 0.000769
277 0.000829
278 0.000613
279 0.000683
280 0.000708
281 0.000756
282 0.000675
283 0.000677
284 0.000690
285 0.000716
286 0.000693
287 0.000700
288 0.000820
289 0.000907
290 0.000715
291 0.000667
292 0.000679
293 0.000685
294 0.000619
295 0.000616
296 0.000654
297 0.000633
298 0.000632
299 0.000707
300 0.000751
301 0.000703
302 0.000754
303 0.000724
304 0.000646
305 0.000647
306 0.000719
307 0.000680
308 0.000541
309 0.000642
310 0.000695
311 0.000628
312 0.000648
313 0.000730
314 0.000769
315 0.000760
316 0.000736
317 0.000657
318 0.000714
319 0.000740
320 0.000657
321 0.000635
322 0.000833
323 0.000721
324 0.000822
325 0.000872
326 0.000736
327 0.000778
328 0.000718
329 0.000712
330 0.000778
331 0.000788
332 0.000664
333 0.000749
334 0.000865
335 0.000873
336 0.000777
337 0.000776
338 0.000711
339 0.000599
340 0.000780
341 0.000832
342 0.000732
343 0.000779
344 0.000626
345 0.000788
346 0.000605
347 0.000698
348 0.000836
349 0.000862
350 0.000689
351 0.000645
352 0.000716
353 0.000710
354 0.000634
355 0.000735
356 0.000786
357 0.000684
358 0.000642
359 0.000716
360 0.000546
361 0.000742
362 0.000759
363 0.000702
364 0.000713
365 0.000710
366 0.000779
367 0.000773
368 0.000737
369 0.000776
370 0.000746
371 0.000778
372 0.000644
373 0.000671
374 0.000674
375 0.000566
376 0.000647
377 0.000759
378 0.000691
379 0.000696
380 0.000738
381 0.000720
382 0.000742
383 0.000596
384 0.000654
385 0.000594
386 0.000681
387 0.000704
388 0.000694
389 0.000730
390 0.000780
391 0.000666
392 0.000725
393 0.000825
394 0.000752
395 0.000625
396 0.000641
397 0.000647
398 0.000748
399 0.000734
400 0.000670
401 0.000788
402 0.000668
403 0.000683
404 0.000603
405 0.000673
406 0.000581
407 0.000617
408 0.000702
409 0.000713
410 0.000760
411 0.000614
412 0.000721
413 0.000807
414 0.000761
415 0.000754
416 0.000740
417 0.000706
418 0.000685
419 0.000685
420 0.000678
421 0.000718
422 0.000678
423 0.000716
424 0.000759
425 0.000761
426 0.000827
427 0.000657
428 0.000704
429 0.000697
430 0.000669
431 0.000677
432 0.000722
433 0.000634
434 0.000644
435 0.000676
436 0.000719
437 0.000664
438 0.000719
439 0.000730
440 0.000780
441 0.000700
442 0.000838
443 0.000792
444 0.000713
445 0.000771
446 0.000724
447 0.000693
448 0.000640
449 0.000562
450 0.000690
451 0.000755
452 0.000853
453 0.000690
454 0.000794
455 0.000679
456 0.000797
457 0.000820
458 0.000620
459 0.000729
460 0.000721
461 0.000608
462 0.000693
463 0.000611
464 0.000820
465 0.000761
466 0.000680
467 0.000701
468 0.000762
469 0.000685
470 0.000598
471 0.000705
472 0.000687
473 0.000743
474 0.000739
475 0.000760
476 0.000763
477 0.000679
478 0.000610
479 0.000661
480 0.000627
481 0.000655
482 0.000725
483 0.000702
484 0.000694
485 0.000830
486 0.000625
487 0.000712
488 0.000664
489 0.000759
490 0.000646
491 0.000652
492 0.000726
493 0.000717
494 0.000683
495 0.000728
496 0.000691
497 0.000612
498 0.000638
499 0.000668
