0 0.000000
1 0.000000
2 0.000000
3 0.000000
4 0.000000
5 0.000000
6 0.000000
7 0.000000
8 0.000000
9 0.000000
10 1.000000
11 1.203305
12 1.360174
13 1.464633
14 1.195438
15 1.177918
16 1.029228
17 0.894581
18 0.656452
19 0.638591
20 0.338891
21 0.056138
22 0.012676
23 0.007345
24 0.004864
25 0.003700
26 0.003755
27 0.003062
28 0.003684
29 0.003156
30 0.002676
31 0.002346
32 0.002010
33 0.002213
34 0.001984
35 0.002015
36 0.002279
37 0.002276
38 0.002624
39 0.002245
40 0.002425
41 0.002187
42 0.002056
43 0.002190
44 0.002439
45 0.001901
46 0.001853
47 0.002189
48 0.001683
49 0.001638
50 0.001803
51 0.001940
52 0.002014
53 0.001976
54 0.001754
55 0.001423
56 0.001609
57 0.001771
58 0.001709
59 0.001986
60 0.001694
61 0.001578
62 0.001598
63 0.001810
64 0.002018
65 0.001601
66 0.001670
67 0.001484
68 0.001645
69 0.001666
70 0.001834
71 0.001577
72 0.001454
73 0.001367
74 0.001585
75 0.001530
76 0.001497
77 0.001696
78 0.001696
79 0.001669
80 0.001605
81 0.001511
82 0.001457
83 0.001296
84 0.001369
85 0.001712
86 0.001504
87 0.001652
88 0.001495
89 0.001633
90 0.001552
91 0.001525
92 0.001700
93 0.001728
94 0.001647
95 0.001464
96 0.001529
97 0.001553
98 0.001407
99 0.001546
100 0.001254
101 0.001183
102 0.001377
103 0.001547
104 0.001519
105 0.001562
106 0.001381
107 0.001376
108 0.001393
109 0.001344
110 0.001762
111 0.001608
112 0.001504
113 0.001403
114 0.001338
115 0.001643
116 0.001467
117 0.001521
118 0.001512
119 0.001569
120 0.001355
121 0.001688
122 0.001598
123 0.001541
124 0.001666
125 0.001487
126 0.001370
127 0.001357
128 0.001402
129 0.001441
130 0.001466
131 0.001853
132 0.001548
133 0.001176
134 0.001179
135 0.001360
136 0.001409
137 0.001369
138 0.001456
139 0.001386
140 0.001249
141 0.001403
142 0.001277
143 0.001278
144 0.001366
145 0.001460
146 0.001332
147 0.001518
148 0.001630
149 0.001359
150 0.001347
151 0.001413
152 0.001384
153 0.001385
154 0.001143
155 0.001202
156 0.001405
157 0.001329
158 0.001293
159 0.001285
160 0.001356
161 0.001447
162 0.001314
163 0.001240
164 0.001401
165 0.001313
166 0.001321
167 0.001334
168 0.001371
169 0.001327
170 0.001328
171 0.001473
172 0.001567
173 0.001365
174 0.001252
175 0.001285
176 0.001386
177 0.001405
178 0.001467
179 0.001316
180 0.001247
181 0.001041
182 0.001408
183 0.001467
184 0.001422
185 0.001575
186 0.001505
187 0.001490
188 0.001075
189 0.001164
190 0.001664
191 0.001521
192 0.001314
193 0.001411
194 0.001298
195 0.001292
196 0.001493
197 0.001600
198 0.001607
199 0.001407
200 0.001265
201 0.001222
202 0.001341
203 0.001420
204 0.001256
205 0.001222
206 0.001201
207 0.001357
208 0.001403
209 0.001484
210 0.001340
211 0.001597
212 0.001585
213 0.001375
214 0.001336
215 0.001418
216 0.001306
217 0.001355
218 0.001170
219 0.001246
220 0.001256
221 0.001389
222 0.001530
223 0.001440
224 0.001257
225 0.001465
226 0.001343
227 0.001349
228 0.001439
229 0.001403
230 0.001403
231 0.001437
232 0.001494
233 0.001562
234 0.001371
235 0.001371
236 0.001257
237 0.001215
238 0.001358
239 0.001478
240 0.001429
241 0.001203
242 0.001506
243 0.001426
244 0.001284
245 0.001207
246 0.001540
247 0.001461
248 0.001463
249 0.001409
250 0.001396
251 0.001330
252 0.001401
253 0.001343
254 0.001322
255 0.001338
256 0.001517
257 0.001476
258 0.001604
259 0.001018
260 0.001168
261 0.001335
262 0.001391
263 0.001220
264 0.001139
265 0.001295
266 0.001393
267 0.001352
268 0.001320
269 0.001093
270 0.001239
271 0.001176
272 0.001284
273 0.001395
274 0.001482
275 0.001361
276 0.001419
277 0.001416
278 0.001634
279 0.001201
280 0.001180
281 0.001254
282 0.001334
283 0.001488
284 0.001380
285 0.001377
286 0.001338
287 0.001279
288 0.001335
289 0.001172
290 0.001381
291 0.001510
292 0.001522
293 0.001440
294 0.001421
295 0.001297
296 0.001452
297 0.001390
298 0.001652
299 0.001329
300 0.001200
301 0.001459
302 0.001587
303 0.001706
304 0.001461
305 0.001414
306 0.001596
307 0.001467
308 0.001537
309 0.001586
310 0.001426
311 0.001396
312 0.001402
313 0.001389
314 0.001503
315 0.001715
316 0.001378
317 0.001401
318 0.001326
319 0.001344
320 0.001283
321 0.001214
322 0.001467
323 0.001527
324 0.001228
325 0.001401
326 0.001543
327 0.001524
328 0.001413
329 0.001387
330 0.001181
331 0.001135
332 0.001183
333 0.001333
334 0.001308
335 0.001154
336 0.001306
337 0.001389
338 0.001269
339 0.001217
340 0.001220
341 0.001470
342 0.001250
343 0.001312
344 0.001116
345 0.001215
346 0.001181
347 0.001306
348 0.001196
349 0.001142
350 0.001243
351 0.001459
352 0.001488
353 0.001301
354 0.001247
355 0.001344
356 0.001277
357 0.001496
358 0.001438
359 0.001461
360 0.001361
361 0.001241
362 0.001389
363 0.001341
364 0.001316
365 0.001236
366 0.001351
367 0.001681
368 0.001413
369 0.001398
370 0.001348
371 0.001336
372 0.001267
373 0.001439
374 0.001252
375 0.001299
376 0.001196
377 0.001148
378 0.001123
379 0.001028
380 0.001287
381 0.001361
382 0.001490
383 0.001446
384 0.001420
385 0.001231
386 0.001361
387 0.001389
388 0.001400
389 0.001439
390 0.001565
391 0.001397
392 0.001267
393 0.001327
394 0.001435
395 0.001257
396 0.001152
397 0.001289
398 0.001303
399 0.001288
400 0.001330
401 0.001482
402 0.001665
403 0.001512
404 0.001547
405 0.001355
406 0.001281
407 0.001330
408 0.001141
409 0.001189
410 0.001223
411 0.001330
412 0.001414
413 0.001433
414 0.001402
415 0.001203
416 0.001335
417 0.001282
418 0.001369
419 0.001437
420 0.001478
421 0.001199
422 0.001313
423 0.001293
424 0.001264
425 0.001101
426 0.001482
427 0.001527
428 0.001309
429 0.001149
430 0.001207
431 0.001115
432 0.001135
433 0.001279
434 0.001331
435 0.001542
436 0.001581
437 0.001423
438 0.001409
439 0.001588
440 0.001467
441 0.001257
442 0.001221
443 0.001358
444 0.001259
445 0.001343
446 0.001354
447 0.001266
448 0.001169
449 0.001207
450 0.001284
451 0.001449
452 0.001481
453 0.001240
454 0.001322
455 0.001292
456 0.001365
457 0.001480
458 0.001664
459 0.001413
460 0.001296
461 0.001317
462 0.001218
463 0.001336
464 0.001359
465 0.001137
466 0.001378
467 0.001457
468 0.001461
469 0.001314
470 0.001209
471 0.001325
472 0.001079
473 0.001366
474 0.001379
475 0.001334
476 0.001310
477 0.001399
478 0.001526
479 0.001482
480 0.001354
481 0.001437
482 0.001417
483 0.001085
484 0.001134
485 0.001278
486 0.001289
487 0.001320
488 0.001172
489 0.001268
490 0.001321
491 0.001164
492 0.001119
493 0.001022
494 0.001250
495 0.001294
496 0.001127
497 0.001235
498 0.001179
499 0.001226
