0 0.000000
1 0.000000
2 0.000000
3 0.000000
4 0.000000
5 1.000000
6 0.991598
7 1.050430
8 1.189428
9 0.995602
10 0.796157
11 0.725551
12 0.632770
13 0.485726
14 0.495007
15 0.539061
16 0.402036
17 0.193081
18 0.239448
19 0.107653
20 0.098611
21 0.068597
22 0.071635
23 0.074972
24 0.055223
25 0.053731
26 0.048664
27 0.044832
28 0.044630
29 0.039599
30 0.035314
31 0.036127
32 0.026435
33 0.042942
34 0.037084
35 0.045050
36 0.032474
37 0.027091
38 0.029737
39 0.023013
40 0.035975
41 0.029611
42 0.028740
43 0.030456
44 0.018344
45 0.025375
46 0.033338
47 0.024578
48 0.031692
49 0.039809
50 0.036723
51 0.034058
52 0.033605
53 0.022936
54 0.020405
55 0.018639
56 0.026270
57 0.025382
58 0.029219
59 0.021925
60 0.019719
61 0.021367
62 0.024511
63 0.021518
64 0.020914
65 0.021302
66 0.024696
67 0.029449
68 0.027107
69 0.020398
70 0.027050
71 0.019627
72 0.021178
73 0.022799
74 0.019980
75 0.015434
76 0.017730
77 0.023111
78 0.019100
79 0.017233
80 0.024105
81 0.018057
82 0.021794
83 0.016625
84 0.021007
85 0.021892
86 0.023581
87 0.023625
88 0.014830
89 0.023979
90 0.025229
91 0.018866
92 0.023243
93 0.031312
94 0.023333
95 0.020750
96 0.018300
97 0.016610
98 0.025873
99 0.023713
100 0.025020
101 0.023323
102 0.020192
103 0.020887
104 0.016628
105 0.015524
106 0.024182
107 0.020879
108 0.015335
109 0.021020
110 0.029560
111 0.032086
112 0.021642
113 0.028697
114 0.019887
115 0.026777
116 0.022413
117 0.021643
118 0.021260
119 0.018493
120 0.020288
121 0.015997
122 0.012855
123 0.016369
124 0.015450
125 0.019573
126 0.020473
127 0.030101
128 0.024276
129 0.028519
130 0.028220
131 0.024911
132 0.028406
133 0.025259
134 0.023755
135 0.024982
136 0.026519
137 0.028864
138 0.034950
139 0.031097
140 0.026762
141 0.016880
142 0.015735
143 0.015176
144 0.019415
145 0.016509
146 0.014754
147 0.017855
148 0.025063
149 0.014528
150 0.018242
151 0.023205
152 0.022481
153 0.019786
154 0.017268
155 0.017500
156 0.016968
157 0.021553
158 0.014371
159 0.019273
160 0.021114
161 0.019960
162 0.017609
163 0.019139
164 0.027485
165 0.026558
166 0.020109
167 0.018501
168 0.020230
169 0.016317
170 0.021031
171 0.022308
172 0.018991
173 0.028937
174 0.024746
175 0.022674
176 0.020258
177 0.019133
178 0.021899
179 0.022136
180 0.021931
181 0.031730
182 0.019127
183 0.017786
184 0.018293
185 0.022698
186 0.017270
187 0.023238
188 0.022557
189 0.018712
190 0.018330
191 0.016120
192 0.023419
193 0.019769
194 0.024090
195 0.014688
196 0.022551
197 0.022608
198 0.021566
199 0.025154
200 0.022851
201 0.019587
202 0.017505
203 0.020099
204 0.015500
205 0.027437
206 0.024015
207 0.011142
208 0.023364
209 0.020157
210 0.015749
211 0.020605
212 0.019277
213 0.027079
214 0.016654
215 0.019294
216 0.019190
217 0.026377
218 0.027127
219 0.021492
220 0.014942
221 0.021656
222 0.018594
223 0.017739
224 0.015681
225 0.023858
226 0.020548
227 0.017896
228 0.018572
229 0.018923
230 0.020862
231 0.013538
232 0.013075
233 0.018916
234 0.017711
235 0.019175
236 0.025051
237 0.018125
238 0.023031
239 0.016913
240 0.016949
241 0.016808
242 0.019635
243 0.016361
244 0.015527
245 0.014967
246 0.017665
247 0.017016
248 0.024038
249 0.018745
250 0.024164
251 0.019456
252 0.017621
253 0.014560
254 0.018552
255 0.022190
256 0.018302
257 0.015013
258 0.019223
259 0.015864
260 0.018220
261 0.021796
262 0.025908
263 0.028536
264 0.020776
265 0.015337
266 0.015302
267 0.019729
268 0.016785
269 0.018805
270 0.019794
271 0.020077
272 0.017553
273 0.017990
274 0.018194
275 0.019730
276 0.018610
277 0.026748
278 0.021662
279 0.029973
280 0.025339
281 0.023532
282 0.018711
283 0.021073
284 0.027708
285 0.030555
286 0.021328
287 0.024005
288 0.023327
289 0.024399
290 0.020211
291 0.023264
292 0.021924
293 0.017086
294 0.015398
295 0.022309
296 0.021018
297 0.019362
298 0.018834
299 0.015510
300 0.017994
301 0.021065
302 0.019222
303 0.023549
304 0.021229
305 0.021888
306 0.018346
307 0.016431
308 0.017010
309 0.015771
310 0.021330
311 0.017745
312 0.019909
313 0.025135
314 0.021002
315 0.015310
316 0.020504
317 0.020873
318 0.016995
319 0.021465
320 0.027006
321 0.021231
322 0.019727
323 0.019411
324 0.017758
325 0.017651
326 0.020486
327 0.024472
328 0.021589
329 0.025737
330 0.020950
331 0.018774
332 0.014487
333 0.021266
334 0.018841
335 0.018981
336 0.020029
337 0.023208
338 0.023840
339 0.028733
340 0.027490
341 0.027713
342 0.020787
343 0.017667
344 0.017795
345 0.014621
346 0.020411
347 0.022567
348 0.019337
349 0.015142
350 0.019173
351 0.019676
352 0.021989
353 0.020613
354 0.016762
355 0.014314
356 0.016166
357 0.023976
358 0.021730
359 0.026754
360 0.023150
361 0.021471
362 0.019744
363 0.021320
364 0.017851
365 0.015608
366 0.018102
367 0.018033
368 0.019103
369 0.022057
370 0.027362
371 0.017405
372 0.015704
373 0.021626
374 0.024696
375 0.020808
376 0.022521
377 0.023476
378 0.021719
379 0.020551
380 0.016842
381 0.019126
382 0.020610
383 0.022128
384 0.018277
385 0.022042
386 0.023409
387 0.020263
388 0.021962
389 0.026968
390 0.022673
391 0.023304
392 0.021213
393 0.019892
394 0.016712
395 0.018197
396 0.016581
397 0.017916
398 0.022533
399 0.017062
400 0.018144
401 0.015496
402 0.017446
403 0.018771
404 0.021966
405 0.022862
406 0.021231
407 0.021039
408 0.019153
409 0.020881
410 0.018229
411 0.019470
412 0.023060
413 0.021343
414 0.018687
415 0.024520
416 0.019110
417 0.020747
418 0.021141
419 0.017907
420 0.019492
421 0.018586
422 0.016672
423 0.019909
424 0.015540
425 0.016464
426 0.024180
427 0.024729
428 0.020577
429 0.014874
430 0.020215
431 0.021547
432 0.021905
433 0.018860
434 0.017881
435 0.016399
436 0.017507
437 0.016965
438 0.012415
439 0.015003
440 0.019679
441 0.019363
442 0.025319
443 0.022552
444 0.022925
445 0.023986
446 0.021412
447 0.017410
448 0.015530
449 0.023820
450 0.021537
451 0.026370
452 0.024352
453 0.017681
454 0.020087
455 0.015535
456 0.017044
457 0.021906
458 0.029886
459 0.026635
460 0.025081
461 0.022983
462 0.019212
463 0.018965
464 0.018267
465 0.022258
466 0.020506
467 0.022061
468 0.022670
469 0.023848
470 0.018667
471 0.022224
472 0.019593
473 0.019636
474 0.019124
475 0.019500
476 0.020489
477 0.021694
478 0.022589
479 0.017125
480 0.020809
481 0.022578
482 0.018686
483 0.020776
484 0.019987
485 0.021749
486 0.017940
487 0.024778
488 0.021471
489 0.024798
490 0.027698
491 0.021358
492 0.026797
493 0.022139
494 0.021090
495 0.022838
496 0.021478
497 0.020075
498 0.023316
499 0.021701
500 0.032493
501 0.034692
502 0.026731
503 0.022467
504 0.017671
505 0.015367
506 0.019481
507 0.029193
508 0.029790
509 0.022642
510 0.022561
511 0.024371
512 0.022445
513 0.017643
514 0.020698
515 0.026649
516 0.019016
517 0.021248
518 0.026148
519 0.023834
520 0.021788
521 0.022502
522 0.018708
523 0.016529
524 0.016639
525 0.018164
526 0.015391
527 0.020024
528 0.021382
529 0.016130
530 0.018560
531 0.016986
532 0.021339
533 0.017609
534 0.016088
535 0.019569
536 0.022034
537 0.017588
538 0.022069
539 0.031248
540 0.023028
541 0.023259
542 0.021574
543 0.021477
544 0.020385
545 0.020478
546 0.017615
547 0.027272
548 0.021562
549 0.020656
550 0.020032
551 0.025359
552 0.018300
553 0.021504
554 0.017075
555 0.019339
556 0.019912
557 0.020611
558 0.018379
559 0.018445
560 0.016331
561 0.022327
562 0.019032
563 0.021350
564 0.023431
565 0.020871
566 0.016109
567 0.027804
568 0.029022
569 0.025581
570 0.023120
571 0.013751
572 0.019709
573 0.025002
574 0.018548
575 0.018455
576 0.020325
577 0.019499
578 0.015486
579 0.017793
580 0.020052
581 0.021810
582 0.019522
583 0.021426
584 0.023630
585 0.022640
586 0.020628
587 0.020605
588 0.019439
589 0.025671
590 0.023582
591 0.022501
592 0.015557
593 0.021729
594 0.015404
595 0.018420
596 0.016694
597 0.013950
598 0.016799
599 0.019216
600 0.021466
601 0.018677
602 0.019424
603 0.022220
604 0.023563
605 0.022820
606 0.021472
607 0.018033
608 0.015775
609 0.013630
610 0.021701
611 0.018777
612 0.016339
613 0.017236
614 0.018223
615 0.019264
616 0.015025
617 0.020920
618 0.020576
619 0.015626
620 0.012400
621 0.015523
622 0.014025
623 0.014820
624 0.016887
625 0.018418
626 0.016729
627 0.014796
628 0.020278
629 0.024963
630 0.022640
631 0.021648
632 0.025368
633 0.018148
634 0.016789
635 0.022684
636 0.019709
637 0.016489
638 0.021663
639 0.025785
640 0.022269
641 0.026338
642 0.027608
643 0.017966
644 0.018778
645 0.021241
646 0.027009
647 0.024729
648 0.016690
649 0.017458
650 0.017390
651 0.019473
652 0.015127
653 0.019412
654 0.017431
655 0.016161
656 0.019508
657 0.014967
658 0.019865
659 0.019814
660 0.014116
661 0.014665
662 0.015490
663 0.025713
664 0.023428
665 0.018955
666 0.021211
667 0.019048
668 0.024489
669 0.022135
670 0.018171
671 0.029098
672 0.029616
673 0.019843
674 0.018011
675 0.020000
676 0.022969
677 0.020523
678 0.018827
679 0.024518
680 0.030817
681 0.020820
682 0.020481
683 0.018643
684 0.015742
685 0.021401
686 0.027559
687 0.025246
688 0.032583
689 0.025512
690 0.022330
691 0.018336
692 0.023890
693 0.016985
694 0.021718
695 0.020257
696 0.014139
697 0.017685
698 0.018540
699 0.018327
700 0.019495
701 0.022807
702 0.017969
703 0.011085
704 0.017920
705 0.021708
706 0.014418
707 0.016427
708 0.022105
709 0.016674
710 0.024924
711 0.015611
712 0.014127
713 0.025682
714 0.026099
715 0.021650
716 0.019049
717 0.022069
718 0.020181
719 0.024518
720 0.026153
721 0.023706
722 0.021435
723 0.021603
724 0.020671
725 0.020782
726 0.026324
727 0.018696
728 0.024575
729 0.031080
730 0.027262
731 0.017978
732 0.012819
733 0.017509
734 0.016688
735 0.022201
736 0.024995
737 0.021550
738 0.022646
739 0.022696
740 0.019473
741 0.017538
742 0.019248
743 0.022310
744 0.015604
745 0.015112
746 0.015459
747 0.021440
748 0.020623
749 0.023340
750 0.027994
751 0.024950
752 0.020977
753 0.021871
754 0.022046
755 0.021065
756 0.014994
757 0.017420
758 0.017840
759 0.019312
760 0.019607
761 0.015898
762 0.021589
763 0.016755
764 0.018595
765 0.017613
766 0.018594
767 0.015002
768 0.022208
769 0.018407
770 0.018859
771 0.022245
772 0.022215
773 0.024438
774 0.022567
775 0.017376
776 0.020689
777 0.027107
778 0.023380
779 0.016408
780 0.020223
781 0.019692
782 0.020455
783 0.023068
784 0.028736
785 0.032575
786 0.028545
787 0.021688
788 0.015981
789 0.016150
790 0.014437
791 0.016279
792 0.017682
793 0.015716
794 0.020946
795 0.020233
796 0.014315
797 0.013858
798 0.023058
799 0.021045
800 0.015599
801 0.020921
802 0.020642
803 0.018884
804 0.019638
805 0.021588
806 0.018461
807 0.027908
808 0.020094
809 0.018823
810 0.020582
811 0.023229
812 0.022377
813 0.017102
814 0.020780
815 0.032981
816 0.024300
817 0.021429
818 0.025420
819 0.018697
820 0.014307
821 0.015762
822 0.016479
823 0.016688
824 0.022103
825 0.015970
826 0.023913
827 0.027084
828 0.022708
829 0.021756
830 0.023459
831 0.023121
832 0.023958
833 0.035025
834 0.024101
835 0.020968
836 0.017785
837 0.019158
838 0.021030
839 0.020392
840 0.022591
841 0.022712
842 0.023708
843 0.023705
844 0.023732
845 0.027325
846 0.027373
847 0.023891
848 0.020167
849 0.016478
850 0.019801
851 0.014822
852 0.019672
853 0.013505
854 0.014950
855 0.020094
856 0.022662
857 0.023270
858 0.028030
859 0.022064
860 0.028761
861 0.026507
862 0.022617
863 0.021470
864 0.018177
865 0.024091
866 0.022530
867 0.021929
868 0.016847
869 0.015286
870 0.019615
871 0.015224
872 0.018415
873 0.019470
874 0.022259
875 0.026811
876 0.031002
877 0.026185
878 0.023850
879 0.021115
880 0.019974
881 0.021529
882 0.016275
883 0.023998
884 0.020688
885 0.021184
886 0.017899
887 0.013511
888 0.015070
889 0.018126
890 0.021331
891 0.026551
892 0.019591
893 0.017686
894 0.024079
895 0.025002
896 0.017258
897 0.013068
898 0.020090
899 0.021590
900 0.022278
901 0.025883
902 0.025095
903 0.018758
904 0.022717
905 0.021069
906 0.020018
907 0.017535
908 0.017750
909 0.019184
910 0.023630
911 0.023134
912 0.018497
913 0.015018
914 0.021979
915 0.021425
916 0.027338
917 0.019077
918 0.024248
919 0.021444
920 0.019943
921 0.020399
922 0.023419
923 0.025622
924 0.023538
925 0.014851
926 0.019254
927 0.017293
928 0.016705
929 0.016925
930 0.019587
931 0.026254
932 0.019865
933 0.018944
934 0.019235
935 0.020962
936 0.016628
937 0.015215
938 0.017036
939 0.015862
940 0.020329
941 0.021106
942 0.030009
943 0.032479
944 0.026770
945 0.014454
946 0.020927
947 0.023240
948 0.022292
949 0.017613
950 0.019577
951 0.018578
952 0.021985
953 0.016536
954 0.022955
955 0.017718
956 0.017356
957 0.018952
958 0.016656
959 0.015742
960 0.014220
961 0.025740
962 0.023465
963 0.020571
964 0.020301
965 0.019165
966 0.017886
967 0.021742
968 0.019455
969 0.017041
970 0.018420
971 0.025650
972 0.024049
973 0.020372
974 0.017885
975 0.022806
976 0.015972
977 0.023032
978 0.018742
979 0.019403
980 0.027934
981 0.031044
982 0.021534
983 0.016959
984 0.016299
985 0.012671
986 0.019835
987 0.018150
988 0.013828
989 0.014062
990 0.017187
991 0.018516
992 0.020118
993 0.019522
994 0.014441
995 0.023728
996 0.028907
997 0.019085
998 0.021657
999 0.024971
