0 0.000000
1 0.000000
2 0.000000
3 0.000000
4 0.000000
5 0.000000
6 0.000000
7 0.000000
8 0.000000
9 0.000000
10 1.000000
11 1.188978
12 1.325850
13 1.371632
14 1.432484
15 1.336954
16 0.906776
17 0.833543
18 0.619016
19 0.407871
20 0.302589
21 0.377899
22 0.048567
23 0.020294
24 0.016339
25 0.009352
26 0.007566
27 0.006142
28 0.006151
29 0.005089
30 0.004914
31 0.005093
32 0.004621
33 0.004343
34 0.004652
35 0.004758
36 0.004770
37 0.004441
38 0.004165
39 0.003785
40 0.003861
41 0.004497
42 0.003984
43 0.004008
44 0.003840
45 0.003334
46 0.003985
47 0.004412
48 0.003945
49 0.003993
50 0.003579
51 0.003696
52 0.003924
53 0.003836
54 0.003711
55 0.003504
56 0.003197
57 0.003371
58 0.003419
59 0.003461
60 0.003376
61 0.003453
62 0.003701
63 0.003235
64 0.003092
65 0.003286
66 0.003300
67 0.003105
68 0.003009
69 0.002639
70 0.002952
71 0.002933
72 0.002887
73 0.002793
74 0.002642
75 0.002779
76 0.002826
77 0.002747
78 0.002758
79 0.003369
80 0.002764
81 0.002888
82 0.003074
83 0.003107
84 0.003765
85 0.002969
86 0.002755
87 0.003126
88 0.003198
89 0.003311
90 0.003550
91 0.002841
92 0.002807
93 0.003240
94 0.003115
95 0.003026
96 0.003837
97 0.003497
98 0.003126
99 0.002414
100 0.002952
101 0.003196
102 0.002774
103 0.002544
104 0.002776
105 0.002448
106 0.002170
107 0.002274
108 0.002501
109 0.002734
110 0.003071
111 0.002952
112 0.003046
113 0.002766
114 0.003004
115 0.002428
116 0.002562
117 0.002322
118 0.002489
119 0.003056
120 0.002567
121 0.002436
122 0.002583
123 0.002362
124 0.002144
125 0.003361
126 0.002876
127 0.002715
128 0.002677
129 0.002795
130 0.002714
131 0.002885
132 0.002873
133 0.002816
134 0.003238
135 0.003042
136 0.002828
137 0.002293
138 0.002601
139 0.003084
140 0.002395
141 0.002559
142 0.002582
143 0.002373
144 0.002539
145 0.002500
146 0.002544
147 0.002483
148 0.002515
149 0.002455
150 0.002679
151 0.002913
152 0.003013
153 0.003316
154 0.003273
155 0.003130
156 0.003132
157 0.002480
158 0.002555
159 0.002878
160 0.002464
161 0.002334
162 0.002613
163 0.002417
164 0.002465
165 0.002796
166 0.003408
167 0.003057
168 0.002870
169 0.003147
170 0.002916
171 0.002813
172 0.002677
173 0.002923
174 0.002606
175 0.002560
176 0.002858
177 0.002739
178 0.003088
179 0.002476
180 0.002704
181 0.002812
182 0.002861
183 0.003068
184 0.002857
185 0.003063
186 0.002438
187 0.002490
188 0.002984
189 0.002754
190 0.002596
191 0.002538
192 0.002538
193 0.002471
194 0.002699
195 0.002709
196 0.002614
197 0.002557
198 0.002189
199 0.002321
200 0.002564
201 0.002801
202 0.002841
203 0.002487
204 0.002528
205 0.002382
206 0.002518
207 0.002450
208 0.002559
209 0.002844
210 0.002386
211 0.002479
212 0.002908
213 0.002550
214 0.002357
215 0.002990
216 0.002139
217 0.002630
218 0.002572
219 0.002423
220 0.002489
221 0.002288
222 0.002254
223 0.002459
224 0.002483
225 0.002683
226 0.002468
227 0.003317
228 0.002875
229 0.002669
230 0.002926
231 0.003109
232 0.003035
233 0.002856
234 0.002729
235 0.003265
236 0.002513
237 0.002836
238 0.002727
239 0.002554
240 0.002342
241 0.002254
242 0.002530
243 0.002999
244 0.002632
245 0.002648
246 0.002745
247 0.002772
248 0.002754
249 0.003026
250 0.002853
251 0.002595
252 0.002819
253 0.002219
254 0.002617
255 0.002570
256 0.002751
257 0.002322
258 0.002403
259 0.002807
260 0.002589
261 0.003009
262 0.002845
263 0.002657
264 0.002719
265 0.002320
266 0.002599
267 0.002627
268 0.002941
269 0.002682
270 0.003089
271 0.002615
272 0.002561
273 0.002621
274 0.002569
275 0.002776
276 0.002326
277 0.002911
278 0.003000
279 0.002478
280 0.002641
281 0.002497
282 0.002747
283 0.002154
284 0.002459
285 0.002190
286 0.002133
287 0.002430
288 0.002214
289 0.002329
290 0.002481
291 0.002189
292 0.002550
293 0.002918
294 0.002645
295 0.002484
296 0.002263
297 0.002401
298 0.002673
299 0.002613
300 0.002485
301 0.002438
302 0.002710
303 0.002466
304 0.003099
305 0.002669
306 0.002789
307 0.002624
308 0.002677
309 0.002888
310 0.002362
311 0.002618
312 0.002555
313 0.002927
314 0.002390
315 0.002784
316 0.002661
317 0.002761
318 0.002525
319 0.002519
320 0.002673
321 0.002588
322 0.002547
323 0.002906
324 0.002441
325 0.002344
326 0.002109
327 0.002247
328 0.002393
329 0.002523
330 0.002493
331 0.002687
332 0.002568
333 0.002651
334 0.002776
335 0.003033
336 0.002964
337 0.002928
338 0.002582
339 0.002537
340 0.002765
341 0.002842
342 0.002601
343 0.002564
344 0.002670
345 0.002433
346 0.002720
347 0.002414
348 0.002779
349 0.002489
350 0.002633
351 0.002328
352 0.002581
353 0.002622
354 0.002857
355 0.002459
356 0.002413
357 0.002890
358 0.002574
359 0.002562
360 0.002780
361 0.002657
362 0.003058
363 0.002853
364 0.002811
365 0.002498
366 0.002337
367 0.002420
368 0.002504
369 0.002901
370 0.002920
371 0.002728
372 0.003060
373 0.003132
374 0.003390
375 0.002735
376 0.002588
377 0.002496
378 0.002510
379 0.002666
380 0.002402
381 0.002463
382 0.002433
383 0.002346
384 0.002174
385 0.002440
386 0.002627
387 0.002909
388 0.002436
389 0.002282
390 0.002500
391 0.002806
392 0.002450
393 0.002265
394 0.002717
395 0.002625
396 0.002496
397 0.002422
398 0.002905
399 0.002979
400 0.002734
401 0.002506
402 0.002432
403 0.002427
404 0.002701
405 0.003050
406 0.002790
407 0.002720
408 0.002297
409 0.002295
410 0.002289
411 0.002717
412 0.003353
413 0.002598
414 0.002536
415 0.002898
416 0.002725
417 0.002788
418 0.002509
419 0.001888
420 0.002451
421 0.002486
422 0.002644
423 0.002500
424 0.002324
425 0.002306
426 0.002131
427 0.002231
428 0.002285
429 0.002628
430 0.002534
431 0.002254
432 0.002385
433 0.002481
434 0.002170
435 0.002390
436 0.002192
437 0.002256
438 0.002559
439 0.002721
440 0.002661
441 0.002776
442 0.002640
443 0.002801
444 0.002866
445 0.002952
446 0.003083
447 0.002821
448 0.002380
449 0.002580
450 0.002884
451 0.002895
452 0.002743
453 0.002747
454 0.002813
455 0.002549
456 0.002763
457 0.002518
458 0.002768
459 0.002561
460 0.002819
461 0.002398
462 0.002326
463 0.002240
464 0.002302
465 0.002289
466 0.002432
467 0.002363
468 0.002359
469 0.002733
470 0.002996
471 0.002716
472 0.002546
473 0.002644
474 0.002386
475 0.002191
476 0.002244
477 0.002574
478 0.002730
479 0.002708
480 0.002916
481 0.002652
482 0.002213
483 0.002145
484 0.002678
485 0.002674
486 0.002837
487 0.002660
488 0.002716
489 0.002863
490 0.002807
491 0.002884
492 0.002623
493 0.002261
494 0.002164
495 0.002408
496 0.002582
497 0.002081
498 0.002408
499 0.002344
500 0.002400
501 0.002881
502 0.002974
503 0.002550
504 0.002833
505 0.002544
506 0.002680
507 0.002441
508 0.002395
509 0.002607
510 0.002482
511 0.002399
512 0.002758
513 0.002458
514 0.002760
515 0.002524
516 0.003076
517 0.003051
518 0.002590
519 0.002446
520 0.002059
521 0.002409
522 0.002528
523 0.002490
524 0.002074
525 0.001933
526 0.002428
527 0.002271
528 0.002479
529 0.003149
530 0.002906
531 0.002980
532 0.002571
533 0.002340
534 0.002346
535 0.002172
536 0.002188
537 0.002706
538 0.002693
539 0.002343
540 0.002628
541 0.002491
542 0.002202
543 0.002651
544 0.002884
545 0.003005
546 0.002849
547 0.002496
548 0.002329
549 0.002459
550 0.002391
551 0.002250
552 0.002202
553 0.003018
554 0.003027
555 0.002472
556 0.002178
557 0.002195
558 0.002483
559 0.002438
560 0.002126
561 0.002704
562 0.002363
563 0.002878
564 0.002951
565 0.002839
566 0.002784
567 0.002557
568 0.002664
569 0.002616
570 0.002886
571 0.002605
572 0.002736
573 0.002632
574 0.002422
575 0.002471
576 0.002709
577 0.002385
578 0.002553
579 0.002066
580 0.002418
581 0.002599
582 0.002603
583 0.002578
584 0.002442
585 0.002755
586 0.002594
587 0.002358
588 0.002614
589 0.002719
590 0.003386
591 0.002944
592 0.002291
593 0.002396
594 0.002450
595 0.002531
596 0.002380
597 0.002859
598 0.003060
599 0.002840
600 0.002395
601 0.002420
602 0.002479
603 0.002593
604 0.002398
605 0.002325
606 0.002196
607 0.002274
608 0.002520
609 0.002773
610 0.002874
611 0.002522
612 0.002235
613 0.002335
614 0.002365
615 0.002328
616 0.002587
617 0.002705
618 0.002453
619 0.002290
620 0.002459
621 0.002316
622 0.002608
623 0.002859
624 0.002981
625 0.002708
626 0.002400
627 0.002161
628 0.002343
629 0.002282
630 0.002373
631 0.002834
632 0.002290
633 0.002053
634 0.002284
635 0.002722
636 0.002416
637 0.002656
638 0.002501
639 0.002653
640 0.002772
641 0.002769
642 0.002607
643 0.002419
644 0.002930
645 0.002581
646 0.002918
647 0.002891
648 0.002944
649 0.002630
650 0.002476
651 0.002509
652 0.002999
653 0.002420
654 0.002639
655 0.003026
656 0.003433
657 0.002926
658 0.002841
659 0.002600
660 0.002437
661 0.002568
662 0.003136
663 0.002943
664 0.002468
665 0.002997
666 0.002702
667 0.002516
668 0.002320
669 0.002576
670 0.002285
671 0.002391
672 0.002628
673 0.002952
674 0.002753
675 0.002607
676 0.002645
677 0.002764
678 0.002840
679 0.002444
680 0.002575
681 0.002511
682 0.002644
683 0.002748
684 0.002684
685 0.002499
686 0.002748
687 0.002373
688 0.002524
689 0.002620
690 0.002772
691 0.002932
692 0.002566
693 0.002537
694 0.002410
695 0.002349
696 0.002483
697 0.002505
698 0.002497
699 0.002799
700 0.002772
701 0.002872
702 0.002806
703 0.002495
704 0.002338
705 0.002250
706 0.002473
707 0.002684
708 0.002758
709 0.002298
710 0.002043
711 0.002501
712 0.002307
713 0.002260
714 0.002323
715 0.002697
716 0.002762
717 0.002583
718 0.002267
719 0.002182
720 0.002564
721 0.002451
722 0.003329
723 0.002854
724 0.002485
725 0.002899
726 0.002733
727 0.002745
728 0.002692
729 0.002507
730 0.003030
731 0.002837
732 0.002804
733 0.002836
734 0.002528
735 0.002607
736 0.002527
737 0.002554
738 0.002733
739 0.002510
740 0.002792
741 0.002536
742 0.002548
743 0.002725
744 0.003174
745 0.003149
746 0.002557
747 0.002330
748 0.002345
749 0.002404
750 0.002950
751 0.002832
752 0.002645
753 0.002646
754 0.002427
755 0.002211
756 0.002103
757 0.002635
758 0.002873
759 0.002168
760 0.002393
761 0.002188
762 0.002342
763 0.002587
764 0.002317
765 0.002195
766 0.002327
767 0.002600
768 0.002540
769 0.002819
770 0.002915
771 0.002315
772 0.002565
773 0.002536
774 0.002570
775 0.002529
776 0.002500
777 0.002252
778 0.002163
779 0.002529
780 0.002735
781 0.002829
782 0.002638
783 0.002430
784 0.002436
785 0.002321
786 0.002338
787 0.002182
788 0.002456
789 0.002186
790 0.002466
791 0.002308
792 0.002641
793 0.002734
794 0.002161
795 0.002441
796 0.002320
797 0.002035
798 0.002444
799 0.002258
800 0.002364
801 0.002490
802 0.002383
803 0.002777
804 0.002370
805 0.002124
806 0.002345
807 0.002598
808 0.002453
809 0.002657
810 0.002884
811 0.002676
812 0.003097
813 0.003018
814 0.002499
815 0.002267
816 0.002278
817 0.002673
818 0.002554
819 0.002287
820 0.002584
821 0.002732
822 0.002690
823 0.002750
824 0.002769
825 0.002613
826 0.002252
827 0.002553
828 0.002274
829 0.002282
830 0.002571
831 0.002614
832 0.002479
833 0.002497
834 0.002404
835 0.002744
836 0.002487
837 0.002407
838 0.002459
839 0.002664
840 0.002764
841 0.002563
842 0.002488
843 0.002617
844 0.002189
845 0.002157
846 0.002661
847 0.002855
848 0.002631
849 0.002869
850 0.002906
851 0.002771
852 0.002956
853 0.002826
854 0.002228
855 0.002625
856 0.002573
857 0.002550
858 0.002716
859 0.002712
860 0.002163
861 0.002503
862 0.001986
863 0.002489
864 0.002556
865 0.002861
866 0.002825
867 0.003013
868 0.002740
869 0.002655
870 0.002319
871 0.002424
872 0.002284
873 0.002390
874 0.002183
875 0.002272
876 0.002466
877 0.002318
878 0.002411
879 0.002630
880 0.002837
881 0.003094
882 0.002560
883 0.002444
884 0.002061
885 0.002008
886 0.002333
887 0.002369
888 0.002435
889 0.002228
890 0.002838
891 0.002958
892 0.002818
893 0.002338
894 0.002514
895 0.002717
896 0.002499
897 0.002715
898 0.003073
899 0.002343
900 0.002619
901 0.002442
902 0.002440
903 0.002858
904 0.002954
905 0.003213
906 0.002538
907 0.002894
908 0.002486
909 0.002640
910 0.002630
911 0.002519
912 0.002542
913 0.002869
914 0.002506
915 0.003292
916 0.002861
917 0.002624
918 0.002582
919 0.002799
920 0.002598
921 0.002296
922 0.002754
923 0.002592
924 0.002252
925 0.002500
926 0.002475
927 0.002771
928 0.002856
929 0.002575
930 0.002604
931 0.002125
932 0.002571
933 0.002470
934 0.002427
935 0.002682
936 0.002828
937 0.002374
938 0.002211
939 0.002452
940 0.002711
941 0.002950
942 0.002588
943 0.002705
944 0.002966
945 0.002551
946 0.002493
947 0.002435
948 0.002825
949 0.002686
950 0.002758
951 0.003170
952 0.003164
953 0.002943
954 0.002407
955 0.003325
956 0.002772
957 0.002473
958 0.002561
959 0.002475
960 0.002765
961 0.002571
962 0.002632
963 0.002862
964 0.002167
965 0.002454
966 0.002504
967 0.002837
968 0.002441
969 0.002639
970 0.002501
971 0.002580
972 0.002865
973 0.002734
974 0.002989
975 0.002727
976 0.002712
977 0.002331
978 0.002519
979 0.002367
980 0.002683
981 0.002567
982 0.002279
983 0.002752
984 0.002926
985 0.003310
986 0.002741
987 0.002872
988 0.002710
989 0.002349
990 0.002364
991 0.002344
992 0.002170
993 0.002265
994 0.002187
995 0.002236
996 0.002354
997 0.002257
998 0.002337
999 0.002230
