0 0.000000
1 0.000000
2 0.000000
3 0.000000
4 0.000000
5 0.000000
6 0.000000
7 0.000000
8 0.000000
9 0.000000
10 1.000000
11 1.099955
12 0.984851
13 0.818793
14 0.816064
15 1.014383
16 0.548881
17 0.634050
18 0.554901
19 0.306120
20 0.181710
21 0.053820
22 0.015484
23 0.010569
24 0.005574
25 0.004510
26 0.003986
27 0.004105
28 0.003920
29 0.003049
30 0.003121
31 0.003319
32 0.002879
33 0.002547
34 0.002147
35 0.002097
36 0.002439
37 0.002076
38 0.001822
39 0.002080
40 0.001896
41 0.002050
42 0.002073
43 0.001880
44 0.001857
45 0.001885
46 0.002065
47 0.001841
48 0.002029
49 0.001808
50 0.001825
51 0.001487
52 0.001880
53 0.001819
54 0.002128
55 0.001875
56 0.001708
57 0.001916
58 0.001807
59 0.002215
60 0.001782
61 0.001613
62 0.001929
63 0.001667
64 0.001624
65 0.001625
66 0.001952
67 0.001659
68 0.001696
69 0.001809
70 0.001853
71 0.001877
72 0.001630
73 0.001648
74 0.001684
75 0.001614
76 0.001517
77 0.001411
78 0.001616
79 0.001762
80 0.002063
81 0.002078
82 0.001679
83 0.001690
84 0.001515
85 0.001453
86 0.001621
87 0.001680
88 0.001390
89 0.001800
90 0.001410
91 0.001716
92 0.001602
93 0.001838
94 0.001654
95 0.001325
96 0.001624
97 0.001452
98 0.001553
99 0.001436
100 0.001706
101 0.001448
102 0.001598
103 0.001593
104 0.001393
105 0.001659
106 0.001519
107 0.001319
108 0.001645
109 0.001441
110 0.001445
111 0.001565
112 0.001848
113 0.001800
114 0.001392
115 0.001357
116 0.001505
117 0.001633
118 0.001812
119 0.001442
120 0.001687
121 0.001607
122 0.001506
123 0.001530
124 0.001584
125 0.001413
126 0.001706
127 0.001695
128 0.001553
129 0.001828
130 0.001489
131 0.001250
132 0.001432
133 0.001332
134 0.001282
135 0.001417
136 0.001462
137 0.001492
138 0.001286
139 0.001224
140 0.001314
141 0.001480
142 0.001459
143 0.001695
144 0.001678
145 0.001477
146 0.001516
147 0.001502
148 0.001560
149 0.001533
150 0.001405
151 0.001596
152 0.001424
153 0.001216
154 0.001444
155 0.001384
156 0.001545
157 0.001371
158 0.001658
159 0.001338
160 0.001275
161 0.001348
162 0.001513
163 0.001483
164 0.001335
165 0.001645
166 0.001395
167 0.001670
168 0.001539
169 0.001571
170 0.001371
171 0.001444
172 0.001583
173 0.001541
174 0.001524
175 0.001423
176 0.001172
177 0.001248
178 0.001652
179 0.001560
180 0.001663
181 0.001223
182 0.001546
183 0.001776
184 0.001504
185 0.001512
186 0.001643
187 0.001547
188 0.001552
189 0.001590
190 0.001543
191 0.001614
192 0.001335
193 0.001316
194 0.001450
195 0.001536
196 0.001623
197 0.001623
198 0.001222
199 0.001283
200 0.001590
201 0.001481
202 0.001486
203 0.001815
204 0.001515
205 0.001560
206 0.001495
207 0.001658
208 0.001350
209 0.001435
210 0.001470
211 0.001399
212 0.001537
213 0.001295
214 0.001390
215 0.001544
216 0.001569
217 0.001337
218 0.001475
219 0.001486
220 0.001624
221 0.001430
222 0.001474
223 0.001668
224 0.001468
225 0.001340
226 0.001432
227 0.001279
228 0.001439
229 0.001501
230 0.001419
231 0.001309
232 0.001444
233 0.001249
234 0.001218
235 0.001556
236 0.001399
237 0.001409
238 0.001519
239 0.001814
240 0.001507
241 0.001362
242 0.001428
243 0.001405
244 0.001411
245 0.001233
246 0.001568
247 0.001278
248 0.001631
249 0.001521
250 0.001440
251 0.001391
252 0.001178
253 0.001308
254 0.001479
255 0.001377
256 0.001218
257 0.001572
258 0.001316
259 0.001626
260 0.001344
261 0.001428
262 0.001366
263 0.001383
264 0.001434
265 0.001396
266 0.001348
267 0.001273
268 0.001216
269 0.001613
270 0.001656
271 0.001348
272 0.001251
273 0.001377
274 0.001289
275 0.001494
276 0.001538
277 0.001430
278 0.001414
279 0.001605
280 0.001243
281 0.001341
282 0.001399
283 0.001324
284 0.001277
285 0.001212
286 0.001358
287 0.001732
288 0.001547
289 0.001367
290 0.001824
291 0.001731
292 0.001326
293 0.001473
294 0.001496
295 0.001487
296 0.001294
297 0.001377
298 0.001635
299 0.001409
300 0.001381
301 0.001346
302 0.001345
303 0.001371
304 0.001473
305 0.001218
306 0.001505
307 0.001556
308 0.001403
309 0.001198
310 0.001413
311 0.001232
312 0.001255
313 0.001298
314 0.001617
315 0.001717
316 0.001385
317 0.001168
318 0.001366
319 0.001674
320 0.001384
321 0.001366
322 0.001446
323 0.001407
324 0.001591
325 0.001470
326 0.001730
327 0.001518
328 0.001337
329 0.001301
330 0.001529
331 0.001479
332 0.001321
333 0.001487
334 0.001475
335 0.001445
336 0.001598
337 0.001559
338 0.001298
339 0.001488
340 0.001405
341 0.001481
342 0.001544
343 0.001483
344 0.001618
345 0.001364
346 0.001292
347 0.001468
348 0.001341
349 0.001740
350 0.001374
351 0.001417
352 0.001367
353 0.001357
354 0.001428
355 0.001665
356 0.001384
357 0.001414
358 0.001529
359 0.001520
360 0.001325
361 0.001459
362 0.001506
363 0.001327
364 0.001311
365 0.001571
366 0.001443
367 0.001320
368 0.001765
369 0.001729
370 0.001434
371 0.001542
372 0.001575
373 0.001252
374 0.001297
375 0.001329
376 0.001594
377 0.001548
378 0.001534
379 0.001588
380 0.001292
381 0.001134
382 0.001463
383 0.001246
384 0.001302
385 0.001215
386 0.001466
387 0.001503
388 0.001573
389 0.001681
390 0.001573
391 0.001316
392 0.001477
393 0.001263
394 0.001378
395 0.001465
396 0.001577
397 0.001456
398 0.001478
399 0.001417
400 0.001462
401 0.001252
402 0.001507
403 0.001316
404 0.001351
405 0.001405
406 0.001369
407 0.001500
408 0.001538
409 0.001244
410 0.001433
411 0.001305
412 0.001432
413 0.001454
414 0.001395
415 0.001435
416 0.001456
417 0.001517
418 0.001354
419 0.001333
420 0.001305
421 0.001333
422 0.001244
423 0.001305
424 0.001525
425 0.001351
426 0.001403
427 0.001277
428 0.001519
429 0.001351
430 0.001369
431 0.001639
432 0.001566
433 0.001292
434 0.001386
435 0.001413
436 0.001274
437 0.001439
438 0.001647
439 0.001683
440 0.001517
441 0.001516
442 0.001628
443 0.001409
444 0.001517
445 0.001349
446 0.001329
447 0.001666
448 0.001524
449 0.001567
450 0.001535
451 0.001499
452 0.001241
453 0.001631
454 0.001328
455 0.001379
456 0.001554
457 0.001567
458 0.001222
459 0.001547
460 0.001402
461 0.001489
462 0.001354
463 0.001388
464 0.001377
465 0.001185
466 0.001415
467 0.001510
468 0.001355
469 0.001531
470 0.001449
471 0.001726
472 0.001652
473 0.001393
474 0.001335
475 0.001504
476 0.001217
477 0.001430
478 0.001392
479 0.001199
480 0.001175
481 0.001387
482 0.001492
483 0.001571
484 0.001551
485 0.001284
486 0.001474
487 0.001391
488 0.001384
489 0.001363
490 0.001433
491 0.001328
492 0.001211
493 0.001464
494 0.001546
495 0.001272
496 0.001354
497 0.001403
498 0.001498
499 0.001479
500 0.001402
501 0.001679
502 0.001344
503 0.001427
504 0.001672
505 0.001592
506 0.001325
507 0.001266
508 0.001687
509 0.001577
510 0.001423
511 0.001442
512 0.001704
513 0.001437
514 0.001332
515 0.001285
516 0.001189
517 0.001380
518 0.001534
519 0.001318
520 0.001408
521 0.001213
522 0.001184
523 0.001312
524 0.001311
525 0.001266
526 0.001597
527 0.001296
528 0.001377
529 0.001465
530 0.001458
531 0.001630
532 0.001450
533 0.001243
534 0.001380
535 0.001592
536 0.001358
537 0.001269
538 0.001313
539 0.001313
540 0.001404
541 0.001665
542 0.001425
543 0.001452
544 0.001747
545 0.001697
546 0.001518
547 0.001389
548 0.001485
549 0.001467
550 0.001683
551 0.001414
552 0.001355
553 0.001570
554 0.001667
555 0.001209
556 0.001322
557 0.001504
558 0.001336
559 0.001470
560 0.001323
561 0.001321
562 0.001482
563 0.001552
564 0.001539
565 0.001214
566 0.001342
567 0.001351
568 0.001406
569 0.001320
570 0.001358
571 0.001320
572 0.001314
573 0.001187
574 0.001336
575 0.001473
576 0.001352
577 0.001489
578 0.001342
579 0.001201
580 0.001387
581 0.001528
582 0.001460
583 0.001584
584 0.001386
585 0.001244
586 0.001487
587 0.001342
588 0.001713
589 0.001703
590 0.001405
591 0.001454
592 0.001479
593 0.001483
594 0.001371
595 0.001281
596 0.001302
597 0.001513
598 0.001314
599 0.001589
600 0.001509
601 0.001182
602 0.001289
603 0.001440
604 0.001378
605 0.001339
606 0.001419
607 0.001271
608 0.001604
609 0.001382
610 0.001356
611 0.001246
612 0.001259
613 0.001543
614 0.001385
615 0.001619
616 0.001569
617 0.001435
618 0.001424
619 0.001290
620 0.001291
621 0.001302
622 0.001270
623 0.001413
624 0.001320
625 0.001348
626 0.001530
627 0.001661
628 0.001535
629 0.001401
630 0.001378
631 0.001446
632 0.001458
633 0.001364
634 0.001520
635 0.001495
636 0.001281
637 0.001357
638 0.001390
639 0.001426
640 0.001417
641 0.001562
642 0.001523
643 0.001149
644 0.001485
645 0.001311
646 0.001505
647 0.001433
648 0.001335
649 0.001261
650 0.001358
651 0.001312
652 0.001349
653 0.001406
654 0.001358
655 0.001262
656 0.001358
657 0.001413
658 0.001250
659 0.001215
660 0.001409
661 0.001645
662 0.001622
663 0.001402
664 0.001303
665 0.001538
666 0.001658
667 0.001171
668 0.001450
669 0.001428
670 0.001301
671 0.001297
672 0.001222
673 0.001264
674 0.001281
675 0.001358
676 0.001358
677 0.001397
678 0.001456
679 0.001532
680 0.001432
681 0.001538
682 0.001397
683 0.001273
684 0.001582
685 0.001617
686 0.001365
687 0.001548
688 0.001444
689 0.001390
690 0.001299
691 0.001331
692 0.001517
693 0.001461
694 0.001396
695 0.001178
696 0.001491
697 0.001602
698 0.001405
699 0.001646
700 0.001089
701 0.001604
702 0.001237
703 0.001357
704 0.001237
705 0.001465
706 0.001325
707 0.001561
708 0.001372
709 0.001451
710 0.001324
711 0.001525
712 0.001290
713 0.001286
714 0.001334
715 0.001226
716 0.001206
717 0.001349
718 0.001459
719 0.001220
720 0.001281
721 0.001419
722 0.001471
723 0.001196
724 0.001341
725 0.001291
726 0.001654
727 0.001455
728 0.001661
729 0.001728
730 0.001297
731 0.001512
732 0.001290
733 0.001395
734 0.001266
735 0.001478
736 0.001676
737 0.001356
738 0.001557
739 0.001312
740 0.001283
741 0.001575
742 0.001155
743 0.001188
744 0.001259
745 0.001369
746 0.001207
747 0.001226
748 0.001333
749 0.001327
750 0.001619
751 0.001540
752 0.001418
753 0.001425
754 0.001261
755 0.001397
756 0.001528
757 0.001194
758 0.001369
759 0.001387
760 0.001287
761 0.001515
762 0.001424
763 0.001298
764 0.001348
765 0.001275
766 0.001398
767 0.001395
768 0.001540
769 0.001845
770 0.001502
771 0.001558
772 0.001423
773 0.001466
774 0.001523
775 0.001621
776 0.001599
777 0.001390
778 0.001218
779 0.001161
780 0.001333
781 0.001504
782 0.001231
783 0.001336
784 0.001175
785 0.001515
786 0.001407
787 0.001568
788 0.001385
789 0.001469
790 0.001338
791 0.001433
792 0.001472
793 0.001416
794 0.001099
795 0.001154
796 0.001532
797 0.001450
798 0.001481
799 0.001561
800 0.001356
801 0.001368
802 0.001505
803 0.001223
804 0.001442
805 0.001339
806 0.001544
807 0.001448
808 0.001505
809 0.001283
810 0.001354
811 0.001375
812 0.001304
813 0.001568
814 0.001334
815 0.001334
816 0.001304
817 0.001345
818 0.001520
819 0.001518
820 0.001389
821 0.001414
822 0.001251
823 0.001359
824 0.001335
825 0.001343
826 0.001329
827 0.001154
828 0.001244
829 0.001194
830 0.001448
831 0.001354
832 0.001453
833 0.001505
834 0.001635
835 0.001435
836 0.001168
837 0.001499
838 0.001177
839 0.001344
840 0.001347
841 0.001193
842 0.001336
843 0.001410
844 0.001157
845 0.001152
846 0.001282
847 0.001470
848 0.001552
849 0.001335
850 0.001279
851 0.001673
852 0.001353
853 0.001435
854 0.001475
855 0.001381
856 0.001361
857 0.001059
858 0.001501
859 0.001328
860 0.001042
861 0.001411
862 0.001464
863 0.001504
864 0.001391
865 0.001645
866 0.001551
867 0.001502
868 0.001190
869 0.001162
870 0.001292
871 0.001283
872 0.001440
873 0.001359
874 0.001467
875 0.001386
876 0.001361
877 0.001445
878 0.001318
879 0.001336
880 0.001347
881 0.001402
882 0.001347
883 0.001419
884 0.001310
885 0.001568
886 0.001604
887 0.001581
888 0.001549
889 0.001483
890 0.001499
891 0.001550
892 0.001239
893 0.001340
894 0.001505
895 0.001336
896 0.001293
897 0.001068
898 0.001388
899 0.001276
900 0.001529
901 0.001588
902 0.001429
903 0.001424
904 0.001334
905 0.001156
906 0.001313
907 0.001353
908 0.001274
909 0.001257
910 0.001310
911 0.001460
912 0.001343
913 0.001263
914 0.001408
915 0.001311
916 0.001330
917 0.001612
918 0.001573
919 0.001660
920 0.001411
921 0.001396
922 0.001442
923 0.001431
924 0.001500
925 0.001218
926 0.001459
927 0.001231
928 0.001446
929 0.001629
930 0.001306
931 0.001603
932 0.001577
933 0.001458
934 0.001302
935 0.001190
936 0.001321
937 0.001180
938 0.001241
939 0.001200
940 0.001423
941 0.001314
942 0.001386
943 0.001280
944 0.001341
945 0.001386
946 0.001464
947 0.001392
948 0.001054
949 0.001166
950 0.001391
951 0.001421
952 0.001302
953 0.001456
954 0.001320
955 0.001340
956 0.001375
957 0.001429
958 0.001251
959 0.001372
960 0.001638
961 0.001627
962 0.001175
963 0.001396
964 0.001414
965 0.001539
966 0.001122
967 0.001535
968 0.001247
969 0.001201
970 0.001442
971 0.001246
972 0.001404
973 0.001154
974 0.001365
975 0.001609
976 0.001456
977 0.001515
978 0.001538
979 0.001630
980 0.001568
981 0.001302
982 0.001382
983 0.001482
984 0.001175
985 0.001279
986 0.001203
987 0.001371
988 0.001471
989 0.001547
990 0.001551
991 0.001505
992 0.001340
993 0.001447
994 0.001270
995 0.001249
996 0.001361
997 0.001221
998 0.001093
999 0.001476
