0 0.000000
1 0.000000
2 0.000000
3 0.000000
4 0.000000
5 0.000000
6 0.000000
7 0.000000
8 0.000000
9 0.000000
10 1.000000
11 1.055873
12 0.993535
13 1.094593
14 1.273776
15 1.009440
16 0.789242
17 0.655446
18 0.507482
19 0.415492
20 0.296514
21 0.126118
22 0.035969
23 0.012756
24 0.010756
25 0.007497
26 0.004821
27 0.005006
28 0.003627
29 0.003107
30 0.003338
31 0.003303
32 0.003027
33 0.003434
34 0.003555
35 0.002804
36 0.003008
37 0.003266
38 0.002825
39 0.003001
40 0.002647
41 0.002359
42 0.002801
43 0.002761
44 0.002304
45 0.002294
46 0.002297
47 0.002602
48 0.002785
49 0.002348
50 0.002358
51 0.001921
52 0.002289
53 0.002352
54 0.002321
55 0.002589
56 0.002326
57 0.002017
58 0.002264
59 0.002348
60 0.002364
61 0.002155
62 0.002052
63 0.001941
64 0.001873
65 0.002089
66 0.001998
67 0.001999
68 0.002055
69 0.001976
70 0.001840
71 0.002061
72 0.002618
73 0.002081
74 0.002114
75 0.001934
76 0.001732
77 0.001814
78 0.001943
79 0.002102
80 0.002682
81 0.002278
82 0.001924
83 0.002213
84 0.002048
85 0.001942
86 0.002151
87 0.001937
88 0.001671
89 0.001856
90 0.001956
91 0.001948
92 0.002174
93 0.002364
94 0.002257
95 0.002306
96 0.001858
97 0.001953
98 0.001986
99 0.001925
100 0.001938
101 0.002004
102 0.002067
103 0.002247
104 0.002261
105 0.001850
106 0.001771
107 0.001866
108 0.002080
109 0.002036
110 0.002125
111 0.002172
112 0.001903
113 0.001887
114 0.001877
115 0.001828
116 0.001959
117 0.002026
118 0.002086
119 0.001773
120 0.001511
121 0.001686
122 0.002116
123 0.002100
124 0.001711
125 0.001921
126 0.001867
127 0.001707
128 0.001811
129 0.001505
130 0.001758
131 0.002015
132 0.001800
133 0.001749
134 0.002063
135 0.001661
136 0.001657
137 0.001825
138 0.001815
139 0.001756
140 0.001931
141 0.001765
142 0.001930
143 0.001718
144 0.001781
145 0.001620
146 0.001802
147 0.001717
148 0.002039
149 0.001768
150 0.001668
151 0.001504
152 0.001703
153 0.001635
154 0.001504
155 0.001510
156 0.001654
157 0.001816
158 0.002001
159 0.001990
160 0.001977
161 0.002091
162 0.001894
163 0.001756
164 0.001808
165 0.001662
166 0.001897
167 0.002134
168 0.001673
169 0.001895
170 0.001843
171 0.001722
172 0.001912
173 0.001983
174 0.001728
175 0.001691
176 0.001496
177 0.001593
178 0.001744
179 0.001687
180 0.001892
181 0.001625
182 0.001634
183 0.001685
184 0.001821
185 0.001910
186 0.001972
187 0.001855
188 0.001766
189 0.001640
190 0.001875
191 0.001967
192 0.001933
193 0.001824
194 0.001911
195 0.001813
196 0.001774
197 0.001921
198 0.001979
199 0.002099
200 0.001960
201 0.002454
202 0.001968
203 0.002001
204 0.001772
205 0.001881
206 0.001685
207 0.001648
208 0.001734
209 0.001695
210 0.001707
211 0.002037
212 0.001740
213 0.001802
214 0.001791
215 0.001753
216 0.001921
217 0.001877
218 0.001935
219 0.001961
220 0.001985
221 0.001710
222 0.001632
223 0.001962
224 0.002094
225 0.001759
226 0.001666
227 0.001904
228 0.001568
229 0.001669
230 0.002181
231 0.001552
232 0.001841
233 0.001697
234 0.001756
235 0.001811
236 0.001900
237 0.001841
238 0.001393
239 0.001867
240 0.001837
241 0.001693
242 0.001801
243 0.001671
244 0.001665
245 0.001696
246 0.001898
247 0.002037
248 0.001830
249 0.001741
250 0.001529
251 0.001686
252 0.001869
253 0.001796
254 0.001777
255 0.001844
256 0.001844
257 0.001812
258 0.001732
259 0.001693
260 0.001992
261 0.001569
262 0.001703
263 0.001917
264 0.001755
265 0.001626
266 0.001605
267 0.001837
268 0.001971
269 0.001850
270 0.001753
271 0.001488
272 0.001764
273 0.001953
274 0.002248
275 0.002067
276 0.002006
277 0.002065
278 0.001811
279 0.001893
280 0.001871
281 0.001573
282 0.001478
283 0.002088
284 0.002072
285 0.001634
286 0.001505
287 0.001423
288 0.001575
289 0.001925
290 0.001673
291 0.002035
292 0.001750
293 0.002170
294 0.001933
295 0.001934
296 0.001944
297 0.002173
298 0.002072
299 0.002079
300 0.001881
301 0.001827
302 0.001897
303 0.001936
304 0.001921
305 0.001799
306 0.001828
307 0.001754
308 0.001730
309 0.002057
310 0.001909
311 0.001550
312 0.001836
313 0.002049
314 0.002065
315 0.001771
316 0.002029
317 0.002008
318 0.001710
319 0.001788
320 0.001644
321 0.001672
322 0.001804
323 0.001820
324 0.001830
325 0.001750
326 0.001930
327 0.001842
328 0.001994
329 0.001928
330 0.001776
331 0.001701
332 0.001664
333 0.001810
334 0.002025
335 0.001749
336 0.001702
337 0.001764
338 0.001847
339 0.002082
340 0.002002
341 0.002017
342 0.002060
343 0.001839
344 0.001892
345 0.001844
346 0.002079
347 0.001833
348 0.001902
349 0.001807
350 0.001795
351 0.001838
352 0.001880
353 0.002187
354 0.001788
355 0.001561
356 0.001615
357 0.001818
358 0.001582
359 0.002105
360 0.002011
361 0.002269
362 0.001904
363 0.002057
364 0.002093
365 0.001983
366 0.001876
367 0.001850
368 0.001808
369 0.001622
370 0.001872
371 0.002014
372 0.002209
373 0.001811
374 0.001636
375 0.001718
376 0.001678
377 0.001663
378 0.001833
379 0.002024
380 0.001929
381 0.001990
382 0.002064
383 0.002157
384 0.002019
385 0.002174
386 0.001734
387 0.001454
388 0.001741
389 0.001734
390 0.001509
391 0.001625
392 0.001837
393 0.002149
394 0.001793
395 0.002010
396 0.001968
397 0.001712
398 0.001700
399 0.001758
400 0.001701
401 0.001822
402 0.001704
403 0.001801
404 0.001613
405 0.001716
406 0.001845
407 0.001742
408 0.002036
409 0.001911
410 0.001577
411 0.001628
412 0.001625
413 0.001819
414 0.001888
415 0.001910
416 0.001937
417 0.001586
418 0.001534
419 0.002083
420 0.001747
421 0.002045
422 0.001754
423 0.001985
424 0.001722
425 0.001450
426 0.001547
427 0.001776
428 0.001876
429 0.001658
430 0.001727
431 0.001671
432 0.001696
433 0.001762
434 0.001942
435 0.001785
436 0.001930
437 0.001835
438 0.001841
439 0.001998
440 0.001962
441 0.001578
442 0.001670
443 0.001893
444 0.001803
445 0.002144
446 0.001817
447 0.001636
448 0.001880
449 0.001386
450 0.001560
451 0.001610
452 0.001770
453 0.002038
454 0.002232
455 0.001554
456 0.001488
457 0.001757
458 0.002042
459 0.001790
460 0.001816
461 0.002123
462 0.001758
463 0.001852
464 0.001838
465 0.001893
466 0.001910
467 0.001832
468 0.001626
469 0.001687
470 0.001726
471 0.002230
472 0.002056
473 0.001639
474 0.001825
475 0.001695
476 0.001825
477 0.001904
478 0.002088
479 0.001787
480 0.001899
481 0.002076
482 0.001810
483 0.001811
484 0.002113
485 0.002028
486 0.001901
487 0.002065
488 0.002146
489 0.001848
490 0.001773
491 0.001472
492 0.001956
493 0.001823
494 0.001990
495 0.001686
496 0.001476
497 0.001559
498 0.001253
499 0.001797
500 0.001667
501 0.001905
502 0.001958
503 0.001928
504 0.001731
505 0.001676
506 0.001683
507 0.001723
508 0.001708
509 0.001844
510 0.001920
511 0.001713
512 0.001691
513 0.001932
514 0.002053
515 0.002171
516 0.002159
517 0.001827
518 0.001930
519 0.001691
520 0.001753
521 0.002097
522 0.001712
523 0.001434
524 0.001752
525 0.001580
526 0.001777
527 0.001618
528 0.001564
529 0.001788
530 0.001596
531 0.001551
532 0.001735
533 0.001961
534 0.002362
535 0.001802
536 0.001753
537 0.001859
538 0.001603
539 0.001515
540 0.001805
541 0.001869
542 0.002020
543 0.001856
544 0.001931
545 0.001995
546 0.001823
547 0.001978
548 0.002059
549 0.002001
550 0.001739
551 0.001869
552 0.001749
553 0.001683
554 0.001815
555 0.002176
556 0.001821
557 0.001653
558 0.001392
559 0.001584
560 0.001508
561 0.002161
562 0.002032
563 0.001948
564 0.002098
565 0.001812
566 0.001650
567 0.001521
568 0.001404
569 0.001604
570 0.001903
571 0.001685
572 0.001712
573 0.001806
574 0.001455
575 0.001966
576 0.001650
577 0.001362
578 0.001687
579 0.001446
580 0.001684
581 0.001816
582 0.001937
583 0.001848
584 0.001476
585 0.001564
586 0.001809
587 0.001605
588 0.001797
589 0.001825
590 0.001909
591 0.001740
592 0.001877
593 0.001893
594 0.002036
595 0.002160
596 0.001732
597 0.002037
598 0.002216
599 0.002009
600 0.001901
601 0.001770
602 0.001620
603 0.001782
604 0.001931
605 0.001805
606 0.001986
607 0.001899
608 0.001668
609 0.002211
610 0.002141
611 0.001897
612 0.001595
613 0.001729
614 0.001865
615 0.001743
616 0.002032
617 0.001817
618 0.002213
619 0.001642
620 0.001927
621 0.001728
622 0.001280
623 0.001730
624 0.001848
625 0.001899
626 0.001771
627 0.001750
628 0.001992
629 0.001753
630 0.001681
631 0.001829
632 0.002002
633 0.001794
634 0.001703
635 0.001501
636 0.001737
637 0.001739
638 0.001597
639 0.001440
640 0.002024
641 0.001936
642 0.002055
643 0.001877
644 0.001666
645 0.001485
646 0.001725
647 0.001964
648 0.001701
649 0.001694
650 0.001858
651 0.001565
652 0.001638
653 0.001899
654 0.001688
655 0.001700
656 0.001610
657 0.001788
658 0.001629
659 0.001932
660 0.002006
661 0.001723
662 0.002042
663 0.001810
664 0.001755
665 0.001927
666 0.001882
667 0.001521
668 0.001801
669 0.001798
670 0.002106
671 0.002050
672 0.001900
673 0.002006
674 0.002126
675 0.001900
676 0.002009
677 0.001583
678 0.001753
679 0.001725
680 0.001613
681 0.001992
682 0.001810
683 0.001796
684 0.001549
685 0.001835
686 0.001764
687 0.001757
688 0.002182
689 0.002048
690 0.002172
691 0.001964
692 0.001879
693 0.001629
694 0.001767
695 0.001937
696 0.001801
697 0.001688
698 0.001963
699 0.001652
700 0.001908
701 0.001875
702 0.001736
703 0.001653
704 0.001885
705 0.002289
706 0.002103
707 0.001659
708 0.001935
709 0.001683
710 0.001459
711 0.001474
712 0.001712
713 0.001686
714 0.001643
715 0.001854
716 0.001515
717 0.001434
718 0.001784
719 0.001609
720 0.001847
721 0.001995
722 0.001711
723 0.001645
724 0.001508
725 0.001663
726 0.001573
727 0.001436
728 0.001542
729 0.001413
730 0.001433
731 0.001621
732 0.001602
733 0.001732
734 0.001829
735 0.001779
736 0.002048
737 0.001716
738 0.001556
739 0.001714
740 0.001909
741 0.001860
742 0.001574
743 0.001703
744 0.001662
745 0.001474
746 0.001690
747 0.001730
748 0.001858
749 0.001761
750 0.001863
751 0.001875
752 0.001631
753 0.001816
754 0.001710
755 0.001887
756 0.001966
757 0.001984
758 0.001811
759 0.001805
760 0.001554
761 0.001716
762 0.001871
763 0.001816
764 0.001465
765 0.001901
766 0.001787
767 0.001949
768 0.002445
769 0.002014
770 0.002038
771 0.001698
772 0.001843
773 0.001952
774 0.002236
775 0.001901
776 0.001719
777 0.001819
778 0.001472
779 0.001703
780 0.001832
781 0.001843
782 0.001907
783 0.001708
784 0.001659
785 0.001760
786 0.001934
787 0.001899
788 0.001782
789 0.001569
790 0.001785
791 0.001620
792 0.001947
793 0.001745
794 0.001883
795 0.001898
796 0.001794
797 0.001726
798 0.001475
799 0.001650
800 0.001949
801 0.001867
802 0.001481
803 0.001506
804 0.001894
805 0.001759
806 0.001821
807 0.002018
808 0.001759
809 0.001757
810 0.001612
811 0.001713
812 0.001395
813 0.001473
814 0.001668
815 0.001681
816 0.001858
817 0.001715
818 0.001647
819 0.001755
820 0.001588
821 0.001635
822 0.001577
823 0.001652
824 0.001940
825 0.001828
826 0.002020
827 0.001843
828 0.001902
829 0.001587
830 0.001735
831 0.002056
832 0.001865
833 0.001812
834 0.001573
835 0.001720
836 0.001575
837 0.001456
838 0.001468
839 0.001720
840 0.001476
841 0.001813
842 0.001690
843 0.001553
844 0.001677
845 0.001425
846 0.001539
847 0.001936
848 0.001916
849 0.001741
850 0.001584
851 0.001623
852 0.001610
853 0.001597
854 0.001681
855 0.001838
856 0.001732
857 0.001760
858 0.001452
859 0.001357
860 0.001596
861 0.001697
862 0.001782
863 0.001707
864 0.002096
865 0.001638
866 0.001531
867 0.001843
868 0.001979
869 0.002291
870 0.001721
871 0.002025
872 0.001727
873 0.001592
874 0.001984
875 0.001892
876 0.002075
877 0.001517
878 0.001713
879 0.001965
880 0.001800
881 0.001627
882 0.001797
883 0.002123
884 0.001938
885 0.001671
886 0.001983
887 0.001898
888 0.001744
889 0.001610
890 0.001710
891 0.001745
892 0.001605
893 0.001924
894 0.001682
895 0.001788
896 0.001712
897 0.001719
898 0.001779
899 0.001717
900 0.001834
901 0.002032
902 0.002074
903 0.002212
904 0.002069
905 0.001583
906 0.002003
907 0.002014
908 0.001780
909 0.001729
910 0.001929
911 0.001871
912 0.002006
913 0.001956
914 0.001699
915 0.001748
916 0.001716
917 0.002005
918 0.001724
919 0.001595
920 0.001697
921 0.001543
922 0.001951
923 0.002091
924 0.002081
925 0.002030
926 0.001863
927 0.001759
928 0.001942
929 0.001749
930 0.002193
931 0.001923
932 0.002042
933 0.001916
934 0.001823
935 0.001849
936 0.001597
937 0.001805
938 0.001607
939 0.001746
940 0.001895
941 0.002155
942 0.001645
943 0.001682
944 0.001569
945 0.001509
946 0.001701
947 0.001685
948 0.001760
949 0.001759
950 0.001928
951 0.001753
952 0.001806
953 0.001478
954 0.001918
955 0.001832
956 0.001874
957 0.001755
958 0.001937
959 0.001530
960 0.001850
961 0.001609
962 0.001854
963 0.001889
964 0.001575
965 0.001638
966 0.001620
967 0.001774
968 0.001595
969 0.001718
970 0.001836
971 0.001910
972 0.001848
973 0.001953
974 0.001921
975 0.001860
976 0.001369
977 0.001443
978 0.001864
979 0.001888
980 0.001372
981 0.001616
982 0.001716
983 0.001546
984 0.001546
985 0.001663
986 0.001706
987 0.001591
988 0.001530
989 0.001600
990 0.001639
991 0.001618
992 0.001519
993 0.001699
994 0.001756
995 0.001735
996 0.001635
997 0.001874
998 0.001960
999 0.001736
