0 0.000000
1 0.000000
2 0.000000
3 0.000000
4 0.000000
5 0.000000
6 0.000000
7 0.000000
8 0.000000
9 0.000000
10 1.000000
11 1.186951
12 1.622747
13 1.712866
14 1.645134
15 1.645140
16 1.547967
17 1.562808
18 1.339345
19 0.845101
20 0.641659
21 0.423873
22 0.167381
23 0.031726
24 0.027568
25 0.020208
26 0.012529
27 0.012027
28 0.011923
29 0.009240
30 0.010090
31 0.009008
32 0.007596
33 0.008071
34 0.007909
35 0.007500
36 0.007542
37 0.005844
38 0.007043
39 0.007391
40 0.006771
41 0.006449
42 0.006129
43 0.005409
44 0.005730
45 0.005275
46 0.005741
47 0.005932
48 0.006015
49 0.006812
50 0.006021
51 0.005800
52 0.006141
53 0.006270
54 0.006364
55 0.005449
56 0.005859
57 0.005661
58 0.005301
59 0.005170
60 0.005339
61 0.004879
62 0.004972
63 0.005466
64 0.005173
65 0.005380
66 0.005936
67 0.005775
68 0.005765
69 0.004995
70 0.006376
71 0.006018
72 0.005941
73 0.006096
74 0.004932
75 0.004337
76 0.004383
77 0.005113
78 0.004989
79 0.004790
80 0.005116
81 0.005345
82 0.005786
83 0.005609
84 0.004710
85 0.004617
86 0.004545
87 0.005132
88 0.004881
89 0.004783
90 0.004649
91 0.005299
92 0.005213
93 0.005221
94 0.004633
95 0.004703
96 0.005142
97 0.004959
98 0.005246
99 0.006090
100 0.005979
101 0.005639
102 0.005415
103 0.004732
104 0.005099
105 0.004655
106 0.004700
107 0.005097
108 0.004968
109 0.004755
110 0.004580
111 0.005196
112 0.006137
113 0.005477
114 0.005594
115 0.005763
116 0.005421
117 0.004522
118 0.004467
119 0.004681
120 0.004276
121 0.004253
122 0.005230
123 0.005278
124 0.005202
125 0.004982
126 0.004584
127 0.005228
128 0.005951
129 0.005492
130 0.005413
131 0.004791
132 0.004148
133 0.004334
134 0.004718
135 0.005180
136 0.004998
137 0.004888
138 0.004752
139 0.005574
140 0.005679
141 0.005333
142 0.005496
143 0.005725
144 0.005554
145 0.005626
146 0.005673
147 0.005308
148 0.004354
149 0.004549
150 0.004606
151 0.005136
152 0.005432
153 0.005289
154 0.005081
155 0.005067
156 0.005242
157 0.005155
158 0.004972
159 0.005016
160 0.004742
161 0.005001
162 0.005005
163 0.005125
164 0.004239
165 0.003894
166 0.004615
167 0.005115
168 0.005233
169 0.005233
170 0.005105
171 0.004897
172 0.004908
173 0.004445
174 0.004597
175 0.004445
176 0.004770
177 0.004200
178 0.004634
179 0.005035
180 0.004682
181 0.004405
182 0.004602
183 0.005443
184 0.004624
185 0.005087
186 0.004813
187 0.005024
188 0.004682
189 0.004111
190 0.004129
191 0.004178
192 0.004475
193 0.004921
194 0.004725
195 0.003976
196 0.004919
197 0.004582
198 0.004465
199 0.004648
200 0.004916
201 0.005048
202 0.004669
203 0.005040
204 0.004533
205 0.004230
206 0.004188
207 0.004338
208 0.004113
209 0.003860
210 0.003471
211 0.004140
212 0.004707
213 0.004839
214 0.003806
215 0.004243
216 0.004824
217 0.004524
218 0.004730
219 0.005040
220 0.005056
221 0.004851
222 0.004631
223 0.005170
224 0.005135
225 0.004788
226 0.004730
227 0.005081
228 0.004913
229 0.004071
230 0.004230
231 0.005139
232 0.005064
233 0.004724
234 0.005328
235 0.005465
236 0.005696
237 0.004683
238 0.003837
239 0.004505
240 0.004342
241 0.005024
242 0.004722
243 0.004810
244 0.005328
245 0.004699
246 0.004544
247 0.004378
248 0.003976
249 0.004572
250 0.004660
251 0.003966
252 0.003862
253 0.004553
254 0.004876
255 0.005375
256 0.005803
257 0.005731
258 0.004347
259 0.004131
260 0.004168
261 0.003507
262 0.004224
263 0.005571
264 0.004919
265 0.004889
266 0.005166
267 0.004892
268 0.004783
269 0.005233
270 0.004484
271 0.004530
272 0.004831
273 0.004166
274 0.003933
275 0.004275
276 0.004852
277 0.004544
278 0.004915
279 0.005197
280 0.004290
281 0.003945
282 0.003795
283 0.004114
284 0.004440
285 0.003816
286 0.004169
287 0.004301
288 0.004526
289 0.004699
290 0.005252
291 0.005368
292 0.005415
293 0.005261
294 0.005242
295 0.004531
296 0.004056
297 0.005009
298 0.004527
299 0.003941
300 0.004668
301 0.004118
302 0.004375
303 0.004484
304 0.004480
305 0.004860
306 0.004421
307 0.004051
308 0.004164
309 0.004709
310 0.004268
311 0.004162
312 0.004466
313 0.004265
314 0.004405
315 0.004742
316 0.004895
317 0.004758
318 0.004555
319 0.005280
320 0.005986
321 0.005439
322 0.004665
323 0.004530
324 0.004841
325 0.004851
326 0.004426
327 0.004928
328 0.004858
329 0.003959
330 0.003707
331 0.004030
332 0.004477
333 0.004237
334 0.004316
335 0.003933
336 0.004227
337 0.004411
338 0.005172
339 0.004726
340 0.004953
341 0.005234
342 0.004470
343 0.004773
344 0.004414
345 0.004127
346 0.004154
347 0.003825
348 0.003899
349 0.003984
350 0.004065
351 0.004687
352 0.004084
353 0.004010
354 0.004076
355 0.004410
356 0.004126
357 0.004791
358 0.004684
359 0.004274
360 0.004376
361 0.004490
362 0.004703
363 0.004203
364 0.004251
365 0.004090
366 0.004357
367 0.004669
368 0.004540
369 0.004290
370 0.003899
371 0.004351
372 0.004783
373 0.004506
374 0.004448
375 0.004530
376 0.004894
377 0.004362
378 0.004095
379 0.004201
380 0.004833
381 0.004680
382 0.004129
383 0.003914
384 0.004424
385 0.004394
386 0.004338
387 0.004761
388 0.004850
389 0.004393
390 0.004271
391 0.004291
392 0.004971
393 0.005115
394 0.004324
395 0.004117
396 0.004700
397 0.004250
398 0.004684
399 0.004709
400 0.004501
401 0.003895
402 0.003701
403 0.003806
404 0.004266
405 0.004447
406 0.004535
407 0.004599
408 0.004250
409 0.004353
410 0.003982
411 0.004532
412 0.004444
413 0.004681
414 0.004432
415 0.004383
416 0.004420
417 0.004322
418 0.004443
419 0.004355
420 0.004312
421 0.004342
422 0.003970
423 0.004185
424 0.003895
425 0.003762
426 0.004282
427 0.003821
428 0.004217
429 0.005145
430 0.005030
431 0.005108
432 0.005008
433 0.004842
434 0.004456
435 0.005025
436 0.005533
437 0.004758
438 0.004442
439 0.005026
440 0.004853
441 0.004499
442 0.004098
443 0.004202
444 0.003605
445 0.004041
446 0.004046
447 0.004044
448 0.004564
449 0.004370
450 0.004811
451 0.004646
452 0.005536
453 0.005363
454 0.006144
455 0.006111
456 0.004497
457 0.004299
458 0.004380
459 0.004682
460 0.004655
461 0.004284
462 0.004545
463 0.004100
464 0.005146
465 0.004860
466 0.004906
467 0.005012
468 0.005059
469 0.004977
470 0.004983
471 0.004788
472 0.004689
473 0.004944
474 0.004648
475 0.005048
476 0.004503
477 0.004900
478 0.004746
479 0.004508
480 0.004929
481 0.004572
482 0.004793
483 0.005280
484 0.004919
485 0.004997
486 0.004784
487 0.004314
488 0.004436
489 0.004783
490 0.005113
491 0.004814
492 0.004260
493 0.004327
494 0.004480
495 0.003970
496 0.004075
497 0.003764
498 0.004282
499 0.004030
500 0.004333
501 0.004368
502 0.004924
503 0.005301
504 0.005098
505 0.004450
506 0.004210
507 0.004112
508 0.004364
509 0.004333
510 0.003927
511 0.004522
512 0.004465
513 0.004245
514 0.004250
515 0.004872
516 0.005578
517 0.005655
518 0.004919
519 0.004517
520 0.003841
521 0.004280
522 0.004374
523 0.004639
524 0.003715
525 0.004318
526 0.004005
527 0.003852
528 0.004404
529 0.005156
530 0.005531
531 0.005479
532 0.004784
533 0.004445
534 0.003974
535 0.004196
536 0.004087
537 0.003932
538 0.004053
539 0.004660
540 0.004580
541 0.004764
542 0.004935
543 0.004213
544 0.004743
545 0.004244
546 0.004345
547 0.004600
548 0.004487
549 0.004318
550 0.004599
551 0.004586
552 0.004807
553 0.005264
554 0.004872
555 0.004114
556 0.004720
557 0.004467
558 0.004543
559 0.003686
560 0.003572
561 0.003810
562 0.004257
563 0.005003
564 0.004941
565 0.004238
566 0.004125
567 0.004222
568 0.004758
569 0.004192
570 0.005102
571 0.005010
572 0.004205
573 0.003852
574 0.003971
575 0.004340
576 0.004384
577 0.004493
578 0.004710
579 0.004454
580 0.004722
581 0.004012
582 0.003920
583 0.004759
584 0.004981
585 0.004440
586 0.004664
587 0.005175
588 0.004516
589 0.004534
590 0.004355
591 0.004718
592 0.004517
593 0.004817
594 0.004482
595 0.004288
596 0.004287
597 0.004656
598 0.004731
599 0.004118
600 0.004276
601 0.004256
602 0.004323
603 0.004692
604 0.004695
605 0.004307
606 0.004239
607 0.004609
608 0.004799
609 0.004649
610 0.004350
611 0.004047
612 0.004382
613 0.004077
614 0.003929
615 0.003969
616 0.004236
617 0.004742
618 0.003922
619 0.004114
620 0.004031
621 0.004083
622 0.004074
623 0.004848
624 0.004757
625 0.004230
626 0.005123
627 0.004750
628 0.005326
629 0.005007
630 0.004994
631 0.004598
632 0.004592
633 0.004632
634 0.004456
635 0.005164
636 0.004591
637 0.004710
638 0.004392
639 0.004343
640 0.003822
641 0.003868
642 0.004255
643 0.005092
644 0.004611
645 0.005114
646 0.003974
647 0.003747
648 0.003517
649 0.003762
650 0.003817
651 0.003905
652 0.003905
653 0.003922
654 0.003644
655 0.004173
656 0.005028
657 0.004588
658 0.004763
659 0.004361
660 0.004766
661 0.004568
662 0.004741
663 0.004624
664 0.004392
665 0.004692
666 0.005555
667 0.004696
668 0.004834
669 0.004837
670 0.005227
671 0.004921
672 0.004768
673 0.004837
674 0.005091
675 0.004988
676 0.004783
677 0.004188
678 0.004356
679 0.003910
680 0.004422
681 0.004480
682 0.003515
683 0.004278
684 0.004468
685 0.004461
686 0.004255
687 0.004088
688 0.003930
689 0.004371
690 0.004220
691 0.004378
692 0.004176
693 0.004362
694 0.003517
695 0.003721
696 0.004914
697 0.004815
698 0.004340
699 0.004206
700 0.004030
701 0.004151
702 0.004107
703 0.003781
704 0.004484
705 0.004215
706 0.004592
707 0.004606
708 0.004619
709 0.005325
710 0.004744
711 0.004928
712 0.004576
713 0.004432
714 0.004505
715 0.003949
716 0.004050
717 0.004435
718 0.004381
719 0.003982
720 0.003881
721 0.004319
722 0.004558
723 0.004612
724 0.004877
725 0.004684
726 0.003886
727 0.004052
728 0.004464
729 0.004233
730 0.004087
731 0.003765
732 0.004032
733 0.004716
734 0.004472
735 0.004071
736 0.003613
737 0.003466
738 0.003534
739 0.004039
740 0.004415
741 0.004673
742 0.004448
743 0.004905
744 0.005065
745 0.004447
746 0.004003
747 0.004808
748 0.005179
749 0.005381
750 0.004942
751 0.004860
752 0.004361
753 0.004039
754 0.004354
755 0.004928
756 0.004646
757 0.004344
758 0.004740
759 0.004875
760 0.004706
761 0.004156
762 0.004104
763 0.003707
764 0.004043
765 0.004250
766 0.004446
767 0.004834
768 0.004478
769 0.003984
770 0.003954
771 0.004106
772 0.004239
773 0.004084
774 0.004739
775 0.004600
776 0.005106
777 0.004695
778 0.004008
779 0.004064
780 0.004618
781 0.004741
782 0.005091
783 0.004262
784 0.004485
785 0.004479
786 0.004143
787 0.004568
788 0.004424
789 0.004142
790 0.004114
791 0.003957
792 0.004343
793 0.004506
794 0.004460
795 0.004023
796 0.003889
797 0.004496
798 0.004003
799 0.004617
800 0.004644
801 0.004587
802 0.004171
803 0.005120
804 0.004818
805 0.004881
806 0.004433
807 0.004294
808 0.004096
809 0.004435
810 0.005040
811 0.004730
812 0.004163
813 0.004652
814 0.004112
815 0.004239
816 0.004149
817 0.004834
818 0.005100
819 0.005024
820 0.004799
821 0.004999
822 0.005295
823 0.004885
824 0.004422
825 0.004615
826 0.004578
827 0.004970
828 0.004212
829 0.004259
830 0.004409
831 0.004298
832 0.004322
833 0.003686
834 0.003936
835 0.004440
836 0.005123
837 0.005355
838 0.004512
839 0.004581
840 0.004426
841 0.004450
842 0.004100
843 0.004365
844 0.004987
845 0.005151
846 0.004776
847 0.004797
848 0.004602
849 0.004682
850 0.004729
851 0.004475
852 0.004098
853 0.004059
854 0.004021
855 0.004542
856 0.004454
857 0.004463
858 0.004370
859 0.004767
860 0.004634
861 0.004691
862 0.004596
863 0.005174
864 0.005444
865 0.004650
866 0.004611
867 0.004091
868 0.004735
869 0.004158
870 0.004439
871 0.004402
872 0.004317
873 0.004012
874 0.004402
875 0.004735
876 0.005434
877 0.004447
878 0.004369
879 0.003624
880 0.003824
881 0.004609
882 0.004455
883 0.004865
884 0.005613
885 0.005362
886 0.005009
887 0.004555
888 0.004351
889 0.004347
890 0.004175
891 0.004632
892 0.004275
893 0.004210
894 0.003962
895 0.004557
896 0.004879
897 0.004998
898 0.004522
899 0.005071
900 0.004176
901 0.005157
902 0.004705
903 0.004593
904 0.004229
905 0.004587
906 0.004799
907 0.004762
908 0.004999
909 0.005428
910 0.005117
911 0.004548
912 0.004107
913 0.003998
914 0.005045
915 0.005382
916 0.005075
917 0.004573
918 0.004754
919 0.004719
920 0.005173
921 0.005545
922 0.005643
923 0.005267
924 0.004944
925 0.004585
926 0.004159
927 0.004007
928 0.004959
929 0.004643
930 0.004348
931 0.004375
932 0.005098
933 0.004689
934 0.004211
935 0.003769
936 0.004289
937 0.004841
938 0.004736
939 0.005305
940 0.004964
941 0.004780
942 0.004516
943 0.004286
944 0.005007
945 0.005254
946 0.005140
947 0.004517
948 0.004556
949 0.004276
950 0.004803
951 0.004789
952 0.004943
953 0.003890
954 0.004345
955 0.004402
956 0.004443
957 0.004537
958 0.004433
959 0.004467
960 0.003849
961 0.004263
962 0.004048
963 0.004691
964 0.004155
965 0.004293
966 0.004545
967 0.004726
968 0.004841
969 0.004398
970 0.003846
971 0.003424
972 0.003023
973 0.003656
974 0.003808
975 0.003784
976 0.003828
977 0.004404
978 0.004616
979 0.004412
980 0.004532
981 0.004581
982 0.004589
983 0.004238
984 0.004241
985 0.004495
986 0.004523
987 0.004091
988 0.004139
989 0.004237
990 0.004965
991 0.004722
992 0.005476
993 0.005920
994 0.005793
995 0.005232
996 0.004976
997 0.004907
998 0.005394
999 0.005053
