0 0.000000
1 0.000000
2 0.000000
3 0.000000
4 0.000000
5 1.000000
6 1.036051
7 0.946215
8 1.110943
9 1.302628
10 1.101336
11 1.260806
12 1.312054
13 1.455111
14 2.051201
15 4.597804
16 13.921517
17 2.636930
18 2.015473
19 1.441799
20 1.247371
21 0.987125
22 0.941496
23 0.810270
24 0.742131
25 0.707724
26 0.549627
27 0.777806
28 0.715894
29 0.584386
30 0.585901
31 0.578917
32 0.595844
33 0.457065
34 0.515040
35 0.617776
36 0.492049
37 0.563610
38 0.542812
39 0.450294
40 0.444010
41 0.383705
42 0.495570
43 0.461857
44 0.426841
45 0.422882
46 0.399525
47 0.460386
48 0.443442
49 0.406823
50 0.408010
51 0.390138
52 0.440341
53 0.459872
54 0.532813
55 0.396022
56 0.393989
57 0.446327
58 0.422771
59 0.367020
60 0.439416
61 0.328099
62 0.384565
63 0.386040
64 0.435095
65 0.375538
66 0.439398
67 0.316346
68 0.378159
69 0.460308
70 0.491707
71 0.402763
72 0.397408
73 0.433585
74 0.338254
75 0.426720
76 0.415467
77 0.426591
78 0.418003
79 0.399584
80 0.389239
81 0.339090
82 0.385757
83 0.354968
84 0.400948
85 0.433092
86 0.334427
87 0.342203
88 0.476755
89 0.402299
90 0.459826
91 0.345176
92 0.382673
93 0.440850
94 0.368054
95 0.323834
96 0.410595
97 0.325731
98 0.376560
99 0.347957
100 0.352996
101 0.340309
102 0.344518
103 0.432808
104 0.454676
105 0.345177
106 0.404695
107 0.383198
108 0.397437
109 0.350571
110 0.336804
111 0.401298
112 0.436365
113 0.371599
114 0.409459
115 0.381959
116 0.439521
117 0.414936
118 0.411499
119 0.363668
120 0.364777
121 0.392188
122 0.325493
123 0.360140
124 0.366553
125 0.355838
126 0.372705
127 0.348414
128 0.450438
129 0.409947
130 0.334737
131 0.367680
132 0.334322
133 0.406972
134 0.327947
135 0.364987
136 0.388862
137 0.379675
138 0.428974
139 0.288846
140 0.336949
141 0.325380
142 0.359536
143 0.355765
144 0.379424
145 0.349106
146 0.327411
147 0.341544
148 0.347212
149 0.328089
150 0.342625
151 0.323221
152 0.361331
153 0.338824
154 0.338924
155 0.357704
156 0.339575
157 0.412222
158 0.329618
159 0.351978
160 0.398447
161 0.285111
162 0.339453
163 0.427806
164 0.326923
165 0.400639
166 0.298778
167 0.354939
168 0.317115
169 0.363845
170 0.352728
171 0.316914
172 0.396053
173 0.390655
174 0.390934
175 0.363019
176 0.342706
177 0.380302
178 0.341603
179 0.373308
180 0.352300
181 0.338460
182 0.361676
183 0.375882
184 0.367970
185 0.358245
186 0.322081
187 0.376083
188 0.356908
189 0.337156
190 0.376677
191 0.388044
192 0.346537
193 0.377722
194 0.355521
195 0.374220
196 0.335259
197 0.386787
198 0.347089
199 0.351128
200 0.267505
201 0.312810
202 0.400231
203 0.341329
204 0.329132
205 0.345679
206 0.340614
207 0.338515
208 0.303574
209 0.369710
210 0.388109
211 0.328209
212 0.400926
213 0.390040
214 0.333071
215 0.277414
216 0.344813
217 0.386699
218 0.342142
219 0.379016
220 0.370714
221 0.357951
222 0.350162
223 0.406710
224 0.347322
225 0.344027
226 0.336462
227 0.364142
228 0.353466
229 0.287147
230 0.278474
231 0.339331
232 0.319664
233 0.431837
234 0.299265
235 0.322902
236 0.304312
237 0.316191
238 0.420786
239 0.425672
240 0.299219
241 0.375269
242 0.415048
243 0.408248
244 0.403829
245 0.382092
246 0.305388
247 0.356073
248 0.332951
249 0.388071
250 0.338292
251 0.372142
252 0.365684
253 0.319392
254 0.310192
255 0.285183
256 0.328183
257 0.305003
258 0.369583
259 0.342431
260 0.303612
261 0.323060
262 0.323874
263 0.340554
264 0.382894
265 0.344877
266 0.318596
267 0.328335
268 0.349633
269 0.268184
270 0.395609
271 0.327644
272 0.354100
273 0.323389
274 0.359197
275 0.405201
276 0.326039
277 0.322512
278 0.354926
279 0.333549
280 0.308347
281 0.355678
282 0.380611
283 0.356863
284 0.383827
285 0.369549
286 0.294953
287 0.367040
288 0.404763
289 0.341989
290 0.346560
291 0.382186
292 0.328234
293 0.346252
294 0.381851
295 0.316504
296 0.297534
297 0.280223
298 0.363179
299 0.336373
300 0.324404
301 0.273684
302 0.289981
303 0.331260
304 0.380080
305 0.336172
306 0.344483
307 0.360484
308 0.332664
309 0.339040
310 0.306326
311 0.391876
312 0.365654
313 0.347954
314 0.352556
315 0.359388
316 0.355783
317 0.294395
318 0.252098
319 0.339805
320 0.313516
321 0.301070
322 0.337967
323 0.387433
324 0.335565
325 0.315577
326 0.313794
327 0.386603
328 0.380428
329 0.388651
330 0.365018
331 0.349417
332 0.321984
333 0.370941
334 0.292453
335 0.327025
336 0.352455
337 0.312427
338 0.395375
339 0.369916
340 0.315862
341 0.347872
342 0.338975
343 0.325617
344 0.332942
345 0.364877
346 0.330512
347 0.323836
348 0.309771
349 0.341621
350 0.382787
351 0.342403
352 0.374637
353 0.266617
354 0.358275
355 0.262828
356 0.352691
357 0.340652
358 0.327217
359 0.333508
360 0.315909
361 0.337917
362 0.312498
363 0.356444
364 0.289711
365 0.334118
366 0.336352
367 0.327721
368 0.325499
369 0.390971
370 0.323532
371 0.381652
372 0.347874
373 0.344475
374 0.302856
375 0.384388
376 0.349852
377 0.370175
378 0.328360
379 0.337845
380 0.323726
381 0.348407
382 0.335163
383 0.339781
384 0.308096
385 0.321805
386 0.310478
387 0.329088
388 0.316658
389 0.356308
390 0.332440
391 0.360298
392 0.325860
393 0.326276
394 0.304145
395 0.316797
396 0.429887
397 0.344676
398 0.321474
399 0.385977
400 0.353275
401 0.336777
402 0.315096
403 0.315259
404 0.288080
405 0.355582
406 0.326028
407 0.335835
408 0.351046
409 0.400107
410 0.327144
411 0.323794
412 0.336206
413 0.321818
414 0.319303
415 0.330007
416 0.383677
417 0.341986
418 0.308679
419 0.337216
420 0.321641
421 0.333268
422 0.392132
423 0.358660
424 0.310763
425 0.337895
426 0.352907
427 0.344681
428 0.346697
429 0.324787
430 0.284764
431 0.371287
432 0.369097
433 0.325362
434 0.305517
435 0.350168
436 0.347376
437 0.352197
438 0.303725
439 0.346411
440 0.332893
441 0.346867
442 0.321647
443 0.395211
444 0.376246
445 0.312798
446 0.365800
447 0.346002
448 0.375411
449 0.326479
450 0.307187
451 0.356587
452 0.299855
453 0.307824
454 0.349506
455 0.329982
456 0.336057
457 0.341509
458 0.376169
459 0.448830
460 0.341889
461 0.368541
462 0.371779
463 0.358699
464 0.294910
465 0.356257
466 0.287728
467 0.298345
468 0.266587
469 0.340714
470 0.294823
471 0.379680
472 0.360056
473 0.388783
474 0.302952
475 0.268017
476 0.341995
477 0.306188
478 0.308276
479 0.357557
480 0.362604
481 0.284429
482 0.364568
483 0.357188
484 0.335559
485 0.371575
486 0.340692
487 0.298764
488 0.428240
489 0.355888
490 0.300125
491 0.325412
492 0.354536
493 0.287976
494 0.350519
495 0.314490
496 0.327124
497 0.345699
498 0.292271
499 0.323737
500 0.357304
501 0.354573
502 0.376133
503 0.283998
504 0.345519
505 0.351567
506 0.313517
507 0.334575
508 0.360501
509 0.348298
510 0.321004
511 0.298330
512 0.310485
513 0.376858
514 0.317385
515 0.273683
516 0.321646
517 0.312000
518 0.319540
519 0.332824
520 0.285317
521 0.354617
522 0.294797
523 0.314448
524 0.342925
525 0.329390
526 0.350446
527 0.314985
528 0.310622
529 0.314842
530 0.376996
531 0.276507
532 0.341692
533 0.326375
534 0.333481
535 0.364384
536 0.360264
537 0.364754
538 0.307335
539 0.296035
540 0.302138
541 0.285867
542 0.336224
543 0.301295
544 0.290384
545 0.381165
546 0.332578
547 0.332665
548 0.359028
549 0.328697
550 0.311736
551 0.347422
552 0.304547
553 0.369786
554 0.386693
555 0.311104
556 0.367765
557 0.297501
558 0.345540
559 0.373023
560 0.326461
561 0.349096
562 0.365763
563 0.338590
564 0.316098
565 0.359915
566 0.305591
567 0.323821
568 0.277954
569 0.365412
570 0.327205
571 0.301913
572 0.357807
573 0.336001
574 0.386581
575 0.337729
576 0.352824
577 0.335802
578 0.351427
579 0.333459
580 0.329980
581 0.341652
582 0.306560
583 0.342615
584 0.305176
585 0.370638
586 0.369674
587 0.326780
588 0.265108
589 0.338685
590 0.358453
591 0.319197
592 0.362776
593 0.331754
594 0.301166
595 0.333704
596 0.309592
597 0.338763
598 0.317693
599 0.336776
600 0.287702
601 0.250176
602 0.352809
603 0.306222
604 0.391598
605 0.356654
606 0.365282
607 0.360011
608 0.343969
609 0.350016
610 0.351836
611 0.372039
612 0.352269
613 0.350597
614 0.321608
615 0.363969
616 0.347427
617 0.383058
618 0.367741
619 0.334771
620 0.336646
621 0.328011
622 0.359528
623 0.385618
624 0.345720
625 0.306344
626 0.338274
627 0.321373
628 0.333905
629 0.320218
630 0.323354
631 0.363094
632 0.321546
633 0.303184
634 0.325268
635 0.347589
636 0.304109
637 0.355374
638 0.353999
639 0.344080
640 0.329943
641 0.340888
642 0.308715
643 0.383210
644 0.354053
645 0.259013
646 0.321504
647 0.385662
648 0.414426
649 0.360446
650 0.298071
651 0.278385
652 0.360603
653 0.334952
654 0.344374
655 0.356158
656 0.395104
657 0.277368
658 0.331595
659 0.344980
660 0.304802
661 0.370819
662 0.386693
663 0.374260
664 0.314050
665 0.342623
666 0.416538
667 0.340476
668 0.315717
669 0.322957
670 0.343475
671 0.332687
672 0.326464
673 0.383211
674 0.326091
675 0.322609
676 0.308120
677 0.330634
678 0.313352
679 0.335420
680 0.357252
681 0.371196
682 0.384651
683 0.302084
684 0.263490
685 0.305825
686 0.266103
687 0.310072
688 0.340179
689 0.366725
690 0.353388
691 0.357320
692 0.315500
693 0.298088
694 0.353314
695 0.371216
696 0.348288
697 0.280233
698 0.323514
699 0.370847
700 0.320593
701 0.329513
702 0.349127
703 0.313567
704 0.306958
705 0.375783
706 0.359804
707 0.337570
708 0.372600
709 0.377767
710 0.375923
711 0.353671
712 0.347309
713 0.294673
714 0.309132
715 0.302721
716 0.322514
717 0.369993
718 0.332673
719 0.364093
720 0.325017
721 0.362414
722 0.317416
723 0.302213
724 0.346948
725 0.309972
726 0.383710
727 0.330488
728 0.342571
729 0.366009
730 0.376482
731 0.358312
732 0.327471
733 0.312545
734 0.295716
735 0.349397
736 0.327421
737 0.315739
738 0.352790
739 0.318597
740 0.395879
741 0.333676
742 0.354636
743 0.348909
744 0.316830
745 0.302293
746 0.340613
747 0.334856
748 0.358587
749 0.373091
750 0.316523
751 0.348004
752 0.313370
753 0.302933
754 0.370903
755 0.312133
756 0.314683
757 0.385998
758 0.299096
759 0.335145
760 0.339106
761 0.302554
762 0.289295
763 0.350076
764 0.283246
765 0.264156
766 0.311194
767 0.360026
768 0.299319
769 0.331444
770 0.298175
771 0.303217
772 0.304053
773 0.300663
774 0.330010
775 0.334174
776 0.373718
777 0.320440
778 0.285240
779 0.295891
780 0.334933
781 0.309181
782 0.391430
783 0.292601
784 0.332442
785 0.307311
786 0.355617
787 0.305685
788 0.348395
789 0.344978
790 0.323642
791 0.352996
792 0.346082
793 0.414673
794 0.362874
795 0.283307
796 0.304340
797 0.316374
798 0.292400
799 0.335335
800 0.312591
801 0.351836
802 0.322181
803 0.361929
804 0.382223
805 0.353011
806 0.344147
807 0.297775
808 0.352629
809 0.382307
810 0.352888
811 0.365815
812 0.332668
813 0.374510
814 0.304657
815 0.303906
816 0.297114
817 0.295741
818 0.360467
819 0.402354
820 0.366175
821 0.342678
822 0.381510
823 0.347927
824 0.331223
825 0.330077
826 0.322895
827 0.329200
828 0.362595
829 0.354464
830 0.299069
831 0.307101
832 0.353838
833 0.355387
834 0.328344
835 0.375840
836 0.322364
837 0.373371
838 0.334120
839 0.369027
840 0.325649
841 0.315416
842 0.369089
843 0.354221
844 0.299519
845 0.332328
846 0.321034
847 0.304757
848 0.269470
849 0.373441
850 0.379238
851 0.282061
852 0.318757
853 0.338299
854 0.366602
855 0.321236
856 0.349261
857 0.339675
858 0.321679
859 0.299299
860 0.359172
861 0.391526
862 0.329818
863 0.312058
864 0.303200
865 0.316353
866 0.384770
867 0.353421
868 0.311686
869 0.289190
870 0.329311
871 0.368373
872 0.300730
873 0.322647
874 0.367889
875 0.309584
876 0.347342
877 0.341838
878 0.308254
879 0.393332
880 0.326848
881 0.377274
882 0.289805
883 0.310647
884 0.375673
885 0.363993
886 0.363396
887 0.359418
888 0.331776
889 0.334236
890 0.343887
891 0.316813
892 0.291221
893 0.362472
894 0.369401
895 0.326665
896 0.314862
897 0.328552
898 0.348778
899 0.365746
900 0.405691
901 0.322360
902 0.293463
903 0.375704
904 0.310921
905 0.331856
906 0.334868
907 0.371210
908 0.383688
909 0.345069
910 0.350248
911 0.340498
912 0.344983
913 0.301160
914 0.335595
915 0.338203
916 0.335671
917 0.288452
918 0.284361
919 0.276295
920 0.360980
921 0.389750
922 0.352094
923 0.318214
924 0.309451
925 0.309561
926 0.337563
927 0.276296
928 0.347230
929 0.383196
930 0.383971
931 0.308139
932 0.340302
933 0.341764
934 0.316026
935 0.408086
936 0.279834
937 0.338624
938 0.350631
939 0.302113
940 0.333188
941 0.340119
942 0.274416
943 0.364896
944 0.313281
945 0.318450
946 0.342124
947 0.323126
948 0.326608
949 0.333308
950 0.402747
951 0.373265
952 0.282951
953 0.359625
954 0.346657
955 0.264988
956 0.295099
957 0.337633
958 0.344390
959 0.369320
960 0.318940
961 0.339071
962 0.294448
963 0.368922
964 0.299805
965 0.416543
966 0.398582
967 0.371131
968 0.322867
969 0.325531
970 0.391808
971 0.360833
972 0.346924
973 0.341600
974 0.379826
975 0.377032
976 0.391966
977 0.288183
978 0.294203
979 0.345306
980 0.336802
981 0.329794
982 0.350148
983 0.341168
984 0.369786
985 0.374459
986 0.284373
987 0.346903
988 0.322743
989 0.304663
990 0.402996
991 0.290288
992 0.358666
993 0.297059
994 0.327760
995 0.334261
996 0.384431
997 0.312954
998 0.370408
999 0.299421
