0 0.000000
1 0.000000
2 0.000000
3 0.000000
4 0.000000
5 1.000000
6 0.928715
7 0.831780
8 0.837030
9 0.789376
10 0.614884
11 0.664113
12 0.495368
13 0.435596
14 0.395476
15 0.159177
16 0.103654
17 0.036000
18 0.011853
19 0.006195
20 0.005237
21 0.005709
22 0.005338
23 0.004301
24 0.003633
25 0.003865
26 0.002893
27 0.002952
28 0.003088
29 0.002695
30 0.003027
31 0.002977
32 0.002569
33 0.002712
34 0.002096
35 0.002410
36 0.003036
37 0.002683
38 0.002185
39 0.002177
40 0.001984
41 0.002304
42 0.001910
43 0.002349
44 0.002363
45 0.002149
46 0.002319
47 0.001933
48 0.002099
49 0.001880
50 0.001789
51 0.001822
52 0.001692
53 0.001958
54 0.002143
55 0.002008
56 0.001736
57 0.001765
58 0.001972
59 0.002032
60 0.001970
61 0.001876
62 0.002244
63 0.001775
64 0.002148
65 0.001728
66 0.001855
67 0.001876
68 0.001845
69 0.001830
70 0.001643
71 0.002059
72 0.001730
73 0.001999
74 0.001859
75 0.001986
76 0.001831
77 0.002036
78 0.001911
79 0.001781
80 0.002069
81 0.001713
82 0.001644
83 0.001853
84 0.001821
85 0.001864
86 0.001711
87 0.001913
88 0.002027
89 0.001733
90 0.001701
91 0.001748
92 0.001887
93 0.001485
94 0.001674
95 0.001741
96 0.001720
97 0.001810
98 0.001810
99 0.001648
100 0.001744
101 0.001612
102 0.001610
103 0.001790
104 0.001870
105 0.001920
106 0.001529
107 0.001994
108 0.001846
109 0.001946
110 0.001743
111 0.001556
112 0.001721
113 0.001490
114 0.001643
115 0.001685
116 0.001669
117 0.001615
118 0.001815
119 0.001829
120 0.001624
121 0.001679
122 0.001622
123 0.001715
124 0.001918
125 0.001634
126 0.001518
127 0.001610
128 0.001784
129 0.001652
130 0.001353
131 0.001648
132 0.001886
133 0.002011
134 0.001768
135 0.001499
136 0.001636
137 0.001739
138 0.001545
139 0.001767
140 0.001719
141 0.001788
142 0.001771
143 0.001682
144 0.001744
145 0.001644
146 0.001635
147 0.001703
148 0.001779
149 0.001605
150 0.001568
151 0.001801
152 0.001559
153 0.001798
154 0.001649
155 0.001782
156 0.001572
157 0.001471
158 0.001560
159 0.001526
160 0.001566
161 0.001424
162 0.001566
163 0.001662
164 0.001477
165 0.001541
166 0.001781
167 0.001561
168 0.001563
169 0.001571
170 0.001686
171 0.001597
172 0.001623
173 0.001705
174 0.001750
175 0.001469
176 0.001690
177 0.001750
178 0.001479
179 0.001701
180 0.001652
181 0.001664
182 0.001605
183 0.001455
184 0.001366
185 0.001475
186 0.001573
187 0.001585
188 0.001349
189 0.001519
190 0.001313
191 0.001440
192 0.001521
193 0.001893
194 0.001578
195 0.001792
196 0.001406
197 0.001685
198 0.001433
199 0.001838
200 0.001808
201 0.001922
202 0.001356
203 0.001724
204 0.001829
205 0.001621
206 0.001698
207 0.001714
208 0.001627
209 0.001506
210 0.001852
211 0.001637
212 0.001993
213 0.001368
214 0.001754
215 0.001760
216 0.001693
217 0.001523
218 0.001883
219 0.001494
220 0.001610
221 0.001506
222 0.001549
223 0.001672
224 0.001463
225 0.001419
226 0.001527
227 0.001623
228 0.001897
229 0.001598
230 0.001671
231 0.001672
232 0.001863
233 0.001632
234 0.001701
235 0.001888
236 0.001668
237 0.001553
238 0.001428
239 0.001471
240 0.001491
241 0.001667
242 0.001537
243 0.001485
244 0.001498
245 0.001511
246 0.001885
247 0.001540
248 0.001516
249 0.001746
250 0.001444
251 0.001453
252 0.001590
253 0.001774
254 0.001677
255 0.001558
256 0.001473
257 0.001482
258 0.001408
259 0.001721
260 0.001711
261 0.001551
262 0.001659
263 0.001879
264 0.001718
265 0.001629
266 0.001418
267 0.001303
268 0.001564
269 0.001444
270 0.001528
271 0.001723
272 0.001437
273 0.001466
274 0.001518
275 0.001403
276 0.001325
277 0.001542
278 0.001506
279 0.001524
280 0.001606
281 0.001578
282 0.001572
283 0.001377
284 0.001505
285 0.001661
286 0.001608
287 0.001616
288 0.001614
289 0.001550
290 0.001595
291 0.001492
292 0.001698
293 0.001614
294 0.001487
295 0.001486
296 0.001508
297 0.001783
298 0.001862
299 0.001607
300 0.001877
301 0.001474
302 0.001651
303 0.001578
304 0.001574
305 0.001697
306 0.001484
307 0.001420
308 0.001438
309 0.001530
310 0.001533
311 0.001795
312 0.001453
313 0.001714
314 0.001427
315 0.001794
316 0.001545
317 0.001673
318 0.001554
319 0.001622
320 0.001574
321 0.001571
322 0.001256
323 0.001817
324 0.001614
325 0.001576
326 0.001519
327 0.001745
328 0.001362
329 0.001381
330 0.001273
331 0.001547
332 0.001374
333 0.001405
334 0.001402
335 0.001790
336 0.001403
337 0.001625
338 0.001537
339 0.001710
340 0.001749
341 0.001825
342 0.001844
343 0.001575
344 0.001586
345 0.001470
346 0.001612
347 0.001778
348 0.001872
349 0.001684
350 0.001502
351 0.001792
352 0.001858
353 0.001560
354 0.001735
355 0.001583
356 0.001519
357 0.001431
358 0.001490
359 0.001739
360 0.001710
361 0.001529
362 0.001963
363 0.001714
364 0.001523
365 0.001410
366 0.001587
367 0.001778
368 0.001550
369 0.001413
370 0.001557
371 0.001646
372 0.001408
373 0.001564
374 0.001580
375 0.001521
376 0.001456
377 0.001298
378 0.001697
379 0.001500
380 0.001655
381 0.001822
382 0.001443
383 0.001590
384 0.001552
385 0.001690
386 0.001886
387 0.001734
388 0.001621
389 0.001449
390 0.001690
391 0.001479
392 0.001659
393 0.001382
394 0.001642
395 0.001592
396 0.001254
397 0.001618
398 0.001366
399 0.001573
400 0.001376
401 0.001317
402 0.001466
403 0.001688
404 0.001800
405 0.001512
406 0.001630
407 0.001729
408 0.001645
409 0.001338
410 0.001733
411 0.001434
412 0.001462
413 0.001429
414 0.001196
415 0.001455
416 0.001455
417 0.001341
418 0.001633
419 0.001621
420 0.001485
421 0.001245
422 0.001300
423 0.001563
424 0.001554
425 0.001851
426 0.001259
427 0.001168
428 0.001395
429 0.001494
430 0.001686
431 0.001409
432 0.001701
433 0.001635
434 0.001634
435 0.001646
436 0.001509
437 0.001525
438 0.001296
439 0.001536
440 0.001604
441 0.001367
442 0.001588
443 0.001432
444 0.001439
445 0.001557
446 0.001405
447 0.001530
448 0.001468
449 0.001203
450 0.001264
451 0.001493
452 0.001603
453 0.001453
454 0.001675
455 0.001520
456 0.001599
457 0.001410
458 0.001597
459 0.001363
460 0.001412
461 0.001670
462 0.001544
463 0.001400
464 0.001668
465 0.001670
466 0.001554
467 0.001651
468 0.001656
469 0.001811
470 0.001733
471 0.001756
472 0.001908
473 0.001558
474 0.001703
475 0.001565
476 0.001688
477 0.001660
478 0.001847
479 0.001383
480 0.001501
481 0.001823
482 0.001593
483 0.001421
484 0.001723
485 0.001723
486 0.001649
487 0.001371
488 0.001636
489 0.001524
490 0.001406
491 0.001571
492 0.001692
493 0.001821
494 0.001495
495 0.001429
496 0.001640
497 0.001416
498 0.001498
499 0.001523
500 0.001948
501 0.001728
502 0.001764
503 0.001760
504 0.001745
505 0.001399
506 0.001457
507 0.001506
508 0.001404
509 0.001517
510 0.001418
511 0.001385
512 0.001695
513 0.001563
514 0.001542
515 0.001487
516 0.001257
517 0.001474
518 0.001490
519 0.001526
520 0.001293
521 0.001460
522 0.001660
523 0.001706
524 0.001324
525 0.001532
526 0.001507
527 0.001475
528 0.001419
529 0.001680
530 0.001578
531 0.001566
532 0.001516
533 0.001648
534 0.001613
535 0.001615
536 0.001762
537 0.001553
538 0.001841
539 0.001609
540 0.001709
541 0.001732
542 0.001287
543 0.001491
544 0.001450
545 0.001453
546 0.001598
547 0.001426
548 0.001359
549 0.001672
550 0.001422
551 0.001534
552 0.001773
553 0.001637
554 0.001685
555 0.001365
556 0.001346
557 0.001742
558 0.001463
559 0.001361
560 0.001268
561 0.001443
562 0.001456
563 0.001575
564 0.001599
565 0.001789
566 0.001417
567 0.001448
568 0.001344
569 0.001341
570 0.001389
571 0.001477
572 0.001502
573 0.001172
574 0.001563
575 0.001665
576 0.001530
577 0.001743
578 0.001758
579 0.001594
580 0.001617
581 0.001569
582 0.001214
583 0.001574
584 0.001532
585 0.001593
586 0.001507
587 0.001701
588 0.001618
589 0.001504
590 0.001369
591 0.001752
592 0.001358
593 0.001079
594 0.001586
595 0.001355
596 0.001339
597 0.001624
598 0.001493
599 0.001477
600 0.001749
601 0.001404
602 0.001530
603 0.001372
604 0.001534
605 0.001666
606 0.001415
607 0.001481
608 0.001813
609 0.001685
610 0.001383
611 0.001411
612 0.001752
613 0.001738
614 0.001620
615 0.001611
616 0.001782
617 0.001475
618 0.001631
619 0.001481
620 0.001626
621 0.001482
622 0.001634
623 0.001531
624 0.001554
625 0.001579
626 0.001466
627 0.001613
628 0.001528
629 0.001363
630 0.001443
631 0.001669
632 0.001496
633 0.001820
634 0.001484
635 0.001623
636 0.001464
637 0.001316
638 0.001349
639 0.001331
640 0.001549
641 0.001508
642 0.001550
643 0.001512
644 0.001299
645 0.001439
646 0.001474
647 0.001679
648 0.001425
649 0.001781
650 0.001828
651 0.001593
652 0.001402
653 0.001383
654 0.001529
655 0.001634
656 0.001456
657 0.001433
658 0.001614
659 0.001472
660 0.001279
661 0.001338
662 0.001669
663 0.001528
664 0.001567
665 0.001699
666 0.001350
667 0.001399
668 0.001512
669 0.001742
670 0.001528
671 0.001198
672 0.001493
673 0.001275
674 0.001673
675 0.001489
676 0.001657
677 0.001659
678 0.001456
679 0.001257
680 0.001360
681 0.001399
682 0.001759
683 0.001705
684 0.001504
685 0.001412
686 0.001451
687 0.001537
688 0.001487
689 0.001357
690 0.001439
691 0.001763
692 0.001260
693 0.001415
694 0.001506
695 0.001722
696 0.001836
697 0.001600
698 0.001666
699 0.001556
700 0.001407
701 0.001714
702 0.001128
703 0.001347
704 0.001618
705 0.001373
706 0.001310
707 0.001533
708 0.001635
709 0.001615
710 0.001469
711 0.001439
712 0.001396
713 0.001549
714 0.001519
715 0.001656
716 0.001642
717 0.001734
718 0.001526
719 0.001387
720 0.001508
721 0.001388
722 0.001391
723 0.001674
724 0.001461
725 0.001698
726 0.001627
727 0.001651
728 0.001387
729 0.001371
730 0.001361
731 0.001366
732 0.001304
733 0.001553
734 0.001407
735 0.001464
736 0.001436
737 0.001705
738 0.001450
739 0.001649
740 0.001404
741 0.001511
742 0.001469
743 0.001371
744 0.001327
745 0.001340
746 0.001741
747 0.001510
748 0.001753
749 0.001575
750 0.001534
751 0.001628
752 0.001419
753 0.001652
754 0.001531
755 0.001461
756 0.001720
757 0.001557
758 0.001487
759 0.001717
760 0.001741
761 0.001561
762 0.001428
763 0.001574
764 0.001523
765 0.001415
766 0.001566
767 0.001654
768 0.001440
769 0.001434
770 0.001226
771 0.001341
772 0.001540
773 0.001491
774 0.001598
775 0.001655
776 0.001474
777 0.001541
778 0.001413
779 0.001500
780 0.001508
781 0.001386
782 0.001595
783 0.001595
784 0.001512
785 0.001339
786 0.001534
787 0.001419
788 0.001493
789 0.001441
790 0.001421
791 0.001412
792 0.001566
793 0.001825
794 0.001681
795 0.001555
796 0.001268
797 0.001269
798 0.001477
799 0.001671
800 0.001355
801 0.001283
802 0.001565
803 0.001431
804 0.001303
805 0.001518
806 0.001359
807 0.001225
808 0.001616
809 0.001417
810 0.001456
811 0.001310
812 0.001513
813 0.001441
814 0.001482
815 0.001552
816 0.001578
817 0.001292
818 0.001556
819 0.001250
820 0.001521
821 0.001659
822 0.001581
823 0.001415
824 0.001657
825 0.001504
826 0.001301
827 0.001713
828 0.001817
829 0.001853
830 0.001571
831 0.001518
832 0.001339
833 0.001352
834 0.001436
835 0.001249
836 0.001504
837 0.001589
838 0.001506
839 0.001466
840 0.001711
841 0.001377
842 0.001493
843 0.001673
844 0.001543
845 0.001511
846 0.001221
847 0.001295
848 0.001428
849 0.001320
850 0.001380
851 0.001576
852 0.001631
853 0.001940
854 0.001557
855 0.001415
856 0.001623
857 0.001266
858 0.001573
859 0.001378
860 0.001762
861 0.001813
862 0.001372
863 0.001297
864 0.001556
865 0.001275
866 0.001287
867 0.001348
868 0.001528
869 0.001368
870 0.001398
871 0.001563
872 0.001339
873 0.001501
874 0.001408
875 0.001494
876 0.001532
877 0.001747
878 0.001621
879 0.001629
880 0.001671
881 0.001476
882 0.001505
883 0.001595
884 0.001457
885 0.001582
886 0.001576
887 0.001506
888 0.001518
889 0.001539
890 0.001717
891 0.001251
892 0.001476
893 0.001515
894 0.001395
895 0.001361
896 0.001546
897 0.001687
898 0.001543
899 0.001326
900 0.001492
901 0.001379
902 0.001493
903 0.001573
904 0.001800
905 0.001720
906 0.001690
907 0.001610
908 0.001693
909 0.001431
910 0.001419
911 0.001356
912 0.001577
913 0.001589
914 0.001493
915 0.001515
916 0.001333
917 0.001294
918 0.001524
919 0.001416
920 0.001559
921 0.001590
922 0.001809
923 0.001248
924 0.001646
925 0.001307
926 0.001561
927 0.001648
928 0.001351
929 0.001434
930 0.001372
931 0.001422
932 0.001426
933 0.001293
934 0.001304
935 0.001668
936 0.001632
937 0.001427
938 0.001537
939 0.001565
940 0.001468
941 0.001405
942 0.001400
943 0.001549
944 0.001276
945 0.001524
946 0.001405
947 0.001777
948 0.001446
949 0.001672
950 0.001344
951 0.001449
952 0.001590
953 0.001365
954 0.001314
955 0.001311
956 0.001575
957 0.001404
958 0.001452
959 0.001356
960 0.001480
961 0.001658
962 0.001329
963 0.001470
964 0.001320
965 0.001345
966 0.001715
967 0.001671
968 0.001676
969 0.001667
970 0.001610
971 0.001503
972 0.001399
973 0.001505
974 0.001622
975 0.001350
976 0.001664
977 0.001469
978 0.001384
979 0.001488
980 0.001812
981 0.001746
982 0.001442
983 0.001617
984 0.001318
985 0.001544
986 0.001373
987 0.001292
988 0.001179
989 0.001365
990 0.001487
991 0.001296
992 0.001568
993 0.001360
994 0.001371
995 0.001782
996 0.001437
997 0.001262
998 0.001481
999 0.001875
