0 0.000000
1 0.000000
2 0.000000
3 0.000000
4 0.000000
5 1.000000
6 0.949996
7 0.697548
8 0.734525
9 0.621741
10 0.719954
11 0.570997
12 0.468734
13 0.391807
14 0.344230
15 0.212343
16 0.161481
17 0.121237
18 0.075651
19 0.090000
20 0.055033
21 0.050268
22 0.038669
23 0.036418
24 0.032160
25 0.033188
26 0.026126
27 0.022302
28 0.026074
29 0.026502
30 0.027545
31 0.025708
32 0.020420
33 0.021278
34 0.014945
35 0.014734
36 0.017856
37 0.023140
38 0.023382
39 0.023985
40 0.024836
41 0.027503
42 0.017221
43 0.019749
44 0.023301
45 0.021259
46 0.028591
47 0.026118
48 0.026649
49 0.022081
50 0.022595
51 0.027093
52 0.023091
53 0.010175
54 0.013874
55 0.017239
56 0.016594
57 0.017746
58 0.017078
59 0.020751
60 0.019986
61 0.024525
62 0.019497
63 0.017658
64 0.018114
65 0.017945
66 0.012494
67 0.011171
68 0.015266
69 0.009146
70 0.014471
71 0.018333
72 0.018160
73 0.020526
74 0.020674
75 0.020666
76 0.025526
77 0.019856
78 0.017940
79 0.015123
80 0.012688
81 0.017972
82 0.019746
83 0.023203
84 0.019106
85 0.015487
86 0.013196
87 0.013053
88 0.014572
89 0.014129
90 0.016896
91 0.013537
92 0.015971
93 0.014144
94 0.014966
95 0.014785
96 0.014254
97 0.013698
98 0.018587
99 0.019077
100 0.014453
101 0.014443
102 0.013263
103 0.013788
104 0.016116
105 0.016060
106 0.014907
107 0.014695
108 0.015242
109 0.018121
110 0.018612
111 0.018988
112 0.018409
113 0.019121
114 0.019773
115 0.023498
116 0.022706
117 0.019345
118 0.022504
119 0.017556
120 0.014514
121 0.020408
122 0.020228
123 0.023245
124 0.024444
125 0.025484
126 0.025643
127 0.023857
128 0.020640
129 0.020727
130 0.018233
131 0.018267
132 0.016879
133 0.020489
134 0.022914
135 0.022571
136 0.022013
137 0.026847
138 0.020183
139 0.017107
140 0.018336
141 0.017942
142 0.013125
143 0.017049
144 0.023675
145 0.014031
146 0.016782
147 0.018717
148 0.023832
149 0.022875
150 0.024477
151 0.019489
152 0.021585
153 0.021970
154 0.019559
155 0.023756
156 0.024379
157 0.020237
158 0.016934
159 0.019718
160 0.014948
161 0.013758
162 0.018293
163 0.015180
164 0.014932
165 0.017129
166 0.013796
167 0.015448
168 0.018373
169 0.019627
170 0.025645
171 0.024177
172 0.022151
173 0.020965
174 0.023831
175 0.028999
176 0.021610
177 0.018558
178 0.017207
179 0.020548
180 0.021424
181 0.025141
182 0.018433
183 0.017604
184 0.014849
185 0.016420
186 0.015582
187 0.013637
188 0.018680
189 0.019330
190 0.021619
191 0.016775
192 0.016843
193 0.015869
194 0.011299
195 0.010997
196 0.019669
197 0.018139
198 0.019534
199 0.017275
200 0.019710
201 0.024822
202 0.020964
203 0.021643
204 0.017434
205 0.018781
206 0.015442
207 0.018588
208 0.024275
209 0.021332
210 0.027449
211 0.027031
212 0.025721
213 0.026245
214 0.023770
215 0.025469
216 0.019697
217 0.018322
218 0.023527
219 0.020854
220 0.020967
221 0.016312
222 0.019778
223 0.021823
224 0.024123
225 0.018595
226 0.015953
227 0.017550
228 0.018179
229 0.025338
230 0.031242
231 0.027674
232 0.030772
233 0.024762
234 0.018522
235 0.023389
236 0.019861
237 0.016596
238 0.013016
239 0.015643
240 0.017117
241 0.019863
242 0.015033
243 0.023978
244 0.018428
245 0.025546
246 0.017301
247 0.021432
248 0.021906
249 0.014305
250 0.013488
251 0.010977
252 0.012448
253 0.013491
254 0.018804
255 0.013321
256 0.019482
257 0.025124
258 0.027240
259 0.018570
260 0.015549
261 0.017831
262 0.019596
263 0.014773
264 0.019338
265 0.018351
266 0.019806
267 0.021113
268 0.017098
269 0.015104
270 0.015509
271 0.010500
272 0.016001
273 0.021830
274 0.017359
275 0.020636
276 0.021272
277 0.019455
278 0.022412
279 0.017856
280 0.020941
281 0.016757
282 0.019490
283 0.019945
284 0.016421
285 0.017539
286 0.022461
287 0.020844
288 0.023203
289 0.018766
290 0.018076
291 0.013592
292 0.020609
293 0.018580
294 0.019157
295 0.022407
296 0.022234
297 0.023694
298 0.018306
299 0.025440
300 0.024128
301 0.032661
302 0.032459
303 0.027306
304 0.018389
305 0.026756
306 0.020780
307 0.025470
308 0.030346
309 0.034854
310 0.027175
311 0.024231
312 0.024647
313 0.017445
314 0.026226
315 0.016283
316 0.023973
317 0.022736
318 0.023978
319 0.021275
320 0.017760
321 0.025184
322 0.027386
323 0.027111
324 0.022268
325 0.018377
326 0.024103
327 0.018468
328 0.024189
329 0.016150
330 0.018101
331 0.021367
332 0.021097
333 0.027520
334 0.025800
335 0.022226
336 0.015616
337 0.023022
338 0.030140
339 0.028156
340 0.023278
341 0.014767
342 0.019013
343 0.016171
344 0.022023
345 0.023480
346 0.023453
347 0.024953
348 0.019579
349 0.015706
350 0.019087
351 0.017130
352 0.012533
353 0.024054
354 0.014329
355 0.020394
356 0.016285
357 0.020474
358 0.017227
359 0.024329
360 0.021202
361 0.014534
362 0.025040
363 0.022948
364 0.023857
365 0.020034
366 0.017558
367 0.016453
368 0.015561
369 0.019362
370 0.020314
371 0.018208
372 0.024110
373 0.016993
374 0.023743
375 0.020023
376 0.016706
377 0.015843
378 0.022526
379 0.014264
380 0.021082
381 0.016969
382 0.016064
383 0.016144
384 0.017342
385 0.023553
386 0.017478
387 0.024824
388 0.024608
389 0.022297
390 0.029709
391 0.026899
392 0.021535
393 0.034470
394 0.019562
395 0.019462
396 0.016714
397 0.014838
398 0.023207
399 0.026304
400 0.027418
401 0.018190
402 0.022306
403 0.014542
404 0.017172
405 0.018939
406 0.022456
407 0.023511
408 0.026341
409 0.033249
410 0.023601
411 0.034041
412 0.018838
413 0.029592
414 0.025776
415 0.027270
416 0.030432
417 0.018539
418 0.024350
419 0.020019
420 0.025120
421 0.016672
422 0.022382
423 0.020011
424 0.019691
425 0.024253
426 0.025983
427 0.028325
428 0.027256
429 0.021908
430 0.019599
431 0.028651
432 0.025746
433 0.025809
434 0.025808
435 0.029119
436 0.035712
437 0.025872
438 0.026053
439 0.026741
440 0.021622
441 0.021118
442 0.018732
443 0.025289
444 0.025275
445 0.031509
446 0.024588
447 0.019492
448 0.025346
449 0.018323
450 0.014795
451 0.022049
452 0.023519
453 0.028793
454 0.025135
455 0.031527
456 0.025432
457 0.030544
458 0.031194
459 0.028174
460 0.024488
461 0.027121
462 0.026898
463 0.022781
464 0.022467
465 0.029046
466 0.022589
467 0.026027
468 0.031973
469 0.019543
470 0.021374
471 0.021965
472 0.027336
473 0.021767
474 0.025617
475 0.024720
476 0.017974
477 0.028244
478 0.024060
479 0.029956
480 0.019998
481 0.025382
482 0.033793
483 0.026005
484 0.025206
485 0.021942
486 0.025005
487 0.026585
488 0.028066
489 0.023140
490 0.020204
491 0.022368
492 0.031039
493 0.032340
494 0.026344
495 0.027363
496 0.022894
497 0.015369
498 0.016001
499 0.018696
500 0.016290
501 0.019724
502 0.030770
503 0.027819
504 0.028355
505 0.027529
506 0.034192
507 0.030155
508 0.025408
509 0.023090
510 0.032140
511 0.031868
512 0.030187
513 0.035291
514 0.024678
515 0.022786
516 0.019526
517 0.027094
518 0.019539
519 0.027532
520 0.025157
521 0.025521
522 0.021911
523 0.021563
524 0.031794
525 0.020948
526 0.023545
527 0.029417
528 0.028036
529 0.025052
530 0.017661
531 0.029851
532 0.021198
533 0.026636
534 0.033749
535 0.027026
536 0.027724
537 0.026057
538 0.023748
539 0.022353
540 0.033898
541 0.022886
542 0.022920
543 0.021079
544 0.024856
545 0.030753
546 0.027428
547 0.027266
548 0.021223
549 0.022965
550 0.027927
551 0.032797
552 0.026973
553 0.030243
554 0.028400
555 0.032448
556 0.023099
557 0.029398
558 0.032120
559 0.033190
560 0.032195
561 0.033148
562 0.033444
563 0.029047
564 0.022631
565 0.033076
566 0.021474
567 0.029280
568 0.028944
569 0.021297
570 0.026750
571 0.025425
572 0.028852
573 0.020557
574 0.019101
575 0.026771
576 0.023932
577 0.025151
578 0.027177
579 0.029905
580 0.025695
581 0.029384
582 0.026553
583 0.029993
584 0.029787
585 0.032473
586 0.027342
587 0.033497
588 0.030628
589 0.026494
590 0.022413
591 0.021377
592 0.033372
593 0.020990
594 0.035743
595 0.026346
596 0.034922
597 0.037466
598 0.036938
599 0.030632
600 0.024654
601 0.025184
602 0.025463
603 0.021962
604 0.025995
605 0.027130
606 0.036148
607 0.036208
608 0.026531
609 0.024348
610 0.028843
611 0.026603
612 0.033598
613 0.033296
614 0.029957
615 0.024916
616 0.025478
617 0.026609
618 0.019153
619 0.025402
620 0.023359
621 0.034853
622 0.022155
623 0.032932
624 0.024920
625 0.034853
626 0.030404
627 0.029534
628 0.021745
629 0.021945
630 0.029955
631 0.030842
632 0.026768
633 0.027372
634 0.023739
635 0.031116
636 0.026730
637 0.018705
638 0.023126
639 0.025454
640 0.022884
641 0.020014
642 0.028163
643 0.030556
644 0.032326
645 0.021913
646 0.039289
647 0.025649
648 0.026042
649 0.024059
650 0.028023
651 0.031371
652 0.025813
653 0.039213
654 0.029324
655 0.020293
656 0.028092
657 0.024366
658 0.022498
659 0.017335
660 0.020744
661 0.022173
662 0.023513
663 0.026632
664 0.028205
665 0.026481
666 0.032702
667 0.019291
668 0.024558
669 0.019293
670 0.018795
671 0.019266
672 0.023781
673 0.028689
674 0.022528
675 0.020209
676 0.021247
677 0.027078
678 0.025003
679 0.023298
680 0.024733
681 0.023945
682 0.021845
683 0.014886
684 0.015567
685 0.017924
686 0.014407
687 0.021153
688 0.024306
689 0.019608
690 0.024862
691 0.028479
692 0.027388
693 0.031292
694 0.032600
695 0.019205
696 0.021812
697 0.019284
698 0.024706
699 0.022340
700 0.019191
701 0.030646
702 0.029574
703 0.024333
704 0.022939
705 0.021570
706 0.023465
707 0.017056
708 0.026560
709 0.027091
710 0.029062
711 0.031196
712 0.035725
713 0.031524
714 0.022564
715 0.025879
716 0.025726
717 0.035203
718 0.020333
719 0.028431
720 0.021791
721 0.020368
722 0.020622
723 0.019993
724 0.017587
725 0.019196
726 0.016653
727 0.013607
728 0.018725
729 0.016508
730 0.016849
731 0.020589
732 0.025665
733 0.034627
734 0.031248
735 0.027844
736 0.023550
737 0.025227
738 0.019427
739 0.017389
740 0.014696
741 0.022765
742 0.016610
743 0.017530
744 0.016757
745 0.014597
746 0.013387
747 0.017484
748 0.017215
749 0.014186
750 0.019357
751 0.017917
752 0.018737
753 0.015613
754 0.019636
755 0.018046
756 0.019458
757 0.022207
758 0.021587
759 0.028472
760 0.020745
761 0.017441
762 0.011328
763 0.018050
764 0.023322
765 0.019653
766 0.020329
767 0.016954
768 0.022677
769 0.022655
770 0.015742
771 0.015451
772 0.011341
773 0.021193
774 0.016971
775 0.022907
776 0.019530
777 0.021560
778 0.018688
779 0.021303
780 0.022787
781 0.021370
782 0.025369
783 0.026400
784 0.024707
785 0.020135
786 0.023524
787 0.026250
788 0.024489
789 0.021825
790 0.021452
791 0.018701
792 0.018951
793 0.016544
794 0.014454
795 0.012628
796 0.012055
797 0.012643
798 0.019022
799 0.016900
800 0.015242
801 0.019369
802 0.020253
803 0.017891
804 0.019196
805 0.016525
806 0.026512
807 0.026618
808 0.026263
809 0.025050
810 0.022316
811 0.017108
812 0.015421
813 0.016738
814 0.014118
815 0.015353
816 0.017183
817 0.019180
818 0.011533
819 0.012134
820 0.011081
821 0.016950
822 0.021384
823 0.016951
824 0.016352
825 0.013833
826 0.014174
827 0.013248
828 0.012591
829 0.016545
830 0.013023
831 0.015250
832 0.014436
833 0.010052
834 0.011723
835 0.015048
836 0.018251
837 0.020168
838 0.017543
839 0.016335
840 0.018182
841 0.015542
842 0.015942
843 0.013572
844 0.012963
845 0.011563
846 0.012324
847 0.019189
848 0.016267
849 0.018514
850 0.015305
851 0.011385
852 0.009348
853 0.012740
854 0.010968
855 0.012945
856 0.019948
857 0.022583
858 0.021638
859 0.023242
860 0.024128
861 0.023107
862 0.017656
863 0.020084
864 0.018965
865 0.012433
866 0.019182
867 0.023035
868 0.018474
869 0.016709
870 0.022952
871 0.013385
872 0.019906
873 0.017435
874 0.018650
875 0.017361
876 0.016758
877 0.017818
878 0.010675
879 0.012415
880 0.011624
881 0.014113
882 0.014701
883 0.015855
884 0.015405
885 0.015623
886 0.015219
887 0.017065
888 0.029193
889 0.024545
890 0.020259
891 0.015289
892 0.022285
893 0.013354
894 0.025611
895 0.015098
896 0.016227
897 0.013888
898 0.020183
899 0.019678
900 0.017686
901 0.020919
902 0.017598
903 0.013660
904 0.020275
905 0.018885
906 0.024127
907 0.017577
908 0.027626
909 0.021335
910 0.014745
911 0.015214
912 0.016596
913 0.014638
914 0.012691
915 0.016397
916 0.019518
917 0.019383
918 0.017819
919 0.023412
920 0.028988
921 0.020978
922 0.017855
923 0.021217
924 0.018262
925 0.016269
926 0.019646
927 0.019449
928 0.015730
929 0.015654
930 0.009804
931 0.013640
932 0.017559
933 0.018870
934 0.012519
935 0.016651
936 0.017607
937 0.017474
938 0.018117
939 0.013532
940 0.015958
941 0.017910
942 0.016884
943 0.015582
944 0.017293
945 0.019011
946 0.015527
947 0.017091
948 0.018638
949 0.011573
950 0.014052
951 0.025217
952 0.022493
953 0.019282
954 0.016898
955 0.020023
956 0.018834
957 0.027873
958 0.022112
959 0.020865
960 0.021245
961 0.020738
962 0.026906
963 0.023687
964 0.019575
965 0.023069
966 0.017934
967 0.020538
968 0.015535
969 0.013296
970 0.012393
971 0.012960
972 0.019540
973 0.017266
974 0.017583
975 0.016886
976 0.015254
977 0.014543
978 0.018482
979 0.018589
980 0.014052
981 0.016034
982 0.015707
983 0.022094
984 0.015230
985 0.020908
986 0.017621
987 0.019954
988 0.018953
989 0.017267
990 0.014096
991 0.021670
992 0.018570
993 0.014347
994 0.020621
995 0.017346
996 0.018450
997 0.016512
998 0.014980
999 0.016316
