0 0.000000
1 0.000000
2 0.000000
3 0.000000
4 0.000000
5 1.000000
6 0.823829
7 0.775047
8 0.696583
9 0.851190
10 0.878009
11 0.670479
12 0.506906
13 0.314026
14 0.218901
15 0.231264
16 0.089868
17 0.034343
18 0.012720
19 0.012493
20 0.007209
21 0.004394
22 0.004433
23 0.004017
24 0.004416
25 0.002987
26 0.002897
27 0.003494
28 0.002894
29 0.002667
30 0.003244
31 0.002789
32 0.002954
33 0.002256
34 0.002784
35 0.002021
36 0.002221
37 0.002468
38 0.002255
39 0.002269
40 0.002287
41 0.002072
42 0.002134
43 0.002099
44 0.002144
45 0.002151
46 0.001900
47 0.001910
48 0.002081
49 0.001960
50 0.002148
51 0.002132
52 0.002375
53 0.002062
54 0.001780
55 0.002286
56 0.001794
57 0.001812
58 0.001472
59 0.001501
60 0.001770
61 0.001404
62 0.001809
63 0.001523
64 0.001611
65 0.001840
66 0.001831
67 0.001825
68 0.001920
69 0.001868
70 0.001712
71 0.001803
72 0.002057
73 0.002134
74 0.001715
75 0.001884
76 0.002146
77 0.001711
78 0.001683
79 0.001724
80 0.002065
81 0.001727
82 0.001472
83 0.001945
84 0.001845
85 0.002075
86 0.001862
87 0.001515
88 0.001488
89 0.001761
90 0.001952
91 0.002018
92 0.001887
93 0.001720
94 0.002192
95 0.001664
96 0.001425
97 0.001591
98 0.001895
99 0.001665
100 0.002090
101 0.001554
102 0.001796
103 0.001631
104 0.001664
105 0.001977
106 0.001983
107 0.001661
108 0.001938
109 0.001864
110 0.001461
111 0.001758
112 0.001990
113 0.001918
114 0.001884
115 0.001871
116 0.001762
117 0.001560
118 0.001719
119 0.002053
120 0.001664
121 0.001808
122 0.001555
123 0.001602
124 0.001411
125 0.001810
126 0.001783
127 0.001716
128 0.001570
129 0.001760
130 0.001696
131 0.001615
132 0.001658
133 0.001587
134 0.001333
135 0.001407
136 0.002023
137 0.001805
138 0.001950
139 0.001627
140 0.001662
141 0.001739
142 0.001832
143 0.001745
144 0.001623
145 0.001512
146 0.001557
147 0.001569
148 0.001607
149 0.001646
150 0.001590
151 0.001695
152 0.001426
153 0.001855
154 0.001775
155 0.001400
156 0.001663
157 0.001796
158 0.001481
159 0.001506
160 0.001430
161 0.001557
162 0.001596
163 0.001479
164 0.001630
165 0.001688
166 0.001224
167 0.001872
168 0.001640
169 0.001770
170 0.001599
171 0.001780
172 0.001758
173 0.001570
174 0.001638
175 0.001782
176 0.001759
177 0.001578
178 0.001676
179 0.001637
180 0.001375
181 0.001676
182 0.001527
183 0.001364
184 0.001478
185 0.001681
186 0.001446
187 0.001700
188 0.001501
189 0.001725
190 0.001758
191 0.001328
192 0.001390
193 0.001462
194 0.001478
195 0.001399
196 0.001717
197 0.001856
198 0.001959
199 0.001502
200 0.001588
201 0.001610
202 0.001658
203 0.001556
204 0.001484
205 0.001712
206 0.001505
207 0.001659
208 0.001461
209 0.001547
210 0.001548
211 0.001529
212 0.001873
213 0.001967
214 0.001593
215 0.001603
216 0.001648
217 0.001562
218 0.001469
219 0.001666
220 0.001427
221 0.001582
222 0.001608
223 0.001116
224 0.001372
225 0.001713
226 0.001558
227 0.001442
228 0.001656
229 0.001387
230 0.001833
231 0.001940
232 0.001539
233 0.001392
234 0.001602
235 0.001472
236 0.001733
237 0.001772
238 0.001286
239 0.001549
240 0.001408
241 0.001704
242 0.001543
243 0.001752
244 0.001640
245 0.001673
246 0.001500
247 0.001507
248 0.001730
249 0.001760
250 0.001437
251 0.001508
252 0.001596
253 0.001640
254 0.001569
255 0.001677
256 0.001462
257 0.001714
258 0.001599
259 0.001672
260 0.001549
261 0.001438
262 0.001737
263 0.001382
264 0.001542
265 0.001657
266 0.001856
267 0.001851
268 0.001899
269 0.001916
270 0.001465
271 0.001393
272 0.001489
273 0.001849
274 0.001585
275 0.001427
276 0.001416
277 0.001356
278 0.001541
279 0.001589
280 0.001750
281 0.001523
282 0.001537
283 0.001566
284 0.001515
285 0.001188
286 0.001580
287 0.001606
288 0.001482
289 0.001846
290 0.001416
291 0.001565
292 0.001998
293 0.001493
294 0.001605
295 0.001463
296 0.001523
297 0.001466
298 0.001667
299 0.001897
300 0.001723
301 0.001606
302 0.001626
303 0.001438
304 0.001648
305 0.001755
306 0.001636
307 0.001520
308 0.001611
309 0.001516
310 0.001294
311 0.001476
312 0.001420
313 0.001496
314 0.001458
315 0.001396
316 0.001699
317 0.001748
318 0.001557
319 0.001353
320 0.001719
321 0.001496
322 0.001447
323 0.001788
324 0.001328
325 0.001361
326 0.001528
327 0.001534
328 0.001577
329 0.001747
330 0.001499
331 0.001480
332 0.001514
333 0.001316
334 0.001465
335 0.001647
336 0.001674
337 0.001640
338 0.001585
339 0.001495
340 0.001496
341 0.001536
342 0.001496
343 0.001578
344 0.001327
345 0.001500
346 0.001512
347 0.001601
348 0.001331
349 0.001420
350 0.001563
351 0.001591
352 0.001369
353 0.001408
354 0.001318
355 0.001275
356 0.001712
357 0.001733
358 0.001492
359 0.001639
360 0.001676
361 0.001559
362 0.001760
363 0.001340
364 0.001464
365 0.001342
366 0.001298
367 0.001388
368 0.001541
369 0.001604
370 0.001578
371 0.001747
372 0.001642
373 0.001629
374 0.001647
375 0.001661
376 0.001359
377 0.001642
378 0.001494
379 0.001504
380 0.001452
381 0.001541
382 0.001623
383 0.001517
384 0.001549
385 0.001360
386 0.001386
387 0.001503
388 0.001532
389 0.001376
390 0.001741
391 0.001805
392 0.001704
393 0.001696
394 0.001474
395 0.001396
396 0.001616
397 0.001430
398 0.001235
399 0.001477
400 0.001455
401 0.001661
402 0.001543
403 0.001571
404 0.001699
405 0.001700
406 0.001541
407 0.001380
408 0.001388
409 0.001725
410 0.001470
411 0.001661
412 0.001751
413 0.001655
414 0.001650
415 0.001554
416 0.001627
417 0.001613
418 0.001205
419 0.001497
420 0.001560
421 0.001554
422 0.001352
423 0.001205
424 0.001233
425 0.001575
426 0.001476
427 0.001546
428 0.001722
429 0.001359
430 0.001673
431 0.001385
432 0.001341
433 0.001502
434 0.001648
435 0.001384
436 0.001474
437 0.001698
438 0.001334
439 0.001278
440 0.001378
441 0.001445
442 0.001407
443 0.001502
444 0.001591
445 0.001464
446 0.001690
447 0.001539
448 0.001520
449 0.001478
450 0.001276
451 0.001404
452 0.001684
453 0.001572
454 0.001642
455 0.001688
456 0.001697
457 0.001563
458 0.001746
459 0.001638
460 0.001564
461 0.001533
462 0.001727
463 0.001890
464 0.001705
465 0.001865
466 0.001616
467 0.001447
468 0.001510
469 0.001542
470 0.001418
471 0.001463
472 0.001552
473 0.001377
474 0.001775
475 0.001462
476 0.001676
477 0.001939
478 0.001724
479 0.001411
480 0.001596
481 0.001910
482 0.001593
483 0.001393
484 0.001508
485 0.001714
486 0.001853
487 0.001634
488 0.001674
489 0.001280
490 0.001665
491 0.001604
492 0.001584
493 0.001475
494 0.001478
495 0.001686
496 0.001656
497 0.001673
498 0.001647
499 0.001542
500 0.001489
501 0.001813
502 0.001702
503 0.001412
504 0.001470
505 0.001389
506 0.001446
507 0.001607
508 0.001431
509 0.001394
510 0.001414
511 0.001476
512 0.001363
513 0.001566
514 0.001607
515 0.001664
516 0.001568
517 0.001397
518 0.001522
519 0.001696
520 0.001544
521 0.001536
522 0.001627
523 0.001396
524 0.001642
525 0.001500
526 0.001640
527 0.001687
528 0.001587
529 0.001340
530 0.001476
531 0.001302
532 0.001457
533 0.001442
534 0.001337
535 0.001353
536 0.001547
537 0.001499
538 0.001575
539 0.001654
540 0.001549
541 0.001340
542 0.001356
543 0.001447
544 0.001603
545 0.001551
546 0.001572
547 0.001298
548 0.001360
549 0.001196
550 0.001345
551 0.001309
552 0.001536
553 0.001507
554 0.001619
555 0.001430
556 0.001438
557 0.001484
558 0.001534
559 0.001600
560 0.001559
561 0.001531
562 0.001602
563 0.001708
564 0.001628
565 0.001599
566 0.001755
567 0.001388
568 0.001548
569 0.001634
570 0.001556
571 0.001713
572 0.001855
573 0.001595
574 0.001682
575 0.001613
576 0.001644
577 0.001687
578 0.001538
579 0.001837
580 0.001642
581 0.001936
582 0.001437
583 0.001490
584 0.001911
585 0.001550
586 0.001558
587 0.001628
588 0.001340
589 0.001261
590 0.001532
591 0.001430
592 0.001457
593 0.001430
594 0.001454
595 0.001539
596 0.001757
597 0.001471
598 0.001716
599 0.001431
600 0.001593
601 0.001614
602 0.001839
603 0.001846
604 0.001447
605 0.001452
606 0.001348
607 0.001188
608 0.001734
609 0.001630
610 0.001638
611 0.001623
612 0.001301
613 0.001533
614 0.001559
615 0.001551
616 0.001644
617 0.001643
618 0.001657
619 0.001416
620 0.001518
621 0.001765
622 0.001522
623 0.001648
624 0.001660
625 0.001629
626 0.001323
627 0.001505
628 0.001543
629 0.001339
630 0.001403
631 0.001482
632 0.001737
633 0.001449
634 0.001495
635 0.001280
636 0.001528
637 0.001589
638 0.001421
639 0.001531
640 0.001419
641 0.001548
642 0.001543
643 0.001364
644 0.001544
645 0.001487
646 0.001567
647 0.001573
648 0.001642
649 0.001489
650 0.001333
651 0.001726
652 0.001518
653 0.001665
654 0.001429
655 0.001866
656 0.001295
657 0.001622
658 0.001348
659 0.001604
660 0.001527
661 0.001266
662 0.001335
663 0.001340
664 0.001429
665 0.001549
666 0.001578
667 0.001594
668 0.001440
669 0.001476
670 0.001576
671 0.001338
672 0.001560
673 0.001209
674 0.001523
675 0.001621
676 0.001615
677 0.001765
678 0.001594
679 0.001459
680 0.001591
681 0.001616
682 0.001356
683 0.001616
684 0.001668
685 0.001262
686 0.001515
687 0.001636
688 0.001381
689 0.001688
690 0.001442
691 0.001296
692 0.001392
693 0.001814
694 0.001260
695 0.001418
696 0.001468
697 0.001479
698 0.001605
699 0.001565
700 0.001492
701 0.001838
702 0.001345
703 0.001418
704 0.001433
705 0.001383
706 0.001589
707 0.001729
708 0.001530
709 0.001510
710 0.001604
711 0.001601
712 0.001537
713 0.001531
714 0.001530
715 0.001816
716 0.001695
717 0.001679
718 0.001701
719 0.001576
720 0.001576
721 0.001603
722 0.001643
723 0.001452
724 0.001479
725 0.001596
726 0.001489
727 0.001368
728 0.001560
729 0.001467
730 0.001441
731 0.001709
732 0.001466
733 0.001640
734 0.001686
735 0.001505
736 0.001721
737 0.001384
738 0.001542
739 0.001564
740 0.001602
741 0.001781
742 0.001840
743 0.001484
744 0.001731
745 0.001484
746 0.001697
747 0.001692
748 0.001675
749 0.001358
750 0.001497
751 0.001563
752 0.001581
753 0.001673
754 0.001517
755 0.001503
756 0.001340
757 0.001512
758 0.001414
759 0.001538
760 0.001459
761 0.001786
762 0.001813
763 0.001600
764 0.001469
765 0.001542
766 0.001469
767 0.001458
768 0.001706
769 0.001696
770 0.001491
771 0.001432
772 0.001597
773 0.001673
774 0.001339
775 0.001427
776 0.001612
777 0.001567
778 0.001576
779 0.001305
780 0.001479
781 0.001727
782 0.001540
783 0.001484
784 0.001396
785 0.001490
786 0.001292
787 0.001499
788 0.001534
789 0.001605
790 0.001832
791 0.001649
792 0.001350
793 0.001440
794 0.001635
795 0.001263
796 0.001610
797 0.001559
798 0.001674
799 0.001602
800 0.001724
801 0.001594
802 0.001377
803 0.001623
804 0.001628
805 0.001557
806 0.001210
807 0.001392
808 0.001587
809 0.001366
810 0.001531
811 0.001630
812 0.001677
813 0.001677
814 0.001728
815 0.001730
816 0.001532
817 0.001442
818 0.001462
819 0.001628
820 0.001469
821 0.001563
822 0.001435
823 0.001480
824 0.001348
825 0.001445
826 0.001561
827 0.001754
828 0.001756
829 0.001679
830 0.001494
831 0.001491
832 0.001549
833 0.001657
834 0.001636
835 0.001548
836 0.001533
837 0.001409
838 0.001525
839 0.001687
840 0.001677
841 0.001977
842 0.001505
843 0.001430
844 0.001561
845 0.001542
846 0.001401
847 0.001513
848 0.001618
849 0.001644
850 0.001452
851 0.001752
852 0.001983
853 0.001431
854 0.001398
855 0.001506
856 0.001473
857 0.001613
858 0.001915
859 0.001587
860 0.001389
861 0.001721
862 0.001785
863 0.001676
864 0.001586
865 0.001530
866 0.001238
867 0.001714
868 0.001614
869 0.001418
870 0.001398
871 0.001580
872 0.001306
873 0.001909
874 0.001738
875 0.001575
876 0.001430
877 0.001412
878 0.001572
879 0.001406
880 0.001262
881 0.001472
882 0.001616
883 0.001490
884 0.001516
885 0.001447
886 0.001420
887 0.001776
888 0.001656
889 0.001531
890 0.001499
891 0.001752
892 0.001522
893 0.001645
894 0.001606
895 0.001412
896 0.001290
897 0.001759
898 0.001445
899 0.001887
900 0.001650
901 0.001612
902 0.001635
903 0.001550
904 0.001676
905 0.001456
906 0.001463
907 0.001439
908 0.001557
909 0.001479
910 0.001285
911 0.001447
912 0.001516
913 0.001441
914 0.001571
915 0.001113
916 0.001637
917 0.001435
918 0.001400
919 0.001328
920 0.001299
921 0.001540
922 0.001534
923 0.001548
924 0.001423
925 0.001413
926 0.001640
927 0.001833
928 0.001688
929 0.001659
930 0.001290
931 0.001245
932 0.001607
933 0.001512
934 0.001429
935 0.001556
936 0.001769
937 0.001733
938 0.001553
939 0.001544
940 0.001478
941 0.001440
942 0.001290
943 0.001291
944 0.001460
945 0.001734
946 0.001419
947 0.001410
948 0.001413
949 0.001701
950 0.001465
951 0.001796
952 0.001445
953 0.001281
954 0.001513
955 0.001536
956 0.001436
957 0.001724
958 0.001470
959 0.001812
960 0.001697
961 0.001305
962 0.001463
963 0.001498
964 0.001430
965 0.001522
966 0.001465
967 0.001558
968 0.001579
969 0.001465
970 0.001462
971 0.001724
972 0.001477
973 0.001655
974 0.001472
975 0.001569
976 0.001585
977 0.001422
978 0.001603
979 0.001445
980 0.001408
981 0.001366
982 0.001581
983 0.001903
984 0.001895
985 0.001601
986 0.001684
987 0.001500
988 0.001543
989 0.001497
990 0.001955
991 0.001759
992 0.001442
993 0.001590
994 0.001325
995 0.001389
996 0.001426
997 0.001517
998 0.001451
999 0.001521
