0 0.000000
1 0.000000
2 0.000000
3 0.000000
4 0.000000
5 1.000000
6 1.000471
7 0.846602
8 0.832564
9 0.835113
10 0.720146
11 0.619415
12 0.494462
13 0.470698
14 0.307390
15 0.446907
16 0.922549
17 0.370390
18 0.123632
19 0.052232
20 0.059421
21 0.032672
22 0.045185
23 0.036060
24 0.048582
25 0.039962
26 0.022854
27 0.020168
28 0.023319
29 0.020603
30 0.021343
31 0.018246
32 0.019983
33 0.021255
34 0.027225
35 0.020461
36 0.027090
37 0.017763
38 0.015075
39 0.021961
40 0.024033
41 0.020555
42 0.033958
43 0.024494
44 0.027451
45 0.024001
46 0.021409
47 0.018558
48 0.018406
49 0.016113
50 0.019356
51 0.012381
52 0.018273
53 0.013215
54 0.010081
55 0.014117
56 0.017351
57 0.017731
58 0.019841
59 0.013861
60 0.020607
61 0.018623
62 0.018373
63 0.017008
64 0.013139
65 0.023617
66 0.020849
67 0.023383
68 0.018145
69 0.015393
70 0.019916
71 0.025713
72 0.019887
73 0.016364
74 0.012996
75 0.013019
76 0.014192
77 0.014427
78 0.011752
79 0.018680
80 0.017642
81 0.019276
82 0.014066
83 0.013802
84 0.021948
85 0.018155
86 0.014232
87 0.013769
88 0.018148
89 0.015841
90 0.018122
91 0.016807
92 0.017766
93 0.013471
94 0.018494
95 0.020097
96 0.021675
97 0.027932
98 0.023095
99 0.020781
100 0.020627
101 0.017711
102 0.012731
103 0.017070
104 0.016454
105 0.020714
106 0.019695
107 0.019967
108 0.019998
109 0.018020
110 0.017422
111 0.017860
112 0.019368
113 0.020907
114 0.016528
115 0.018522
116 0.021249
117 0.023388
118 0.021698
119 0.027330
120 0.029471
121 0.023256
122 0.024455
123 0.023295
124 0.020684
125 0.024321
126 0.020928
127 0.019816
128 0.021724
129 0.019731
130 0.023395
131 0.031947
132 0.025604
133 0.030597
134 0.022929
135 0.028713
136 0.021580
137 0.024163
138 0.028345
139 0.032211
140 0.034861
141 0.035556
142 0.025859
143 0.027238
144 0.030588
145 0.030073
146 0.030608
147 0.026599
148 0.028661
149 0.025809
150 0.027822
151 0.033781
152 0.041597
153 0.030533
154 0.039799
155 0.038298
156 0.022273
157 0.034548
158 0.026705
159 0.024553
160 0.022043
161 0.026951
162 0.027682
163 0.023428
164 0.027936
165 0.025939
166 0.030378
167 0.029004
168 0.026375
169 0.023544
170 0.033913
171 0.026607
172 0.021730
173 0.033011
174 0.035716
175 0.037643
176 0.038979
177 0.032046
178 0.038676
179 0.037846
180 0.052982
181 0.046147
182 0.042552
183 0.039920
184 0.039023
185 0.036059
186 0.032804
187 0.034670
188 0.044564
189 0.041291
190 0.038189
191 0.034650
192 0.032155
193 0.033981
194 0.040683
195 0.040750
196 0.034538
197 0.033741
198 0.039263
199 0.034975
200 0.040755
201 0.038058
202 0.039239
203 0.044614
204 0.043730
205 0.047147
206 0.049587
207 0.042831
208 0.045595
209 0.045246
210 0.055540
211 0.051372
212 0.049303
213 0.044956
214 0.049784
215 0.054647
216 0.046322
217 0.046060
218 0.044793
219 0.046332
220 0.046412
221 0.050240
222 0.047386
223 0.058238
224 0.059329
225 0.054834
226 0.046852
227 0.052666
228 0.051444
229 0.044336
230 0.048070
231 0.040169
232 0.044046
233 0.050630
234 0.052674
235 0.038384
236 0.035895
237 0.039114
238 0.045533
239 0.033477
240 0.042886
241 0.039192
242 0.049489
243 0.038083
244 0.058714
245 0.070952
246 0.061870
247 0.048459
248 0.058756
249 0.044936
250 0.057436
251 0.053872
252 0.065467
253 0.053729
254 0.061018
255 0.045879
256 0.056745
257 0.042652
258 0.046243
259 0.060857
260 0.049023
261 0.054571
262 0.057605
263 0.055180
264 0.052086
265 0.055055
266 0.045151
267 0.060249
268 0.045768
269 0.053302
270 0.057465
271 0.061013
272 0.037536
273 0.072124
274 0.057162
275 0.062566
276 0.051206
277 0.051716
278 0.052108
279 0.068496
280 0.037995
281 0.054776
282 0.053320
283 0.069921
284 0.059805
285 0.056574
286 0.056473
287 0.055792
288 0.079948
289 0.060753
290 0.063015
291 0.075653
292 0.059576
293 0.058838
294 0.065675
295 0.076363
296 0.056261
297 0.051946
298 0.060201
299 0.057486
300 0.068088
301 0.048379
302 0.058039
303 0.061588
304 0.069446
305 0.076707
306 0.064655
307 0.061266
308 0.057830
309 0.068320
310 0.051873
311 0.065608
312 0.050724
313 0.068857
314 0.069345
315 0.069341
316 0.069645
317 0.065118
318 0.063742
319 0.081369
320 0.067546
321 0.068535
322 0.051037
323 0.068208
324 0.067059
325 0.063478
326 0.062143
327 0.068575
328 0.073782
329 0.071626
330 0.064956
331 0.057442
332 0.079291
333 0.071573
334 0.069660
335 0.061742
336 0.069174
337 0.087636
338 0.065483
339 0.072864
340 0.075697
341 0.068040
342 0.087139
343 0.081723
344 0.082009
345 0.093342
346 0.074007
347 0.076996
348 0.086005
349 0.069950
350 0.089245
351 0.078266
352 0.113720
353 0.082480
354 0.085426
355 0.086595
356 0.081775
357 0.079638
358 0.092554
359 0.075344
360 0.067803
361 0.095495
362 0.071633
363 0.081565
364 0.086672
365 0.098989
366 0.090514
367 0.081763
368 0.069892
369 0.087348
370 0.100921
371 0.094368
372 0.112189
373 0.089074
374 0.103133
375 0.084681
376 0.088449
377 0.073087
378 0.101936
379 0.087503
380 0.091222
381 0.117991
382 0.102949
383 0.095175
384 0.111106
385 0.091097
386 0.104635
387 0.090828
388 0.087454
389 0.091430
390 0.101408
391 0.088497
392 0.079143
393 0.075402
394 0.099084
395 0.104862
396 0.080740
397 0.087940
398 0.111683
399 0.109913
400 0.086244
401 0.077948
402 0.079333
403 0.114782
404 0.103929
405 0.111270
406 0.081060
407 0.091629
408 0.108995
409 0.091053
410 0.111602
411 0.124447
412 0.110834
413 0.109401
414 0.080634
415 0.105333
416 0.110623
417 0.083500
418 0.108701
419 0.122079
420 0.094299
421 0.086886
422 0.112569
423 0.097858
424 0.124660
425 0.084077
426 0.123106
427 0.092879
428 0.092007
429 0.131965
430 0.094635
431 0.105652
432 0.082558
433 0.099680
434 0.088671
435 0.104621
436 0.095887
437 0.125174
438 0.086192
439 0.093566
440 0.108456
441 0.095598
442 0.129906
443 0.111791
444 0.109695
445 0.140097
446 0.126267
447 0.113554
448 0.114864
449 0.110677
450 0.112598
451 0.118165
452 0.133014
453 0.099815
454 0.133506
455 0.124839
456 0.117306
457 0.106544
458 0.124826
459 0.129568
460 0.103131
461 0.108464
462 0.098934
463 0.107491
464 0.106960
465 0.137650
466 0.141245
467 0.098259
468 0.121555
469 0.122637
470 0.116661
471 0.111629
472 0.100811
473 0.116683
474 0.123747
475 0.121933
476 0.120924
477 0.131788
478 0.126437
479 0.119288
480 0.126575
481 0.141678
482 0.110238
483 0.120689
484 0.134596
485 0.116351
486 0.108319
487 0.115059
488 0.112812
489 0.119043
490 0.154941
491 0.132684
492 0.114239
493 0.155682
494 0.116707
495 0.120734
496 0.121493
497 0.150891
498 0.131546
499 0.138435
500 0.119742
501 0.135335
502 0.129175
503 0.123122
504 0.112473
505 0.142213
506 0.124763
507 0.143430
508 0.122242
509 0.145735
510 0.116288
511 0.118983
512 0.128415
513 0.134875
514 0.146840
515 0.151136
516 0.147374
517 0.122407
518 0.126924
519 0.133410
520 0.127407
521 0.187254
522 0.158602
523 0.131097
524 0.142051
525 0.130285
526 0.134568
527 0.140386
528 0.129732
529 0.171198
530 0.152895
531 0.131491
532 0.171090
533 0.126598
534 0.171970
535 0.170701
536 0.143857
537 0.136051
538 0.119156
539 0.123323
540 0.146688
541 0.178582
542 0.153609
543 0.156268
544 0.149335
545 0.115500
546 0.140667
547 0.144158
548 0.134762
549 0.169648
550 0.133134
551 0.157782
552 0.183331
553 0.148431
554 0.145236
555 0.160069
556 0.176521
557 0.164756
558 0.177909
559 0.144916
560 0.109533
561 0.152821
562 0.134067
563 0.142062
564 0.141546
565 0.121259
566 0.155803
567 0.147698
568 0.156179
569 0.144665
570 0.161025
571 0.158068
572 0.145282
573 0.161031
574 0.148133
575 0.173672
576 0.164766
577 0.157144
578 0.139546
579 0.145022
580 0.167444
581 0.136610
582 0.161144
583 0.154923
584 0.167606
585 0.151586
586 0.156611
587 0.142251
588 0.161406
589 0.181481
590 0.187554
591 0.183003
592 0.165041
593 0.139429
594 0.192105
595 0.175869
596 0.171842
597 0.200548
598 0.174710
599 0.151970
600 0.147230
601 0.191950
602 0.132785
603 0.176612
604 0.155004
605 0.191814
606 0.161499
607 0.186671
608 0.155765
609 0.162941
610 0.154982
611 0.171715
612 0.151077
613 0.152555
614 0.143506
615 0.209498
616 0.169430
617 0.153294
618 0.175264
619 0.181419
620 0.195427
621 0.171931
622 0.181586
623 0.165971
624 0.166634
625 0.160747
626 0.175752
627 0.176380
628 0.214243
629 0.185583
630 0.170600
631 0.171438
632 0.201726
633 0.178092
634 0.167982
635 0.189173
636 0.183566
637 0.187631
638 0.149270
639 0.222459
640 0.182519
641 0.161399
642 0.207251
643 0.189022
644 0.179005
645 0.171420
646 0.183363
647 0.140123
648 0.180009
649 0.196882
650 0.178523
651 0.184687
652 0.176448
653 0.192655
654 0.163905
655 0.156121
656 0.238898
657 0.214434
658 0.201779
659 0.178635
660 0.181531
661 0.162855
662 0.217536
663 0.179405
664 0.187234
665 0.184706
666 0.200131
667 0.160357
668 0.146246
669 0.187476
670 0.159497
671 0.198731
672 0.152301
673 0.175833
674 0.181188
675 0.205683
676 0.201632
677 0.188653
678 0.197900
679 0.182229
680 0.230736
681 0.238620
682 0.232235
683 0.195584
684 0.216073
685 0.213961
686 0.199545
687 0.213155
688 0.187756
689 0.217868
690 0.200237
691 0.224855
692 0.203141
693 0.235920
694 0.162443
695 0.192703
696 0.221179
697 0.230736
698 0.230571
699 0.191209
700 0.191634
701 0.192533
702 0.224632
703 0.183631
704 0.256160
705 0.162815
706 0.159529
707 0.224962
708 0.157787
709 0.205716
710 0.240419
711 0.246510
712 0.202469
713 0.243050
714 0.176281
715 0.218065
716 0.231295
717 0.208588
718 0.209087
719 0.224981
720 0.247564
721 0.226479
722 0.202653
723 0.247893
724 0.199402
725 0.221683
726 0.244057
727 0.244812
728 0.185625
729 0.215881
730 0.213923
731 0.246815
732 0.238488
733 0.179367
734 0.194962
735 0.227751
736 0.205993
737 0.215302
738 0.203315
739 0.248278
740 0.257023
741 0.212187
742 0.205936
743 0.213705
744 0.210288
745 0.215155
746 0.194590
747 0.231895
748 0.168187
749 0.234068
750 0.230923
751 0.205516
752 0.241396
753 0.261694
754 0.166803
755 0.264061
756 0.262571
757 0.231663
758 0.198365
759 0.229957
760 0.247783
761 0.231908
762 0.209909
763 0.212906
764 0.207368
765 0.259085
766 0.262669
767 0.211896
768 0.221595
769 0.227602
770 0.233669
771 0.220523
772 0.239474
773 0.235408
774 0.204642
775 0.197194
776 0.214293
777 0.257548
778 0.174011
779 0.258715
780 0.221141
781 0.245181
782 0.186526
783 0.217614
784 0.206294
785 0.189824
786 0.259283
787 0.184107
788 0.218018
789 0.232032
790 0.222736
791 0.238664
792 0.155124
793 0.281439
794 0.222876
795 0.204820
796 0.229530
797 0.225478
798 0.249366
799 0.194050
800 0.239447
801 0.247685
802 0.227214
803 0.248405
804 0.209204
805 0.257031
806 0.188443
807 0.198290
808 0.232272
809 0.216237
810 0.216227
811 0.257204
812 0.208549
813 0.227802
814 0.277641
815 0.245571
816 0.207034
817 0.223443
818 0.215851
819 0.189452
820 0.210634
821 0.256322
822 0.205283
823 0.266467
824 0.250921
825 0.246988
826 0.242585
827 0.195687
828 0.247828
829 0.263389
830 0.229384
831 0.284167
832 0.220332
833 0.232597
834 0.285141
835 0.226872
836 0.214170
837 0.215857
838 0.251002
839 0.216844
840 0.273031
841 0.215981
842 0.214712
843 0.231628
844 0.230462
845 0.217231
846 0.220529
847 0.213614
848 0.296449
849 0.220867
850 0.248129
851 0.252813
852 0.273094
853 0.312391
854 0.231553
855 0.245463
856 0.216738
857 0.211245
858 0.294932
859 0.233646
860 0.212297
861 0.246174
862 0.222641
863 0.284913
864 0.266742
865 0.242320
866 0.266943
867 0.241541
868 0.242427
869 0.229645
870 0.247067
871 0.219738
872 0.261620
873 0.199897
874 0.202370
875 0.248798
876 0.235768
877 0.235835
878 0.252900
879 0.256777
880 0.220866
881 0.206698
882 0.234819
883 0.262918
884 0.252000
885 0.211823
886 0.231413
887 0.251369
888 0.198364
889 0.225672
890 0.226753
891 0.238129
892 0.208595
893 0.238233
894 0.214140
895 0.233677
896 0.237886
897 0.230234
898 0.255033
899 0.271062
900 0.217695
901 0.207683
902 0.218159
903 0.214499
904 0.215185
905 0.245080
906 0.236851
907 0.214083
908 0.268320
909 0.295026
910 0.267993
911 0.247016
912 0.280444
913 0.255093
914 0.224655
915 0.222759
916 0.237866
917 0.243084
918 0.238252
919 0.261186
920 0.255608
921 0.205105
922 0.253342
923 0.221695
924 0.201790
925 0.273520
926 0.226654
927 0.201512
928 0.282518
929 0.222984
930 0.238877
931 0.232749
932 0.261688
933 0.243376
934 0.244420
935 0.273973
936 0.276597
937 0.244848
938 0.309336
939 0.236453
940 0.236650
941 0.229753
942 0.248922
943 0.269873
944 0.222157
945 0.272949
946 0.253752
947 0.227456
948 0.259276
949 0.255692
950 0.261561
951 0.251684
952 0.222234
953 0.273207
954 0.223433
955 0.237831
956 0.247045
957 0.263831
958 0.254884
959 0.239321
960 0.206240
961 0.257760
962 0.274607
963 0.264315
964 0.269845
965 0.229288
966 0.233428
967 0.248703
968 0.265723
969 0.235634
970 0.235139
971 0.226089
972 0.219887
973 0.273602
974 0.255612
975 0.251007
976 0.252397
977 0.231586
978 0.220303
979 0.250614
980 0.229728
981 0.225252
982 0.258328
983 0.247594
984 0.207120
985 0.280263
986 0.246152
987 0.245635
988 0.224709
989 0.235439
990 0.297118
991 0.234690
992 0.251951
993 0.232119
994 0.235158
995 0.253473
996 0.217271
997 0.245298
998 0.262121
999 0.231151
