0 0.000000
1 0.000000
2 0.000000
3 0.000000
4 0.000000
5 1.000000
6 1.528329
7 2.728269
8 4.311864
9 7.741258
10 7.393586
11 6.331099
12 7.001417
13 9.149817
14 10.200529
15 13.528523
16 15.695871
17 5.617869
18 2.604354
19 0.979659
20 0.795984
21 0.458182
22 0.413232
23 0.388482
24 0.351172
25 0.331593
26 0.250675
27 0.204294
28 0.247109
29 0.227438
30 0.212634
31 0.181789
32 0.187826
33 0.209723
34 0.187129
35 0.173320
36 0.153977
37 0.148074
38 0.145295
39 0.134796
40 0.139717
41 0.140145
42 0.139194
43 0.134457
44 0.118974
45 0.141144
46 0.127392
47 0.131057
48 0.137407
49 0.135502
50 0.124782
51 0.136146
52 0.144659
53 0.152264
54 0.162666
55 0.141294
56 0.135419
57 0.138513
58 0.140736
59 0.152108
60 0.150581
61 0.140025
62 0.134523
63 0.136264
64 0.136498
65 0.146747
66 0.147814
67 0.154546
68 0.154128
69 0.139863
70 0.139892
71 0.138340
72 0.131825
73 0.125267
74 0.118116
75 0.127787
76 0.137503
77 0.142051
78 0.139731
79 0.137963
80 0.135278
81 0.124695
82 0.123941
83 0.128777
84 0.121433
85 0.111293
86 0.129863
87 0.139736
88 0.142646
89 0.143701
90 0.146284
91 0.148231
92 0.139932
93 0.135124
94 0.124780
95 0.120594
96 0.113171
97 0.107934
98 0.120879
99 0.126514
100 0.129202
101 0.128337
102 0.122719
103 0.122668
104 0.116960
105 0.117545
106 0.112195
107 0.104342
108 0.106277
109 0.121364
110 0.121700
111 0.126527
112 0.120041
113 0.117544
114 0.118161
115 0.119291
116 0.113406
117 0.106490
118 0.110628
119 0.107719
120 0.111999
121 0.115638
122 0.118634
123 0.116073
124 0.115115
125 0.104054
126 0.104103
127 0.105871
128 0.106075
129 0.113309
130 0.117999
131 0.122633
132 0.132580
133 0.135118
134 0.131880
135 0.126149
136 0.114724
137 0.117819
138 0.129849
139 0.135222
140 0.122870
141 0.131723
142 0.123850
143 0.124430
144 0.118175
145 0.127344
146 0.118832
147 0.124234
148 0.130171
149 0.125804
150 0.127954
151 0.120169
152 0.118356
153 0.116309
154 0.119361
155 0.127216
156 0.120214
157 0.127205
158 0.133809
159 0.136322
160 0.141062
161 0.150254
162 0.133892
163 0.128546
164 0.117599
165 0.126060
166 0.132768
167 0.130941
168 0.126352
169 0.122118
170 0.120628
171 0.111840
172 0.109761
173 0.100256
174 0.098085
175 0.099191
176 0.097283
177 0.106363
178 0.119747
179 0.131300
180 0.130406
181 0.132134
182 0.127617
183 0.129839
184 0.124895
185 0.118730
186 0.114813
187 0.107301
188 0.104503
189 0.106250
190 0.113822
191 0.124368
192 0.125304
193 0.125187
194 0.122432
195 0.131271
196 0.133766
197 0.130560
198 0.139744
199 0.134681
200 0.141064
201 0.138655
202 0.139353
203 0.142854
204 0.138751
205 0.132336
206 0.125852
207 0.123015
208 0.115793
209 0.120289
210 0.116344
211 0.109787
212 0.107785
213 0.106219
214 0.111706
215 0.112438
216 0.111597
217 0.106412
218 0.098465
219 0.095479
220 0.088988
221 0.083415
222 0.091175
223 0.102350
224 0.099135
225 0.092281
226 0.093556
227 0.094521
228 0.099822
229 0.101756
230 0.098268
231 0.103903
232 0.110782
233 0.126796
234 0.130462
235 0.129825
236 0.128998
237 0.133024
238 0.125512
239 0.115041
240 0.107804
241 0.105555
242 0.104270
243 0.118300
244 0.129913
245 0.135247
246 0.134061
247 0.135273
248 0.127127
249 0.120925
250 0.116029
251 0.112949
252 0.110246
253 0.102849
254 0.102315
255 0.111711
256 0.120381
257 0.112315
258 0.105886
259 0.099420
260 0.103983
261 0.098955
262 0.093008
263 0.094648
264 0.104705
265 0.114940
266 0.123413
267 0.117910
268 0.119110
269 0.120372
270 0.118892
271 0.114937
272 0.099963
273 0.103456
274 0.104667
275 0.102849
276 0.113205
277 0.119683
278 0.127439
279 0.119073
280 0.111165
281 0.124242
282 0.133081
283 0.132842
284 0.139237
285 0.143747
286 0.150797
287 0.143137
288 0.134591
289 0.119988
290 0.119805
291 0.122833
292 0.122661
293 0.126843
294 0.132591
295 0.125944
296 0.105645
297 0.097749
298 0.092875
299 0.093557
300 0.092563
301 0.105255
302 0.100963
303 0.105113
304 0.100893
305 0.096433
306 0.098313
307 0.104429
308 0.115297
309 0.113952
310 0.125938
311 0.136420
312 0.136398
313 0.140729
314 0.142997
315 0.147079
316 0.138818
317 0.123671
318 0.109269
319 0.105693
320 0.109731
321 0.103943
322 0.108430
323 0.108147
324 0.099953
325 0.092805
326 0.092922
327 0.095952
328 0.103171
329 0.100904
330 0.104846
331 0.114270
332 0.112677
333 0.113945
334 0.107442
335 0.099439
336 0.093379
337 0.101345
338 0.113748
339 0.118962
340 0.124650
341 0.130734
342 0.128574
343 0.132263
344 0.128990
345 0.134055
346 0.135923
347 0.140212
348 0.138013
349 0.132692
350 0.133961
351 0.135026
352 0.125511
353 0.127232
354 0.140501
355 0.147102
356 0.136982
357 0.136458
358 0.130643
359 0.119046
360 0.103293
361 0.094710
362 0.095089
363 0.094586
364 0.099491
365 0.105543
366 0.108830
367 0.118255
368 0.122883
369 0.120120
370 0.119195
371 0.119849
372 0.122092
373 0.119997
374 0.116251
375 0.114335
376 0.118623
377 0.114995
378 0.111261
379 0.105636
380 0.101316
381 0.100495
382 0.104690
383 0.101871
384 0.099954
385 0.089928
386 0.088335
387 0.091735
388 0.099046
389 0.091500
390 0.091204
391 0.098697
392 0.100496
393 0.105242
394 0.112542
395 0.117358
396 0.117334
397 0.122292
398 0.123742
399 0.127177
400 0.129615
401 0.134571
402 0.128734
403 0.119622
404 0.115531
405 0.117256
406 0.119975
407 0.120795
408 0.114636
409 0.111117
410 0.115465
411 0.119328
412 0.123912
413 0.135700
414 0.141682
415 0.144551
416 0.142155
417 0.133244
418 0.129196
419 0.121308
420 0.118214
421 0.113712
422 0.109920
423 0.106305
424 0.101764
425 0.088669
426 0.088820
427 0.088036
428 0.097748
429 0.098763
430 0.108560
431 0.111966
432 0.120130
433 0.115093
434 0.102577
435 0.104406
436 0.111195
437 0.115831
438 0.121352
439 0.123036
440 0.124909
441 0.129035
442 0.124475
443 0.114966
444 0.104177
445 0.099545
446 0.103897
447 0.101781
448 0.111275
449 0.107996
450 0.107701
451 0.105990
452 0.120199
453 0.119240
454 0.129482
455 0.119997
456 0.121032
457 0.115313
458 0.109481
459 0.114398
460 0.123361
461 0.123020
462 0.108161
463 0.099638
464 0.091242
465 0.088954
466 0.089900
467 0.095476
468 0.099338
469 0.118627
470 0.124076
471 0.121052
472 0.123610
473 0.122732
474 0.112173
475 0.113988
476 0.115243
477 0.110241
478 0.105865
479 0.105968
480 0.110564
481 0.111020
482 0.108793
483 0.115625
484 0.108430
485 0.107194
486 0.106464
487 0.104838
488 0.105214
489 0.105379
490 0.100604
491 0.104538
492 0.099756
493 0.099233
494 0.096395
495 0.103279
496 0.103761
497 0.107079
498 0.115918
499 0.119687
500 0.116538
501 0.114383
502 0.114187
503 0.117269
504 0.117358
505 0.120988
506 0.129841
507 0.138374
508 0.142662
509 0.140964
510 0.138597
511 0.131014
512 0.132577
513 0.117276
514 0.110070
515 0.105336
516 0.102148
517 0.107610
518 0.106426
519 0.109456
520 0.113348
521 0.111621
522 0.113402
523 0.115939
524 0.119474
525 0.117515
526 0.121762
527 0.126689
528 0.118685
529 0.116218
530 0.120126
531 0.120267
532 0.128106
533 0.140034
534 0.145277
535 0.144099
536 0.133309
537 0.132372
538 0.123544
539 0.116583
540 0.110158
541 0.114004
542 0.118562
543 0.113445
544 0.111681
545 0.109132
546 0.104324
547 0.108155
548 0.114818
549 0.118331
550 0.113996
551 0.116755
552 0.114394
553 0.115961
554 0.112336
555 0.111652
556 0.113698
557 0.116953
558 0.113006
559 0.105225
560 0.104400
561 0.111232
562 0.120999
563 0.119607
564 0.130317
565 0.130232
566 0.122760
567 0.115893
568 0.112480
569 0.108686
570 0.105041
571 0.107185
572 0.110861
573 0.109946
574 0.114786
575 0.120500
576 0.121081
577 0.117954
578 0.110832
579 0.106325
580 0.108232
581 0.106477
582 0.101360
583 0.098377
584 0.100144
585 0.103537
586 0.093989
587 0.083742
588 0.082166
589 0.078341
590 0.072020
591 0.081948
592 0.082856
593 0.088814
594 0.089421
595 0.096941
596 0.106187
597 0.116111
598 0.120717
599 0.118051
600 0.116701
601 0.114602
602 0.103606
603 0.106791
604 0.112216
605 0.120560
606 0.135903
607 0.141326
608 0.138834
609 0.139605
610 0.140072
611 0.140052
612 0.121447
613 0.109861
614 0.103888
615 0.107180
616 0.119966
617 0.131604
618 0.137163
619 0.136566
620 0.131513
621 0.136905
622 0.133578
623 0.125696
624 0.119485
625 0.121196
626 0.128523
627 0.131319
628 0.124485
629 0.128037
630 0.126610
631 0.132618
632 0.126854
633 0.125527
634 0.131211
635 0.122653
636 0.119686
637 0.111738
638 0.112908
639 0.108603
640 0.104177
641 0.104128
642 0.111323
643 0.115828
644 0.124002
645 0.120682
646 0.111324
647 0.105676
648 0.107948
649 0.101575
650 0.100915
651 0.096437
652 0.090567
653 0.094388
654 0.094490
655 0.096227
656 0.101175
657 0.109635
658 0.112782
659 0.111020
660 0.119727
661 0.117866
662 0.128393
663 0.125725
664 0.113962
665 0.108900
666 0.112946
667 0.108328
668 0.104764
669 0.105935
670 0.104258
671 0.102470
672 0.106264
673 0.113429
674 0.126472
675 0.122885
676 0.122402
677 0.120569
678 0.120939
679 0.119467
680 0.118115
681 0.115252
682 0.112377
683 0.117574
684 0.115839
685 0.114261
686 0.112957
687 0.106347
688 0.104211
689 0.096561
690 0.096760
691 0.105417
692 0.105681
693 0.110605
694 0.106622
695 0.103487
696 0.100431
697 0.108435
698 0.107917
699 0.118097
700 0.123753
701 0.126088
702 0.106834
703 0.111409
704 0.110596
705 0.117720
706 0.106762
707 0.108059
708 0.109871
709 0.117528
710 0.117197
711 0.110040
712 0.106450
713 0.101924
714 0.100783
715 0.095439
716 0.089705
717 0.081934
718 0.082932
719 0.091177
720 0.092211
721 0.095318
722 0.097517
723 0.097552
724 0.106028
725 0.111760
726 0.123581
727 0.118860
728 0.113554
729 0.107131
730 0.101825
731 0.098107
732 0.099527
733 0.106357
734 0.115780
735 0.116424
736 0.123263
737 0.128086
738 0.133618
739 0.128574
740 0.127932
741 0.120284
742 0.115527
743 0.121257
744 0.128723
745 0.131209
746 0.124197
747 0.127806
748 0.129549
749 0.122684
750 0.118515
751 0.118590
752 0.110165
753 0.098446
754 0.092809
755 0.090889
756 0.093090
757 0.089961
758 0.092254
759 0.099119
760 0.105677
761 0.105456
762 0.102128
763 0.106319
764 0.114685
765 0.118483
766 0.113759
767 0.108943
768 0.109977
769 0.103916
770 0.099848
771 0.086281
772 0.087470
773 0.108623
774 0.117277
775 0.117924
776 0.115104
777 0.116937
778 0.123622
779 0.117391
780 0.112872
781 0.116392
782 0.124434
783 0.117395
784 0.108237
785 0.111685
786 0.110178
787 0.112656
788 0.112521
789 0.111609
790 0.110559
791 0.116276
792 0.130480
793 0.128106
794 0.128467
795 0.130529
796 0.126687
797 0.128482
798 0.126821
799 0.132009
800 0.130707
801 0.131530
802 0.135002
803 0.121722
804 0.127756
805 0.119596
806 0.112938
807 0.107818
808 0.101353
809 0.106814
810 0.103122
811 0.096354
812 0.091940
813 0.095647
814 0.097735
815 0.104340
816 0.113911
817 0.123743
818 0.124981
819 0.123876
820 0.126253
821 0.124576
822 0.130734
823 0.125332
824 0.117799
825 0.110775
826 0.097674
827 0.089109
828 0.088416
829 0.093604
830 0.099028
831 0.111416
832 0.106549
833 0.108398
834 0.103260
835 0.097984
836 0.093267
837 0.095835
838 0.096030
839 0.107054
840 0.109201
841 0.110129
842 0.101673
843 0.099838
844 0.106242
845 0.108668
846 0.103581
847 0.105397
848 0.100114
849 0.106806
850 0.109126
851 0.114029
852 0.111852
853 0.108988
854 0.100820
855 0.092039
856 0.084850
857 0.089881
858 0.094531
859 0.098867
860 0.094028
861 0.091700
862 0.091495
863 0.090757
864 0.087526
865 0.102365
866 0.103215
867 0.110125
868 0.115710
869 0.124015
870 0.117497
871 0.115779
872 0.102427
873 0.090533
874 0.086330
875 0.086260
876 0.090062
877 0.098568
878 0.099193
879 0.101883
880 0.113870
881 0.118918
882 0.120521
883 0.126368
884 0.131089
885 0.131527
886 0.123788
887 0.119977
888 0.122542
889 0.127688
890 0.122343
891 0.121757
892 0.114523
893 0.110771
894 0.103940
895 0.101488
896 0.102834
897 0.097064
898 0.101854
899 0.110238
900 0.121704
901 0.128705
902 0.130050
903 0.131024
904 0.136522
905 0.133582
906 0.138822
907 0.130041
908 0.126691
909 0.116675
910 0.116148
911 0.118157
912 0.106826
913 0.106065
914 0.104591
915 0.105260
916 0.109980
917 0.112481
918 0.117092
919 0.118638
920 0.119207
921 0.117087
922 0.110007
923 0.110830
924 0.112964
925 0.102600
926 0.105563
927 0.115822
928 0.107798
929 0.113275
930 0.122492
931 0.121764
932 0.118394
933 0.124300
934 0.130307
935 0.137270
936 0.139943
937 0.134856
938 0.126019
939 0.125442
940 0.118577
941 0.109094
942 0.107273
943 0.103702
944 0.108342
945 0.108916
946 0.112633
947 0.115639
948 0.113491
949 0.109875
950 0.119169
951 0.125010
952 0.114383
953 0.109204
954 0.103338
955 0.093009
956 0.095793
957 0.090884
958 0.091002
959 0.091700
960 0.088919
961 0.087077
962 0.097822
963 0.108012
964 0.105737
965 0.108633
966 0.111326
967 0.113308
968 0.113504
969 0.110871
970 0.107638
971 0.100647
972 0.108015
973 0.101084
974 0.112986
975 0.107785
976 0.106075
977 0.107325
978 0.102979
979 0.112845
980 0.109910
981 0.111457
982 0.121090
983 0.129194
984 0.138096
985 0.147823
986 0.149867
987 0.151774
988 0.144918
989 0.147649
990 0.137257
991 0.138800
992 0.140446
993 0.131617
994 0.132811
995 0.126064
996 0.113779
997 0.098583
998 0.103982
999 0.096961
