0 0.000000
1 0.000000
2 0.000000
3 0.000000
4 0.000000
5 1.000000
6 1.155726
7 1.198564
8 1.378120
9 1.059925
10 1.543750
11 1.564096
12 1.744469
13 1.770881
14 2.283947
15 5.130197
16 14.379333
17 8.220990
18 1.703009
19 1.326839
20 0.867046
21 0.661704
22 0.557245
23 0.461811
24 0.454023
25 0.402002
26 0.372768
27 0.401369
28 0.393286
29 0.329868
30 0.341695
31 0.304826
32 0.343246
33 0.306062
34 0.272072
35 0.250045
36 0.242754
37 0.243854
38 0.184240
39 0.199515
40 0.242702
41 0.190624
42 0.185725
43 0.227964
44 0.239303
45 0.194889
46 0.235562
47 0.237462
48 0.221802
49 0.204503
50 0.227737
51 0.183658
52 0.217782
53 0.222804
54 0.176145
55 0.197977
56 0.252612
57 0.188881
58 0.209912
59 0.244956
60 0.217636
61 0.211998
62 0.247793
63 0.180542
64 0.175382
65 0.237669
66 0.171829
67 0.188963
68 0.173922
69 0.142127
70 0.230377
71 0.205681
72 0.180095
73 0.196071
74 0.212493
75 0.222232
76 0.225016
77 0.248391
78 0.193989
79 0.216361
80 0.209266
81 0.191845
82 0.234460
83 0.210276
84 0.212954
85 0.209452
86 0.154188
87 0.186170
88 0.206025
89 0.173859
90 0.196377
91 0.196769
92 0.183995
93 0.198749
94 0.209573
95 0.186184
96 0.210895
97 0.190751
98 0.173644
99 0.190245
100 0.179518
101 0.144336
102 0.210233
103 0.194782
104 0.160124
105 0.194314
106 0.195131
107 0.195884
108 0.150592
109 0.221952
110 0.178347
111 0.201781
112 0.221385
113 0.176613
114 0.168383
115 0.185043
116 0.181761
117 0.185927
118 0.183358
119 0.175457
120 0.193056
121 0.154643
122 0.179210
123 0.197244
124 0.161424
125 0.188432
126 0.218403
127 0.173946
128 0.224007
129 0.251835
130 0.136045
131 0.196324
132 0.229154
133 0.177868
134 0.207773
135 0.180518
136 0.203388
137 0.194767
138 0.142678
139 0.156581
140 0.164722
141 0.151329
142 0.174218
143 0.191481
144 0.167465
145 0.199878
146 0.190309
147 0.203809
148 0.213198
149 0.166670
150 0.180099
151 0.182931
152 0.229365
153 0.153596
154 0.170054
155 0.221877
156 0.176137
157 0.198011
158 0.189827
159 0.156592
160 0.170821
161 0.185247
162 0.167410
163 0.184366
164 0.176540
165 0.173781
166 0.199698
167 0.145438
168 0.155868
169 0.165421
170 0.144892
171 0.174179
172 0.201580
173 0.150599
174 0.161401
175 0.213478
176 0.143816
177 0.168722
178 0.188313
179 0.140077
180 0.159463
181 0.154651
182 0.152396
183 0.154980
184 0.150263
185 0.119166
186 0.128588
187 0.149148
188 0.148331
189 0.169953
190 0.168352
191 0.160194
192 0.137731
193 0.176969
194 0.157839
195 0.145516
196 0.184493
197 0.166518
198 0.198675
199 0.197527
200 0.174573
201 0.193174
202 0.218000
203 0.208943
204 0.204701
205 0.226078
206 0.181221
207 0.174458
208 0.183750
209 0.175736
210 0.191238
211 0.154424
212 0.176762
213 0.181774
214 0.150354
215 0.184384
216 0.163506
217 0.142477
218 0.143666
219 0.147479
220 0.160612
221 0.158877
222 0.179101
223 0.190314
224 0.153108
225 0.158540
226 0.166460
227 0.134588
228 0.180483
229 0.165646
230 0.152379
231 0.182672
232 0.202779
233 0.169876
234 0.155928
235 0.168594
236 0.131901
237 0.142991
238 0.137471
239 0.133099
240 0.153397
241 0.156306
242 0.171368
243 0.200331
244 0.171541
245 0.176284
246 0.201616
247 0.140357
248 0.183824
249 0.190743
250 0.141908
251 0.181751
252 0.178888
253 0.158200
254 0.175812
255 0.156757
256 0.184207
257 0.197900
258 0.159651
259 0.211154
260 0.175071
261 0.135275
262 0.168557
263 0.136276
264 0.162716
265 0.158409
266 0.151195
267 0.144759
268 0.200073
269 0.165564
270 0.153489
271 0.188973
272 0.176109
273 0.154420
274 0.195097
275 0.203282
276 0.163525
277 0.170378
278 0.198528
279 0.174226
280 0.150531
281 0.176714
282 0.186377
283 0.151887
284 0.123836
285 0.172228
286 0.138414
287 0.107796
288 0.142024
289 0.162390
290 0.114731
291 0.146164
292 0.144500
293 0.150122
294 0.168769
295 0.143084
296 0.143505
297 0.150647
298 0.154447
299 0.156402
300 0.192489
301 0.207516
302 0.162812
303 0.194810
304 0.165115
305 0.135573
306 0.184672
307 0.159318
308 0.147067
309 0.189280
310 0.141806
311 0.122577
312 0.181423
313 0.142790
314 0.130373
315 0.176579
316 0.141986
317 0.140461
318 0.168011
319 0.169439
320 0.146919
321 0.160223
322 0.169895
323 0.169312
324 0.179652
325 0.172541
326 0.152814
327 0.141551
328 0.188960
329 0.160635
330 0.155411
331 0.220243
332 0.207978
333 0.141531
334 0.177138
335 0.193248
336 0.162975
337 0.141801
338 0.188360
339 0.185585
340 0.140512
341 0.184629
342 0.156378
343 0.143445
344 0.150215
345 0.147141
346 0.172542
347 0.175504
348 0.147245
349 0.208585
350 0.161125
351 0.183720
352 0.194240
353 0.187669
354 0.204880
355 0.186370
356 0.172687
357 0.195186
358 0.175598
359 0.153360
360 0.209684
361 0.165578
362 0.172202
363 0.159205
364 0.141932
365 0.135736
366 0.151768
367 0.138394
368 0.167150
369 0.152225
370 0.111084
371 0.126437
372 0.167109
373 0.150103
374 0.159423
375 0.189383
376 0.144604
377 0.133703
378 0.166094
379 0.146895
380 0.158704
381 0.172493
382 0.167254
383 0.174612
384 0.142782
385 0.150687
386 0.181240
387 0.147598
388 0.176352
389 0.208669
390 0.170827
391 0.155069
392 0.212300
393 0.182963
394 0.149099
395 0.201966
396 0.190520
397 0.152388
398 0.179083
399 0.206000
400 0.163053
401 0.180433
402 0.174042
403 0.177830
404 0.174176
405 0.160158
406 0.178274
407 0.180695
408 0.195529
409 0.178995
410 0.185009
411 0.177754
412 0.156122
413 0.194225
414 0.154502
415 0.164234
416 0.181357
417 0.144214
418 0.160015
419 0.166336
420 0.143760
421 0.186035
422 0.174099
423 0.147045
424 0.216874
425 0.175352
426 0.152562
427 0.179674
428 0.139861
429 0.148811
430 0.169600
431 0.144686
432 0.177595
433 0.212900
434 0.181298
435 0.174793
436 0.211361
437 0.185288
438 0.186360
439 0.166785
440 0.156325
441 0.186687
442 0.138153
443 0.200393
444 0.196161
445 0.147923
446 0.196666
447 0.142313
448 0.133682
449 0.186521
450 0.158740
451 0.181107
452 0.177975
453 0.167789
454 0.171301
455 0.166576
456 0.181451
457 0.185184
458 0.184903
459 0.170581
460 0.166550
461 0.159692
462 0.172957
463 0.199271
464 0.166242
465 0.131099
466 0.164244
467 0.198668
468 0.152593
469 0.152036
470 0.182579
471 0.121684
472 0.142338
473 0.170661
474 0.157258
475 0.143229
476 0.153087
477 0.160760
478 0.195952
479 0.153192
480 0.145504
481 0.187565
482 0.155313
483 0.154717
484 0.173054
485 0.145881
486 0.149404
487 0.148730
488 0.161755
489 0.167167
490 0.169465
491 0.191647
492 0.194837
493 0.202837
494 0.191644
495 0.179808
496 0.172180
497 0.158181
498 0.164490
499 0.181423
500 0.148225
501 0.210493
502 0.170816
503 0.148430
504 0.202495
505 0.167965
506 0.121216
507 0.201649
508 0.177251
509 0.149020
510 0.180010
511 0.153922
512 0.159380
513 0.190695
514 0.156863
515 0.168291
516 0.196347
517 0.154225
518 0.156341
519 0.196649
520 0.188465
521 0.172759
522 0.193972
523 0.172861
524 0.177309
525 0.175555
526 0.176654
527 0.169624
528 0.159666
529 0.178906
530 0.160488
531 0.118964
532 0.113791
533 0.146832
534 0.142929
535 0.153986
536 0.155590
537 0.166428
538 0.151250
539 0.179365
540 0.193165
541 0.169521
542 0.173271
543 0.188069
544 0.176443
545 0.168822
546 0.161126
547 0.162079
548 0.159106
549 0.155502
550 0.185273
551 0.146355
552 0.147781
553 0.202281
554 0.172007
555 0.200209
556 0.172271
557 0.164126
558 0.185205
559 0.168141
560 0.174683
561 0.180214
562 0.164081
563 0.180460
564 0.166632
565 0.158908
566 0.197623
567 0.162888
568 0.151561
569 0.188207
570 0.155677
571 0.181892
572 0.199781
573 0.166284
574 0.172342
575 0.168165
576 0.156818
577 0.147618
578 0.143277
579 0.152443
580 0.176680
581 0.163074
582 0.133648
583 0.183201
584 0.166782
585 0.184272
586 0.176401
587 0.159728
588 0.192900
589 0.199377
590 0.164908
591 0.156753
592 0.163588
593 0.155316
594 0.148988
595 0.153299
596 0.152574
597 0.154516
598 0.156913
599 0.159101
600 0.179472
601 0.164267
602 0.184179
603 0.180566
604 0.165065
605 0.182514
606 0.193151
607 0.142869
608 0.172358
609 0.152668
610 0.155096
611 0.192720
612 0.179356
613 0.163072
614 0.153636
615 0.178341
616 0.190580
617 0.168974
618 0.197862
619 0.176532
620 0.171040
621 0.163241
622 0.146679
623 0.160747
624 0.197080
625 0.140749
626 0.187200
627 0.196919
628 0.176954
629 0.152581
630 0.196761
631 0.195413
632 0.149975
633 0.213675
634 0.176688
635 0.146569
636 0.236706
637 0.169744
638 0.157414
639 0.223386
640 0.135718
641 0.170005
642 0.214881
643 0.143738
644 0.143951
645 0.186161
646 0.143744
647 0.137244
648 0.164418
649 0.164308
650 0.171077
651 0.171693
652 0.196459
653 0.161290
654 0.169438
655 0.165370
656 0.158924
657 0.164701
658 0.186066
659 0.174319
660 0.161720
661 0.184133
662 0.188789
663 0.168567
664 0.196264
665 0.152076
666 0.219958
667 0.183956
668 0.145879
669 0.220946
670 0.184882
671 0.167849
672 0.214361
673 0.170035
674 0.173396
675 0.188792
676 0.160956
677 0.187202
678 0.180942
679 0.166408
680 0.191820
681 0.180993
682 0.154886
683 0.176764
684 0.167510
685 0.171635
686 0.167646
687 0.163897
688 0.164113
689 0.197096
690 0.165485
691 0.157978
692 0.168709
693 0.142757
694 0.148739
695 0.191875
696 0.155433
697 0.170332
698 0.169005
699 0.150336
700 0.170773
701 0.167340
702 0.183946
703 0.171342
704 0.151886
705 0.182324
706 0.169546
707 0.161680
708 0.187692
709 0.148114
710 0.175824
711 0.159850
712 0.116325
713 0.199803
714 0.139188
715 0.127036
716 0.180293
717 0.155411
718 0.112077
719 0.127335
720 0.122312
721 0.117694
722 0.154380
723 0.113657
724 0.145000
725 0.149550
726 0.174189
727 0.153142
728 0.161921
729 0.167876
730 0.184596
731 0.160668
732 0.151372
733 0.124859
734 0.170689
735 0.161065
736 0.120170
737 0.165875
738 0.164890
739 0.152534
740 0.195929
741 0.148402
742 0.132450
743 0.191482
744 0.145009
745 0.148910
746 0.171653
747 0.183243
748 0.145850
749 0.123884
750 0.150730
751 0.130698
752 0.130778
753 0.138571
754 0.144531
755 0.144935
756 0.122953
757 0.142518
758 0.171444
759 0.151693
760 0.146572
761 0.165676
762 0.166790
763 0.130940
764 0.126526
765 0.180405
766 0.135028
767 0.156999
768 0.151927
769 0.147120
770 0.132134
771 0.155624
772 0.173475
773 0.142564
774 0.150516
775 0.184844
776 0.148793
777 0.154023
778 0.166554
779 0.179146
780 0.181110
781 0.139917
782 0.163881
783 0.156068
784 0.124064
785 0.179652
786 0.183658
787 0.148302
788 0.200866
789 0.194896
790 0.177471
791 0.191510
792 0.193541
793 0.162268
794 0.186957
795 0.166092
796 0.188718
797 0.193363
798 0.128970
799 0.182572
800 0.176899
801 0.137220
802 0.189782
803 0.186006
804 0.158165
805 0.187859
806 0.218516
807 0.188199
808 0.150595
809 0.186555
810 0.161880
811 0.152943
812 0.144116
813 0.152718
814 0.171467
815 0.121021
816 0.142443
817 0.141932
818 0.118020
819 0.165808
820 0.167582
821 0.164907
822 0.194911
823 0.164542
824 0.178593
825 0.186022
826 0.147028
827 0.184269
828 0.156413
829 0.128327
830 0.192568
831 0.164563
832 0.169049
833 0.154602
834 0.164744
835 0.209046
836 0.136092
837 0.164359
838 0.204830
839 0.203444
840 0.175429
841 0.190226
842 0.214868
843 0.148980
844 0.177550
845 0.175807
846 0.182001
847 0.165238
848 0.185220
849 0.210587
850 0.124501
851 0.164092
852 0.225942
853 0.139586
854 0.158055
855 0.230488
856 0.150724
857 0.177709
858 0.229730
859 0.129395
860 0.161722
861 0.194864
862 0.138962
863 0.161845
864 0.155546
865 0.151352
866 0.166103
867 0.160470
868 0.193371
869 0.134521
870 0.176496
871 0.182350
872 0.171535
873 0.153081
874 0.181721
875 0.198047
876 0.177544
877 0.182634
878 0.198093
879 0.142358
880 0.175660
881 0.155018
882 0.159422
883 0.159521
884 0.168701
885 0.168108
886 0.150220
887 0.166443
888 0.178890
889 0.130714
890 0.134559
891 0.151539
892 0.163112
893 0.148073
894 0.169499
895 0.154149
896 0.137625
897 0.163145
898 0.154040
899 0.161355
900 0.193086
901 0.158778
902 0.164649
903 0.186080
904 0.198427
905 0.167268
906 0.179041
907 0.232020
908 0.183627
909 0.183057
910 0.231344
911 0.146481
912 0.172993
913 0.196831
914 0.132590
915 0.172756
916 0.168563
917 0.139751
918 0.181872
919 0.160527
920 0.162711
921 0.200382
922 0.155226
923 0.187091
924 0.193072
925 0.164696
926 0.170939
927 0.169653
928 0.172630
929 0.162239
930 0.196036
931 0.175611
932 0.203422
933 0.201204
934 0.159299
935 0.190273
936 0.165408
937 0.197607
938 0.218179
939 0.155767
940 0.151254
941 0.192566
942 0.138358
943 0.162901
944 0.203735
945 0.145018
946 0.184973
947 0.197698
948 0.153994
949 0.186695
950 0.200355
951 0.152012
952 0.161278
953 0.183049
954 0.159764
955 0.162142
956 0.193948
957 0.185648
958 0.192229
959 0.177656
960 0.207682
961 0.175174
962 0.165211
963 0.213401
964 0.157726
965 0.149048
966 0.189447
967 0.165631
968 0.139395
969 0.151669
970 0.173212
971 0.130127
972 0.159117
973 0.154812
974 0.160661
975 0.187068
976 0.147884
977 0.192109
978 0.170221
979 0.154167
980 0.187579
981 0.184010
982 0.179237
983 0.174325
984 0.152373
985 0.173480
986 0.138220
987 0.133452
988 0.204288
989 0.145462
990 0.152992
991 0.174253
992 0.164068
993 0.171386
994 0.209433
995 0.159519
996 0.191233
997 0.185898
998 0.157997
999 0.188507
