0 0.000000
1 0.000000
2 0.000000
3 0.000000
4 0.000000
5 1.000000
6 1.112226
7 0.977044
8 0.847482
9 0.881478
10 0.747544
11 0.782701
12 0.571549
13 0.655257
14 0.537477
15 0.416935
16 0.514091
17 0.150915
18 0.130916
19 0.082470
20 0.084803
21 0.056335
22 0.097639
23 0.052035
24 0.045178
25 0.043164
26 0.066521
27 0.036487
28 0.035813
29 0.039972
30 0.035228
31 0.024154
32 0.029630
33 0.027267
34 0.038317
35 0.046949
36 0.031439
37 0.026743
38 0.025244
39 0.027206
40 0.027328
41 0.019004
42 0.020071
43 0.021455
44 0.023951
45 0.025097
46 0.031407
47 0.027032
48 0.018422
49 0.025415
50 0.022099
51 0.025459
52 0.027364
53 0.032170
54 0.023497
55 0.024414
56 0.026802
57 0.031956
58 0.026200
59 0.025839
60 0.022941
61 0.026386
62 0.017092
63 0.020378
64 0.020370
65 0.024529
66 0.026580
67 0.022828
68 0.020588
69 0.029951
70 0.027666
71 0.020673
72 0.021171
73 0.016689
74 0.018229
75 0.013873
76 0.019641
77 0.027122
78 0.024617
79 0.021290
80 0.028040
81 0.028464
82 0.021544
83 0.020363
84 0.027288
85 0.018399
86 0.018814
87 0.014648
88 0.020813
89 0.018250
90 0.016157
91 0.012059
92 0.024553
93 0.025404
94 0.016512
95 0.025517
96 0.022899
97 0.020484
98 0.020333
99 0.018353
100 0.021684
101 0.026035
102 0.022263
103 0.022055
104 0.012961
105 0.022274
106 0.024011
107 0.028934
108 0.021285
109 0.016197
110 0.018238
111 0.018218
112 0.021838
113 0.023574
114 0.019935
115 0.023382
116 0.019113
117 0.025034
118 0.027280
119 0.021515
120 0.018216
121 0.018459
122 0.017856
123 0.024348
124 0.024672
125 0.019615
126 0.017036
127 0.027605
128 0.019520
129 0.019563
130 0.019456
131 0.015775
132 0.015513
133 0.023779
134 0.016132
135 0.016182
136 0.016507
137 0.025767
138 0.030681
139 0.032336
140 0.025424
141 0.024234
142 0.023578
143 0.019488
144 0.017124
145 0.018091
146 0.015121
147 0.021685
148 0.019544
149 0.018072
150 0.018791
151 0.017373
152 0.016213
153 0.020452
154 0.025977
155 0.027368
156 0.020141
157 0.020673
158 0.018226
159 0.020961
160 0.022716
161 0.018237
162 0.014868
163 0.018073
164 0.016767
165 0.011729
166 0.012930
167 0.021230
168 0.026724
169 0.024848
170 0.018642
171 0.022829
172 0.020105
173 0.017731
174 0.016287
175 0.016169
176 0.027280
177 0.026204
178 0.023609
179 0.020373
180 0.013171
181 0.015741
182 0.025071
183 0.023080
184 0.020837
185 0.018145
186 0.018253
187 0.020880
188 0.015826
189 0.013803
190 0.025503
191 0.023863
192 0.017164
193 0.017105
194 0.015447
195 0.018438
196 0.027419
197 0.022471
198 0.018686
199 0.018474
200 0.013438
201 0.013018
202 0.012994
203 0.012359
204 0.015689
205 0.018386
206 0.019309
207 0.025984
208 0.023611
209 0.023428
210 0.026471
211 0.025033
212 0.019370
213 0.022561
214 0.020812
215 0.022288
216 0.017741
217 0.019564
218 0.015615
219 0.019637
220 0.017143
221 0.014942
222 0.018344
223 0.017741
224 0.020609
225 0.020196
226 0.019754
227 0.018208
228 0.022529
229 0.031240
230 0.024139
231 0.018409
232 0.016506
233 0.018697
234 0.018094
235 0.015850
236 0.021407
237 0.023720
238 0.016556
239 0.019018
240 0.019339
241 0.016117
242 0.027425
243 0.017864
244 0.018430
245 0.018987
246 0.020333
247 0.017044
248 0.015773
249 0.013128
250 0.016554
251 0.022879
252 0.021805
253 0.026460
254 0.031400
255 0.028433
256 0.019796
257 0.021891
258 0.022225
259 0.025405
260 0.021971
261 0.026642
262 0.026404
263 0.020374
264 0.019965
265 0.016017
266 0.017285
267 0.022500
268 0.015201
269 0.013549
270 0.020897
271 0.020454
272 0.021238
273 0.015548
274 0.018921
275 0.020076
276 0.014642
277 0.014434
278 0.022401
279 0.019733
280 0.017878
281 0.014335
282 0.013930
283 0.017159
284 0.022910
285 0.025439
286 0.035318
287 0.034511
288 0.028862
289 0.020230
290 0.017590
291 0.015161
292 0.018968
293 0.018683
294 0.020352
295 0.019185
296 0.015232
297 0.017015
298 0.018033
299 0.027640
300 0.025631
301 0.018303
302 0.021046
303 0.028017
304 0.019188
305 0.017625
306 0.020405
307 0.015698
308 0.015489
309 0.020910
310 0.014310
311 0.018045
312 0.013049
313 0.016499
314 0.015435
315 0.016871
316 0.015524
317 0.016081
318 0.020364
319 0.017517
320 0.018390
321 0.021710
322 0.021398
323 0.015620
324 0.015093
325 0.018563
326 0.016892
327 0.016814
328 0.022004
329 0.021316
330 0.022120
331 0.024860
332 0.020851
333 0.021035
334 0.019998
335 0.017889
336 0.017173
337 0.019658
338 0.020418
339 0.015729
340 0.016829
341 0.015313
342 0.024862
343 0.021456
344 0.020676
345 0.017153
346 0.022666
347 0.017867
348 0.019236
349 0.020600
350 0.020210
351 0.024759
352 0.023712
353 0.021287
354 0.018822
355 0.014275
356 0.014227
357 0.017572
358 0.015931
359 0.015940
360 0.014781
361 0.020731
362 0.023263
363 0.015307
364 0.017404
365 0.022039
366 0.019280
367 0.021376
368 0.019910
369 0.021188
370 0.021163
371 0.020830
372 0.015351
373 0.016823
374 0.019115
375 0.017362
376 0.020054
377 0.019566
378 0.022974
379 0.024142
380 0.023019
381 0.025002
382 0.025666
383 0.018699
384 0.013686
385 0.012378
386 0.015042
387 0.016698
388 0.018713
389 0.017265
390 0.014779
391 0.018060
392 0.024175
393 0.020302
394 0.025326
395 0.020977
396 0.016434
397 0.016950
398 0.015543
399 0.019851
400 0.015607
401 0.024438
402 0.028239
403 0.025702
404 0.022212
405 0.023076
406 0.033174
407 0.024030
408 0.018230
409 0.016689
410 0.015010
411 0.019455
412 0.017927
413 0.021802
414 0.023669
415 0.016938
416 0.014827
417 0.017701
418 0.017767
419 0.022220
420 0.017063
421 0.015654
422 0.022509
423 0.018967
424 0.020568
425 0.020065
426 0.020994
427 0.017299
428 0.021823
429 0.021505
430 0.017241
431 0.018186
432 0.019391
433 0.017862
434 0.019143
435 0.022754
436 0.021852
437 0.020100
438 0.013395
439 0.019242
440 0.016801
441 0.024128
442 0.021044
443 0.020935
444 0.015772
445 0.019874
446 0.023009
447 0.018032
448 0.016046
449 0.015895
450 0.022171
451 0.022431
452 0.016946
453 0.017169
454 0.017122
455 0.014480
456 0.016338
457 0.017354
458 0.020263
459 0.013806
460 0.013388
461 0.015306
462 0.018225
463 0.016732
464 0.021129
465 0.021904
466 0.021221
467 0.024222
468 0.019578
469 0.022297
470 0.019936
471 0.022827
472 0.028226
473 0.024570
474 0.025514
475 0.016925
476 0.013412
477 0.016349
478 0.016296
479 0.017443
480 0.024087
481 0.025423
482 0.016943
483 0.019878
484 0.023078
485 0.024743
486 0.023699
487 0.017654
488 0.018393
489 0.019736
490 0.015577
491 0.014912
492 0.021402
493 0.017163
494 0.022259
495 0.015867
496 0.019137
497 0.018575
498 0.015461
499 0.018803
500 0.026789
501 0.019564
502 0.021524
503 0.019973
504 0.021402
505 0.019041
506 0.015478
507 0.020447
508 0.022277
509 0.016417
510 0.018473
511 0.009702
512 0.014655
513 0.019803
514 0.024637
515 0.023720
516 0.019021
517 0.014139
518 0.019219
519 0.014572
520 0.016599
521 0.023529
522 0.016600
523 0.016399
524 0.019490
525 0.024251
526 0.023241
527 0.023924
528 0.024346
529 0.022133
530 0.020558
531 0.016234
532 0.015834
533 0.022828
534 0.017693
535 0.014232
536 0.026178
537 0.025057
538 0.023356
539 0.022642
540 0.021996
541 0.019199
542 0.020222
543 0.022097
544 0.024522
545 0.020483
546 0.018081
547 0.018470
548 0.019089
549 0.024863
550 0.025902
551 0.030595
552 0.026785
553 0.023539
554 0.021931
555 0.017252
556 0.019079
557 0.015589
558 0.021667
559 0.014477
560 0.016360
561 0.019694
562 0.018845
563 0.023128
564 0.034405
565 0.030006
566 0.026467
567 0.031906
568 0.020605
569 0.016900
570 0.017134
571 0.025508
572 0.024342
573 0.020878
574 0.022957
575 0.021441
576 0.028127
577 0.022045
578 0.015080
579 0.017854
580 0.022155
581 0.022088
582 0.015174
583 0.020477
584 0.025366
585 0.023297
586 0.018051
587 0.023204
588 0.013475
589 0.015807
590 0.024243
591 0.019791
592 0.020487
593 0.017976
594 0.015966
595 0.017576
596 0.017606
597 0.018117
598 0.025678
599 0.026056
600 0.022498
601 0.018443
602 0.020208
603 0.030231
604 0.030497
605 0.020546
606 0.019325
607 0.018716
608 0.021684
609 0.018734
610 0.017138
611 0.017657
612 0.025014
613 0.025888
614 0.025801
615 0.017687
616 0.018324
617 0.018723
618 0.021284
619 0.020846
620 0.021287
621 0.022074
622 0.016694
623 0.018929
624 0.028443
625 0.021540
626 0.019605
627 0.023304
628 0.014822
629 0.017384
630 0.019457
631 0.017114
632 0.015610
633 0.018775
634 0.020350
635 0.019420
636 0.016699
637 0.021080
638 0.019825
639 0.018244
640 0.021849
641 0.026681
642 0.027010
643 0.021990
644 0.016909
645 0.027876
646 0.027613
647 0.018033
648 0.017715
649 0.017324
650 0.017965
651 0.017739
652 0.019287
653 0.022466
654 0.021113
655 0.017294
656 0.023056
657 0.019901
658 0.024458
659 0.022048
660 0.017195
661 0.025912
662 0.025769
663 0.016766
664 0.015749
665 0.029751
666 0.021842
667 0.023504
668 0.027310
669 0.020303
670 0.020753
671 0.016623
672 0.018707
673 0.018692
674 0.025743
675 0.016087
676 0.017587
677 0.015116
678 0.016592
679 0.019453
680 0.019390
681 0.024031
682 0.021424
683 0.018150
684 0.018011
685 0.023886
686 0.018018
687 0.016514
688 0.016838
689 0.020705
690 0.015855
691 0.020618
692 0.018078
693 0.017072
694 0.015917
695 0.018425
696 0.014903
697 0.016576
698 0.013218
699 0.017884
700 0.019558
701 0.017609
702 0.020554
703 0.022877
704 0.020561
705 0.020981
706 0.023584
707 0.019524
708 0.019914
709 0.026911
710 0.021019
711 0.017453
712 0.017066
713 0.019635
714 0.024775
715 0.015596
716 0.016624
717 0.020330
718 0.023812
719 0.025000
720 0.013702
721 0.021781
722 0.023469
723 0.029223
724 0.020109
725 0.023975
726 0.013719
727 0.022515
728 0.024092
729 0.020520
730 0.019382
731 0.025249
732 0.019260
733 0.015755
734 0.020441
735 0.028071
736 0.021316
737 0.018395
738 0.020074
739 0.022906
740 0.026377
741 0.025571
742 0.015950
743 0.022233
744 0.020515
745 0.018560
746 0.018704
747 0.019062
748 0.019468
749 0.022973
750 0.020914
751 0.022320
752 0.024246
753 0.017605
754 0.019772
755 0.020165
756 0.025398
757 0.025943
758 0.024518
759 0.019279
760 0.017118
761 0.022148
762 0.021941
763 0.019662
764 0.022917
765 0.020991
766 0.023340
767 0.019840
768 0.021581
769 0.024251
770 0.017487
771 0.016054
772 0.021335
773 0.021405
774 0.020901
775 0.014090
776 0.016156
777 0.027795
778 0.020997
779 0.016280
780 0.019451
781 0.024174
782 0.016163
783 0.019259
784 0.016287
785 0.023274
786 0.015050
787 0.019786
788 0.017174
789 0.021910
790 0.023337
791 0.028273
792 0.021696
793 0.025259
794 0.021852
795 0.022809
796 0.024037
797 0.019845
798 0.022957
799 0.020109
800 0.024915
801 0.016850
802 0.026089
803 0.022247
804 0.021544
805 0.018255
806 0.019815
807 0.013845
808 0.018999
809 0.019963
810 0.017141
811 0.013656
812 0.013371
813 0.016153
814 0.020412
815 0.021015
816 0.014069
817 0.015511
818 0.015740
819 0.016126
820 0.017535
821 0.021662
822 0.019652
823 0.021010
824 0.025339
825 0.021202
826 0.017046
827 0.016678
828 0.018146
829 0.016435
830 0.017062
831 0.020077
832 0.018333
833 0.019951
834 0.017159
835 0.019407
836 0.017691
837 0.016248
838 0.018307
839 0.016908
840 0.018490
841 0.016862
842 0.016978
843 0.018614
844 0.016903
845 0.020273
846 0.018806
847 0.018000
848 0.017886
849 0.015806
850 0.017124
851 0.018145
852 0.014028
853 0.018830
854 0.013763
855 0.015530
856 0.020848
857 0.025349
858 0.019289
859 0.014921
860 0.017017
861 0.027014
862 0.025444
863 0.022870
864 0.018988
865 0.016983
866 0.022110
867 0.024095
868 0.021668
869 0.025939
870 0.025668
871 0.025963
872 0.027937
873 0.018084
874 0.014708
875 0.018540
876 0.015401
877 0.018765
878 0.019182
879 0.012962
880 0.015717
881 0.017306
882 0.019988
883 0.016663
884 0.021927
885 0.015258
886 0.021608
887 0.023595
888 0.022082
889 0.026892
890 0.023820
891 0.024673
892 0.024050
893 0.028574
894 0.023715
895 0.023545
896 0.020178
897 0.019664
898 0.021553
899 0.015067
900 0.023271
901 0.016199
902 0.015474
903 0.020776
904 0.019224
905 0.016312
906 0.017772
907 0.017633
908 0.015662
909 0.021180
910 0.020602
911 0.020831
912 0.015572
913 0.017128
914 0.019904
915 0.016549
916 0.019228
917 0.015225
918 0.020728
919 0.023576
920 0.020605
921 0.028820
922 0.025244
923 0.022528
924 0.019341
925 0.022896
926 0.028292
927 0.026928
928 0.026848
929 0.019605
930 0.016393
931 0.016984
932 0.018367
933 0.021857
934 0.021122
935 0.021046
936 0.022665
937 0.017262
938 0.016391
939 0.017321
940 0.025627
941 0.027566
942 0.026256
943 0.024984
944 0.023986
945 0.017345
946 0.018495
947 0.019140
948 0.019773
949 0.017039
950 0.022640
951 0.017131
952 0.021503
953 0.019576
954 0.021245
955 0.017192
956 0.028545
957 0.019948
958 0.016101
959 0.018126
960 0.014955
961 0.016515
962 0.019218
963 0.020335
964 0.019128
965 0.017845
966 0.021728
967 0.017288
968 0.015380
969 0.016733
970 0.018906
971 0.016964
972 0.019740
973 0.021267
974 0.024372
975 0.020645
976 0.019632
977 0.022088
978 0.022266
979 0.023877
980 0.025612
981 0.029208
982 0.026109
983 0.018373
984 0.020008
985 0.017923
986 0.024061
987 0.023028
988 0.021176
989 0.020301
990 0.014603
991 0.020957
992 0.023067
993 0.021808
994 0.017366
995 0.016315
996 0.024511
997 0.024101
998 0.017190
999 0.012699
