0 0.000000
1 0.000000
2 0.000000
3 0.000000
4 0.000000
5 1.000000
6 0.950594
7 0.869137
8 1.038316
9 0.977438
10 0.884915
11 0.764279
12 0.659974
13 0.565083
14 0.620515
15 0.766648
16 1.017488
17 0.525075
18 0.156337
19 0.125179
20 0.090741
21 0.097112
22 0.071812
23 0.084190
24 0.045797
25 0.035375
26 0.059586
27 0.035308
28 0.042659
29 0.035159
30 0.036093
31 0.035278
32 0.035336
33 0.038877
34 0.043896
35 0.043725
36 0.038532
37 0.045320
38 0.033975
39 0.027415
40 0.023736
41 0.028253
42 0.020141
43 0.026412
44 0.032204
45 0.027956
46 0.027359
47 0.029214
48 0.024047
49 0.025348
50 0.027176
51 0.028965
52 0.027278
53 0.022241
54 0.023354
55 0.027353
56 0.026875
57 0.028115
58 0.029620
59 0.020397
60 0.027369
61 0.024313
62 0.021214
63 0.016940
64 0.021755
65 0.022962
66 0.013816
67 0.022050
68 0.020364
69 0.022668
70 0.034592
71 0.027594
72 0.030131
73 0.024910
74 0.032211
75 0.034051
76 0.028128
77 0.019640
78 0.026860
79 0.022037
80 0.020831
81 0.013146
82 0.018582
83 0.020387
84 0.017206
85 0.013984
86 0.021762
87 0.022674
88 0.016352
89 0.025018
90 0.020142
91 0.026213
92 0.021460
93 0.016587
94 0.023697
95 0.024446
96 0.024490
97 0.022928
98 0.020098
99 0.014825
100 0.020634
101 0.015815
102 0.021501
103 0.023266
104 0.017175
105 0.021314
106 0.020408
107 0.021054
108 0.031308
109 0.030999
110 0.026306
111 0.028557
112 0.026152
113 0.021961
114 0.023034
115 0.022621
116 0.020183
117 0.018786
118 0.019596
119 0.021472
120 0.017492
121 0.020305
122 0.025950
123 0.020597
124 0.018203
125 0.018864
126 0.022330
127 0.023548
128 0.021196
129 0.019262
130 0.022842
131 0.024396
132 0.019468
133 0.019704
134 0.025698
135 0.029851
136 0.018922
137 0.025663
138 0.022460
139 0.011619
140 0.016277
141 0.023893
142 0.019397
143 0.021753
144 0.022681
145 0.019720
146 0.018518
147 0.022102
148 0.033426
149 0.021160
150 0.018062
151 0.015009
152 0.014832
153 0.017928
154 0.018380
155 0.017632
156 0.020222
157 0.023588
158 0.024684
159 0.018671
160 0.018509
161 0.021605
162 0.023207
163 0.027078
164 0.026816
165 0.019980
166 0.017118
167 0.024140
168 0.015453
169 0.016010
170 0.019397
171 0.019473
172 0.017099
173 0.021668
174 0.020201
175 0.022644
176 0.025830
177 0.022069
178 0.017943
179 0.024489
180 0.030832
181 0.024665
182 0.016492
183 0.017149
184 0.022887
185 0.028020
186 0.023521
187 0.026227
188 0.025885
189 0.018165
190 0.015670
191 0.017834
192 0.021528
193 0.018022
194 0.023840
195 0.024940
196 0.025348
197 0.026611
198 0.024307
199 0.020678
200 0.022610
201 0.021285
202 0.023441
203 0.022115
204 0.018906
205 0.024451
206 0.022506
207 0.016988
208 0.015967
209 0.021879
210 0.021349
211 0.020577
212 0.017706
213 0.022549
214 0.018811
215 0.012155
216 0.017631
217 0.021545
218 0.020570
219 0.021223
220 0.020853
221 0.022239
222 0.022630
223 0.029264
224 0.022708
225 0.026889
226 0.019977
227 0.018354
228 0.019206
229 0.023468
230 0.018499
231 0.016476
232 0.014874
233 0.012901
234 0.016862
235 0.019808
236 0.020438
237 0.018119
238 0.016727
239 0.016537
240 0.017707
241 0.021362
242 0.020128
243 0.023654
244 0.024975
245 0.021444
246 0.027171
247 0.020586
248 0.026124
249 0.027222
250 0.022585
251 0.020211
252 0.018859
253 0.015442
254 0.017681
255 0.018896
256 0.021517
257 0.016940
258 0.022146
259 0.022528
260 0.021344
261 0.020256
262 0.022855
263 0.022936
264 0.023853
265 0.023160
266 0.017481
267 0.018990
268 0.022848
269 0.017713
270 0.023591
271 0.019195
272 0.023979
273 0.019320
274 0.026908
275 0.022220
276 0.027494
277 0.023252
278 0.029286
279 0.024688
280 0.032398
281 0.039618
282 0.033005
283 0.019260
284 0.025312
285 0.033275
286 0.028654
287 0.016829
288 0.017750
289 0.020509
290 0.022490
291 0.020886
292 0.020986
293 0.022192
294 0.022938
295 0.025646
296 0.020485
297 0.018082
298 0.021605
299 0.033586
300 0.034427
301 0.028373
302 0.024973
303 0.018758
304 0.022945
305 0.017427
306 0.023178
307 0.028923
308 0.023208
309 0.021621
310 0.018783
311 0.019608
312 0.025054
313 0.020211
314 0.025494
315 0.029311
316 0.031468
317 0.025369
318 0.021424
319 0.027350
320 0.026359
321 0.019166
322 0.022020
323 0.020475
324 0.022919
325 0.023714
326 0.025203
327 0.026071
328 0.028181
329 0.026201
330 0.027028
331 0.031854
332 0.026213
333 0.019963
334 0.023693
335 0.023954
336 0.019139
337 0.023577
338 0.026880
339 0.029905
340 0.026581
341 0.022492
342 0.024159
343 0.021412
344 0.023406
345 0.032585
346 0.030713
347 0.024137
348 0.028809
349 0.023124
350 0.021723
351 0.027806
352 0.028027
353 0.019832
354 0.016822
355 0.027095
356 0.029572
357 0.016212
358 0.020212
359 0.025292
360 0.026244
361 0.018466
362 0.018216
363 0.024199
364 0.028042
365 0.024337
366 0.026153
367 0.020602
368 0.023440
369 0.023368
370 0.022327
371 0.020407
372 0.021259
373 0.027674
374 0.034536
375 0.027030
376 0.028218
377 0.032489
378 0.028115
379 0.028484
380 0.028133
381 0.032953
382 0.021364
383 0.023159
384 0.024985
385 0.020242
386 0.023219
387 0.024809
388 0.028696
389 0.028130
390 0.021585
391 0.025260
392 0.021680
393 0.025192
394 0.021067
395 0.027887
396 0.029807
397 0.021799
398 0.019710
399 0.026986
400 0.028775
401 0.030696
402 0.023791
403 0.026059
404 0.017140
405 0.021895
406 0.022727
407 0.020188
408 0.017520
409 0.020835
410 0.022505
411 0.014995
412 0.018415
413 0.019124
414 0.022090
415 0.019027
416 0.024612
417 0.019008
418 0.021405
419 0.021724
420 0.026338
421 0.019193
422 0.021748
423 0.020389
424 0.023332
425 0.018071
426 0.019411
427 0.020530
428 0.019873
429 0.029286
430 0.024671
431 0.032901
432 0.029814
433 0.027793
434 0.019092
435 0.028299
436 0.031622
437 0.025413
438 0.021040
439 0.021934
440 0.028236
441 0.020440
442 0.027539
443 0.036497
444 0.029193
445 0.023516
446 0.038105
447 0.039037
448 0.026685
449 0.028454
450 0.032194
451 0.023095
452 0.025333
453 0.031612
454 0.018808
455 0.022864
456 0.024509
457 0.024804
458 0.019019
459 0.018306
460 0.023144
461 0.033474
462 0.033699
463 0.026174
464 0.021131
465 0.024176
466 0.018728
467 0.027567
468 0.019433
469 0.024328
470 0.024984
471 0.024440
472 0.026845
473 0.024759
474 0.026328
475 0.028718
476 0.025603
477 0.024200
478 0.021805
479 0.029458
480 0.028269
481 0.031285
482 0.031232
483 0.029622
484 0.029963
485 0.028967
486 0.028019
487 0.033312
488 0.034290
489 0.020239
490 0.026854
491 0.024279
492 0.027700
493 0.025130
494 0.022904
495 0.036393
496 0.038343
497 0.018997
498 0.028250
499 0.029794
500 0.025882
501 0.029860
502 0.024169
503 0.024255
504 0.028070
505 0.027943
506 0.026349
507 0.034889
508 0.031871
509 0.028189
510 0.026043
511 0.020668
512 0.028720
513 0.035710
514 0.025066
515 0.032400
516 0.027279
517 0.029819
518 0.025287
519 0.026675
520 0.034849
521 0.027644
522 0.031111
523 0.029953
524 0.032624
525 0.023939
526 0.024371
527 0.025598
528 0.021419
529 0.022124
530 0.025492
531 0.028133
532 0.020882
533 0.021277
534 0.032167
535 0.036417
536 0.028195
537 0.022973
538 0.025291
539 0.030485
540 0.026214
541 0.025652
542 0.026838
543 0.019187
544 0.027000
545 0.027004
546 0.032506
547 0.023497
548 0.021883
549 0.024677
550 0.032629
551 0.034936
552 0.028846
553 0.023980
554 0.030967
555 0.029956
556 0.029226
557 0.024534
558 0.018613
559 0.023260
560 0.018105
561 0.028910
562 0.026229
563 0.029861
564 0.025648
565 0.028308
566 0.031784
567 0.026282
568 0.018587
569 0.027723
570 0.033606
571 0.027230
572 0.034894
573 0.027429
574 0.032967
575 0.037895
576 0.030590
577 0.031373
578 0.028274
579 0.027695
580 0.029952
581 0.039152
582 0.024408
583 0.024581
584 0.027203
585 0.030342
586 0.021211
587 0.025605
588 0.028534
589 0.028703
590 0.022891
591 0.025729
592 0.024563
593 0.031277
594 0.032726
595 0.025924
596 0.020512
597 0.023099
598 0.023169
599 0.022574
600 0.026749
601 0.022506
602 0.024583
603 0.033466
604 0.026646
605 0.028825
606 0.027549
607 0.030687
608 0.040666
609 0.036357
610 0.028617
611 0.024299
612 0.023899
613 0.026983
614 0.029387
615 0.022146
616 0.020633
617 0.024992
618 0.031408
619 0.027957
620 0.024829
621 0.029199
622 0.023918
623 0.027910
624 0.035834
625 0.030804
626 0.029242
627 0.028292
628 0.027371
629 0.028520
630 0.032168
631 0.032557
632 0.036912
633 0.023607
634 0.028677
635 0.025647
636 0.028066
637 0.028319
638 0.037174
639 0.037935
640 0.042617
641 0.036819
642 0.032179
643 0.031102
644 0.028203
645 0.026382
646 0.031013
647 0.029299
648 0.028042
649 0.027940
650 0.034667
651 0.021789
652 0.030639
653 0.031135
654 0.024544
655 0.035798
656 0.033345
657 0.035090
658 0.034495
659 0.037716
660 0.037175
661 0.037943
662 0.043721
663 0.034864
664 0.025446
665 0.025462
666 0.024285
667 0.029972
668 0.037785
669 0.041200
670 0.046962
671 0.036459
672 0.037586
673 0.029324
674 0.033949
675 0.037553
676 0.031979
677 0.035151
678 0.035559
679 0.035707
680 0.032315
681 0.035029
682 0.036783
683 0.040509
684 0.044827
685 0.040555
686 0.030229
687 0.030926
688 0.030502
689 0.033836
690 0.020244
691 0.033337
692 0.029792
693 0.026186
694 0.025199
695 0.024262
696 0.038299
697 0.027356
698 0.028130
699 0.028065
700 0.038398
701 0.039033
702 0.029828
703 0.041356
704 0.037215
705 0.030763
706 0.030202
707 0.029087
708 0.032780
709 0.037144
710 0.027476
711 0.036052
712 0.028823
713 0.039834
714 0.040467
715 0.035391
716 0.038595
717 0.043509
718 0.032610
719 0.031176
720 0.028637
721 0.034721
722 0.037622
723 0.025908
724 0.034712
725 0.038785
726 0.036506
727 0.038905
728 0.036389
729 0.037723
730 0.039246
731 0.025176
732 0.028021
733 0.042419
734 0.031337
735 0.023515
736 0.028152
737 0.031405
738 0.035288
739 0.039361
740 0.033690
741 0.043298
742 0.034003
743 0.036655
744 0.034156
745 0.032419
746 0.027849
747 0.026005
748 0.026054
749 0.033806
750 0.030564
751 0.031883
752 0.037597
753 0.035215
754 0.035662
755 0.039485
756 0.034820
757 0.038622
758 0.035615
759 0.024335
760 0.037823
761 0.036349
762 0.025765
763 0.028988
764 0.031377
765 0.037984
766 0.042765
767 0.031008
768 0.049341
769 0.040211
770 0.026741
771 0.025862
772 0.030159
773 0.031393
774 0.027478
775 0.036672
776 0.044501
777 0.033619
778 0.037307
779 0.036295
780 0.033076
781 0.030700
782 0.025544
783 0.027979
784 0.031872
785 0.030235
786 0.031661
787 0.031536
788 0.036019
789 0.036611
790 0.026072
791 0.039745
792 0.038551
793 0.036828
794 0.038600
795 0.043999
796 0.035904
797 0.037992
798 0.034954
799 0.045215
800 0.032731
801 0.031497
802 0.037913
803 0.021876
804 0.032887
805 0.028647
806 0.040063
807 0.049617
808 0.038751
809 0.042369
810 0.038521
811 0.041806
812 0.040512
813 0.045758
814 0.044649
815 0.034351
816 0.040945
817 0.037392
818 0.043267
819 0.028514
820 0.029126
821 0.048452
822 0.037588
823 0.030883
824 0.030685
825 0.023752
826 0.030758
827 0.035939
828 0.030142
829 0.038695
830 0.037524
831 0.031462
832 0.037002
833 0.032629
834 0.042012
835 0.049268
836 0.053572
837 0.033957
838 0.037330
839 0.042168
840 0.051047
841 0.035436
842 0.050771
843 0.047231
844 0.034791
845 0.025666
846 0.035937
847 0.039449
848 0.048212
849 0.033974
850 0.038286
851 0.043767
852 0.035974
853 0.029270
854 0.040912
855 0.037830
856 0.043186
857 0.037987
858 0.041949
859 0.037374
860 0.046731
861 0.039855
862 0.033350
863 0.035859
864 0.033154
865 0.032180
866 0.048582
867 0.048211
868 0.033023
869 0.040119
870 0.037099
871 0.035567
872 0.042311
873 0.038220
874 0.039598
875 0.045462
876 0.045253
877 0.042055
878 0.043916
879 0.037279
880 0.029019
881 0.034165
882 0.041625
883 0.032491
884 0.037316
885 0.043622
886 0.041156
887 0.049958
888 0.042771
889 0.038872
890 0.046685
891 0.038919
892 0.038983
893 0.035289
894 0.045831
895 0.039118
896 0.039998
897 0.035549
898 0.043445
899 0.037676
900 0.041259
901 0.041116
902 0.039649
903 0.049788
904 0.040007
905 0.043475
906 0.037437
907 0.050972
908 0.034345
909 0.034137
910 0.034333
911 0.042641
912 0.036836
913 0.034915
914 0.036213
915 0.050755
916 0.043538
917 0.037481
918 0.034622
919 0.023638
920 0.031846
921 0.044868
922 0.034328
923 0.046977
924 0.038834
925 0.034962
926 0.042389
927 0.045707
928 0.034430
929 0.035962
930 0.033256
931 0.042124
932 0.044067
933 0.042001
934 0.047599
935 0.039194
936 0.038586
937 0.040982
938 0.045949
939 0.050754
940 0.046134
941 0.043672
942 0.044539
943 0.046123
944 0.039615
945 0.044292
946 0.037865
947 0.036998
948 0.048205
949 0.048908
950 0.041593
951 0.041718
952 0.054646
953 0.042223
954 0.032402
955 0.035403
956 0.038521
957 0.044045
958 0.041715
959 0.049239
960 0.043986
961 0.045241
962 0.047223
963 0.041667
964 0.051694
965 0.051832
966 0.044718
967 0.041195
968 0.048809
969 0.054089
970 0.054154
971 0.040065
972 0.033964
973 0.039778
974 0.047034
975 0.040147
976 0.040034
977 0.034771
978 0.039639
979 0.026198
980 0.042524
981 0.047083
982 0.056396
983 0.045220
984 0.030812
985 0.036883
986 0.050240
987 0.051150
988 0.040284
989 0.048745
990 0.043369
991 0.044670
992 0.066932
993 0.052855
994 0.045365
995 0.031308
996 0.042903
997 0.052652
998 0.042783
999 0.040871
