0 0.000000
1 0.000000
2 0.000000
3 0.000000
4 0.000000
5 1.000000
6 0.848356
7 0.737503
8 0.643522
9 0.544387
10 0.574296
11 0.383528
12 0.392462
13 0.321575
14 0.216417
15 0.105346
16 0.121444
17 0.014044
18 0.006971
19 0.006903
20 0.007170
21 0.003651
22 0.002896
23 0.002546
24 0.002261
25 0.002301
26 0.001993
27 0.001975
28 0.002041
29 0.001943
30 0.002178
31 0.001987
32 0.001666
33 0.001682
34 0.001669
35 0.001468
36 0.001485
37 0.001570
38 0.001426
39 0.001407
40 0.001551
41 0.001570
42 0.001296
43 0.001391
44 0.001388
45 0.001405
46 0.001317
47 0.001249
48 0.001357
49 0.001598
50 0.001351
51 0.001437
52 0.001655
53 0.001104
54 0.001351
55 0.001287
56 0.001148
57 0.001111
58 0.001134
59 0.001113
60 0.001304
61 0.001187
62 0.001180
63 0.001004
64 0.001321
65 0.001431
66 0.001409
67 0.001194
68 0.001093
69 0.001168
70 0.001132
71 0.001172
72 0.001215
73 0.001282
74 0.001197
75 0.001022
76 0.001101
77 0.001208
78 0.001145
79 0.001240
80 0.001174
81 0.001361
82 0.001152
83 0.001238
84 0.001172
85 0.001065
86 0.001080
87 0.001460
88 0.001333
89 0.001059
90 0.001170
91 0.001200
92 0.001191
93 0.001383
94 0.001187
95 0.001134
96 0.001109
97 0.001059
98 0.001169
99 0.001198
100 0.001094
101 0.000956
102 0.000923
103 0.001047
104 0.001230
105 0.001213
106 0.001029
107 0.001245
108 0.000982
109 0.001122
110 0.001154
111 0.001015
112 0.001102
113 0.001017
114 0.001103
115 0.001214
116 0.000942
117 0.001007
118 0.000990
119 0.001026
120 0.001324
121 0.001106
122 0.001244
123 0.000838
124 0.001179
125 0.001039
126 0.001187
127 0.001064
128 0.001020
129 0.001089
130 0.000955
131 0.001006
132 0.000944
133 0.001240
134 0.001047
135 0.001156
136 0.001024
137 0.001237
138 0.001000
139 0.001024
140 0.001023
141 0.000990
142 0.001068
143 0.000920
144 0.001160
145 0.001054
146 0.001215
147 0.000994
148 0.001353
149 0.001146
150 0.001145
151 0.001126
152 0.001040
153 0.001006
154 0.000960
155 0.001241
156 0.001258
157 0.001035
158 0.001270
159 0.001084
160 0.001004
161 0.001077
162 0.001131
163 0.001133
164 0.001153
165 0.000985
166 0.001031
167 0.001039
168 0.000983
169 0.001240
170 0.001150
171 0.001032
172 0.000980
173 0.001063
174 0.000918
175 0.001402
176 0.001060
177 0.000915
178 0.000969
179 0.001167
180 0.000924
181 0.000955
182 0.000992
183 0.001065
184 0.000946
185 0.000999
186 0.000978
187 0.001125
188 0.001080
189 0.000958
190 0.000849
191 0.001311
192 0.000933
193 0.000904
194 0.000872
195 0.001150
196 0.001089
197 0.001196
198 0.001221
199 0.001025
200 0.001074
201 0.001119
202 0.000918
203 0.001013
204 0.000946
205 0.000960
206 0.001182
207 0.001070
208 0.001280
209 0.001164
210 0.001019
211 0.001066
212 0.001254
213 0.001009
214 0.000988
215 0.000970
216 0.001218
217 0.001099
218 0.000974
219 0.000813
220 0.001106
221 0.001052
222 0.001114
223 0.001040
224 0.001097
225 0.001026
226 0.000993
227 0.000949
228 0.001144
229 0.000922
230 0.001132
231 0.000897
232 0.000957
233 0.001069
234 0.001187
235 0.001113
236 0.001077
237 0.001091
238 0.001191
239 0.001093
240 0.001078
241 0.000975
242 0.000991
243 0.001098
244 0.001102
245 0.000972
246 0.001048
247 0.001151
248 0.000999
249 0.000778
250 0.001067
251 0.000984
252 0.000956
253 0.001120
254 0.000921
255 0.000975
256 0.001085
257 0.001014
258 0.001125
259 0.000990
260 0.000917
261 0.001171
262 0.001037
263 0.001168
264 0.000964
265 0.001134
266 0.001110
267 0.001101
268 0.000911
269 0.001088
270 0.000908
271 0.001174
272 0.000974
273 0.001047
274 0.001105
275 0.000945
276 0.001031
277 0.001065
278 0.000928
279 0.001210
280 0.000963
281 0.000949
282 0.000943
283 0.001002
284 0.000800
285 0.001012
286 0.000925
287 0.000825
288 0.001095
289 0.001043
290 0.000840
291 0.001147
292 0.001063
293 0.000862
294 0.000993
295 0.000984
296 0.001056
297 0.000949
298 0.001096
299 0.001081
300 0.000909
301 0.000945
302 0.000984
303 0.000942
304 0.001046
305 0.000942
306 0.001074
307 0.001188
308 0.001101
309 0.000856
310 0.001050
311 0.000932
312 0.000976
313 0.001144
314 0.000955
315 0.000850
316 0.000882
317 0.000986
318 0.000995
319 0.000993
320 0.001103
321 0.001064
322 0.001031
323 0.000905
324 0.001021
325 0.000980
326 0.001012
327 0.001190
328 0.001201
329 0.000981
330 0.001039
331 0.000945
332 0.001042
333 0.001123
334 0.000980
335 0.000969
336 0.001264
337 0.001059
338 0.000832
339 0.000958
340 0.001083
341 0.001060
342 0.001032
343 0.001047
344 0.001031
345 0.001029
346 0.000997
347 0.000910
348 0.001039
349 0.000897
350 0.001229
351 0.000984
352 0.000964
353 0.001165
354 0.001112
355 0.001106
356 0.001082
357 0.001093
358 0.001196
359 0.001093
360 0.001080
361 0.001135
362 0.001014
363 0.000961
364 0.001204
365 0.000906
366 0.001112
367 0.000906
368 0.001148
369 0.000959
370 0.000948
371 0.000868
372 0.001037
373 0.001134
374 0.000946
375 0.000962
376 0.001058
377 0.001020
378 0.001008
379 0.001155
380 0.000977
381 0.000990
382 0.001153
383 0.001088
384 0.000778
385 0.001148
386 0.000985
387 0.000931
388 0.000947
389 0.001142
390 0.001235
391 0.001175
392 0.001304
393 0.001140
394 0.000924
395 0.000875
396 0.000982
397 0.000933
398 0.001094
399 0.000992
400 0.001207
401 0.001130
402 0.001095
403 0.001105
404 0.000997
405 0.001050
406 0.000929
407 0.001064
408 0.001084
409 0.000837
410 0.001021
411 0.000888
412 0.000925
413 0.001001
414 0.001079
415 0.000955
416 0.000988
417 0.000977
418 0.001041
419 0.000887
420 0.001063
421 0.001062
422 0.000968
423 0.000999
424 0.001084
425 0.000938
426 0.001144
427 0.001025
428 0.000916
429 0.000941
430 0.000924
431 0.001129
432 0.001084
433 0.000994
434 0.001102
435 0.001082
436 0.001020
437 0.001058
438 0.000977
439 0.000986
440 0.001095
441 0.000911
442 0.000983
443 0.000982
444 0.001050
445 0.001028
446 0.000996
447 0.001017
448 0.001082
449 0.000940
450 0.000911
451 0.001140
452 0.001019
453 0.001187
454 0.001071
455 0.000996
456 0.001153
457 0.001179
458 0.000964
459 0.001054
460 0.000962
461 0.001204
462 0.001202
463 0.001109
464 0.001026
465 0.001008
466 0.001043
467 0.001213
468 0.001016
469 0.000876
470 0.001038
471 0.000921
472 0.000890
473 0.000873
474 0.001195
475 0.001084
476 0.001053
477 0.001060
478 0.001007
479 0.001137
480 0.000922
481 0.001126
482 0.001005
483 0.001037
484 0.001105
485 0.001177
486 0.001075
487 0.000997
488 0.000911
489 0.001001
490 0.000903
491 0.001148
492 0.001038
493 0.000968
494 0.001113
495 0.001000
496 0.000973
497 0.001148
498 0.000969
499 0.000867
500 0.001059
501 0.001125
502 0.000969
503 0.001134
504 0.000996
505 0.001127
506 0.000908
507 0.001087
508 0.001041
509 0.000950
510 0.001128
511 0.001000
512 0.000993
513 0.001046
514 0.000910
515 0.001031
516 0.000953
517 0.001202
518 0.000919
519 0.001106
520 0.000874
521 0.000990
522 0.001055
523 0.001091
524 0.000938
525 0.000938
526 0.001165
527 0.000870
528 0.001188
529 0.001046
530 0.000957
531 0.001126
532 0.001171
533 0.000924
534 0.001169
535 0.000916
536 0.000877
537 0.000988
538 0.001021
539 0.001043
540 0.000896
541 0.001022
542 0.001175
543 0.000889
544 0.001168
545 0.001006
546 0.001199
547 0.000884
548 0.000947
549 0.001071
550 0.001017
551 0.001113
552 0.000975
553 0.000976
554 0.001057
555 0.001034
556 0.001033
557 0.001039
558 0.000986
559 0.000938
560 0.000987
561 0.000989
562 0.000953
563 0.001041
564 0.000838
565 0.001054
566 0.001049
567 0.001042
568 0.001085
569 0.000936
570 0.001005
571 0.001085
572 0.000995
573 0.000953
574 0.000931
575 0.001236
576 0.001098
577 0.001024
578 0.000985
579 0.000950
580 0.001110
581 0.001083
582 0.000952
583 0.001056
584 0.000962
585 0.001022
586 0.001026
587 0.000969
588 0.000896
589 0.001064
590 0.000963
591 0.000946
592 0.000970
593 0.000983
594 0.000924
595 0.001080
596 0.001162
597 0.000934
598 0.001120
599 0.001306
600 0.001201
601 0.000919
602 0.000753
603 0.001159
604 0.001146
605 0.001023
606 0.000942
607 0.001123
608 0.001060
609 0.000855
610 0.001140
611 0.001185
612 0.000835
613 0.000926
614 0.000942
615 0.001172
616 0.001055
617 0.001032
618 0.000814
619 0.001061
620 0.001065
621 0.000964
622 0.001151
623 0.000810
624 0.001055
625 0.001049
626 0.001126
627 0.001063
628 0.001190
629 0.001009
630 0.001123
631 0.001017
632 0.000845
633 0.001002
634 0.000857
635 0.001102
636 0.001072
637 0.000961
638 0.000995
639 0.001097
640 0.000944
641 0.000953
642 0.000869
643 0.000988
644 0.000916
645 0.000994
646 0.000985
647 0.001123
648 0.000955
649 0.001037
650 0.001302
651 0.001118
652 0.000977
653 0.000932
654 0.000868
655 0.001147
656 0.000889
657 0.000941
658 0.000860
659 0.001047
660 0.000900
661 0.001044
662 0.001029
663 0.001022
664 0.001159
665 0.001069
666 0.000853
667 0.000969
668 0.001032
669 0.001072
670 0.000870
671 0.000941
672 0.000896
673 0.001097
674 0.000969
675 0.001092
676 0.000892
677 0.001150
678 0.001266
679 0.000944
680 0.001186
681 0.000910
682 0.000950
683 0.000985
684 0.001015
685 0.001163
686 0.000804
687 0.001009
688 0.001060
689 0.001191
690 0.000900
691 0.001011
692 0.001006
693 0.000986
694 0.001071
695 0.001032
696 0.001205
697 0.000936
698 0.000962
699 0.001087
700 0.000987
701 0.000956
702 0.001054
703 0.001038
704 0.001146
705 0.000876
706 0.001120
707 0.000826
708 0.001105
709 0.001175
710 0.000967
711 0.000961
712 0.001074
713 0.000965
714 0.001116
715 0.000916
716 0.000971
717 0.001154
718 0.001000
719 0.001014
720 0.000926
721 0.001029
722 0.001045
723 0.001140
724 0.000998
725 0.001029
726 0.001114
727 0.001206
728 0.000981
729 0.001011
730 0.001084
731 0.000982
732 0.000957
733 0.001195
734 0.000943
735 0.000918
736 0.001218
737 0.000932
738 0.001111
739 0.001272
740 0.001011
741 0.001018
742 0.001091
743 0.001024
744 0.001116
745 0.000942
746 0.000910
747 0.001289
748 0.000877
749 0.000970
750 0.001015
751 0.001163
752 0.000921
753 0.001018
754 0.000949
755 0.001145
756 0.001082
757 0.001101
758 0.000890
759 0.000994
760 0.000937
761 0.001195
762 0.000852
763 0.001009
764 0.000891
765 0.000957
766 0.001200
767 0.000939
768 0.001111
769 0.001126
770 0.000910
771 0.001046
772 0.001157
773 0.001167
774 0.001147
775 0.001016
776 0.001173
777 0.001120
778 0.000991
779 0.000914
780 0.000906
781 0.000878
782 0.000992
783 0.000911
784 0.001018
785 0.001054
786 0.000999
787 0.000968
788 0.001150
789 0.001211
790 0.001011
791 0.001136
792 0.000846
793 0.000927
794 0.000982
795 0.001003
796 0.001009
797 0.000859
798 0.001016
799 0.001111
800 0.001008
801 0.001132
802 0.000984
803 0.001054
804 0.001061
805 0.001075
806 0.001184
807 0.000938
808 0.001165
809 0.000965
810 0.000868
811 0.000941
812 0.000999
813 0.001021
814 0.000866
815 0.001022
816 0.001042
817 0.001049
818 0.001046
819 0.000965
820 0.000935
821 0.001029
822 0.001097
823 0.001074
824 0.000932
825 0.001031
826 0.001024
827 0.000968
828 0.000863
829 0.001067
830 0.000979
831 0.001065
832 0.000849
833 0.001184
834 0.001029
835 0.000956
836 0.000988
837 0.000896
838 0.001263
839 0.001109
840 0.000987
841 0.001026
842 0.000980
843 0.001056
844 0.000958
845 0.000794
846 0.001259
847 0.001048
848 0.000879
849 0.000969
850 0.001007
851 0.001134
852 0.001131
853 0.000905
854 0.000924
855 0.001031
856 0.001050
857 0.000871
858 0.000988
859 0.001050
860 0.001039
861 0.001059
862 0.001032
863 0.000950
864 0.001048
865 0.000897
866 0.001037
867 0.001120
868 0.000835
869 0.001034
870 0.000854
871 0.000900
872 0.001075
873 0.001002
874 0.000892
875 0.000948
876 0.001061
877 0.001006
878 0.000971
879 0.000961
880 0.001042
881 0.000883
882 0.001179
883 0.001057
884 0.001005
885 0.001098
886 0.001031
887 0.000972
888 0.000959
889 0.001030
890 0.001132
891 0.000981
892 0.001017
893 0.001112
894 0.001045
895 0.001053
896 0.000916
897 0.001106
898 0.001164
899 0.001005
900 0.000907
901 0.001003
902 0.001063
903 0.000845
904 0.001146
905 0.000963
906 0.001123
907 0.000997
908 0.000870
909 0.000759
910 0.001062
911 0.000952
912 0.000956
913 0.000894
914 0.001031
915 0.001094
916 0.001014
917 0.001133
918 0.000882
919 0.001044
920 0.001093
921 0.000853
922 0.000828
923 0.000889
924 0.000999
925 0.000820
926 0.001104
927 0.000926
928 0.000987
929 0.001083
930 0.000994
931 0.000896
932 0.000998
933 0.000933
934 0.000948
935 0.001135
936 0.001013
937 0.000888
938 0.001007
939 0.001197
940 0.000913
941 0.001126
942 0.001020
943 0.000945
944 0.001019
945 0.000868
946 0.001143
947 0.000865
948 0.001174
949 0.000949
950 0.001032
951 0.001071
952 0.000961
953 0.001085
954 0.001020
955 0.001156
956 0.001137
957 0.001070
958 0.001058
959 0.001009
960 0.000900
961 0.001109
962 0.001190
963 0.001240
964 0.001001
965 0.000985
966 0.000984
967 0.000950
968 0.000942
969 0.001152
970 0.001175
971 0.000878
972 0.000826
973 0.000955
974 0.001017
975 0.001191
976 0.000981
977 0.001086
978 0.001004
979 0.001005
980 0.000962
981 0.000940
982 0.001014
983 0.000800
984 0.000980
985 0.001060
986 0.001065
987 0.000982
988 0.000940
989 0.000963
990 0.001006
991 0.000903
992 0.000989
993 0.001033
994 0.001108
995 0.000947
996 0.001180
997 0.000954
998 0.000903
999 0.001135
