0 0.000000
1 0.000000
2 0.000000
3 0.000000
4 0.000000
5 1.000000
6 0.978747
7 0.870036
8 0.839558
9 0.653127
10 0.707873
11 0.613404
12 0.632342
13 0.536680
14 0.270510
15 0.217250
16 0.649702
17 0.160977
18 0.042278
19 0.046334
20 0.034405
21 0.018784
22 0.028007
23 0.032551
24 0.020615
25 0.014878
26 0.020446
27 0.014956
28 0.014156
29 0.012683
30 0.014728
31 0.013708
32 0.008858
33 0.007227
34 0.011096
35 0.015474
36 0.013308
37 0.008895
38 0.005021
39 0.006913
40 0.010638
41 0.010871
42 0.009474
43 0.009337
44 0.011190
45 0.010769
46 0.008639
47 0.014428
48 0.013181
49 0.010272
50 0.010763
51 0.013234
52 0.009399
53 0.010742
54 0.009752
55 0.011148
56 0.012644
57 0.012904
58 0.010831
59 0.014487
60 0.011312
61 0.007490
62 0.008758
63 0.008109
64 0.010410
65 0.007489
66 0.007104
67 0.008351
68 0.012902
69 0.012164
70 0.011042
71 0.010343
72 0.009380
73 0.006648
74 0.006231
75 0.007723
76 0.010052
77 0.011635
78 0.008176
79 0.007927
80 0.011663
81 0.010324
82 0.010882
83 0.008646
84 0.007860
85 0.010379
86 0.006210
87 0.006968
88 0.008866
89 0.008185
90 0.009289
91 0.009182
92 0.008022
93 0.009884
94 0.010851
95 0.013097
96 0.009570
97 0.010735
98 0.007713
99 0.007190
100 0.010124
101 0.008593
102 0.011276
103 0.016111
104 0.011920
105 0.011271
106 0.014190
107 0.016498
108 0.012677
109 0.010258
110 0.006774
111 0.008478
112 0.009208
113 0.010504
114 0.009709
115 0.007973
116 0.009946
117 0.008578
118 0.009032
119 0.014402
120 0.009321
121 0.011629
122 0.012168
123 0.010359
124 0.011025
125 0.014113
126 0.010402
127 0.007329
128 0.010015
129 0.009053
130 0.014172
131 0.014249
132 0.010776
133 0.009586
134 0.012103
135 0.011264
136 0.010939
137 0.012608
138 0.013852
139 0.017685
140 0.017571
141 0.016284
142 0.013559
143 0.009461
144 0.011182
145 0.012555
146 0.011964
147 0.011055
148 0.010091
149 0.011615
150 0.012684
151 0.013103
152 0.009065
153 0.011247
154 0.013071
155 0.014993
156 0.013629
157 0.012536
158 0.012399
159 0.010197
160 0.013557
161 0.014158
162 0.009492
163 0.009037
164 0.011253
165 0.010343
166 0.011741
167 0.015137
168 0.016176
169 0.016032
170 0.014236
171 0.012142
172 0.015318
173 0.015430
174 0.012752
175 0.013448
176 0.009309
177 0.014992
178 0.016388
179 0.015176
180 0.014944
181 0.015873
182 0.011341
183 0.009265
184 0.010925
185 0.010024
186 0.012212
187 0.015375
188 0.011655
189 0.011142
190 0.011142
191 0.016252
192 0.014096
193 0.016668
194 0.011863
195 0.013081
196 0.011316
197 0.012373
198 0.017855
199 0.011502
200 0.012145
201 0.012267
202 0.013999
203 0.020398
204 0.017396
205 0.014749
206 0.014791
207 0.012689
208 0.010977
209 0.013770
210 0.014802
211 0.018052
212 0.018228
213 0.017053
214 0.016013
215 0.019172
216 0.014764
217 0.019416
218 0.013359
219 0.015225
220 0.014533
221 0.016411
222 0.013506
223 0.017708
224 0.021303
225 0.027444
226 0.020799
227 0.022035
228 0.020544
229 0.018048
230 0.014766
231 0.014813
232 0.025554
233 0.023964
234 0.021395
235 0.015493
236 0.019976
237 0.015882
238 0.016784
239 0.021246
240 0.021980
241 0.021938
242 0.021809
243 0.019084
244 0.018715
245 0.014278
246 0.016592
247 0.015392
248 0.018041
249 0.021042
250 0.015898
251 0.025132
252 0.029966
253 0.027008
254 0.020427
255 0.021722
256 0.018217
257 0.022520
258 0.021438
259 0.019436
260 0.019542
261 0.017753
262 0.019438
263 0.016719
264 0.016154
265 0.019258
266 0.023195
267 0.027594
268 0.020213
269 0.023104
270 0.019371
271 0.021942
272 0.019496
273 0.020581
274 0.025096
275 0.027904
276 0.024445
277 0.017751
278 0.019298
279 0.022128
280 0.031683
281 0.024420
282 0.024971
283 0.022726
284 0.019515
285 0.018785
286 0.028545
287 0.027804
288 0.028956
289 0.024330
290 0.031001
291 0.024739
292 0.021403
293 0.014574
294 0.023387
295 0.019369
296 0.021426
297 0.024070
298 0.032138
299 0.025494
300 0.022847
301 0.026115
302 0.026920
303 0.022156
304 0.026509
305 0.026819
306 0.019659
307 0.025236
308 0.025654
309 0.036025
310 0.031076
311 0.027664
312 0.026848
313 0.020269
314 0.021516
315 0.026754
316 0.033361
317 0.033432
318 0.030368
319 0.034111
320 0.032707
321 0.031027
322 0.029123
323 0.019761
324 0.026583
325 0.027543
326 0.027822
327 0.023713
328 0.025921
329 0.024702
330 0.027401
331 0.025185
332 0.019869
333 0.028778
334 0.029713
335 0.019980
336 0.035864
337 0.033205
338 0.033031
339 0.028171
340 0.035825
341 0.032093
342 0.034129
343 0.026008
344 0.028149
345 0.031079
346 0.033353
347 0.029284
348 0.020577
349 0.027645
350 0.035348
351 0.032174
352 0.029316
353 0.030476
354 0.027393
355 0.030041
356 0.031755
357 0.035348
358 0.037064
359 0.037255
360 0.035823
361 0.028980
362 0.032352
363 0.032366
364 0.043863
365 0.036368
366 0.030239
367 0.027648
368 0.035476
369 0.035012
370 0.025356
371 0.032796
372 0.030965
373 0.031269
374 0.033731
375 0.032309
376 0.040365
377 0.026777
378 0.033561
379 0.032822
380 0.031629
381 0.032444
382 0.034609
383 0.036478
384 0.033944
385 0.028386
386 0.035499
387 0.028221
388 0.028328
389 0.027561
390 0.025909
391 0.032409
392 0.035718
393 0.023426
394 0.031830
395 0.029517
396 0.030458
397 0.025806
398 0.033370
399 0.038595
400 0.042666
401 0.034205
402 0.037431
403 0.047367
404 0.039332
405 0.032047
406 0.032718
407 0.034054
408 0.033247
409 0.027706
410 0.034860
411 0.034995
412 0.036416
413 0.034682
414 0.029837
415 0.033124
416 0.031251
417 0.033530
418 0.043112
419 0.053429
420 0.047607
421 0.034619
422 0.042637
423 0.045147
424 0.043646
425 0.029621
426 0.036287
427 0.035270
428 0.038893
429 0.045962
430 0.049986
431 0.034302
432 0.041017
433 0.036331
434 0.033352
435 0.032866
436 0.048090
437 0.037596
438 0.035490
439 0.044997
440 0.051773
441 0.034332
442 0.042723
443 0.030803
444 0.036650
445 0.037163
446 0.036113
447 0.031636
448 0.044218
449 0.052113
450 0.044368
451 0.038448
452 0.046701
453 0.037047
454 0.039888
455 0.037064
456 0.047243
457 0.036548
458 0.038705
459 0.043788
460 0.042213
461 0.050449
462 0.041903
463 0.039830
464 0.039111
465 0.041012
466 0.038656
467 0.044833
468 0.047180
469 0.039509
470 0.041643
471 0.047004
472 0.055862
473 0.057622
474 0.052941
475 0.055295
476 0.047215
477 0.037484
478 0.036216
479 0.043193
480 0.047003
481 0.058288
482 0.047219
483 0.043553
484 0.045578
485 0.036650
486 0.036250
487 0.033526
488 0.044372
489 0.053738
490 0.058951
491 0.047921
492 0.041611
493 0.054142
494 0.046923
495 0.049999
496 0.045623
497 0.039348
498 0.046995
499 0.044752
500 0.056791
501 0.058098
502 0.038647
503 0.047223
504 0.038796
505 0.048247
506 0.046216
507 0.051822
508 0.040216
509 0.034143
510 0.047900
511 0.065576
512 0.061860
513 0.052639
514 0.039636
515 0.042781
516 0.041661
517 0.048828
518 0.040665
519 0.050220
520 0.048468
521 0.043758
522 0.051538
523 0.062057
524 0.065681
525 0.059362
526 0.044495
527 0.049770
528 0.070555
529 0.052915
530 0.064741
531 0.053704
532 0.061794
533 0.058224
534 0.045206
535 0.047920
536 0.052053
537 0.053588
538 0.051098
539 0.043712
540 0.050080
541 0.068644
542 0.057628
543 0.055789
544 0.061949
545 0.048844
546 0.061276
547 0.057046
548 0.051939
549 0.049053
550 0.057923
551 0.048582
552 0.044544
553 0.059321
554 0.058402
555 0.070493
556 0.060691
557 0.061206
558 0.075741
559 0.080059
560 0.072501
561 0.046599
562 0.052122
563 0.072323
564 0.057059
565 0.038026
566 0.050280
567 0.059368
568 0.068482
569 0.066620
570 0.060951
571 0.066431
572 0.052461
573 0.054479
574 0.061657
575 0.059231
576 0.081254
577 0.070900
578 0.061753
579 0.073585
580 0.060422
581 0.054643
582 0.055159
583 0.070448
584 0.058460
585 0.069014
586 0.057592
587 0.060281
588 0.050329
589 0.055752
590 0.060113
591 0.067571
592 0.057561
593 0.065087
594 0.081813
595 0.063099
596 0.060640
597 0.072033
598 0.063366
599 0.071939
600 0.051527
601 0.060342
602 0.052050
603 0.076413
604 0.073222
605 0.066290
606 0.069812
607 0.076082
608 0.052759
609 0.060212
610 0.074364
611 0.057943
612 0.050920
613 0.062726
614 0.073892
615 0.054902
616 0.067561
617 0.048421
618 0.050506
619 0.072778
620 0.056526
621 0.063739
622 0.067872
623 0.080857
624 0.079824
625 0.060226
626 0.065655
627 0.078471
628 0.046980
629 0.057789
630 0.083557
631 0.083413
632 0.066709
633 0.069897
634 0.062280
635 0.078100
636 0.060112
637 0.068996
638 0.079577
639 0.065242
640 0.072939
641 0.063555
642 0.058650
643 0.066731
644 0.072321
645 0.059925
646 0.057847
647 0.060282
648 0.080939
649 0.071375
650 0.060745
651 0.082138
652 0.082917
653 0.077565
654 0.061402
655 0.070559
656 0.076577
657 0.068981
658 0.061049
659 0.061686
660 0.054187
661 0.055034
662 0.057804
663 0.053919
664 0.070026
665 0.078294
666 0.074496
667 0.062628
668 0.076670
669 0.088372
670 0.071112
671 0.066960
672 0.083707
673 0.070495
674 0.069143
675 0.060989
676 0.077198
677 0.075453
678 0.067580
679 0.071429
680 0.064597
681 0.063962
682 0.063395
683 0.064890
684 0.066377
685 0.058785
686 0.065823
687 0.070732
688 0.091631
689 0.067258
690 0.068465
691 0.086773
692 0.054455
693 0.078442
694 0.100571
695 0.088050
696 0.053823
697 0.070870
698 0.057705
699 0.070520
700 0.068368
701 0.079848
702 0.086621
703 0.054252
704 0.070717
705 0.067296
706 0.094699
707 0.092980
708 0.082697
709 0.066787
710 0.079025
711 0.084616
712 0.078450
713 0.071091
714 0.083048
715 0.073788
716 0.068652
717 0.087052
718 0.069721
719 0.079612
720 0.088417
721 0.071861
722 0.068475
723 0.064392
724 0.075537
725 0.077407
726 0.096325
727 0.098593
728 0.086476
729 0.086695
730 0.064936
731 0.078146
732 0.076007
733 0.082021
734 0.057814
735 0.078811
736 0.086368
737 0.090166
738 0.081597
739 0.073506
740 0.074955
741 0.069152
742 0.087448
743 0.072020
744 0.087805
745 0.071030
746 0.065587
747 0.081376
748 0.068452
749 0.086210
750 0.093812
751 0.080193
752 0.089148
753 0.087514
754 0.081195
755 0.107353
756 0.097013
757 0.082741
758 0.094052
759 0.087497
760 0.105032
761 0.093676
762 0.082771
763 0.101389
764 0.081854
765 0.097399
766 0.113123
767 0.086051
768 0.081630
769 0.072767
770 0.076667
771 0.080915
772 0.090368
773 0.083643
774 0.077975
775 0.091924
776 0.103284
777 0.072449
778 0.081903
779 0.095421
780 0.094690
781 0.084006
782 0.099581
783 0.102347
784 0.092460
785 0.076042
786 0.087052
787 0.089028
788 0.080965
789 0.081273
790 0.085608
791 0.079861
792 0.073973
793 0.114760
794 0.072729
795 0.088059
796 0.102038
797 0.083885
798 0.107124
799 0.079273
800 0.071116
801 0.077350
802 0.075639
803 0.091725
804 0.093017
805 0.100933
806 0.081993
807 0.094625
808 0.085647
809 0.079017
810 0.090705
811 0.084760
812 0.089879
813 0.091347
814 0.092519
815 0.088583
816 0.077239
817 0.080724
818 0.081722
819 0.084416
820 0.098926
821 0.088838
822 0.064798
823 0.085626
824 0.107475
825 0.103903
826 0.115132
827 0.111462
828 0.105185
829 0.111796
830 0.084983
831 0.095091
832 0.118877
833 0.092986
834 0.079756
835 0.089169
836 0.096335
837 0.112295
838 0.075924
839 0.085934
840 0.063643
841 0.076704
842 0.085975
843 0.088757
844 0.112216
845 0.086776
846 0.101642
847 0.083265
848 0.087081
849 0.101907
850 0.092019
851 0.113459
852 0.124199
853 0.109197
854 0.095664
855 0.111718
856 0.092845
857 0.071195
858 0.096288
859 0.086639
860 0.081682
861 0.114751
862 0.110482
863 0.097967
864 0.087613
865 0.104440
866 0.091468
867 0.083021
868 0.081867
869 0.080859
870 0.092961
871 0.109100
872 0.094458
873 0.099128
874 0.111677
875 0.103453
876 0.109804
877 0.111563
878 0.097508
879 0.086616
880 0.089592
881 0.102875
882 0.091063
883 0.083222
884 0.100450
885 0.105410
886 0.094449
887 0.086503
888 0.095033
889 0.114672
890 0.095916
891 0.106413
892 0.095227
893 0.093962
894 0.095184
895 0.098245
896 0.117282
897 0.096683
898 0.098017
899 0.096989
900 0.112175
901 0.110470
902 0.093944
903 0.087973
904 0.097943
905 0.103244
906 0.117625
907 0.116927
908 0.091772
909 0.082771
910 0.120453
911 0.114386
912 0.117274
913 0.113979
914 0.103379
915 0.086732
916 0.105916
917 0.109165
918 0.090787
919 0.096517
920 0.091848
921 0.092202
922 0.107158
923 0.104174
924 0.132523
925 0.093265
926 0.101081
927 0.093951
928 0.094987
929 0.093446
930 0.094956
931 0.102615
932 0.109915
933 0.111568
934 0.108508
935 0.095586
936 0.113459
937 0.109918
938 0.111921
939 0.094398
940 0.111402
941 0.093853
942 0.088760
943 0.097238
944 0.078680
945 0.104342
946 0.114368
947 0.082695
948 0.097766
949 0.122677
950 0.107511
951 0.085072
952 0.105808
953 0.108468
954 0.100861
955 0.112789
956 0.113409
957 0.091117
958 0.101231
959 0.085718
960 0.096358
961 0.092161
962 0.111026
963 0.093607
964 0.107301
965 0.111475
966 0.105775
967 0.111608
968 0.099072
969 0.117189
970 0.107116
971 0.102229
972 0.102717
973 0.116909
974 0.094992
975 0.104783
976 0.091639
977 0.106824
978 0.105173
979 0.136831
980 0.128377
981 0.104441
982 0.090536
983 0.121576
984 0.110377
985 0.124325
986 0.120558
987 0.105417
988 0.099200
989 0.100396
990 0.125471
991 0.114432
992 0.114159
993 0.113082
994 0.114955
995 0.106286
996 0.108687
997 0.113811
998 0.100912
999 0.092632
