0 0.000000
1 0.000000
2 0.000000
3 0.000000
4 0.000000
5 1.000000
6 0.942536
7 0.719580
8 0.772983
9 0.717849
10 0.753855
11 0.677998
12 0.425556
13 0.358918
14 0.255535
15 0.232620
16 0.096771
17 0.069289
18 0.065873
19 0.041340
20 0.042565
21 0.022572
22 0.018778
23 0.022881
24 0.033656
25 0.025029
26 0.027420
27 0.015471
28 0.011582
29 0.015007
30 0.017756
31 0.016158
32 0.010944
33 0.008790
34 0.011579
35 0.010958
36 0.012267
37 0.010940
38 0.008363
39 0.009001
40 0.008222
41 0.013333
42 0.016312
43 0.013668
44 0.012112
45 0.008535
46 0.008031
47 0.008368
48 0.008388
49 0.010527
50 0.012485
51 0.012342
52 0.009183
53 0.007113
54 0.009583
55 0.008810
56 0.009298
57 0.006745
58 0.009807
59 0.012741
60 0.008042
61 0.010063
62 0.009239
63 0.010468
64 0.011104
65 0.013776
66 0.009213
67 0.009655
68 0.011326
69 0.012266
70 0.011590
71 0.009197
72 0.010255
73 0.008275
74 0.007604
75 0.007997
76 0.010859
77 0.014203
78 0.013184
79 0.010841
80 0.009551
81 0.009713
82 0.008824
83 0.010642
84 0.009354
85 0.012046
86 0.008794
87 0.009931
88 0.016238
89 0.018012
90 0.017664
91 0.014228
92 0.013230
93 0.009819
94 0.011368
95 0.012399
96 0.007972
97 0.010381
98 0.005960
99 0.008069
100 0.008063
101 0.006302
102 0.007850
103 0.008119
104 0.006408
105 0.009160
106 0.006730
107 0.008046
108 0.010515
109 0.008828
110 0.009085
111 0.008055
112 0.006018
113 0.008028
114 0.008452
115 0.007526
116 0.006504
117 0.006070
118 0.007192
119 0.008146
120 0.008165
121 0.008065
122 0.006454
123 0.008952
124 0.011508
125 0.008415
126 0.007691
127 0.008368
128 0.010162
129 0.009006
130 0.007499
131 0.005461
132 0.007307
133 0.008158
134 0.010682
135 0.007794
136 0.008062
137 0.006728
138 0.007264
139 0.009578
140 0.008019
141 0.010848
142 0.007579
143 0.006739
144 0.007564
145 0.007289
146 0.007946
147 0.006769
148 0.006307
149 0.006740
150 0.007593
151 0.007866
152 0.009349
153 0.008411
154 0.008270
155 0.008958
156 0.012620
157 0.016196
158 0.015409
159 0.011426
160 0.008535
161 0.008408
162 0.007441
163 0.011849
164 0.011409
165 0.008869
166 0.006145
167 0.009305
168 0.007792
169 0.007795
170 0.007639
171 0.009024
172 0.011717
173 0.012681
174 0.008148
175 0.007483
176 0.006097
177 0.006489
178 0.007163
179 0.007735
180 0.008625
181 0.009980
182 0.013141
183 0.010830
184 0.009330
185 0.009008
186 0.009783
187 0.010779
188 0.009182
189 0.007755
190 0.009069
191 0.009122
192 0.009158
193 0.009777
194 0.009433
195 0.008796
196 0.009004
197 0.006418
198 0.009186
199 0.014247
200 0.016925
201 0.011338
202 0.011014
203 0.008724
204 0.006474
205 0.007452
206 0.008172
207 0.008293
208 0.009760
209 0.008290
210 0.008573
211 0.008069
212 0.006184
213 0.007904
214 0.009473
215 0.010564
216 0.007674
217 0.006619
218 0.008454
219 0.006748
220 0.010511
221 0.008580
222 0.011735
223 0.012724
224 0.011318
225 0.008312
226 0.009776
227 0.011328
228 0.010143
229 0.009929
230 0.008305
231 0.005177
232 0.006258
233 0.011732
234 0.011984
235 0.011096
236 0.009918
237 0.009074
238 0.009340
239 0.007717
240 0.007754
241 0.008923
242 0.007924
243 0.007333
244 0.010619
245 0.012245
246 0.008623
247 0.008367
248 0.009915
249 0.008825
250 0.012685
251 0.011689
252 0.008650
253 0.007021
254 0.009112
255 0.014052
256 0.011705
257 0.008938
258 0.009859
259 0.009860
260 0.009280
261 0.010110
262 0.009105
263 0.012785
264 0.011300
265 0.008105
266 0.007995
267 0.008039
268 0.008008
269 0.008307
270 0.009158
271 0.008698
272 0.008689
273 0.007023
274 0.007687
275 0.009217
276 0.006503
277 0.007275
278 0.008747
279 0.009469
280 0.006943
281 0.009026
282 0.008414
283 0.009874
284 0.010573
285 0.014844
286 0.010371
287 0.015905
288 0.011965
289 0.009665
290 0.010159
291 0.007923
292 0.007930
293 0.007715
294 0.006148
295 0.009865
296 0.014109
297 0.013057
298 0.008654
299 0.009234
300 0.010541
301 0.013502
302 0.016877
303 0.013911
304 0.009867
305 0.009173
306 0.007998
307 0.007311
308 0.013083
309 0.014332
310 0.012833
311 0.010069
312 0.006519
313 0.008011
314 0.006868
315 0.005793
316 0.011376
317 0.011063
318 0.012225
319 0.010566
320 0.006514
321 0.007458
322 0.011085
323 0.007818
324 0.007696
325 0.008913
326 0.009014
327 0.006211
328 0.005815
329 0.008207
330 0.008744
331 0.008267
332 0.008715
333 0.007859
334 0.007479
335 0.006748
336 0.006949
337 0.007593
338 0.008004
339 0.009454
340 0.007496
341 0.008496
342 0.007075
343 0.010747
344 0.013018
345 0.009689
346 0.010133
347 0.010061
348 0.008767
349 0.007333
350 0.005864
351 0.008431
352 0.009363
353 0.008196
354 0.008266
355 0.010836
356 0.011244
357 0.009757
358 0.009930
359 0.008985
360 0.012576
361 0.008757
362 0.008740
363 0.010931
364 0.011360
365 0.009731
366 0.008116
367 0.011294
368 0.009424
369 0.011153
370 0.011158
371 0.009122
372 0.008213
373 0.005783
374 0.008770
375 0.006993
376 0.011432
377 0.009826
378 0.009919
379 0.007681
380 0.013967
381 0.018379
382 0.010034
383 0.010097
384 0.010167
385 0.010890
386 0.009251
387 0.008181
388 0.009343
389 0.011722
390 0.011288
391 0.008463
392 0.008987
393 0.012728
394 0.010180
395 0.010564
396 0.007465
397 0.008161
398 0.008063
399 0.009551
400 0.009389
401 0.010093
402 0.006784
403 0.006751
404 0.005004
405 0.005560
406 0.008907
407 0.013780
408 0.010921
409 0.010786
410 0.011624
411 0.007368
412 0.008981
413 0.007241
414 0.010875
415 0.008585
416 0.010223
417 0.007033
418 0.005434
419 0.009513
420 0.009930
421 0.009931
422 0.008142
423 0.008731
424 0.009673
425 0.007300
426 0.008602
427 0.008014
428 0.006090
429 0.008150
430 0.011891
431 0.014002
432 0.013813
433 0.008164
434 0.011949
435 0.010586
436 0.009359
437 0.007296
438 0.009469
439 0.010860
440 0.008088
441 0.010138
442 0.009891
443 0.012784
444 0.013030
445 0.015767
446 0.016401
447 0.010515
448 0.006936
449 0.007160
450 0.012895
451 0.012689
452 0.014646
453 0.011828
454 0.007609
455 0.008564
456 0.006855
457 0.006503
458 0.010673
459 0.007186
460 0.010891
461 0.016703
462 0.020978
463 0.014661
464 0.012091
465 0.011172
466 0.010184
467 0.010346
468 0.007855
469 0.012725
470 0.011934
471 0.009033
472 0.009923
473 0.010649
474 0.008067
475 0.011563
476 0.013906
477 0.013223
478 0.012342
479 0.010497
480 0.013841
481 0.015181
482 0.013293
483 0.010985
484 0.011600
485 0.009501
486 0.010241
487 0.011091
488 0.010789
489 0.014800
490 0.017182
491 0.012243
492 0.010391
493 0.012040
494 0.018234
495 0.014955
496 0.012460
497 0.014178
498 0.017840
499 0.007484
500 0.009985
501 0.018726
502 0.017633
503 0.006736
504 0.008491
505 0.008346
506 0.009665
507 0.010071
508 0.006061
509 0.011679
510 0.014273
511 0.012323
512 0.012635
513 0.011147
514 0.012347
515 0.013862
516 0.017293
517 0.011912
518 0.018406
519 0.018455
520 0.018042
521 0.011234
522 0.015368
523 0.015752
524 0.010165
525 0.013197
526 0.009492
527 0.008945
528 0.009923
529 0.010575
530 0.010567
531 0.010370
532 0.009429
533 0.008792
534 0.007970
535 0.013911
536 0.010958
537 0.011443
538 0.014222
539 0.012381
540 0.008979
541 0.012565
542 0.018772
543 0.013804
544 0.016147
545 0.014674
546 0.009460
547 0.010970
548 0.015172
549 0.012164
550 0.008160
551 0.010638
552 0.011444
553 0.010415
554 0.015203
555 0.008645
556 0.009011
557 0.007557
558 0.008391
559 0.010861
560 0.010728
561 0.011237
562 0.011246
563 0.010313
564 0.010403
565 0.007931
566 0.010602
567 0.013139
568 0.007036
569 0.011259
570 0.012149
571 0.009962
572 0.008327
573 0.010552
574 0.013200
575 0.009802
576 0.009652
577 0.009268
578 0.010428
579 0.009955
580 0.009903
581 0.010251
582 0.011402
583 0.006968
584 0.008314
585 0.007915
586 0.009229
587 0.008057
588 0.008348
589 0.008963
590 0.007503
591 0.007575
592 0.007575
593 0.009443
594 0.007783
595 0.014390
596 0.009998
597 0.011101
598 0.008830
599 0.007290
600 0.010825
601 0.011881
602 0.009480
603 0.011618
604 0.012013
605 0.010596
606 0.012859
607 0.011904
608 0.013915
609 0.017939
610 0.013351
611 0.017768
612 0.009831
613 0.008350
614 0.009333
615 0.008350
616 0.007989
617 0.008050
618 0.009372
619 0.008353
620 0.009758
621 0.009724
622 0.009110
623 0.009721
624 0.010534
625 0.013169
626 0.012616
627 0.012774
628 0.007346
629 0.006188
630 0.007728
631 0.007948
632 0.008063
633 0.008646
634 0.005881
635 0.008328
636 0.009501
637 0.008838
638 0.007959
639 0.009404
640 0.007453
641 0.010223
642 0.007040
643 0.008432
644 0.007083
645 0.009442
646 0.011503
647 0.010304
648 0.011025
649 0.008709
650 0.010742
651 0.013914
652 0.011701
653 0.012375
654 0.008792
655 0.008809
656 0.008045
657 0.009095
658 0.008476
659 0.009460
660 0.007653
661 0.008484
662 0.006182
663 0.006691
664 0.009549
665 0.011355
666 0.011366
667 0.011552
668 0.011885
669 0.009321
670 0.008615
671 0.010386
672 0.008537
673 0.007551
674 0.007728
675 0.005547
676 0.006307
677 0.010386
678 0.011172
679 0.013736
680 0.015299
681 0.009714
682 0.007339
683 0.008834
684 0.007673
685 0.010198
686 0.008923
687 0.010323
688 0.007766
689 0.009293
690 0.008189
691 0.009424
692 0.008244
693 0.008050
694 0.010393
695 0.011860
696 0.012438
697 0.011794
698 0.012528
699 0.015774
700 0.010839
701 0.014733
702 0.013207
703 0.011143
704 0.010915
705 0.010693
706 0.009215
707 0.011038
708 0.010371
709 0.011800
710 0.009219
711 0.005566
712 0.007089
713 0.007613
714 0.008026
715 0.008516
716 0.008615
717 0.008081
718 0.007764
719 0.008103
720 0.007434
721 0.009139
722 0.010155
723 0.010933
724 0.011989
725 0.011185
726 0.007699
727 0.008903
728 0.008619
729 0.009568
730 0.007369
731 0.010229
732 0.008376
733 0.008352
734 0.007723
735 0.008491
736 0.007633
737 0.009653
738 0.008366
739 0.007093
740 0.008772
741 0.008487
742 0.009647
743 0.009463
744 0.008808
745 0.007021
746 0.007723
747 0.007350
748 0.008892
749 0.009718
750 0.007462
751 0.010017
752 0.007420
753 0.006776
754 0.008441
755 0.009136
756 0.007874
757 0.009456
758 0.005898
759 0.009707
760 0.007032
761 0.008319
762 0.011399
763 0.009345
764 0.008323
765 0.006558
766 0.008171
767 0.008166
768 0.007123
769 0.008873
770 0.008663
771 0.010083
772 0.008464
773 0.007784
774 0.007245
775 0.008856
776 0.008883
777 0.009706
778 0.008478
779 0.008505
780 0.009143
781 0.008272
782 0.007230
783 0.007654
784 0.006478
785 0.008251
786 0.010639
787 0.012429
788 0.012833
789 0.012029
790 0.008357
791 0.010295
792 0.008555
793 0.011141
794 0.010535
795 0.008144
796 0.008163
797 0.008077
798 0.008480
799 0.008126
800 0.010568
801 0.010301
802 0.006814
803 0.006786
804 0.008691
805 0.009567
806 0.007220
807 0.010168
808 0.007481
809 0.006319
810 0.005396
811 0.007140
812 0.010509
813 0.009168
814 0.008706
815 0.006839
816 0.008259
817 0.007436
818 0.009691
819 0.012673
820 0.008054
821 0.008969
822 0.009978
823 0.008289
824 0.008182
825 0.007044
826 0.004923
827 0.006261
828 0.006399
829 0.007870
830 0.008500
831 0.007378
832 0.006888
833 0.006747
834 0.008637
835 0.010068
836 0.010223
837 0.013778
838 0.013733
839 0.008248
840 0.010859
841 0.008412
842 0.010079
843 0.008993
844 0.008162
845 0.012033
846 0.007486
847 0.008836
848 0.011270
849 0.014726
850 0.014313
851 0.013379
852 0.011701
853 0.017860
854 0.020300
855 0.016490
856 0.013020
857 0.008942
858 0.007891
859 0.007601
860 0.008612
861 0.009913
862 0.008025
863 0.009638
864 0.012514
865 0.010481
866 0.005090
867 0.006802
868 0.009444
869 0.012517
870 0.006927
871 0.010134
872 0.015763
873 0.012544
874 0.013575
875 0.009358
876 0.008304
877 0.008969
878 0.008972
879 0.008303
880 0.008675
881 0.007484
882 0.011215
883 0.008894
884 0.010759
885 0.010458
886 0.012084
887 0.015343
888 0.012916
889 0.011274
890 0.011219
891 0.010289
892 0.010029
893 0.008251
894 0.008191
895 0.008890
896 0.010489
897 0.006839
898 0.007375
899 0.007363
900 0.008488
901 0.007017
902 0.005565
903 0.007230
904 0.006228
905 0.011237
906 0.009064
907 0.009687
908 0.013041
909 0.012144
910 0.010285
911 0.008943
912 0.006928
913 0.008216
914 0.014728
915 0.011129
916 0.012429
917 0.013957
918 0.007731
919 0.009290
920 0.008803
921 0.008310
922 0.005977
923 0.006417
924 0.005663
925 0.012013
926 0.010753
927 0.013517
928 0.011624
929 0.015246
930 0.013608
931 0.014121
932 0.015486
933 0.013132
934 0.009462
935 0.011894
936 0.015487
937 0.015492
938 0.015265
939 0.009189
940 0.012187
941 0.018170
942 0.011757
943 0.009196
944 0.008004
945 0.008140
946 0.010871
947 0.012003
948 0.006860
949 0.010738
950 0.010387
951 0.011006
952 0.008069
953 0.006399
954 0.009212
955 0.005782
956 0.009240
957 0.008781
958 0.009704
959 0.011078
960 0.011201
961 0.009543
962 0.010407
963 0.010360
964 0.013072
965 0.013762
966 0.016511
967 0.011241
968 0.008570
969 0.008224
970 0.008916
971 0.010736
972 0.011365
973 0.016188
974 0.009449
975 0.008920
976 0.013165
977 0.009857
978 0.011304
979 0.012483
980 0.011039
981 0.009289
982 0.004792
983 0.008033
984 0.009592
985 0.008144
986 0.010380
987 0.010875
988 0.009019
989 0.008737
990 0.008946
991 0.013871
992 0.010549
993 0.013423
994 0.014493
995 0.009866
996 0.011571
997 0.011619
998 0.014816
999 0.008560
